[0.021s] Invoking command in '/home/giszterlab/USING/unitree_ros2_sim/build/go1_description': CMAKE_PREFIX_PATH=${CMAKE_PREFIX_PATH}:/opt/ros/humble /usr/bin/cmake /home/giszterlab/USING/unitree_ros2_sim/go1_sim/go1_description -DCMAKE_INSTALL_PREFIX=/home/giszterlab/USING/unitree_ros2_sim/install/go1_description
[0.432s] -- The C compiler identification is GNU 11.4.0
[0.432s] -- The CXX compiler identification is GNU 11.4.0
[0.432s] -- Detecting C compiler ABI info
[0.432s] -- Detecting C compiler ABI info - done
[0.432s] -- Check for working C compiler: /usr/bin/cc - skipped
[0.432s] -- Detecting C compile features
[0.433s] -- Detecting C compile features - done
[0.433s] -- Detecting CXX compiler ABI info
[0.445s] -- Detecting CXX compiler ABI info - done
[0.461s] -- Check for working CXX compiler: /usr/bin/c++ - skipped
[0.461s] -- Detecting CXX compile features
[0.462s] -- Detecting CXX compile features - done
[0.466s] -- Found ament_cmake: 1.3.11 (/opt/ros/humble/share/ament_cmake/cmake)
[0.654s] -- Found Python3: /usr/bin/python3 (found version "3.10.12") found components: Interpreter 
[0.790s] -- Found ament_lint_auto: 0.12.12 (/opt/ros/humble/share/ament_lint_auto/cmake)
[0.794s] -- Found urdf: 2.6.1 (/opt/ros/humble/share/urdf/cmake)
[0.877s] -- Found xacro: 2.0.13 (/opt/ros/humble/share/xacro/cmake)
[0.880s] -- Found robot_state_publisher: 3.0.3 (/opt/ros/humble/share/robot_state_publisher/cmake)
[0.914s] -- Found rosidl_generator_c: 3.1.6 (/opt/ros/humble/share/rosidl_generator_c/cmake)
[0.922s] -- Found rosidl_adapter: 3.1.6 (/opt/ros/humble/share/rosidl_adapter/cmake)
[0.936s] -- Found rosidl_generator_cpp: 3.1.6 (/opt/ros/humble/share/rosidl_generator_cpp/cmake)
[0.955s] -- Using all available rosidl_typesupport_c: rosidl_typesupport_fastrtps_c;rosidl_typesupport_introspection_c
[0.975s] -- Using all available rosidl_typesupport_cpp: rosidl_typesupport_fastrtps_cpp;rosidl_typesupport_introspection_cpp
[1.070s] -- Found eigen3_cmake_module: 0.1.1 (/opt/ros/humble/share/eigen3_cmake_module/cmake)
[1.071s] -- Found Eigen3: TRUE (found version "3.4.0") 
[1.072s] -- Ensuring Eigen3 include directory is part of orocos-kdl CMake target
[1.118s] -- Found rmw_implementation_cmake: 6.1.2 (/opt/ros/humble/share/rmw_implementation_cmake/cmake)
[1.123s] -- Found rmw_fastrtps_cpp: 6.2.7 (/opt/ros/humble/share/rmw_fastrtps_cpp/cmake)
[1.155s] -- Found TinyXML2 via Config file: TinyXML2_DIR-NOTFOUND
[1.202s] -- Found OpenSSL: /usr/lib/x86_64-linux-gnu/libcrypto.so (found version "3.0.2")  
[1.205s] -- Found TinyXML2 via Config file: TinyXML2_DIR-NOTFOUND
[1.221s] -- Found FastRTPS: /opt/ros/humble/include  
[1.224s] -- Found TinyXML2 via Config file: TinyXML2_DIR-NOTFOUND
[1.235s] -- Found TinyXML2 via Config file: TinyXML2_DIR-NOTFOUND
[1.250s] -- Using RMW implementation 'rmw_fastrtps_cpp' as default
[1.262s] -- Looking for pthread.h
[1.355s] -- Looking for pthread.h - found
[1.355s] -- Performing Test CMAKE_HAVE_LIBC_PTHREAD
[1.439s] -- Performing Test CMAKE_HAVE_LIBC_PTHREAD - Success
[1.440s] -- Found Threads: TRUE  
[1.795s] -- Added test 'flake8' to check Python code syntax and style conventions
[1.796s] -- Added test 'lint_cmake' to check CMake code style
[1.797s] -- Added test 'pep257' to check Python code against some of the docstring style conventions in PEP 257
[1.800s] -- Added test 'xmllint' to check XML markup files
[1.803s] -- Configuring done
[1.811s] -- Generating done
[1.816s] -- Build files have been written to: /home/giszterlab/USING/unitree_ros2_sim/build/go1_description
[1.833s] Invoked command in '/home/giszterlab/USING/unitree_ros2_sim/build/go1_description' returned '0': CMAKE_PREFIX_PATH=${CMAKE_PREFIX_PATH}:/opt/ros/humble /usr/bin/cmake /home/giszterlab/USING/unitree_ros2_sim/go1_sim/go1_description -DCMAKE_INSTALL_PREFIX=/home/giszterlab/USING/unitree_ros2_sim/install/go1_description
[1.835s] Invoking command in '/home/giszterlab/USING/unitree_ros2_sim/build/go1_description': CMAKE_PREFIX_PATH=${CMAKE_PREFIX_PATH}:/opt/ros/humble /usr/bin/cmake --build /home/giszterlab/USING/unitree_ros2_sim/build/go1_description -- -j8 -l8
[1.887s] Invoked command in '/home/giszterlab/USING/unitree_ros2_sim/build/go1_description' returned '0': CMAKE_PREFIX_PATH=${CMAKE_PREFIX_PATH}:/opt/ros/humble /usr/bin/cmake --build /home/giszterlab/USING/unitree_ros2_sim/build/go1_description -- -j8 -l8
[1.898s] Invoking command in '/home/giszterlab/USING/unitree_ros2_sim/build/go1_description': CMAKE_PREFIX_PATH=${CMAKE_PREFIX_PATH}:/opt/ros/humble /usr/bin/cmake --install /home/giszterlab/USING/unitree_ros2_sim/build/go1_description
[1.906s] -- Install configuration: ""
[1.906s] -- Installing: /home/giszterlab/USING/unitree_ros2_sim/install/go1_description/share/go1_description//config
[1.906s] -- Installing: /home/giszterlab/USING/unitree_ros2_sim/install/go1_description/share/go1_description//config/jtc.yaml
[1.906s] -- Installing: /home/giszterlab/USING/unitree_ros2_sim/install/go1_description/share/go1_description//launch
[1.906s] -- Installing: /home/giszterlab/USING/unitree_ros2_sim/install/go1_description/share/go1_description//launch/go1_visualize.launch.py
[1.907s] -- Installing: /home/giszterlab/USING/unitree_ros2_sim/install/go1_description/share/go1_description//meshes
[1.907s] -- Installing: /home/giszterlab/USING/unitree_ros2_sim/install/go1_description/share/go1_description//meshes/calf.dae
[1.915s] -- Installing: /home/giszterlab/USING/unitree_ros2_sim/install/go1_description/share/go1_description//meshes/ultraSound.dae
[1.916s] -- Installing: /home/giszterlab/USING/unitree_ros2_sim/install/go1_description/share/go1_description//meshes/trunk.dae
[2.051s] -- Installing: /home/giszterlab/USING/unitree_ros2_sim/install/go1_description/share/go1_description//meshes/hip.dae
[2.060s] -- Installing: /home/giszterlab/USING/unitree_ros2_sim/install/go1_description/share/go1_description//meshes/thigh_mirror.dae
[2.066s] -- Installing: /home/giszterlab/USING/unitree_ros2_sim/install/go1_description/share/go1_description//meshes/depthCamera.dae
[2.067s] -- Installing: /home/giszterlab/USING/unitree_ros2_sim/install/go1_description/share/go1_description//meshes/thigh.dae
[2.072s] -- Installing: /home/giszterlab/USING/unitree_ros2_sim/install/go1_description/share/go1_description//rviz
[2.072s] -- Installing: /home/giszterlab/USING/unitree_ros2_sim/install/go1_description/share/go1_description//rviz/go1_vis.rviz
[2.072s] -- Installing: /home/giszterlab/USING/unitree_ros2_sim/install/go1_description/share/go1_description//urdf
[2.072s] -- Installing: /home/giszterlab/USING/unitree_ros2_sim/install/go1_description/share/go1_description//urdf/go1.urdf
[2.073s] -- Installing: /home/giszterlab/USING/unitree_ros2_sim/install/go1_description/share/go1_description//xacro
[2.073s] -- Installing: /home/giszterlab/USING/unitree_ros2_sim/install/go1_description/share/go1_description//xacro/ros2_control.xacro
[2.074s] -- Installing: /home/giszterlab/USING/unitree_ros2_sim/install/go1_description/share/go1_description//xacro/depthCamera.xacro
[2.074s] -- Installing: /home/giszterlab/USING/unitree_ros2_sim/install/go1_description/share/go1_description//xacro/lidar.xacro
[2.074s] -- Installing: /home/giszterlab/USING/unitree_ros2_sim/install/go1_description/share/go1_description//xacro/transmission.xacro
[2.075s] -- Installing: /home/giszterlab/USING/unitree_ros2_sim/install/go1_description/share/go1_description//xacro/gazebo.xacro
[2.076s] -- Installing: /home/giszterlab/USING/unitree_ros2_sim/install/go1_description/share/go1_description//xacro/ultraSound.xacro
[2.076s] -- Installing: /home/giszterlab/USING/unitree_ros2_sim/install/go1_description/share/go1_description//xacro/robot.xacro
[2.076s] -- Installing: /home/giszterlab/USING/unitree_ros2_sim/install/go1_description/share/go1_description//xacro/leg.xacro
[2.076s] -- Installing: /home/giszterlab/USING/unitree_ros2_sim/install/go1_description/share/go1_description//xacro/const.xacro
[2.077s] -- Installing: /home/giszterlab/USING/unitree_ros2_sim/install/go1_description/share/go1_description//xacro/materials.xacro
[2.078s] -- Installing: /home/giszterlab/USING/unitree_ros2_sim/install/go1_description/share/ament_index/resource_index/package_run_dependencies/go1_description
[2.078s] -- Installing: /home/giszterlab/USING/unitree_ros2_sim/install/go1_description/share/ament_index/resource_index/parent_prefix_path/go1_description
[2.078s] -- Installing: /home/giszterlab/USING/unitree_ros2_sim/install/go1_description/share/go1_description/environment/ament_prefix_path.sh
[2.078s] -- Installing: /home/giszterlab/USING/unitree_ros2_sim/install/go1_description/share/go1_description/environment/ament_prefix_path.dsv
[2.078s] -- Installing: /home/giszterlab/USING/unitree_ros2_sim/install/go1_description/share/go1_description/environment/path.sh
[2.079s] -- Installing: /home/giszterlab/USING/unitree_ros2_sim/install/go1_description/share/go1_description/environment/path.dsv
[2.079s] -- Installing: /home/giszterlab/USING/unitree_ros2_sim/install/go1_description/share/go1_description/local_setup.bash
[2.079s] -- Installing: /home/giszterlab/USING/unitree_ros2_sim/install/go1_description/share/go1_description/local_setup.sh
[2.079s] -- Installing: /home/giszterlab/USING/unitree_ros2_sim/install/go1_description/share/go1_description/local_setup.zsh
[2.080s] -- Installing: /home/giszterlab/USING/unitree_ros2_sim/install/go1_description/share/go1_description/local_setup.dsv
[2.080s] -- Installing: /home/giszterlab/USING/unitree_ros2_sim/install/go1_description/share/go1_description/package.dsv
[2.080s] -- Installing: /home/giszterlab/USING/unitree_ros2_sim/install/go1_description/share/ament_index/resource_index/packages/go1_description
[2.080s] -- Installing: /home/giszterlab/USING/unitree_ros2_sim/install/go1_description/share/go1_description/cmake/go1_descriptionConfig.cmake
[2.080s] -- Installing: /home/giszterlab/USING/unitree_ros2_sim/install/go1_description/share/go1_description/cmake/go1_descriptionConfig-version.cmake
[2.081s] -- Installing: /home/giszterlab/USING/unitree_ros2_sim/install/go1_description/share/go1_description/package.xml
[2.085s] Invoked command in '/home/giszterlab/USING/unitree_ros2_sim/build/go1_description' returned '0': CMAKE_PREFIX_PATH=${CMAKE_PREFIX_PATH}:/opt/ros/humble /usr/bin/cmake --install /home/giszterlab/USING/unitree_ros2_sim/build/go1_description
