[0.011s] Invoking command in '/home/giszterlab/USING/Framework/unitree_ws/build/go1_description': CMAKE_PREFIX_PATH=${CMAKE_PREFIX_PATH}:/opt/ros/humble /usr/bin/cmake --build /home/giszterlab/USING/Framework/unitree_ws/build/go1_description -- -j8 -l8
[0.048s] Invoked command in '/home/giszterlab/USING/Framework/unitree_ws/build/go1_description' returned '0': CMAKE_PREFIX_PATH=${CMAKE_PREFIX_PATH}:/opt/ros/humble /usr/bin/cmake --build /home/giszterlab/USING/Framework/unitree_ws/build/go1_description -- -j8 -l8
[0.059s] Invoking command in '/home/giszterlab/USING/Framework/unitree_ws/build/go1_description': CMAKE_PREFIX_PATH=${CMAKE_PREFIX_PATH}:/opt/ros/humble /usr/bin/cmake --install /home/giszterlab/USING/Framework/unitree_ws/build/go1_description
[0.073s] -- Install configuration: ""
[0.073s] -- Up-to-date: /home/giszterlab/USING/Framework/unitree_ws/install/go1_description/share/go1_description//launch
[0.073s] -- Up-to-date: /home/giszterlab/USING/Framework/unitree_ws/install/go1_description/share/go1_description//launch/load_go1.launch.py
[0.073s] -- Up-to-date: /home/giszterlab/USING/Framework/unitree_ws/install/go1_description/share/go1_description//config
[0.073s] -- Up-to-date: /home/giszterlab/USING/Framework/unitree_ws/install/go1_description/share/go1_description//config/go1.rviz
[0.073s] -- Up-to-date: /home/giszterlab/USING/Framework/unitree_ws/install/go1_description/share/go1_description//meshes
[0.073s] -- Up-to-date: /home/giszterlab/USING/Framework/unitree_ws/install/go1_description/share/go1_description//meshes/calf.dae
[0.074s] -- Up-to-date: /home/giszterlab/USING/Framework/unitree_ws/install/go1_description/share/go1_description//meshes/ultraSound.dae
[0.074s] -- Up-to-date: /home/giszterlab/USING/Framework/unitree_ws/install/go1_description/share/go1_description//meshes/trunk.dae
[0.074s] -- Up-to-date: /home/giszterlab/USING/Framework/unitree_ws/install/go1_description/share/go1_description//meshes/hip.dae
[0.074s] -- Up-to-date: /home/giszterlab/USING/Framework/unitree_ws/install/go1_description/share/go1_description//meshes/thigh_mirror.dae
[0.075s] -- Up-to-date: /home/giszterlab/USING/Framework/unitree_ws/install/go1_description/share/go1_description//meshes/depthCamera.dae
[0.076s] -- Up-to-date: /home/giszterlab/USING/Framework/unitree_ws/install/go1_description/share/go1_description//meshes/thigh.dae
[0.076s] -- Up-to-date: /home/giszterlab/USING/Framework/unitree_ws/install/go1_description/share/go1_description//xacro
[0.076s] -- Up-to-date: /home/giszterlab/USING/Framework/unitree_ws/install/go1_description/share/go1_description//xacro/depthCamera.xacro
[0.076s] -- Up-to-date: /home/giszterlab/USING/Framework/unitree_ws/install/go1_description/share/go1_description//xacro/transmission.xacro
[0.077s] -- Up-to-date: /home/giszterlab/USING/Framework/unitree_ws/install/go1_description/share/go1_description//xacro/gazebo.xacro
[0.077s] -- Up-to-date: /home/giszterlab/USING/Framework/unitree_ws/install/go1_description/share/go1_description//xacro/ultraSound.xacro
[0.077s] -- Up-to-date: /home/giszterlab/USING/Framework/unitree_ws/install/go1_description/share/go1_description//xacro/robot.xacro
[0.077s] -- Up-to-date: /home/giszterlab/USING/Framework/unitree_ws/install/go1_description/share/go1_description//xacro/leg.xacro
[0.077s] -- Up-to-date: /home/giszterlab/USING/Framework/unitree_ws/install/go1_description/share/go1_description//xacro/const.xacro
[0.077s] -- Up-to-date: /home/giszterlab/USING/Framework/unitree_ws/install/go1_description/share/go1_description//xacro/materials.xacro
[0.077s] -- Up-to-date: /home/giszterlab/USING/Framework/unitree_ws/install/go1_description/share/ament_index/resource_index/package_run_dependencies/go1_description
[0.077s] -- Up-to-date: /home/giszterlab/USING/Framework/unitree_ws/install/go1_description/share/ament_index/resource_index/parent_prefix_path/go1_description
[0.078s] -- Up-to-date: /home/giszterlab/USING/Framework/unitree_ws/install/go1_description/share/go1_description/environment/ament_prefix_path.sh
[0.078s] -- Up-to-date: /home/giszterlab/USING/Framework/unitree_ws/install/go1_description/share/go1_description/environment/ament_prefix_path.dsv
[0.078s] -- Up-to-date: /home/giszterlab/USING/Framework/unitree_ws/install/go1_description/share/go1_description/environment/path.sh
[0.078s] -- Up-to-date: /home/giszterlab/USING/Framework/unitree_ws/install/go1_description/share/go1_description/environment/path.dsv
[0.078s] -- Up-to-date: /home/giszterlab/USING/Framework/unitree_ws/install/go1_description/share/go1_description/local_setup.bash
[0.078s] -- Up-to-date: /home/giszterlab/USING/Framework/unitree_ws/install/go1_description/share/go1_description/local_setup.sh
[0.078s] -- Up-to-date: /home/giszterlab/USING/Framework/unitree_ws/install/go1_description/share/go1_description/local_setup.zsh
[0.078s] -- Up-to-date: /home/giszterlab/USING/Framework/unitree_ws/install/go1_description/share/go1_description/local_setup.dsv
[0.079s] -- Up-to-date: /home/giszterlab/USING/Framework/unitree_ws/install/go1_description/share/go1_description/package.dsv
[0.079s] -- Up-to-date: /home/giszterlab/USING/Framework/unitree_ws/install/go1_description/share/ament_index/resource_index/packages/go1_description
[0.079s] -- Up-to-date: /home/giszterlab/USING/Framework/unitree_ws/install/go1_description/share/go1_description/cmake/go1_descriptionConfig.cmake
[0.079s] -- Up-to-date: /home/giszterlab/USING/Framework/unitree_ws/install/go1_description/share/go1_description/cmake/go1_descriptionConfig-version.cmake
[0.079s] -- Up-to-date: /home/giszterlab/USING/Framework/unitree_ws/install/go1_description/share/go1_description/package.xml
[0.080s] Invoked command in '/home/giszterlab/USING/Framework/unitree_ws/build/go1_description' returned '0': CMAKE_PREFIX_PATH=${CMAKE_PREFIX_PATH}:/opt/ros/humble /usr/bin/cmake --install /home/giszterlab/USING/Framework/unitree_ws/build/go1_description
