[0.010s] Invoking command in '/home/giszterlab/Co-op3/Framework/go1_ws/build/impedance_controller_framework': /usr/bin/cmake /home/giszterlab/Co-op3/Framework/go1_ws/src/impedance_controller_framework -DCMAKE_INSTALL_PREFIX=/home/giszterlab/Co-op3/Framework/go1_ws/install/impedance_controller_framework
[0.063s] -- The C compiler identification is GNU 11.4.0
[0.124s] -- The CXX compiler identification is GNU 11.4.0
[0.134s] -- Detecting C compiler ABI info
[0.207s] -- Detecting C compiler ABI info - done
[0.219s] -- Check for working C compiler: /usr/bin/cc - skipped
[0.220s] -- Detecting C compile features
[0.221s] -- Detecting C compile features - done
[0.225s] -- Detecting CXX compiler ABI info
[0.309s] -- Detecting CXX compiler ABI info - done
[0.323s] -- Check for working CXX compiler: /usr/bin/c++ - skipped
[0.323s] -- Detecting CXX compile features
[0.324s] -- Detecting CXX compile features - done
[0.328s] -- Found ament_cmake: 1.3.11 (/opt/ros/humble/share/ament_cmake/cmake)
[0.510s] -- Found Python3: /usr/bin/python3 (found version "3.10.12") found components: Interpreter 
[0.645s] -- Found rclcpp: 16.0.12 (/opt/ros/humble/share/rclcpp/cmake)
[0.715s] -- Found rosidl_generator_c: 3.1.6 (/opt/ros/humble/share/rosidl_generator_c/cmake)
[0.721s] -- Found rosidl_adapter: 3.1.6 (/opt/ros/humble/share/rosidl_adapter/cmake)
[0.730s] -- Found rosidl_generator_cpp: 3.1.6 (/opt/ros/humble/share/rosidl_generator_cpp/cmake)
[0.743s] -- Using all available rosidl_typesupport_c: rosidl_typesupport_fastrtps_c;rosidl_typesupport_introspection_c
[0.760s] -- Using all available rosidl_typesupport_cpp: rosidl_typesupport_fastrtps_cpp;rosidl_typesupport_introspection_cpp
[0.807s] -- Found rmw_implementation_cmake: 6.1.2 (/opt/ros/humble/share/rmw_implementation_cmake/cmake)
[0.810s] -- Found rmw_fastrtps_cpp: 6.2.7 (/opt/ros/humble/share/rmw_fastrtps_cpp/cmake)
[0.893s] -- Found OpenSSL: /usr/lib/x86_64-linux-gnu/libcrypto.so (found version "3.0.2")  
[0.918s] -- Found FastRTPS: /opt/ros/humble/include  
[0.956s] -- Using RMW implementation 'rmw_fastrtps_cpp' as default
[0.964s] -- Looking for pthread.h
[1.041s] -- Looking for pthread.h - found
[1.041s] -- Performing Test CMAKE_HAVE_LIBC_PTHREAD
[1.127s] -- Performing Test CMAKE_HAVE_LIBC_PTHREAD - Success
[1.129s] -- Found Threads: TRUE  
[1.193s] -- Found sensor_msgs: 4.8.0 (/opt/ros/humble/share/sensor_msgs/cmake)
[1.290s] Error parsing '/home/giszterlab/Co-op3/Framework/go1_ws/src/impedance_controller_framework/package.xml':
[1.338s] Traceback (most recent call last):
[1.338s]   File "/usr/lib/python3/dist-packages/catkin_pkg/package.py", line 610, in parse_package_string
[1.338s]     root = dom.parseString(data)
[1.338s]   File "/usr/lib/python3.10/xml/dom/minidom.py", line 2000, in parseString
[1.338s]     return expatbuilder.parseString(string)
[1.339s]   File "/usr/lib/python3.10/xml/dom/expatbuilder.py", line 925, in parseString
[1.339s]     return builder.parseString(string)
[1.339s]   File "/usr/lib/python3.10/xml/dom/expatbuilder.py", line 223, in parseString
[1.339s]     parser.Parse(string, True)
[1.339s] xml.parsers.expat.ExpatError: unclosed token: line 1, column 0
[1.339s] 
[1.340s] During handling of the above exception, another exception occurred:
[1.340s] 
[1.340s] Traceback (most recent call last):
[1.340s]   File "/opt/ros/humble/share/ament_cmake_core/cmake/core/package_xml_2_cmake.py", line 150, in <module>
[1.340s]     main()
[1.340s]   File "/opt/ros/humble/share/ament_cmake_core/cmake/core/package_xml_2_cmake.py", line 53, in main
[1.340s]     raise e
[1.341s]   File "/opt/ros/humble/share/ament_cmake_core/cmake/core/package_xml_2_cmake.py", line 49, in main
[1.341s]     package = parse_package_string(
[1.341s]   File "/usr/lib/python3/dist-packages/catkin_pkg/package.py", line 612, in parse_package_string
[1.341s]     raise InvalidPackage('The manifest contains invalid XML:\n%s' % ex, filename)
[1.341s] catkin_pkg.package.InvalidPackage: Error(s) in package '/home/giszterlab/Co-op3/Framework/go1_ws/src/impedance_controller_framework/package.xml':
[1.341s] The manifest contains invalid XML:
[1.342s] unclosed token: line 1, column 0
[1.354s] [31mCMake Error at /opt/ros/humble/share/ament_cmake_core/cmake/core/ament_package_xml.cmake:95 (message):
[1.355s]   execute_process(/usr/bin/python3
[1.355s]   /opt/ros/humble/share/ament_cmake_core/cmake/core/package_xml_2_cmake.py
[1.355s]   /home/giszterlab/Co-op3/Framework/go1_ws/src/impedance_controller_framework/package.xml
[1.355s]   /home/giszterlab/Co-op3/Framework/go1_ws/build/impedance_controller_framework/ament_cmake_core/package.cmake)
[1.355s]   returned error code 1
[1.356s] Call Stack (most recent call first):
[1.356s]   /opt/ros/humble/share/ament_cmake_core/cmake/core/ament_package_xml.cmake:49 (_ament_package_xml)
[1.356s]   /opt/ros/humble/share/ament_cmake_core/cmake/core/ament_package.cmake:63 (ament_package_xml)
[1.356s]   CMakeLists.txt:49 (ament_package)
[1.356s] 
[1.356s] [0m
[1.357s] -- Configuring incomplete, errors occurred!
[1.357s] See also "/home/giszterlab/Co-op3/Framework/go1_ws/build/impedance_controller_framework/CMakeFiles/CMakeOutput.log".
[1.368s] Invoked command in '/home/giszterlab/Co-op3/Framework/go1_ws/build/impedance_controller_framework' returned '1': /usr/bin/cmake /home/giszterlab/Co-op3/Framework/go1_ws/src/impedance_controller_framework -DCMAKE_INSTALL_PREFIX=/home/giszterlab/Co-op3/Framework/go1_ws/install/impedance_controller_framework
