[0.114s] DEBUG:colcon:Command line arguments: ['/usr/bin/colcon', 'build']
[0.114s] DEBUG:colcon:Parsed command line arguments: Namespace(log_base=None, log_level=None, verb_name='build', build_base='build', install_base='install', merge_install=False, symlink_install=False, test_result_base=None, continue_on_error=False, executor='parallel', parallel_workers=8, event_handlers=None, ignore_user_meta=False, metas=['./colcon.meta'], base_paths=['.'], packages_ignore=None, packages_ignore_regex=None, paths=None, packages_up_to=None, packages_up_to_regex=None, packages_above=None, packages_above_and_dependencies=None, packages_above_depth=None, packages_select_by_dep=None, packages_skip_by_dep=None, packages_skip_up_to=None, packages_select_build_failed=False, packages_skip_build_finished=False, packages_select_test_failures=False, packages_skip_test_passed=False, packages_select=None, packages_skip=None, packages_select_regex=None, packages_skip_regex=None, packages_start=None, packages_end=None, allow_overriding=[], cmake_args=None, cmake_target=None, cmake_target_skip_unavailable=False, cmake_clean_cache=False, cmake_clean_first=False, cmake_force_configure=False, ament_cmake_args=None, catkin_cmake_args=None, catkin_skip_building_tests=False, verb_parser=<colcon_defaults.argument_parser.defaults.DefaultArgumentsDecorator object at 0x792bb55f2fb0>, verb_extension=<colcon_core.verb.build.BuildVerb object at 0x792bb5734460>, main=<bound method BuildVerb.main of <colcon_core.verb.build.BuildVerb object at 0x792bb5734460>>)
[0.296s] Level 1:colcon.colcon_core.package_discovery:discover_packages(colcon_meta) check parameters
[0.296s] Level 1:colcon.colcon_core.package_discovery:discover_packages(recursive) check parameters
[0.296s] Level 1:colcon.colcon_core.package_discovery:discover_packages(ignore) check parameters
[0.296s] Level 1:colcon.colcon_core.package_discovery:discover_packages(path) check parameters
[0.296s] Level 1:colcon.colcon_core.package_discovery:discover_packages(colcon_meta) discover
[0.296s] Level 1:colcon.colcon_core.package_discovery:discover_packages(recursive) discover
[0.296s] INFO:colcon.colcon_core.package_discovery:Crawling recursively for packages in '/home/giszterlab/unitree_ws'
[0.296s] Level 1:colcon.colcon_core.package_identification:_identify(.) by extensions ['ignore', 'ignore_ament_install']
[0.297s] Level 1:colcon.colcon_core.package_identification:_identify(.) by extension 'ignore'
[0.297s] Level 1:colcon.colcon_core.package_identification:_identify(.) by extension 'ignore_ament_install'
[0.297s] Level 1:colcon.colcon_core.package_identification:_identify(.) by extensions ['colcon_pkg']
[0.297s] Level 1:colcon.colcon_core.package_identification:_identify(.) by extension 'colcon_pkg'
[0.297s] Level 1:colcon.colcon_core.package_identification:_identify(.) by extensions ['colcon_meta']
[0.297s] Level 1:colcon.colcon_core.package_identification:_identify(.) by extension 'colcon_meta'
[0.297s] Level 1:colcon.colcon_core.package_identification:_identify(.) by extensions ['ros']
[0.297s] Level 1:colcon.colcon_core.package_identification:_identify(.) by extension 'ros'
[0.309s] Level 1:colcon.colcon_core.package_identification:_identify(.) by extensions ['cmake', 'python']
[0.309s] Level 1:colcon.colcon_core.package_identification:_identify(.) by extension 'cmake'
[0.309s] Level 1:colcon.colcon_core.package_identification:_identify(.) by extension 'python'
[0.309s] Level 1:colcon.colcon_core.package_identification:_identify(.) by extensions ['python_setup_py']
[0.309s] Level 1:colcon.colcon_core.package_identification:_identify(.) by extension 'python_setup_py'
[0.309s] Level 1:colcon.colcon_core.package_identification:_identify(build) by extensions ['ignore', 'ignore_ament_install']
[0.309s] Level 1:colcon.colcon_core.package_identification:_identify(build) by extension 'ignore'
[0.309s] Level 1:colcon.colcon_core.package_identification:_identify(build) ignored
[0.309s] Level 1:colcon.colcon_core.package_identification:_identify(install) by extensions ['ignore', 'ignore_ament_install']
[0.309s] Level 1:colcon.colcon_core.package_identification:_identify(install) by extension 'ignore'
[0.309s] Level 1:colcon.colcon_core.package_identification:_identify(install) ignored
[0.309s] Level 1:colcon.colcon_core.package_identification:_identify(log) by extensions ['ignore', 'ignore_ament_install']
[0.310s] Level 1:colcon.colcon_core.package_identification:_identify(log) by extension 'ignore'
[0.310s] Level 1:colcon.colcon_core.package_identification:_identify(log) ignored
[0.310s] Level 1:colcon.colcon_core.package_identification:_identify(src) by extensions ['ignore', 'ignore_ament_install']
[0.310s] Level 1:colcon.colcon_core.package_identification:_identify(src) by extension 'ignore'
[0.310s] Level 1:colcon.colcon_core.package_identification:_identify(src) by extension 'ignore_ament_install'
[0.310s] Level 1:colcon.colcon_core.package_identification:_identify(src) by extensions ['colcon_pkg']
[0.310s] Level 1:colcon.colcon_core.package_identification:_identify(src) by extension 'colcon_pkg'
[0.310s] Level 1:colcon.colcon_core.package_identification:_identify(src) by extensions ['colcon_meta']
[0.310s] Level 1:colcon.colcon_core.package_identification:_identify(src) by extension 'colcon_meta'
[0.310s] Level 1:colcon.colcon_core.package_identification:_identify(src) by extensions ['ros']
[0.310s] Level 1:colcon.colcon_core.package_identification:_identify(src) by extension 'ros'
[0.310s] Level 1:colcon.colcon_core.package_identification:_identify(src) by extensions ['cmake', 'python']
[0.310s] Level 1:colcon.colcon_core.package_identification:_identify(src) by extension 'cmake'
[0.310s] Level 1:colcon.colcon_core.package_identification:_identify(src) by extension 'python'
[0.310s] Level 1:colcon.colcon_core.package_identification:_identify(src) by extensions ['python_setup_py']
[0.310s] Level 1:colcon.colcon_core.package_identification:_identify(src) by extension 'python_setup_py'
[0.311s] Level 1:colcon.colcon_core.package_identification:_identify(src/unitree_ros) by extensions ['ignore', 'ignore_ament_install']
[0.311s] Level 1:colcon.colcon_core.package_identification:_identify(src/unitree_ros) by extension 'ignore'
[0.311s] Level 1:colcon.colcon_core.package_identification:_identify(src/unitree_ros) by extension 'ignore_ament_install'
[0.311s] Level 1:colcon.colcon_core.package_identification:_identify(src/unitree_ros) by extensions ['colcon_pkg']
[0.311s] Level 1:colcon.colcon_core.package_identification:_identify(src/unitree_ros) by extension 'colcon_pkg'
[0.311s] Level 1:colcon.colcon_core.package_identification:_identify(src/unitree_ros) by extensions ['colcon_meta']
[0.311s] Level 1:colcon.colcon_core.package_identification:_identify(src/unitree_ros) by extension 'colcon_meta'
[0.311s] Level 1:colcon.colcon_core.package_identification:_identify(src/unitree_ros) by extensions ['ros']
[0.311s] Level 1:colcon.colcon_core.package_identification:_identify(src/unitree_ros) by extension 'ros'
[0.314s] DEBUG:colcon.colcon_core.package_identification:Package 'src/unitree_ros' with type 'ros.ament_cmake' and name 'unitree_ros'
[0.314s] Level 1:colcon.colcon_core.package_discovery:discover_packages(recursive) using defaults
[0.314s] Level 1:colcon.colcon_core.package_discovery:discover_packages(ignore) discover
[0.314s] Level 1:colcon.colcon_core.package_discovery:discover_packages(ignore) using defaults
[0.314s] Level 1:colcon.colcon_core.package_discovery:discover_packages(path) discover
[0.314s] Level 1:colcon.colcon_core.package_discovery:discover_packages(path) using defaults
[0.334s] Level 1:colcon.colcon_core.package_discovery:discover_packages(prefix_path) check parameters
[0.334s] Level 1:colcon.colcon_core.package_discovery:discover_packages(prefix_path) discover
[0.337s] DEBUG:colcon.colcon_installed_package_information.package_discovery:Found 272 installed packages in /opt/ros/humble
[0.339s] Level 1:colcon.colcon_core.package_discovery:discover_packages(prefix_path) using defaults
[0.399s] Level 5:colcon.colcon_core.verb:set package 'unitree_ros' build argument 'cmake_args' from command line to 'None'
[0.399s] Level 5:colcon.colcon_core.verb:set package 'unitree_ros' build argument 'cmake_target' from command line to 'None'
[0.399s] Level 5:colcon.colcon_core.verb:set package 'unitree_ros' build argument 'cmake_target_skip_unavailable' from command line to 'False'
[0.399s] Level 5:colcon.colcon_core.verb:set package 'unitree_ros' build argument 'cmake_clean_cache' from command line to 'False'
[0.399s] Level 5:colcon.colcon_core.verb:set package 'unitree_ros' build argument 'cmake_clean_first' from command line to 'False'
[0.399s] Level 5:colcon.colcon_core.verb:set package 'unitree_ros' build argument 'cmake_force_configure' from command line to 'False'
[0.399s] Level 5:colcon.colcon_core.verb:set package 'unitree_ros' build argument 'ament_cmake_args' from command line to 'None'
[0.399s] Level 5:colcon.colcon_core.verb:set package 'unitree_ros' build argument 'catkin_cmake_args' from command line to 'None'
[0.399s] Level 5:colcon.colcon_core.verb:set package 'unitree_ros' build argument 'catkin_skip_building_tests' from command line to 'False'
[0.399s] DEBUG:colcon.colcon_core.verb:Building package 'unitree_ros' with the following arguments: {'ament_cmake_args': None, 'build_base': '/home/giszterlab/unitree_ws/build/unitree_ros', 'catkin_cmake_args': None, 'catkin_skip_building_tests': False, 'cmake_args': None, 'cmake_clean_cache': False, 'cmake_clean_first': False, 'cmake_force_configure': False, 'cmake_target': None, 'cmake_target_skip_unavailable': False, 'install_base': '/home/giszterlab/unitree_ws/install/unitree_ros', 'merge_install': False, 'path': '/home/giszterlab/unitree_ws/src/unitree_ros', 'symlink_install': False, 'test_result_base': None}
[0.399s] INFO:colcon.colcon_core.executor:Executing jobs using 'parallel' executor
[0.400s] DEBUG:colcon.colcon_parallel_executor.executor.parallel:run_until_complete
[0.401s] INFO:colcon.colcon_ros.task.ament_cmake.build:Building ROS package in '/home/giszterlab/unitree_ws/src/unitree_ros' with build type 'ament_cmake'
[0.401s] INFO:colcon.colcon_cmake.task.cmake.build:Building CMake package in '/home/giszterlab/unitree_ws/src/unitree_ros'
[0.403s] INFO:colcon.colcon_core.plugin_system:Skipping extension 'colcon_core.shell.bat': Not used on non-Windows systems
[0.403s] INFO:colcon.colcon_core.shell:Skip shell extension 'powershell' for command environment: Not usable outside of PowerShell
[0.403s] DEBUG:colcon.colcon_core.shell:Skip shell extension 'dsv' for command environment
[0.412s] DEBUG:colcon.colcon_core.event_handler.log_command:Invoking command in '/home/giszterlab/unitree_ws/build/unitree_ros': CMAKE_PREFIX_PATH=${CMAKE_PREFIX_PATH}:/opt/ros/humble /usr/bin/cmake /home/giszterlab/unitree_ws/src/unitree_ros -DCMAKE_INSTALL_PREFIX=/home/giszterlab/unitree_ws/install/unitree_ros
[3.707s] DEBUG:colcon.colcon_core.event_handler.log_command:Invoked command in '/home/giszterlab/unitree_ws/build/unitree_ros' returned '0': CMAKE_PREFIX_PATH=${CMAKE_PREFIX_PATH}:/opt/ros/humble /usr/bin/cmake /home/giszterlab/unitree_ws/src/unitree_ros -DCMAKE_INSTALL_PREFIX=/home/giszterlab/unitree_ws/install/unitree_ros
[3.710s] DEBUG:colcon.colcon_core.event_handler.log_command:Invoking command in '/home/giszterlab/unitree_ws/build/unitree_ros': CMAKE_PREFIX_PATH=${CMAKE_PREFIX_PATH}:/opt/ros/humble /usr/bin/cmake --build /home/giszterlab/unitree_ws/build/unitree_ros -- -j8 -l8
[21.029s] DEBUG:colcon.colcon_core.event_handler.log_command:Invoked command in '/home/giszterlab/unitree_ws/build/unitree_ros' returned '0': CMAKE_PREFIX_PATH=${CMAKE_PREFIX_PATH}:/opt/ros/humble /usr/bin/cmake --build /home/giszterlab/unitree_ws/build/unitree_ros -- -j8 -l8
[21.042s] DEBUG:colcon.colcon_core.event_handler.log_command:Invoking command in '/home/giszterlab/unitree_ws/build/unitree_ros': CMAKE_PREFIX_PATH=${CMAKE_PREFIX_PATH}:/opt/ros/humble /usr/bin/cmake --install /home/giszterlab/unitree_ws/build/unitree_ros
[21.129s] Level 1:colcon.colcon_core.environment:create_environment_scripts_only(unitree_ros)
[21.130s] DEBUG:colcon.colcon_core.event_handler.log_command:Invoked command in '/home/giszterlab/unitree_ws/build/unitree_ros' returned '0': CMAKE_PREFIX_PATH=${CMAKE_PREFIX_PATH}:/opt/ros/humble /usr/bin/cmake --install /home/giszterlab/unitree_ws/build/unitree_ros
[21.135s] Level 1:colcon.colcon_core.environment:checking '/home/giszterlab/unitree_ws/install/unitree_ros' for CMake module files
[21.136s] Level 1:colcon.colcon_core.environment:checking '/home/giszterlab/unitree_ws/install/unitree_ros' for CMake config files
[21.137s] Level 1:colcon.colcon_core.shell:create_environment_hook('unitree_ros', 'cmake_prefix_path')
[21.138s] INFO:colcon.colcon_core.shell:Creating environment hook '/home/giszterlab/unitree_ws/install/unitree_ros/share/unitree_ros/hook/cmake_prefix_path.ps1'
[21.139s] INFO:colcon.colcon_core.shell:Creating environment descriptor '/home/giszterlab/unitree_ws/install/unitree_ros/share/unitree_ros/hook/cmake_prefix_path.dsv'
[21.140s] INFO:colcon.colcon_core.shell:Creating environment hook '/home/giszterlab/unitree_ws/install/unitree_ros/share/unitree_ros/hook/cmake_prefix_path.sh'
[21.142s] Level 1:colcon.colcon_core.environment:checking '/home/giszterlab/unitree_ws/install/unitree_ros/lib'
[21.142s] Level 1:colcon.colcon_core.shell:create_environment_hook('unitree_ros', 'ld_library_path_lib')
[21.142s] INFO:colcon.colcon_core.shell:Creating environment hook '/home/giszterlab/unitree_ws/install/unitree_ros/share/unitree_ros/hook/ld_library_path_lib.ps1'
[21.143s] INFO:colcon.colcon_core.shell:Creating environment descriptor '/home/giszterlab/unitree_ws/install/unitree_ros/share/unitree_ros/hook/ld_library_path_lib.dsv'
[21.144s] INFO:colcon.colcon_core.shell:Creating environment hook '/home/giszterlab/unitree_ws/install/unitree_ros/share/unitree_ros/hook/ld_library_path_lib.sh'
[21.145s] Level 1:colcon.colcon_core.environment:checking '/home/giszterlab/unitree_ws/install/unitree_ros/bin'
[21.145s] Level 1:colcon.colcon_core.environment:checking '/home/giszterlab/unitree_ws/install/unitree_ros/lib/pkgconfig/unitree_ros.pc'
[21.145s] Level 1:colcon.colcon_core.environment:checking '/home/giszterlab/unitree_ws/install/unitree_ros/lib/python3.10/site-packages'
[21.146s] Level 1:colcon.colcon_core.environment:checking '/home/giszterlab/unitree_ws/install/unitree_ros/bin'
[21.146s] INFO:colcon.colcon_core.shell:Creating package script '/home/giszterlab/unitree_ws/install/unitree_ros/share/unitree_ros/package.ps1'
[21.148s] INFO:colcon.colcon_core.shell:Creating package descriptor '/home/giszterlab/unitree_ws/install/unitree_ros/share/unitree_ros/package.dsv'
[21.149s] INFO:colcon.colcon_core.shell:Creating package script '/home/giszterlab/unitree_ws/install/unitree_ros/share/unitree_ros/package.sh'
[21.150s] INFO:colcon.colcon_core.shell:Creating package script '/home/giszterlab/unitree_ws/install/unitree_ros/share/unitree_ros/package.bash'
[21.152s] INFO:colcon.colcon_core.shell:Creating package script '/home/giszterlab/unitree_ws/install/unitree_ros/share/unitree_ros/package.zsh'
[21.153s] Level 1:colcon.colcon_core.environment:create_file_with_runtime_dependencies(/home/giszterlab/unitree_ws/install/unitree_ros/share/colcon-core/packages/unitree_ros)
[21.154s] Level 1:colcon.colcon_core.environment:create_environment_scripts_only(unitree_ros)
[21.155s] Level 1:colcon.colcon_core.environment:checking '/home/giszterlab/unitree_ws/install/unitree_ros' for CMake module files
[21.156s] Level 1:colcon.colcon_core.environment:checking '/home/giszterlab/unitree_ws/install/unitree_ros' for CMake config files
[21.156s] Level 1:colcon.colcon_core.shell:create_environment_hook('unitree_ros', 'cmake_prefix_path')
[21.157s] INFO:colcon.colcon_core.shell:Creating environment hook '/home/giszterlab/unitree_ws/install/unitree_ros/share/unitree_ros/hook/cmake_prefix_path.ps1'
[21.157s] INFO:colcon.colcon_core.shell:Creating environment descriptor '/home/giszterlab/unitree_ws/install/unitree_ros/share/unitree_ros/hook/cmake_prefix_path.dsv'
[21.158s] INFO:colcon.colcon_core.shell:Creating environment hook '/home/giszterlab/unitree_ws/install/unitree_ros/share/unitree_ros/hook/cmake_prefix_path.sh'
[21.159s] Level 1:colcon.colcon_core.environment:checking '/home/giszterlab/unitree_ws/install/unitree_ros/lib'
[21.159s] Level 1:colcon.colcon_core.shell:create_environment_hook('unitree_ros', 'ld_library_path_lib')
[21.159s] INFO:colcon.colcon_core.shell:Creating environment hook '/home/giszterlab/unitree_ws/install/unitree_ros/share/unitree_ros/hook/ld_library_path_lib.ps1'
[21.160s] INFO:colcon.colcon_core.shell:Creating environment descriptor '/home/giszterlab/unitree_ws/install/unitree_ros/share/unitree_ros/hook/ld_library_path_lib.dsv'
[21.160s] INFO:colcon.colcon_core.shell:Creating environment hook '/home/giszterlab/unitree_ws/install/unitree_ros/share/unitree_ros/hook/ld_library_path_lib.sh'
[21.161s] Level 1:colcon.colcon_core.environment:checking '/home/giszterlab/unitree_ws/install/unitree_ros/bin'
[21.161s] Level 1:colcon.colcon_core.environment:checking '/home/giszterlab/unitree_ws/install/unitree_ros/lib/pkgconfig/unitree_ros.pc'
[21.161s] Level 1:colcon.colcon_core.environment:checking '/home/giszterlab/unitree_ws/install/unitree_ros/lib/python3.10/site-packages'
[21.162s] Level 1:colcon.colcon_core.environment:checking '/home/giszterlab/unitree_ws/install/unitree_ros/bin'
[21.162s] INFO:colcon.colcon_core.shell:Creating package script '/home/giszterlab/unitree_ws/install/unitree_ros/share/unitree_ros/package.ps1'
[21.163s] INFO:colcon.colcon_core.shell:Creating package descriptor '/home/giszterlab/unitree_ws/install/unitree_ros/share/unitree_ros/package.dsv'
[21.164s] INFO:colcon.colcon_core.shell:Creating package script '/home/giszterlab/unitree_ws/install/unitree_ros/share/unitree_ros/package.sh'
[21.165s] INFO:colcon.colcon_core.shell:Creating package script '/home/giszterlab/unitree_ws/install/unitree_ros/share/unitree_ros/package.bash'
[21.165s] INFO:colcon.colcon_core.shell:Creating package script '/home/giszterlab/unitree_ws/install/unitree_ros/share/unitree_ros/package.zsh'
[21.166s] Level 1:colcon.colcon_core.environment:create_file_with_runtime_dependencies(/home/giszterlab/unitree_ws/install/unitree_ros/share/colcon-core/packages/unitree_ros)
[21.166s] DEBUG:colcon.colcon_parallel_executor.executor.parallel:closing loop
[21.167s] DEBUG:colcon.colcon_parallel_executor.executor.parallel:loop closed
[21.167s] DEBUG:colcon.colcon_parallel_executor.executor.parallel:run_until_complete finished with '0'
[21.167s] DEBUG:colcon.colcon_core.event_reactor:joining thread
[21.179s] INFO:colcon.colcon_core.plugin_system:Skipping extension 'colcon_notification.desktop_notification.terminal_notifier': Not used on non-Darwin systems
[21.179s] INFO:colcon.colcon_core.plugin_system:Skipping extension 'colcon_notification.desktop_notification.win32': Not used on non-Windows systems
[21.179s] INFO:colcon.colcon_notification.desktop_notification:Sending desktop notification using 'notify2'
[21.208s] DEBUG:colcon.colcon_core.event_reactor:joined thread
[21.209s] INFO:colcon.colcon_core.shell:Creating prefix script '/home/giszterlab/unitree_ws/install/local_setup.ps1'
[21.211s] INFO:colcon.colcon_core.shell:Creating prefix util module '/home/giszterlab/unitree_ws/install/_local_setup_util_ps1.py'
[21.216s] INFO:colcon.colcon_core.shell:Creating prefix chain script '/home/giszterlab/unitree_ws/install/setup.ps1'
[21.218s] INFO:colcon.colcon_core.shell:Creating prefix script '/home/giszterlab/unitree_ws/install/local_setup.sh'
[21.220s] INFO:colcon.colcon_core.shell:Creating prefix util module '/home/giszterlab/unitree_ws/install/_local_setup_util_sh.py'
[21.221s] INFO:colcon.colcon_core.shell:Creating prefix chain script '/home/giszterlab/unitree_ws/install/setup.sh'
[21.224s] INFO:colcon.colcon_core.shell:Creating prefix script '/home/giszterlab/unitree_ws/install/local_setup.bash'
[21.225s] INFO:colcon.colcon_core.shell:Creating prefix chain script '/home/giszterlab/unitree_ws/install/setup.bash'
[21.227s] INFO:colcon.colcon_core.shell:Creating prefix script '/home/giszterlab/unitree_ws/install/local_setup.zsh'
[21.229s] INFO:colcon.colcon_core.shell:Creating prefix chain script '/home/giszterlab/unitree_ws/install/setup.zsh'
