[0.014s] Invoking command in '/home/giszterlab/USING/Framework/unitree_ws/build/unitree_legged_real': CMAKE_PREFIX_PATH=/home/giszterlab/USING/Framework/unitree_ws/install/ros2_unitree_legged_msgs:/home/giszterlab/USING/Framework/unitree_ws/install/unitree_legged_real:/home/giszterlab/USING/Framework/unitree_ws/install/go1_description:/usr/local:/opt/ros/humble LD_LIBRARY_PATH=/home/giszterlab/USING/Framework/unitree_ws/install/ros2_unitree_legged_msgs/lib:/home/giszterlab/USING/Framework/unitree_ws/install/unitree_legged_real/lib:/usr/lib/x86_64-linux-gnu/gazebo-11/plugins:/opt/ros/humble/opt/rviz_ogre_vendor/lib:/opt/ros/humble/lib/x86_64-linux-gnu:/opt/ros/humble/lib /usr/bin/cmake --build /home/giszterlab/USING/Framework/unitree_ws/build/unitree_legged_real -- -j8 -l8
[0.079s] [35m[1mConsolidate compiler generated dependencies of target ros2_udp[0m
[0.116s] [ 12%] Built target udp_high
[0.116s] [ 25%] Built target ros2_walk_example
[0.116s] [ 31%] [32mBuilding CXX object CMakeFiles/ros2_udp.dir/src/ros2_udp.cpp.o[0m
[0.117s] [ 68%] Built target custom_gait
[0.117s] [ 68%] Built target udp_low
[0.117s] [ 68%] Built target ros2_position_example
[0.119s] [ 81%] Built target jsp_low
[0.122s] [ 93%] Built target jsp_high
[15.836s] [100%] [32m[1mLinking CXX executable ros2_udp[0m
[16.049s] [100%] Built target ros2_udp
[16.060s] Invoked command in '/home/giszterlab/USING/Framework/unitree_ws/build/unitree_legged_real' returned '0': CMAKE_PREFIX_PATH=/home/giszterlab/USING/Framework/unitree_ws/install/ros2_unitree_legged_msgs:/home/giszterlab/USING/Framework/unitree_ws/install/unitree_legged_real:/home/giszterlab/USING/Framework/unitree_ws/install/go1_description:/usr/local:/opt/ros/humble LD_LIBRARY_PATH=/home/giszterlab/USING/Framework/unitree_ws/install/ros2_unitree_legged_msgs/lib:/home/giszterlab/USING/Framework/unitree_ws/install/unitree_legged_real/lib:/usr/lib/x86_64-linux-gnu/gazebo-11/plugins:/opt/ros/humble/opt/rviz_ogre_vendor/lib:/opt/ros/humble/lib/x86_64-linux-gnu:/opt/ros/humble/lib /usr/bin/cmake --build /home/giszterlab/USING/Framework/unitree_ws/build/unitree_legged_real -- -j8 -l8
[16.062s] Invoking command in '/home/giszterlab/USING/Framework/unitree_ws/build/unitree_legged_real': CMAKE_PREFIX_PATH=/home/giszterlab/USING/Framework/unitree_ws/install/ros2_unitree_legged_msgs:/home/giszterlab/USING/Framework/unitree_ws/install/unitree_legged_real:/home/giszterlab/USING/Framework/unitree_ws/install/go1_description:/usr/local:/opt/ros/humble LD_LIBRARY_PATH=/home/giszterlab/USING/Framework/unitree_ws/install/ros2_unitree_legged_msgs/lib:/home/giszterlab/USING/Framework/unitree_ws/install/unitree_legged_real/lib:/usr/lib/x86_64-linux-gnu/gazebo-11/plugins:/opt/ros/humble/opt/rviz_ogre_vendor/lib:/opt/ros/humble/lib/x86_64-linux-gnu:/opt/ros/humble/lib /usr/bin/cmake --install /home/giszterlab/USING/Framework/unitree_ws/build/unitree_legged_real
[16.071s] -- Install configuration: ""
[16.071s] -- Up-to-date: /home/giszterlab/USING/Framework/unitree_ws/install/unitree_legged_real/lib
[16.071s] -- Up-to-date: /home/giszterlab/USING/Framework/unitree_ws/install/unitree_legged_real/lib/libunitree_legged_sdk_amd64.so
[16.071s] -- Up-to-date: /home/giszterlab/USING/Framework/unitree_ws/install/unitree_legged_real/lib/libunitree_legged_sdk_arm64.so
[16.072s] -- Installing: /home/giszterlab/USING/Framework/unitree_ws/install/unitree_legged_real/lib/unitree_legged_real/ros2_udp
[16.074s] -- Set runtime path of "/home/giszterlab/USING/Framework/unitree_ws/install/unitree_legged_real/lib/unitree_legged_real/ros2_udp" to ""
[16.074s] -- Up-to-date: /home/giszterlab/USING/Framework/unitree_ws/install/unitree_legged_real/lib/unitree_legged_real/udp_high
[16.074s] -- Up-to-date: /home/giszterlab/USING/Framework/unitree_ws/install/unitree_legged_real/lib/unitree_legged_real/jsp_high
[16.075s] -- Up-to-date: /home/giszterlab/USING/Framework/unitree_ws/install/unitree_legged_real/lib/unitree_legged_real/ros2_walk_example
[16.075s] -- Up-to-date: /home/giszterlab/USING/Framework/unitree_ws/install/unitree_legged_real/lib/unitree_legged_real/ros2_position_example
[16.076s] -- Up-to-date: /home/giszterlab/USING/Framework/unitree_ws/install/unitree_legged_real/lib/unitree_legged_real/custom_gait
[16.076s] -- Up-to-date: /home/giszterlab/USING/Framework/unitree_ws/install/unitree_legged_real/lib/unitree_legged_real/udp_low
[16.077s] -- Up-to-date: /home/giszterlab/USING/Framework/unitree_ws/install/unitree_legged_real/lib/unitree_legged_real/jsp_low
[16.077s] -- Up-to-date: /home/giszterlab/USING/Framework/unitree_ws/install/unitree_legged_real/share/unitree_legged_real//launch
[16.077s] -- Up-to-date: /home/giszterlab/USING/Framework/unitree_ws/install/unitree_legged_real/share/unitree_legged_real//launch/low.launch.py
[16.077s] -- Up-to-date: /home/giszterlab/USING/Framework/unitree_ws/install/unitree_legged_real/share/unitree_legged_real//launch/high.launch.py
[16.077s] -- Up-to-date: /home/giszterlab/USING/Framework/unitree_ws/install/unitree_legged_real/share/unitree_legged_real//config
[16.078s] -- Up-to-date: /home/giszterlab/USING/Framework/unitree_ws/install/unitree_legged_real/share/unitree_legged_real//config/state_only.rviz
[16.078s] -- Up-to-date: /home/giszterlab/USING/Framework/unitree_ws/install/unitree_legged_real/share/unitree_legged_real//config/cmd_only.rviz
[16.078s] -- Up-to-date: /home/giszterlab/USING/Framework/unitree_ws/install/unitree_legged_real/share/unitree_legged_real//config/state_and_cmd.rviz
[16.078s] -- Up-to-date: /home/giszterlab/USING/Framework/unitree_ws/install/unitree_legged_real/share/ament_index/resource_index/package_run_dependencies/unitree_legged_real
[16.078s] -- Up-to-date: /home/giszterlab/USING/Framework/unitree_ws/install/unitree_legged_real/share/ament_index/resource_index/parent_prefix_path/unitree_legged_real
[16.078s] -- Up-to-date: /home/giszterlab/USING/Framework/unitree_ws/install/unitree_legged_real/share/unitree_legged_real/environment/ament_prefix_path.sh
[16.078s] -- Up-to-date: /home/giszterlab/USING/Framework/unitree_ws/install/unitree_legged_real/share/unitree_legged_real/environment/ament_prefix_path.dsv
[16.078s] -- Up-to-date: /home/giszterlab/USING/Framework/unitree_ws/install/unitree_legged_real/share/unitree_legged_real/environment/path.sh
[16.079s] -- Up-to-date: /home/giszterlab/USING/Framework/unitree_ws/install/unitree_legged_real/share/unitree_legged_real/environment/path.dsv
[16.079s] -- Up-to-date: /home/giszterlab/USING/Framework/unitree_ws/install/unitree_legged_real/share/unitree_legged_real/local_setup.bash
[16.079s] -- Up-to-date: /home/giszterlab/USING/Framework/unitree_ws/install/unitree_legged_real/share/unitree_legged_real/local_setup.sh
[16.079s] -- Up-to-date: /home/giszterlab/USING/Framework/unitree_ws/install/unitree_legged_real/share/unitree_legged_real/local_setup.zsh
[16.079s] -- Up-to-date: /home/giszterlab/USING/Framework/unitree_ws/install/unitree_legged_real/share/unitree_legged_real/local_setup.dsv
[16.079s] -- Installing: /home/giszterlab/USING/Framework/unitree_ws/install/unitree_legged_real/share/unitree_legged_real/package.dsv
[16.079s] -- Up-to-date: /home/giszterlab/USING/Framework/unitree_ws/install/unitree_legged_real/share/ament_index/resource_index/packages/unitree_legged_real
[16.080s] -- Up-to-date: /home/giszterlab/USING/Framework/unitree_ws/install/unitree_legged_real/share/unitree_legged_real/cmake/unitree_legged_realConfig.cmake
[16.080s] -- Up-to-date: /home/giszterlab/USING/Framework/unitree_ws/install/unitree_legged_real/share/unitree_legged_real/cmake/unitree_legged_realConfig-version.cmake
[16.081s] -- Up-to-date: /home/giszterlab/USING/Framework/unitree_ws/install/unitree_legged_real/share/unitree_legged_real/package.xml
[16.081s] Invoked command in '/home/giszterlab/USING/Framework/unitree_ws/build/unitree_legged_real' returned '0': CMAKE_PREFIX_PATH=/home/giszterlab/USING/Framework/unitree_ws/install/ros2_unitree_legged_msgs:/home/giszterlab/USING/Framework/unitree_ws/install/unitree_legged_real:/home/giszterlab/USING/Framework/unitree_ws/install/go1_description:/usr/local:/opt/ros/humble LD_LIBRARY_PATH=/home/giszterlab/USING/Framework/unitree_ws/install/ros2_unitree_legged_msgs/lib:/home/giszterlab/USING/Framework/unitree_ws/install/unitree_legged_real/lib:/usr/lib/x86_64-linux-gnu/gazebo-11/plugins:/opt/ros/humble/opt/rviz_ogre_vendor/lib:/opt/ros/humble/lib/x86_64-linux-gnu:/opt/ros/humble/lib /usr/bin/cmake --install /home/giszterlab/USING/Framework/unitree_ws/build/unitree_legged_real
