[0.119s] DEBUG:colcon:Command line arguments: ['/usr/bin/colcon', 'build']
[0.119s] DEBUG:colcon:Parsed command line arguments: Namespace(log_base=None, log_level=None, verb_name='build', build_base='build', install_base='install', merge_install=False, symlink_install=False, test_result_base=None, continue_on_error=False, executor='parallel', parallel_workers=8, event_handlers=None, ignore_user_meta=False, metas=['./colcon.meta'], base_paths=['.'], packages_ignore=None, packages_ignore_regex=None, paths=None, packages_up_to=None, packages_up_to_regex=None, packages_above=None, packages_above_and_dependencies=None, packages_above_depth=None, packages_select_by_dep=None, packages_skip_by_dep=None, packages_skip_up_to=None, packages_select_build_failed=False, packages_skip_build_finished=False, packages_select_test_failures=False, packages_skip_test_passed=False, packages_select=None, packages_skip=None, packages_select_regex=None, packages_skip_regex=None, packages_start=None, packages_end=None, allow_overriding=[], cmake_args=None, cmake_target=None, cmake_target_skip_unavailable=False, cmake_clean_cache=False, cmake_clean_first=False, cmake_force_configure=False, ament_cmake_args=None, catkin_cmake_args=None, catkin_skip_building_tests=False, verb_parser=<colcon_defaults.argument_parser.defaults.DefaultArgumentsDecorator object at 0x708681e64130>, verb_extension=<colcon_core.verb.build.BuildVerb object at 0x708681f79480>, main=<bound method BuildVerb.main of <colcon_core.verb.build.BuildVerb object at 0x708681f79480>>)
[0.313s] Level 1:colcon.colcon_core.package_discovery:discover_packages(colcon_meta) check parameters
[0.313s] Level 1:colcon.colcon_core.package_discovery:discover_packages(recursive) check parameters
[0.313s] Level 1:colcon.colcon_core.package_discovery:discover_packages(ignore) check parameters
[0.313s] Level 1:colcon.colcon_core.package_discovery:discover_packages(path) check parameters
[0.313s] Level 1:colcon.colcon_core.package_discovery:discover_packages(colcon_meta) discover
[0.313s] Level 1:colcon.colcon_core.package_discovery:discover_packages(recursive) discover
[0.313s] INFO:colcon.colcon_core.package_discovery:Crawling recursively for packages in '/home/giszterlab/USING/unitree_ros2_sim'
[0.313s] Level 1:colcon.colcon_core.package_identification:_identify(.) by extensions ['ignore', 'ignore_ament_install']
[0.313s] Level 1:colcon.colcon_core.package_identification:_identify(.) by extension 'ignore'
[0.313s] Level 1:colcon.colcon_core.package_identification:_identify(.) by extension 'ignore_ament_install'
[0.313s] Level 1:colcon.colcon_core.package_identification:_identify(.) by extensions ['colcon_pkg']
[0.313s] Level 1:colcon.colcon_core.package_identification:_identify(.) by extension 'colcon_pkg'
[0.314s] Level 1:colcon.colcon_core.package_identification:_identify(.) by extensions ['colcon_meta']
[0.314s] Level 1:colcon.colcon_core.package_identification:_identify(.) by extension 'colcon_meta'
[0.314s] Level 1:colcon.colcon_core.package_identification:_identify(.) by extensions ['ros']
[0.314s] Level 1:colcon.colcon_core.package_identification:_identify(.) by extension 'ros'
[0.326s] Level 1:colcon.colcon_core.package_identification:_identify(.) by extensions ['cmake', 'python']
[0.326s] Level 1:colcon.colcon_core.package_identification:_identify(.) by extension 'cmake'
[0.326s] Level 1:colcon.colcon_core.package_identification:_identify(.) by extension 'python'
[0.326s] Level 1:colcon.colcon_core.package_identification:_identify(.) by extensions ['python_setup_py']
[0.326s] Level 1:colcon.colcon_core.package_identification:_identify(.) by extension 'python_setup_py'
[0.327s] Level 1:colcon.colcon_core.package_identification:_identify(build) by extensions ['ignore', 'ignore_ament_install']
[0.327s] Level 1:colcon.colcon_core.package_identification:_identify(build) by extension 'ignore'
[0.327s] Level 1:colcon.colcon_core.package_identification:_identify(build) ignored
[0.327s] Level 1:colcon.colcon_core.package_identification:_identify(go1_sim) by extensions ['ignore', 'ignore_ament_install']
[0.327s] Level 1:colcon.colcon_core.package_identification:_identify(go1_sim) by extension 'ignore'
[0.327s] Level 1:colcon.colcon_core.package_identification:_identify(go1_sim) by extension 'ignore_ament_install'
[0.327s] Level 1:colcon.colcon_core.package_identification:_identify(go1_sim) by extensions ['colcon_pkg']
[0.327s] Level 1:colcon.colcon_core.package_identification:_identify(go1_sim) by extension 'colcon_pkg'
[0.327s] Level 1:colcon.colcon_core.package_identification:_identify(go1_sim) by extensions ['colcon_meta']
[0.327s] Level 1:colcon.colcon_core.package_identification:_identify(go1_sim) by extension 'colcon_meta'
[0.327s] Level 1:colcon.colcon_core.package_identification:_identify(go1_sim) by extensions ['ros']
[0.327s] Level 1:colcon.colcon_core.package_identification:_identify(go1_sim) by extension 'ros'
[0.327s] Level 1:colcon.colcon_core.package_identification:_identify(go1_sim) by extensions ['cmake', 'python']
[0.327s] Level 1:colcon.colcon_core.package_identification:_identify(go1_sim) by extension 'cmake'
[0.327s] Level 1:colcon.colcon_core.package_identification:_identify(go1_sim) by extension 'python'
[0.328s] Level 1:colcon.colcon_core.package_identification:_identify(go1_sim) by extensions ['python_setup_py']
[0.328s] Level 1:colcon.colcon_core.package_identification:_identify(go1_sim) by extension 'python_setup_py'
[0.328s] Level 1:colcon.colcon_core.package_identification:_identify(go1_sim/go1_description) by extensions ['ignore', 'ignore_ament_install']
[0.328s] Level 1:colcon.colcon_core.package_identification:_identify(go1_sim/go1_description) by extension 'ignore'
[0.328s] Level 1:colcon.colcon_core.package_identification:_identify(go1_sim/go1_description) by extension 'ignore_ament_install'
[0.328s] Level 1:colcon.colcon_core.package_identification:_identify(go1_sim/go1_description) by extensions ['colcon_pkg']
[0.328s] Level 1:colcon.colcon_core.package_identification:_identify(go1_sim/go1_description) by extension 'colcon_pkg'
[0.328s] Level 1:colcon.colcon_core.package_identification:_identify(go1_sim/go1_description) by extensions ['colcon_meta']
[0.328s] Level 1:colcon.colcon_core.package_identification:_identify(go1_sim/go1_description) by extension 'colcon_meta'
[0.328s] Level 1:colcon.colcon_core.package_identification:_identify(go1_sim/go1_description) by extensions ['ros']
[0.328s] Level 1:colcon.colcon_core.package_identification:_identify(go1_sim/go1_description) by extension 'ros'
[0.331s] DEBUG:colcon.colcon_core.package_identification:Package 'go1_sim/go1_description' with type 'ros.ament_cmake' and name 'go1_description'
[0.331s] Level 1:colcon.colcon_core.package_identification:_identify(go1_sim/go1_gazebo) by extensions ['ignore', 'ignore_ament_install']
[0.331s] Level 1:colcon.colcon_core.package_identification:_identify(go1_sim/go1_gazebo) by extension 'ignore'
[0.331s] Level 1:colcon.colcon_core.package_identification:_identify(go1_sim/go1_gazebo) by extension 'ignore_ament_install'
[0.331s] Level 1:colcon.colcon_core.package_identification:_identify(go1_sim/go1_gazebo) by extensions ['colcon_pkg']
[0.331s] Level 1:colcon.colcon_core.package_identification:_identify(go1_sim/go1_gazebo) by extension 'colcon_pkg'
[0.331s] Level 1:colcon.colcon_core.package_identification:_identify(go1_sim/go1_gazebo) by extensions ['colcon_meta']
[0.331s] Level 1:colcon.colcon_core.package_identification:_identify(go1_sim/go1_gazebo) by extension 'colcon_meta'
[0.331s] Level 1:colcon.colcon_core.package_identification:_identify(go1_sim/go1_gazebo) by extensions ['ros']
[0.331s] Level 1:colcon.colcon_core.package_identification:_identify(go1_sim/go1_gazebo) by extension 'ros'
[0.333s] DEBUG:colcon.colcon_core.package_identification:Package 'go1_sim/go1_gazebo' with type 'ros.ament_cmake' and name 'go1_gazebo'
[0.333s] Level 1:colcon.colcon_core.package_identification:_identify(go1_sim/go1_navigation) by extensions ['ignore', 'ignore_ament_install']
[0.333s] Level 1:colcon.colcon_core.package_identification:_identify(go1_sim/go1_navigation) by extension 'ignore'
[0.333s] Level 1:colcon.colcon_core.package_identification:_identify(go1_sim/go1_navigation) by extension 'ignore_ament_install'
[0.333s] Level 1:colcon.colcon_core.package_identification:_identify(go1_sim/go1_navigation) by extensions ['colcon_pkg']
[0.333s] Level 1:colcon.colcon_core.package_identification:_identify(go1_sim/go1_navigation) by extension 'colcon_pkg'
[0.333s] Level 1:colcon.colcon_core.package_identification:_identify(go1_sim/go1_navigation) by extensions ['colcon_meta']
[0.334s] Level 1:colcon.colcon_core.package_identification:_identify(go1_sim/go1_navigation) by extension 'colcon_meta'
[0.334s] Level 1:colcon.colcon_core.package_identification:_identify(go1_sim/go1_navigation) by extensions ['ros']
[0.334s] Level 1:colcon.colcon_core.package_identification:_identify(go1_sim/go1_navigation) by extension 'ros'
[0.334s] DEBUG:colcon.colcon_core.package_identification:Package 'go1_sim/go1_navigation' with type 'ros.ament_python' and name 'go1_navigation'
[0.334s] Level 1:colcon.colcon_core.package_identification:_identify(install) by extensions ['ignore', 'ignore_ament_install']
[0.334s] Level 1:colcon.colcon_core.package_identification:_identify(install) by extension 'ignore'
[0.334s] Level 1:colcon.colcon_core.package_identification:_identify(install) ignored
[0.335s] Level 1:colcon.colcon_core.package_identification:_identify(log) by extensions ['ignore', 'ignore_ament_install']
[0.335s] Level 1:colcon.colcon_core.package_identification:_identify(log) by extension 'ignore'
[0.335s] Level 1:colcon.colcon_core.package_identification:_identify(log) ignored
[0.335s] Level 1:colcon.colcon_core.package_identification:_identify(robotic_control) by extensions ['ignore', 'ignore_ament_install']
[0.335s] Level 1:colcon.colcon_core.package_identification:_identify(robotic_control) by extension 'ignore'
[0.335s] Level 1:colcon.colcon_core.package_identification:_identify(robotic_control) by extension 'ignore_ament_install'
[0.335s] Level 1:colcon.colcon_core.package_identification:_identify(robotic_control) by extensions ['colcon_pkg']
[0.335s] Level 1:colcon.colcon_core.package_identification:_identify(robotic_control) by extension 'colcon_pkg'
[0.335s] Level 1:colcon.colcon_core.package_identification:_identify(robotic_control) by extensions ['colcon_meta']
[0.335s] Level 1:colcon.colcon_core.package_identification:_identify(robotic_control) by extension 'colcon_meta'
[0.335s] Level 1:colcon.colcon_core.package_identification:_identify(robotic_control) by extensions ['ros']
[0.335s] Level 1:colcon.colcon_core.package_identification:_identify(robotic_control) by extension 'ros'
[0.336s] DEBUG:colcon.colcon_core.package_identification:Package 'robotic_control' with type 'ros.ament_cmake' and name 'robotic_control'
[0.336s] Level 1:colcon.colcon_core.package_identification:_identify(ros2_unitree_legged_controller) by extensions ['ignore', 'ignore_ament_install']
[0.336s] Level 1:colcon.colcon_core.package_identification:_identify(ros2_unitree_legged_controller) by extension 'ignore'
[0.336s] Level 1:colcon.colcon_core.package_identification:_identify(ros2_unitree_legged_controller) by extension 'ignore_ament_install'
[0.337s] Level 1:colcon.colcon_core.package_identification:_identify(ros2_unitree_legged_controller) by extensions ['colcon_pkg']
[0.337s] Level 1:colcon.colcon_core.package_identification:_identify(ros2_unitree_legged_controller) by extension 'colcon_pkg'
[0.337s] Level 1:colcon.colcon_core.package_identification:_identify(ros2_unitree_legged_controller) by extensions ['colcon_meta']
[0.337s] Level 1:colcon.colcon_core.package_identification:_identify(ros2_unitree_legged_controller) by extension 'colcon_meta'
[0.337s] Level 1:colcon.colcon_core.package_identification:_identify(ros2_unitree_legged_controller) by extensions ['ros']
[0.337s] Level 1:colcon.colcon_core.package_identification:_identify(ros2_unitree_legged_controller) by extension 'ros'
[0.338s] DEBUG:colcon.colcon_core.package_identification:Package 'ros2_unitree_legged_controller' with type 'ros.ament_cmake' and name 'ros2_unitree_legged_control'
[0.338s] Level 1:colcon.colcon_core.package_identification:_identify(ros2_unitree_legged_msgs) by extensions ['ignore', 'ignore_ament_install']
[0.338s] Level 1:colcon.colcon_core.package_identification:_identify(ros2_unitree_legged_msgs) by extension 'ignore'
[0.338s] Level 1:colcon.colcon_core.package_identification:_identify(ros2_unitree_legged_msgs) by extension 'ignore_ament_install'
[0.338s] Level 1:colcon.colcon_core.package_identification:_identify(ros2_unitree_legged_msgs) by extensions ['colcon_pkg']
[0.338s] Level 1:colcon.colcon_core.package_identification:_identify(ros2_unitree_legged_msgs) by extension 'colcon_pkg'
[0.338s] Level 1:colcon.colcon_core.package_identification:_identify(ros2_unitree_legged_msgs) by extensions ['colcon_meta']
[0.338s] Level 1:colcon.colcon_core.package_identification:_identify(ros2_unitree_legged_msgs) by extension 'colcon_meta'
[0.338s] Level 1:colcon.colcon_core.package_identification:_identify(ros2_unitree_legged_msgs) by extensions ['ros']
[0.339s] Level 1:colcon.colcon_core.package_identification:_identify(ros2_unitree_legged_msgs) by extension 'ros'
[0.339s] DEBUG:colcon.colcon_core.package_identification:Package 'ros2_unitree_legged_msgs' with type 'ros.ament_cmake' and name 'ros2_unitree_legged_msgs'
[0.339s] Level 1:colcon.colcon_core.package_identification:_identify(unitree_guide2) by extensions ['ignore', 'ignore_ament_install']
[0.339s] Level 1:colcon.colcon_core.package_identification:_identify(unitree_guide2) by extension 'ignore'
[0.339s] Level 1:colcon.colcon_core.package_identification:_identify(unitree_guide2) by extension 'ignore_ament_install'
[0.339s] Level 1:colcon.colcon_core.package_identification:_identify(unitree_guide2) by extensions ['colcon_pkg']
[0.339s] Level 1:colcon.colcon_core.package_identification:_identify(unitree_guide2) by extension 'colcon_pkg'
[0.340s] Level 1:colcon.colcon_core.package_identification:_identify(unitree_guide2) by extensions ['colcon_meta']
[0.340s] Level 1:colcon.colcon_core.package_identification:_identify(unitree_guide2) by extension 'colcon_meta'
[0.340s] Level 1:colcon.colcon_core.package_identification:_identify(unitree_guide2) by extensions ['ros']
[0.340s] Level 1:colcon.colcon_core.package_identification:_identify(unitree_guide2) by extension 'ros'
[0.340s] DEBUG:colcon.colcon_core.package_identification:Package 'unitree_guide2' with type 'ros.ament_cmake' and name 'unitree_guide2'
[0.340s] Level 1:colcon.colcon_core.package_discovery:discover_packages(recursive) using defaults
[0.341s] Level 1:colcon.colcon_core.package_discovery:discover_packages(ignore) discover
[0.341s] Level 1:colcon.colcon_core.package_discovery:discover_packages(ignore) using defaults
[0.341s] Level 1:colcon.colcon_core.package_discovery:discover_packages(path) discover
[0.341s] Level 1:colcon.colcon_core.package_discovery:discover_packages(path) using defaults
[0.381s] Level 1:colcon.colcon_core.package_discovery:discover_packages(prefix_path) check parameters
[0.382s] Level 1:colcon.colcon_core.package_discovery:discover_packages(prefix_path) discover
[0.385s] DEBUG:colcon.colcon_installed_package_information.package_discovery:Found 7 installed packages in /home/giszterlab/USING/unitree_ros2_sim/install
[0.387s] DEBUG:colcon.colcon_installed_package_information.package_discovery:Found 323 installed packages in /opt/ros/humble
[0.391s] Level 1:colcon.colcon_core.package_discovery:discover_packages(prefix_path) using defaults
[0.460s] Level 5:colcon.colcon_core.verb:set package 'go1_description' build argument 'cmake_args' from command line to 'None'
[0.460s] Level 5:colcon.colcon_core.verb:set package 'go1_description' build argument 'cmake_target' from command line to 'None'
[0.460s] Level 5:colcon.colcon_core.verb:set package 'go1_description' build argument 'cmake_target_skip_unavailable' from command line to 'False'
[0.460s] Level 5:colcon.colcon_core.verb:set package 'go1_description' build argument 'cmake_clean_cache' from command line to 'False'
[0.460s] Level 5:colcon.colcon_core.verb:set package 'go1_description' build argument 'cmake_clean_first' from command line to 'False'
[0.460s] Level 5:colcon.colcon_core.verb:set package 'go1_description' build argument 'cmake_force_configure' from command line to 'False'
[0.460s] Level 5:colcon.colcon_core.verb:set package 'go1_description' build argument 'ament_cmake_args' from command line to 'None'
[0.460s] Level 5:colcon.colcon_core.verb:set package 'go1_description' build argument 'catkin_cmake_args' from command line to 'None'
[0.460s] Level 5:colcon.colcon_core.verb:set package 'go1_description' build argument 'catkin_skip_building_tests' from command line to 'False'
[0.460s] DEBUG:colcon.colcon_core.verb:Building package 'go1_description' with the following arguments: {'ament_cmake_args': None, 'build_base': '/home/giszterlab/USING/unitree_ros2_sim/build/go1_description', 'catkin_cmake_args': None, 'catkin_skip_building_tests': False, 'cmake_args': None, 'cmake_clean_cache': False, 'cmake_clean_first': False, 'cmake_force_configure': False, 'cmake_target': None, 'cmake_target_skip_unavailable': False, 'install_base': '/home/giszterlab/USING/unitree_ros2_sim/install/go1_description', 'merge_install': False, 'path': '/home/giszterlab/USING/unitree_ros2_sim/go1_sim/go1_description', 'symlink_install': False, 'test_result_base': None}
[0.461s] Level 5:colcon.colcon_core.verb:set package 'go1_gazebo' build argument 'cmake_args' from command line to 'None'
[0.461s] Level 5:colcon.colcon_core.verb:set package 'go1_gazebo' build argument 'cmake_target' from command line to 'None'
[0.461s] Level 5:colcon.colcon_core.verb:set package 'go1_gazebo' build argument 'cmake_target_skip_unavailable' from command line to 'False'
[0.461s] Level 5:colcon.colcon_core.verb:set package 'go1_gazebo' build argument 'cmake_clean_cache' from command line to 'False'
[0.461s] Level 5:colcon.colcon_core.verb:set package 'go1_gazebo' build argument 'cmake_clean_first' from command line to 'False'
[0.461s] Level 5:colcon.colcon_core.verb:set package 'go1_gazebo' build argument 'cmake_force_configure' from command line to 'False'
[0.461s] Level 5:colcon.colcon_core.verb:set package 'go1_gazebo' build argument 'ament_cmake_args' from command line to 'None'
[0.461s] Level 5:colcon.colcon_core.verb:set package 'go1_gazebo' build argument 'catkin_cmake_args' from command line to 'None'
[0.461s] Level 5:colcon.colcon_core.verb:set package 'go1_gazebo' build argument 'catkin_skip_building_tests' from command line to 'False'
[0.461s] DEBUG:colcon.colcon_core.verb:Building package 'go1_gazebo' with the following arguments: {'ament_cmake_args': None, 'build_base': '/home/giszterlab/USING/unitree_ros2_sim/build/go1_gazebo', 'catkin_cmake_args': None, 'catkin_skip_building_tests': False, 'cmake_args': None, 'cmake_clean_cache': False, 'cmake_clean_first': False, 'cmake_force_configure': False, 'cmake_target': None, 'cmake_target_skip_unavailable': False, 'install_base': '/home/giszterlab/USING/unitree_ros2_sim/install/go1_gazebo', 'merge_install': False, 'path': '/home/giszterlab/USING/unitree_ros2_sim/go1_sim/go1_gazebo', 'symlink_install': False, 'test_result_base': None}
[0.461s] Level 5:colcon.colcon_core.verb:set package 'go1_navigation' build argument 'cmake_args' from command line to 'None'
[0.461s] Level 5:colcon.colcon_core.verb:set package 'go1_navigation' build argument 'cmake_target' from command line to 'None'
[0.461s] Level 5:colcon.colcon_core.verb:set package 'go1_navigation' build argument 'cmake_target_skip_unavailable' from command line to 'False'
[0.461s] Level 5:colcon.colcon_core.verb:set package 'go1_navigation' build argument 'cmake_clean_cache' from command line to 'False'
[0.461s] Level 5:colcon.colcon_core.verb:set package 'go1_navigation' build argument 'cmake_clean_first' from command line to 'False'
[0.461s] Level 5:colcon.colcon_core.verb:set package 'go1_navigation' build argument 'cmake_force_configure' from command line to 'False'
[0.461s] Level 5:colcon.colcon_core.verb:set package 'go1_navigation' build argument 'ament_cmake_args' from command line to 'None'
[0.461s] Level 5:colcon.colcon_core.verb:set package 'go1_navigation' build argument 'catkin_cmake_args' from command line to 'None'
[0.461s] Level 5:colcon.colcon_core.verb:set package 'go1_navigation' build argument 'catkin_skip_building_tests' from command line to 'False'
[0.462s] DEBUG:colcon.colcon_core.verb:Building package 'go1_navigation' with the following arguments: {'ament_cmake_args': None, 'build_base': '/home/giszterlab/USING/unitree_ros2_sim/build/go1_navigation', 'catkin_cmake_args': None, 'catkin_skip_building_tests': False, 'cmake_args': None, 'cmake_clean_cache': False, 'cmake_clean_first': False, 'cmake_force_configure': False, 'cmake_target': None, 'cmake_target_skip_unavailable': False, 'install_base': '/home/giszterlab/USING/unitree_ros2_sim/install/go1_navigation', 'merge_install': False, 'path': '/home/giszterlab/USING/unitree_ros2_sim/go1_sim/go1_navigation', 'symlink_install': False, 'test_result_base': None}
[0.462s] Level 5:colcon.colcon_core.verb:set package 'robotic_control' build argument 'cmake_args' from command line to 'None'
[0.462s] Level 5:colcon.colcon_core.verb:set package 'robotic_control' build argument 'cmake_target' from command line to 'None'
[0.462s] Level 5:colcon.colcon_core.verb:set package 'robotic_control' build argument 'cmake_target_skip_unavailable' from command line to 'False'
[0.462s] Level 5:colcon.colcon_core.verb:set package 'robotic_control' build argument 'cmake_clean_cache' from command line to 'False'
[0.462s] Level 5:colcon.colcon_core.verb:set package 'robotic_control' build argument 'cmake_clean_first' from command line to 'False'
[0.462s] Level 5:colcon.colcon_core.verb:set package 'robotic_control' build argument 'cmake_force_configure' from command line to 'False'
[0.462s] Level 5:colcon.colcon_core.verb:set package 'robotic_control' build argument 'ament_cmake_args' from command line to 'None'
[0.462s] Level 5:colcon.colcon_core.verb:set package 'robotic_control' build argument 'catkin_cmake_args' from command line to 'None'
[0.462s] Level 5:colcon.colcon_core.verb:set package 'robotic_control' build argument 'catkin_skip_building_tests' from command line to 'False'
[0.462s] DEBUG:colcon.colcon_core.verb:Building package 'robotic_control' with the following arguments: {'ament_cmake_args': None, 'build_base': '/home/giszterlab/USING/unitree_ros2_sim/build/robotic_control', 'catkin_cmake_args': None, 'catkin_skip_building_tests': False, 'cmake_args': None, 'cmake_clean_cache': False, 'cmake_clean_first': False, 'cmake_force_configure': False, 'cmake_target': None, 'cmake_target_skip_unavailable': False, 'install_base': '/home/giszterlab/USING/unitree_ros2_sim/install/robotic_control', 'merge_install': False, 'path': '/home/giszterlab/USING/unitree_ros2_sim/robotic_control', 'symlink_install': False, 'test_result_base': None}
[0.463s] Level 5:colcon.colcon_core.verb:set package 'ros2_unitree_legged_msgs' build argument 'cmake_args' from command line to 'None'
[0.463s] Level 5:colcon.colcon_core.verb:set package 'ros2_unitree_legged_msgs' build argument 'cmake_target' from command line to 'None'
[0.463s] Level 5:colcon.colcon_core.verb:set package 'ros2_unitree_legged_msgs' build argument 'cmake_target_skip_unavailable' from command line to 'False'
[0.463s] Level 5:colcon.colcon_core.verb:set package 'ros2_unitree_legged_msgs' build argument 'cmake_clean_cache' from command line to 'False'
[0.463s] Level 5:colcon.colcon_core.verb:set package 'ros2_unitree_legged_msgs' build argument 'cmake_clean_first' from command line to 'False'
[0.463s] Level 5:colcon.colcon_core.verb:set package 'ros2_unitree_legged_msgs' build argument 'cmake_force_configure' from command line to 'False'
[0.463s] Level 5:colcon.colcon_core.verb:set package 'ros2_unitree_legged_msgs' build argument 'ament_cmake_args' from command line to 'None'
[0.463s] Level 5:colcon.colcon_core.verb:set package 'ros2_unitree_legged_msgs' build argument 'catkin_cmake_args' from command line to 'None'
[0.463s] Level 5:colcon.colcon_core.verb:set package 'ros2_unitree_legged_msgs' build argument 'catkin_skip_building_tests' from command line to 'False'
[0.463s] DEBUG:colcon.colcon_core.verb:Building package 'ros2_unitree_legged_msgs' with the following arguments: {'ament_cmake_args': None, 'build_base': '/home/giszterlab/USING/unitree_ros2_sim/build/ros2_unitree_legged_msgs', 'catkin_cmake_args': None, 'catkin_skip_building_tests': False, 'cmake_args': None, 'cmake_clean_cache': False, 'cmake_clean_first': False, 'cmake_force_configure': False, 'cmake_target': None, 'cmake_target_skip_unavailable': False, 'install_base': '/home/giszterlab/USING/unitree_ros2_sim/install/ros2_unitree_legged_msgs', 'merge_install': False, 'path': '/home/giszterlab/USING/unitree_ros2_sim/ros2_unitree_legged_msgs', 'symlink_install': False, 'test_result_base': None}
[0.463s] Level 5:colcon.colcon_core.verb:set package 'ros2_unitree_legged_control' build argument 'cmake_args' from command line to 'None'
[0.463s] Level 5:colcon.colcon_core.verb:set package 'ros2_unitree_legged_control' build argument 'cmake_target' from command line to 'None'
[0.463s] Level 5:colcon.colcon_core.verb:set package 'ros2_unitree_legged_control' build argument 'cmake_target_skip_unavailable' from command line to 'False'
[0.463s] Level 5:colcon.colcon_core.verb:set package 'ros2_unitree_legged_control' build argument 'cmake_clean_cache' from command line to 'False'
[0.463s] Level 5:colcon.colcon_core.verb:set package 'ros2_unitree_legged_control' build argument 'cmake_clean_first' from command line to 'False'
[0.463s] Level 5:colcon.colcon_core.verb:set package 'ros2_unitree_legged_control' build argument 'cmake_force_configure' from command line to 'False'
[0.463s] Level 5:colcon.colcon_core.verb:set package 'ros2_unitree_legged_control' build argument 'ament_cmake_args' from command line to 'None'
[0.463s] Level 5:colcon.colcon_core.verb:set package 'ros2_unitree_legged_control' build argument 'catkin_cmake_args' from command line to 'None'
[0.464s] Level 5:colcon.colcon_core.verb:set package 'ros2_unitree_legged_control' build argument 'catkin_skip_building_tests' from command line to 'False'
[0.464s] DEBUG:colcon.colcon_core.verb:Building package 'ros2_unitree_legged_control' with the following arguments: {'ament_cmake_args': None, 'build_base': '/home/giszterlab/USING/unitree_ros2_sim/build/ros2_unitree_legged_control', 'catkin_cmake_args': None, 'catkin_skip_building_tests': False, 'cmake_args': None, 'cmake_clean_cache': False, 'cmake_clean_first': False, 'cmake_force_configure': False, 'cmake_target': None, 'cmake_target_skip_unavailable': False, 'install_base': '/home/giszterlab/USING/unitree_ros2_sim/install/ros2_unitree_legged_control', 'merge_install': False, 'path': '/home/giszterlab/USING/unitree_ros2_sim/ros2_unitree_legged_controller', 'symlink_install': False, 'test_result_base': None}
[0.464s] Level 5:colcon.colcon_core.verb:set package 'unitree_guide2' build argument 'cmake_args' from command line to 'None'
[0.464s] Level 5:colcon.colcon_core.verb:set package 'unitree_guide2' build argument 'cmake_target' from command line to 'None'
[0.464s] Level 5:colcon.colcon_core.verb:set package 'unitree_guide2' build argument 'cmake_target_skip_unavailable' from command line to 'False'
[0.464s] Level 5:colcon.colcon_core.verb:set package 'unitree_guide2' build argument 'cmake_clean_cache' from command line to 'False'
[0.464s] Level 5:colcon.colcon_core.verb:set package 'unitree_guide2' build argument 'cmake_clean_first' from command line to 'False'
[0.464s] Level 5:colcon.colcon_core.verb:set package 'unitree_guide2' build argument 'cmake_force_configure' from command line to 'False'
[0.464s] Level 5:colcon.colcon_core.verb:set package 'unitree_guide2' build argument 'ament_cmake_args' from command line to 'None'
[0.464s] Level 5:colcon.colcon_core.verb:set package 'unitree_guide2' build argument 'catkin_cmake_args' from command line to 'None'
[0.464s] Level 5:colcon.colcon_core.verb:set package 'unitree_guide2' build argument 'catkin_skip_building_tests' from command line to 'False'
[0.465s] DEBUG:colcon.colcon_core.verb:Building package 'unitree_guide2' with the following arguments: {'ament_cmake_args': None, 'build_base': '/home/giszterlab/USING/unitree_ros2_sim/build/unitree_guide2', 'catkin_cmake_args': None, 'catkin_skip_building_tests': False, 'cmake_args': None, 'cmake_clean_cache': False, 'cmake_clean_first': False, 'cmake_force_configure': False, 'cmake_target': None, 'cmake_target_skip_unavailable': False, 'install_base': '/home/giszterlab/USING/unitree_ros2_sim/install/unitree_guide2', 'merge_install': False, 'path': '/home/giszterlab/USING/unitree_ros2_sim/unitree_guide2', 'symlink_install': False, 'test_result_base': None}
[0.465s] INFO:colcon.colcon_core.executor:Executing jobs using 'parallel' executor
[0.466s] DEBUG:colcon.colcon_parallel_executor.executor.parallel:run_until_complete
[0.466s] INFO:colcon.colcon_ros.task.ament_cmake.build:Building ROS package in '/home/giszterlab/USING/unitree_ros2_sim/ros2_unitree_legged_msgs' with build type 'ament_cmake'
[0.467s] INFO:colcon.colcon_cmake.task.cmake.build:Building CMake package in '/home/giszterlab/USING/unitree_ros2_sim/ros2_unitree_legged_msgs'
[0.469s] INFO:colcon.colcon_core.plugin_system:Skipping extension 'colcon_core.shell.bat': Not used on non-Windows systems
[0.469s] INFO:colcon.colcon_core.shell:Skip shell extension 'powershell' for command environment: Not usable outside of PowerShell
[0.469s] DEBUG:colcon.colcon_core.shell:Skip shell extension 'dsv' for command environment
[0.473s] INFO:colcon.colcon_ros.task.ament_cmake.build:Building ROS package in '/home/giszterlab/USING/unitree_ros2_sim/go1_sim/go1_description' with build type 'ament_cmake'
[0.474s] INFO:colcon.colcon_cmake.task.cmake.build:Building CMake package in '/home/giszterlab/USING/unitree_ros2_sim/go1_sim/go1_description'
[0.474s] INFO:colcon.colcon_core.shell:Skip shell extension 'powershell' for command environment: Not usable outside of PowerShell
[0.474s] DEBUG:colcon.colcon_core.shell:Skip shell extension 'dsv' for command environment
[0.478s] INFO:colcon.colcon_ros.task.ament_cmake.build:Building ROS package in '/home/giszterlab/USING/unitree_ros2_sim/go1_sim/go1_gazebo' with build type 'ament_cmake'
[0.478s] INFO:colcon.colcon_cmake.task.cmake.build:Building CMake package in '/home/giszterlab/USING/unitree_ros2_sim/go1_sim/go1_gazebo'
[0.478s] INFO:colcon.colcon_core.shell:Skip shell extension 'powershell' for command environment: Not usable outside of PowerShell
[0.478s] DEBUG:colcon.colcon_core.shell:Skip shell extension 'dsv' for command environment
[0.482s] INFO:colcon.colcon_ros.task.ament_python.build:Building ROS package in '/home/giszterlab/USING/unitree_ros2_sim/go1_sim/go1_navigation' with build type 'ament_python'
[0.483s] Level 1:colcon.colcon_core.shell:create_environment_hook('go1_navigation', 'ament_prefix_path')
[0.483s] INFO:colcon.colcon_core.shell:Creating environment hook '/home/giszterlab/USING/unitree_ros2_sim/install/go1_navigation/share/go1_navigation/hook/ament_prefix_path.ps1'
[0.484s] INFO:colcon.colcon_core.shell:Creating environment descriptor '/home/giszterlab/USING/unitree_ros2_sim/install/go1_navigation/share/go1_navigation/hook/ament_prefix_path.dsv'
[0.484s] INFO:colcon.colcon_core.shell:Creating environment hook '/home/giszterlab/USING/unitree_ros2_sim/install/go1_navigation/share/go1_navigation/hook/ament_prefix_path.sh'
[0.486s] INFO:colcon.colcon_core.shell:Skip shell extension 'powershell' for command environment: Not usable outside of PowerShell
[0.486s] DEBUG:colcon.colcon_core.shell:Skip shell extension 'dsv' for command environment
[0.490s] INFO:colcon.colcon_ros.task.ament_cmake.build:Building ROS package in '/home/giszterlab/USING/unitree_ros2_sim/robotic_control' with build type 'ament_cmake'
[0.490s] INFO:colcon.colcon_cmake.task.cmake.build:Building CMake package in '/home/giszterlab/USING/unitree_ros2_sim/robotic_control'
[0.490s] INFO:colcon.colcon_core.shell:Skip shell extension 'powershell' for command environment: Not usable outside of PowerShell
[0.490s] DEBUG:colcon.colcon_core.shell:Skip shell extension 'dsv' for command environment
[0.500s] DEBUG:colcon.colcon_core.event_handler.log_command:Invoking command in '/home/giszterlab/USING/unitree_ros2_sim/build/ros2_unitree_legged_msgs': CMAKE_PREFIX_PATH=${CMAKE_PREFIX_PATH}:/home/giszterlab/USING/unitree_ros2_sim/install/go1_navigation:/opt/ros/humble /usr/bin/cmake --build /home/giszterlab/USING/unitree_ros2_sim/build/ros2_unitree_legged_msgs -- -j8 -l8
[0.504s] DEBUG:colcon.colcon_core.event_handler.log_command:Invoking command in '/home/giszterlab/USING/unitree_ros2_sim/build/go1_description': CMAKE_PREFIX_PATH=${CMAKE_PREFIX_PATH}:/home/giszterlab/USING/unitree_ros2_sim/install/go1_navigation:/opt/ros/humble /usr/bin/cmake --build /home/giszterlab/USING/unitree_ros2_sim/build/go1_description -- -j8 -l8
[0.509s] DEBUG:colcon.colcon_core.event_handler.log_command:Invoking command in '/home/giszterlab/USING/unitree_ros2_sim/build/go1_gazebo': CMAKE_PREFIX_PATH=${CMAKE_PREFIX_PATH}:/home/giszterlab/USING/unitree_ros2_sim/install/go1_navigation:/opt/ros/humble /usr/bin/cmake --build /home/giszterlab/USING/unitree_ros2_sim/build/go1_gazebo -- -j8 -l8
[0.931s] INFO:colcon.colcon_core.task.python.build:Building Python package in '/home/giszterlab/USING/unitree_ros2_sim/go1_sim/go1_navigation'
[0.931s] INFO:colcon.colcon_core.shell:Skip shell extension 'powershell' for command environment: Not usable outside of PowerShell
[0.931s] DEBUG:colcon.colcon_core.shell:Skip shell extension 'dsv' for command environment
[0.944s] DEBUG:colcon.colcon_core.event_handler.log_command:Invoked command in '/home/giszterlab/USING/unitree_ros2_sim/build/go1_description' returned '0': CMAKE_PREFIX_PATH=${CMAKE_PREFIX_PATH}:/home/giszterlab/USING/unitree_ros2_sim/install/go1_navigation:/opt/ros/humble /usr/bin/cmake --build /home/giszterlab/USING/unitree_ros2_sim/build/go1_description -- -j8 -l8
[0.954s] DEBUG:colcon.colcon_core.event_handler.log_command:Invoking command in '/home/giszterlab/USING/unitree_ros2_sim/build/go1_description': CMAKE_PREFIX_PATH=${CMAKE_PREFIX_PATH}:/home/giszterlab/USING/unitree_ros2_sim/install/go1_navigation:/opt/ros/humble /usr/bin/cmake --install /home/giszterlab/USING/unitree_ros2_sim/build/go1_description
[0.959s] DEBUG:colcon.colcon_core.event_handler.log_command:Invoking command in '/home/giszterlab/USING/unitree_ros2_sim/build/robotic_control': CMAKE_PREFIX_PATH=${CMAKE_PREFIX_PATH}:/home/giszterlab/USING/unitree_ros2_sim/install/go1_navigation:/opt/ros/humble /usr/bin/cmake --build /home/giszterlab/USING/unitree_ros2_sim/build/robotic_control -- -j8 -l8
[0.960s] DEBUG:colcon.colcon_core.event_handler.log_command:Invoked command in '/home/giszterlab/USING/unitree_ros2_sim/build/go1_gazebo' returned '0': CMAKE_PREFIX_PATH=${CMAKE_PREFIX_PATH}:/home/giszterlab/USING/unitree_ros2_sim/install/go1_navigation:/opt/ros/humble /usr/bin/cmake --build /home/giszterlab/USING/unitree_ros2_sim/build/go1_gazebo -- -j8 -l8
[0.960s] DEBUG:colcon.colcon_core.event_handler.log_command:Invoking command in '/home/giszterlab/USING/unitree_ros2_sim/build/go1_gazebo': CMAKE_PREFIX_PATH=${CMAKE_PREFIX_PATH}:/home/giszterlab/USING/unitree_ros2_sim/install/go1_navigation:/opt/ros/humble /usr/bin/cmake --install /home/giszterlab/USING/unitree_ros2_sim/build/go1_gazebo
[0.974s] Level 1:colcon.colcon_core.environment:create_environment_scripts_only(go1_description)
[0.982s] Level 1:colcon.colcon_core.environment:checking '/home/giszterlab/USING/unitree_ros2_sim/install/go1_description' for CMake module files
[0.983s] Level 1:colcon.colcon_core.environment:checking '/home/giszterlab/USING/unitree_ros2_sim/install/go1_description' for CMake config files
[0.987s] DEBUG:colcon.colcon_core.event_handler.log_command:Invoked command in '/home/giszterlab/USING/unitree_ros2_sim/build/go1_description' returned '0': CMAKE_PREFIX_PATH=${CMAKE_PREFIX_PATH}:/home/giszterlab/USING/unitree_ros2_sim/install/go1_navigation:/opt/ros/humble /usr/bin/cmake --install /home/giszterlab/USING/unitree_ros2_sim/build/go1_description
[0.988s] Level 1:colcon.colcon_core.shell:create_environment_hook('go1_description', 'cmake_prefix_path')
[0.988s] INFO:colcon.colcon_core.shell:Creating environment hook '/home/giszterlab/USING/unitree_ros2_sim/install/go1_description/share/go1_description/hook/cmake_prefix_path.ps1'
[0.989s] INFO:colcon.colcon_core.shell:Creating environment descriptor '/home/giszterlab/USING/unitree_ros2_sim/install/go1_description/share/go1_description/hook/cmake_prefix_path.dsv'
[0.989s] INFO:colcon.colcon_core.shell:Creating environment hook '/home/giszterlab/USING/unitree_ros2_sim/install/go1_description/share/go1_description/hook/cmake_prefix_path.sh'
[0.991s] Level 1:colcon.colcon_core.environment:checking '/home/giszterlab/USING/unitree_ros2_sim/install/go1_description/bin'
[0.991s] Level 1:colcon.colcon_core.environment:checking '/home/giszterlab/USING/unitree_ros2_sim/install/go1_description/lib/pkgconfig/go1_description.pc'
[0.992s] Level 1:colcon.colcon_core.environment:checking '/home/giszterlab/USING/unitree_ros2_sim/install/go1_description/lib/python3.10/site-packages'
[0.992s] Level 1:colcon.colcon_core.environment:checking '/home/giszterlab/USING/unitree_ros2_sim/install/go1_description/bin'
[0.993s] INFO:colcon.colcon_core.shell:Creating package script '/home/giszterlab/USING/unitree_ros2_sim/install/go1_description/share/go1_description/package.ps1'
[0.994s] INFO:colcon.colcon_core.shell:Creating package descriptor '/home/giszterlab/USING/unitree_ros2_sim/install/go1_description/share/go1_description/package.dsv'
[0.995s] INFO:colcon.colcon_core.shell:Creating package script '/home/giszterlab/USING/unitree_ros2_sim/install/go1_description/share/go1_description/package.sh'
[0.997s] INFO:colcon.colcon_core.shell:Creating package script '/home/giszterlab/USING/unitree_ros2_sim/install/go1_description/share/go1_description/package.bash'
[1.000s] INFO:colcon.colcon_core.shell:Creating package script '/home/giszterlab/USING/unitree_ros2_sim/install/go1_description/share/go1_description/package.zsh'
[1.001s] Level 1:colcon.colcon_core.environment:create_file_with_runtime_dependencies(/home/giszterlab/USING/unitree_ros2_sim/install/go1_description/share/colcon-core/packages/go1_description)
[1.002s] Level 1:colcon.colcon_core.environment:create_environment_scripts_only(go1_description)
[1.002s] Level 1:colcon.colcon_core.environment:checking '/home/giszterlab/USING/unitree_ros2_sim/install/go1_description' for CMake module files
[1.003s] Level 1:colcon.colcon_core.environment:checking '/home/giszterlab/USING/unitree_ros2_sim/install/go1_description' for CMake config files
[1.003s] Level 1:colcon.colcon_core.shell:create_environment_hook('go1_description', 'cmake_prefix_path')
[1.003s] INFO:colcon.colcon_core.shell:Creating environment hook '/home/giszterlab/USING/unitree_ros2_sim/install/go1_description/share/go1_description/hook/cmake_prefix_path.ps1'
[1.004s] INFO:colcon.colcon_core.shell:Creating environment descriptor '/home/giszterlab/USING/unitree_ros2_sim/install/go1_description/share/go1_description/hook/cmake_prefix_path.dsv'
[1.004s] INFO:colcon.colcon_core.shell:Creating environment hook '/home/giszterlab/USING/unitree_ros2_sim/install/go1_description/share/go1_description/hook/cmake_prefix_path.sh'
[1.005s] Level 1:colcon.colcon_core.environment:checking '/home/giszterlab/USING/unitree_ros2_sim/install/go1_description/bin'
[1.005s] Level 1:colcon.colcon_core.environment:checking '/home/giszterlab/USING/unitree_ros2_sim/install/go1_description/lib/pkgconfig/go1_description.pc'
[1.005s] Level 1:colcon.colcon_core.environment:checking '/home/giszterlab/USING/unitree_ros2_sim/install/go1_description/lib/python3.10/site-packages'
[1.006s] Level 1:colcon.colcon_core.environment:checking '/home/giszterlab/USING/unitree_ros2_sim/install/go1_description/bin'
[1.006s] INFO:colcon.colcon_core.shell:Creating package script '/home/giszterlab/USING/unitree_ros2_sim/install/go1_description/share/go1_description/package.ps1'
[1.007s] INFO:colcon.colcon_core.shell:Creating package descriptor '/home/giszterlab/USING/unitree_ros2_sim/install/go1_description/share/go1_description/package.dsv'
[1.008s] INFO:colcon.colcon_core.shell:Creating package script '/home/giszterlab/USING/unitree_ros2_sim/install/go1_description/share/go1_description/package.sh'
[1.009s] INFO:colcon.colcon_core.shell:Creating package script '/home/giszterlab/USING/unitree_ros2_sim/install/go1_description/share/go1_description/package.bash'
[1.009s] INFO:colcon.colcon_core.shell:Creating package script '/home/giszterlab/USING/unitree_ros2_sim/install/go1_description/share/go1_description/package.zsh'
[1.010s] Level 1:colcon.colcon_core.environment:create_file_with_runtime_dependencies(/home/giszterlab/USING/unitree_ros2_sim/install/go1_description/share/colcon-core/packages/go1_description)
[1.011s] Level 1:colcon.colcon_core.environment:create_environment_scripts_only(go1_gazebo)
[1.012s] Level 1:colcon.colcon_core.environment:checking '/home/giszterlab/USING/unitree_ros2_sim/install/go1_gazebo' for CMake module files
[1.012s] DEBUG:colcon.colcon_core.event_handler.log_command:Invoked command in '/home/giszterlab/USING/unitree_ros2_sim/build/go1_gazebo' returned '0': CMAKE_PREFIX_PATH=${CMAKE_PREFIX_PATH}:/home/giszterlab/USING/unitree_ros2_sim/install/go1_navigation:/opt/ros/humble /usr/bin/cmake --install /home/giszterlab/USING/unitree_ros2_sim/build/go1_gazebo
[1.013s] Level 1:colcon.colcon_core.environment:checking '/home/giszterlab/USING/unitree_ros2_sim/install/go1_gazebo' for CMake config files
[1.013s] Level 1:colcon.colcon_core.shell:create_environment_hook('go1_gazebo', 'cmake_prefix_path')
[1.013s] INFO:colcon.colcon_core.shell:Creating environment hook '/home/giszterlab/USING/unitree_ros2_sim/install/go1_gazebo/share/go1_gazebo/hook/cmake_prefix_path.ps1'
[1.014s] INFO:colcon.colcon_core.shell:Creating environment descriptor '/home/giszterlab/USING/unitree_ros2_sim/install/go1_gazebo/share/go1_gazebo/hook/cmake_prefix_path.dsv'
[1.015s] INFO:colcon.colcon_core.shell:Creating environment hook '/home/giszterlab/USING/unitree_ros2_sim/install/go1_gazebo/share/go1_gazebo/hook/cmake_prefix_path.sh'
[1.016s] Level 1:colcon.colcon_core.environment:checking '/home/giszterlab/USING/unitree_ros2_sim/install/go1_gazebo/bin'
[1.016s] Level 1:colcon.colcon_core.environment:checking '/home/giszterlab/USING/unitree_ros2_sim/install/go1_gazebo/lib/pkgconfig/go1_gazebo.pc'
[1.016s] Level 1:colcon.colcon_core.environment:checking '/home/giszterlab/USING/unitree_ros2_sim/install/go1_gazebo/lib/python3.10/site-packages'
[1.017s] Level 1:colcon.colcon_core.environment:checking '/home/giszterlab/USING/unitree_ros2_sim/install/go1_gazebo/bin'
[1.017s] INFO:colcon.colcon_core.shell:Creating package script '/home/giszterlab/USING/unitree_ros2_sim/install/go1_gazebo/share/go1_gazebo/package.ps1'
[1.018s] INFO:colcon.colcon_core.shell:Creating package descriptor '/home/giszterlab/USING/unitree_ros2_sim/install/go1_gazebo/share/go1_gazebo/package.dsv'
[1.019s] INFO:colcon.colcon_core.shell:Creating package script '/home/giszterlab/USING/unitree_ros2_sim/install/go1_gazebo/share/go1_gazebo/package.sh'
[1.019s] INFO:colcon.colcon_core.shell:Creating package script '/home/giszterlab/USING/unitree_ros2_sim/install/go1_gazebo/share/go1_gazebo/package.bash'
[1.020s] INFO:colcon.colcon_core.shell:Creating package script '/home/giszterlab/USING/unitree_ros2_sim/install/go1_gazebo/share/go1_gazebo/package.zsh'
[1.020s] Level 1:colcon.colcon_core.environment:create_file_with_runtime_dependencies(/home/giszterlab/USING/unitree_ros2_sim/install/go1_gazebo/share/colcon-core/packages/go1_gazebo)
[1.021s] Level 1:colcon.colcon_core.environment:create_environment_scripts_only(go1_gazebo)
[1.021s] Level 1:colcon.colcon_core.environment:checking '/home/giszterlab/USING/unitree_ros2_sim/install/go1_gazebo' for CMake module files
[1.021s] Level 1:colcon.colcon_core.environment:checking '/home/giszterlab/USING/unitree_ros2_sim/install/go1_gazebo' for CMake config files
[1.022s] Level 1:colcon.colcon_core.shell:create_environment_hook('go1_gazebo', 'cmake_prefix_path')
[1.022s] INFO:colcon.colcon_core.shell:Creating environment hook '/home/giszterlab/USING/unitree_ros2_sim/install/go1_gazebo/share/go1_gazebo/hook/cmake_prefix_path.ps1'
[1.022s] INFO:colcon.colcon_core.shell:Creating environment descriptor '/home/giszterlab/USING/unitree_ros2_sim/install/go1_gazebo/share/go1_gazebo/hook/cmake_prefix_path.dsv'
[1.023s] INFO:colcon.colcon_core.shell:Creating environment hook '/home/giszterlab/USING/unitree_ros2_sim/install/go1_gazebo/share/go1_gazebo/hook/cmake_prefix_path.sh'
[1.023s] Level 1:colcon.colcon_core.environment:checking '/home/giszterlab/USING/unitree_ros2_sim/install/go1_gazebo/bin'
[1.023s] Level 1:colcon.colcon_core.environment:checking '/home/giszterlab/USING/unitree_ros2_sim/install/go1_gazebo/lib/pkgconfig/go1_gazebo.pc'
[1.023s] Level 1:colcon.colcon_core.environment:checking '/home/giszterlab/USING/unitree_ros2_sim/install/go1_gazebo/lib/python3.10/site-packages'
[1.024s] Level 1:colcon.colcon_core.environment:checking '/home/giszterlab/USING/unitree_ros2_sim/install/go1_gazebo/bin'
[1.024s] INFO:colcon.colcon_core.shell:Creating package script '/home/giszterlab/USING/unitree_ros2_sim/install/go1_gazebo/share/go1_gazebo/package.ps1'
[1.025s] INFO:colcon.colcon_core.shell:Creating package descriptor '/home/giszterlab/USING/unitree_ros2_sim/install/go1_gazebo/share/go1_gazebo/package.dsv'
[1.025s] INFO:colcon.colcon_core.shell:Creating package script '/home/giszterlab/USING/unitree_ros2_sim/install/go1_gazebo/share/go1_gazebo/package.sh'
[1.025s] INFO:colcon.colcon_core.shell:Creating package script '/home/giszterlab/USING/unitree_ros2_sim/install/go1_gazebo/share/go1_gazebo/package.bash'
[1.026s] INFO:colcon.colcon_core.shell:Creating package script '/home/giszterlab/USING/unitree_ros2_sim/install/go1_gazebo/share/go1_gazebo/package.zsh'
[1.026s] Level 1:colcon.colcon_core.environment:create_file_with_runtime_dependencies(/home/giszterlab/USING/unitree_ros2_sim/install/go1_gazebo/share/colcon-core/packages/go1_gazebo)
[1.068s] DEBUG:colcon.colcon_core.event_handler.log_command:Invoked command in '/home/giszterlab/USING/unitree_ros2_sim/build/robotic_control' returned '0': CMAKE_PREFIX_PATH=${CMAKE_PREFIX_PATH}:/home/giszterlab/USING/unitree_ros2_sim/install/go1_navigation:/opt/ros/humble /usr/bin/cmake --build /home/giszterlab/USING/unitree_ros2_sim/build/robotic_control -- -j8 -l8
[1.074s] DEBUG:colcon.colcon_core.event_handler.log_command:Invoking command in '/home/giszterlab/USING/unitree_ros2_sim/build/robotic_control': CMAKE_PREFIX_PATH=${CMAKE_PREFIX_PATH}:/home/giszterlab/USING/unitree_ros2_sim/install/go1_navigation:/opt/ros/humble /usr/bin/cmake --install /home/giszterlab/USING/unitree_ros2_sim/build/robotic_control
[1.091s] Level 1:colcon.colcon_core.environment:create_environment_scripts_only(robotic_control)
[1.091s] Level 1:colcon.colcon_core.environment:checking '/home/giszterlab/USING/unitree_ros2_sim/install/robotic_control' for CMake module files
[1.092s] Level 1:colcon.colcon_core.environment:checking '/home/giszterlab/USING/unitree_ros2_sim/install/robotic_control' for CMake config files
[1.093s] Level 1:colcon.colcon_core.shell:create_environment_hook('robotic_control', 'cmake_prefix_path')
[1.093s] INFO:colcon.colcon_core.shell:Creating environment hook '/home/giszterlab/USING/unitree_ros2_sim/install/robotic_control/share/robotic_control/hook/cmake_prefix_path.ps1'
[1.094s] INFO:colcon.colcon_core.shell:Creating environment descriptor '/home/giszterlab/USING/unitree_ros2_sim/install/robotic_control/share/robotic_control/hook/cmake_prefix_path.dsv'
[1.094s] DEBUG:colcon.colcon_core.event_handler.log_command:Invoked command in '/home/giszterlab/USING/unitree_ros2_sim/build/robotic_control' returned '0': CMAKE_PREFIX_PATH=${CMAKE_PREFIX_PATH}:/home/giszterlab/USING/unitree_ros2_sim/install/go1_navigation:/opt/ros/humble /usr/bin/cmake --install /home/giszterlab/USING/unitree_ros2_sim/build/robotic_control
[1.095s] INFO:colcon.colcon_core.shell:Creating environment hook '/home/giszterlab/USING/unitree_ros2_sim/install/robotic_control/share/robotic_control/hook/cmake_prefix_path.sh'
[1.096s] Level 1:colcon.colcon_core.environment:checking '/home/giszterlab/USING/unitree_ros2_sim/install/robotic_control/lib'
[1.097s] Level 1:colcon.colcon_core.environment:checking '/home/giszterlab/USING/unitree_ros2_sim/install/robotic_control/bin'
[1.097s] Level 1:colcon.colcon_core.environment:checking '/home/giszterlab/USING/unitree_ros2_sim/install/robotic_control/lib/pkgconfig/robotic_control.pc'
[1.097s] Level 1:colcon.colcon_core.environment:checking '/home/giszterlab/USING/unitree_ros2_sim/install/robotic_control/lib/python3.10/site-packages'
[1.098s] Level 1:colcon.colcon_core.environment:checking '/home/giszterlab/USING/unitree_ros2_sim/install/robotic_control/bin'
[1.098s] INFO:colcon.colcon_core.shell:Creating package script '/home/giszterlab/USING/unitree_ros2_sim/install/robotic_control/share/robotic_control/package.ps1'
[1.099s] INFO:colcon.colcon_core.shell:Creating package descriptor '/home/giszterlab/USING/unitree_ros2_sim/install/robotic_control/share/robotic_control/package.dsv'
[1.100s] INFO:colcon.colcon_core.shell:Creating package script '/home/giszterlab/USING/unitree_ros2_sim/install/robotic_control/share/robotic_control/package.sh'
[1.100s] INFO:colcon.colcon_core.shell:Creating package script '/home/giszterlab/USING/unitree_ros2_sim/install/robotic_control/share/robotic_control/package.bash'
[1.101s] INFO:colcon.colcon_core.shell:Creating package script '/home/giszterlab/USING/unitree_ros2_sim/install/robotic_control/share/robotic_control/package.zsh'
[1.102s] Level 1:colcon.colcon_core.environment:create_file_with_runtime_dependencies(/home/giszterlab/USING/unitree_ros2_sim/install/robotic_control/share/colcon-core/packages/robotic_control)
[1.103s] Level 1:colcon.colcon_core.environment:create_environment_scripts_only(robotic_control)
[1.104s] Level 1:colcon.colcon_core.environment:checking '/home/giszterlab/USING/unitree_ros2_sim/install/robotic_control' for CMake module files
[1.104s] Level 1:colcon.colcon_core.environment:checking '/home/giszterlab/USING/unitree_ros2_sim/install/robotic_control' for CMake config files
[1.104s] Level 1:colcon.colcon_core.shell:create_environment_hook('robotic_control', 'cmake_prefix_path')
[1.105s] INFO:colcon.colcon_core.shell:Creating environment hook '/home/giszterlab/USING/unitree_ros2_sim/install/robotic_control/share/robotic_control/hook/cmake_prefix_path.ps1'
[1.105s] INFO:colcon.colcon_core.shell:Creating environment descriptor '/home/giszterlab/USING/unitree_ros2_sim/install/robotic_control/share/robotic_control/hook/cmake_prefix_path.dsv'
[1.106s] INFO:colcon.colcon_core.shell:Creating environment hook '/home/giszterlab/USING/unitree_ros2_sim/install/robotic_control/share/robotic_control/hook/cmake_prefix_path.sh'
[1.106s] Level 1:colcon.colcon_core.environment:checking '/home/giszterlab/USING/unitree_ros2_sim/install/robotic_control/lib'
[1.106s] Level 1:colcon.colcon_core.environment:checking '/home/giszterlab/USING/unitree_ros2_sim/install/robotic_control/bin'
[1.106s] Level 1:colcon.colcon_core.environment:checking '/home/giszterlab/USING/unitree_ros2_sim/install/robotic_control/lib/pkgconfig/robotic_control.pc'
[1.107s] Level 1:colcon.colcon_core.environment:checking '/home/giszterlab/USING/unitree_ros2_sim/install/robotic_control/lib/python3.10/site-packages'
[1.107s] Level 1:colcon.colcon_core.environment:checking '/home/giszterlab/USING/unitree_ros2_sim/install/robotic_control/bin'
[1.107s] INFO:colcon.colcon_core.shell:Creating package script '/home/giszterlab/USING/unitree_ros2_sim/install/robotic_control/share/robotic_control/package.ps1'
[1.108s] INFO:colcon.colcon_core.shell:Creating package descriptor '/home/giszterlab/USING/unitree_ros2_sim/install/robotic_control/share/robotic_control/package.dsv'
[1.108s] INFO:colcon.colcon_core.shell:Creating package script '/home/giszterlab/USING/unitree_ros2_sim/install/robotic_control/share/robotic_control/package.sh'
[1.109s] INFO:colcon.colcon_core.shell:Creating package script '/home/giszterlab/USING/unitree_ros2_sim/install/robotic_control/share/robotic_control/package.bash'
[1.109s] INFO:colcon.colcon_core.shell:Creating package script '/home/giszterlab/USING/unitree_ros2_sim/install/robotic_control/share/robotic_control/package.zsh'
[1.110s] Level 1:colcon.colcon_core.environment:create_file_with_runtime_dependencies(/home/giszterlab/USING/unitree_ros2_sim/install/robotic_control/share/colcon-core/packages/robotic_control)
[1.112s] DEBUG:colcon.colcon_core.event_handler.log_command:Invoked command in '/home/giszterlab/USING/unitree_ros2_sim/build/ros2_unitree_legged_msgs' returned '0': CMAKE_PREFIX_PATH=${CMAKE_PREFIX_PATH}:/home/giszterlab/USING/unitree_ros2_sim/install/go1_navigation:/opt/ros/humble /usr/bin/cmake --build /home/giszterlab/USING/unitree_ros2_sim/build/ros2_unitree_legged_msgs -- -j8 -l8
[1.113s] DEBUG:colcon.colcon_core.event_handler.log_command:Invoking command in '/home/giszterlab/USING/unitree_ros2_sim/build/ros2_unitree_legged_msgs': CMAKE_PREFIX_PATH=${CMAKE_PREFIX_PATH}:/home/giszterlab/USING/unitree_ros2_sim/install/go1_navigation:/opt/ros/humble /usr/bin/cmake --install /home/giszterlab/USING/unitree_ros2_sim/build/ros2_unitree_legged_msgs
[1.193s] Level 1:colcon.colcon_core.environment:create_environment_scripts_only(ros2_unitree_legged_msgs)
[1.193s] Level 1:colcon.colcon_core.environment:checking '/home/giszterlab/USING/unitree_ros2_sim/install/ros2_unitree_legged_msgs' for CMake module files
[1.194s] DEBUG:colcon.colcon_core.event_handler.log_command:Invoked command in '/home/giszterlab/USING/unitree_ros2_sim/build/ros2_unitree_legged_msgs' returned '0': CMAKE_PREFIX_PATH=${CMAKE_PREFIX_PATH}:/home/giszterlab/USING/unitree_ros2_sim/install/go1_navigation:/opt/ros/humble /usr/bin/cmake --install /home/giszterlab/USING/unitree_ros2_sim/build/ros2_unitree_legged_msgs
[1.194s] Level 1:colcon.colcon_core.environment:checking '/home/giszterlab/USING/unitree_ros2_sim/install/ros2_unitree_legged_msgs' for CMake config files
[1.195s] Level 1:colcon.colcon_core.shell:create_environment_hook('ros2_unitree_legged_msgs', 'cmake_prefix_path')
[1.195s] INFO:colcon.colcon_core.shell:Creating environment hook '/home/giszterlab/USING/unitree_ros2_sim/install/ros2_unitree_legged_msgs/share/ros2_unitree_legged_msgs/hook/cmake_prefix_path.ps1'
[1.195s] INFO:colcon.colcon_core.shell:Creating environment descriptor '/home/giszterlab/USING/unitree_ros2_sim/install/ros2_unitree_legged_msgs/share/ros2_unitree_legged_msgs/hook/cmake_prefix_path.dsv'
[1.196s] INFO:colcon.colcon_core.shell:Creating environment hook '/home/giszterlab/USING/unitree_ros2_sim/install/ros2_unitree_legged_msgs/share/ros2_unitree_legged_msgs/hook/cmake_prefix_path.sh'
[1.197s] Level 1:colcon.colcon_core.environment:checking '/home/giszterlab/USING/unitree_ros2_sim/install/ros2_unitree_legged_msgs/lib'
[1.197s] Level 1:colcon.colcon_core.shell:create_environment_hook('ros2_unitree_legged_msgs', 'ld_library_path_lib')
[1.197s] INFO:colcon.colcon_core.shell:Creating environment hook '/home/giszterlab/USING/unitree_ros2_sim/install/ros2_unitree_legged_msgs/share/ros2_unitree_legged_msgs/hook/ld_library_path_lib.ps1'
[1.197s] INFO:colcon.colcon_core.shell:Creating environment descriptor '/home/giszterlab/USING/unitree_ros2_sim/install/ros2_unitree_legged_msgs/share/ros2_unitree_legged_msgs/hook/ld_library_path_lib.dsv'
[1.198s] INFO:colcon.colcon_core.shell:Creating environment hook '/home/giszterlab/USING/unitree_ros2_sim/install/ros2_unitree_legged_msgs/share/ros2_unitree_legged_msgs/hook/ld_library_path_lib.sh'
[1.199s] Level 1:colcon.colcon_core.environment:checking '/home/giszterlab/USING/unitree_ros2_sim/install/ros2_unitree_legged_msgs/bin'
[1.199s] Level 1:colcon.colcon_core.environment:checking '/home/giszterlab/USING/unitree_ros2_sim/install/ros2_unitree_legged_msgs/lib/pkgconfig/ros2_unitree_legged_msgs.pc'
[1.199s] Level 1:colcon.colcon_core.environment:checking '/home/giszterlab/USING/unitree_ros2_sim/install/ros2_unitree_legged_msgs/lib/python3.10/site-packages'
[1.199s] Level 1:colcon.colcon_core.environment:checking '/home/giszterlab/USING/unitree_ros2_sim/install/ros2_unitree_legged_msgs/bin'
[1.199s] INFO:colcon.colcon_core.shell:Creating package script '/home/giszterlab/USING/unitree_ros2_sim/install/ros2_unitree_legged_msgs/share/ros2_unitree_legged_msgs/package.ps1'
[1.200s] INFO:colcon.colcon_core.shell:Creating package descriptor '/home/giszterlab/USING/unitree_ros2_sim/install/ros2_unitree_legged_msgs/share/ros2_unitree_legged_msgs/package.dsv'
[1.200s] INFO:colcon.colcon_core.shell:Creating package script '/home/giszterlab/USING/unitree_ros2_sim/install/ros2_unitree_legged_msgs/share/ros2_unitree_legged_msgs/package.sh'
[1.201s] INFO:colcon.colcon_core.shell:Creating package script '/home/giszterlab/USING/unitree_ros2_sim/install/ros2_unitree_legged_msgs/share/ros2_unitree_legged_msgs/package.bash'
[1.201s] INFO:colcon.colcon_core.shell:Creating package script '/home/giszterlab/USING/unitree_ros2_sim/install/ros2_unitree_legged_msgs/share/ros2_unitree_legged_msgs/package.zsh'
[1.202s] Level 1:colcon.colcon_core.environment:create_file_with_runtime_dependencies(/home/giszterlab/USING/unitree_ros2_sim/install/ros2_unitree_legged_msgs/share/colcon-core/packages/ros2_unitree_legged_msgs)
[1.202s] Level 1:colcon.colcon_core.environment:create_environment_scripts_only(ros2_unitree_legged_msgs)
[1.202s] Level 1:colcon.colcon_core.environment:checking '/home/giszterlab/USING/unitree_ros2_sim/install/ros2_unitree_legged_msgs' for CMake module files
[1.203s] Level 1:colcon.colcon_core.environment:checking '/home/giszterlab/USING/unitree_ros2_sim/install/ros2_unitree_legged_msgs' for CMake config files
[1.203s] Level 1:colcon.colcon_core.shell:create_environment_hook('ros2_unitree_legged_msgs', 'cmake_prefix_path')
[1.203s] INFO:colcon.colcon_core.shell:Creating environment hook '/home/giszterlab/USING/unitree_ros2_sim/install/ros2_unitree_legged_msgs/share/ros2_unitree_legged_msgs/hook/cmake_prefix_path.ps1'
[1.204s] INFO:colcon.colcon_core.shell:Creating environment descriptor '/home/giszterlab/USING/unitree_ros2_sim/install/ros2_unitree_legged_msgs/share/ros2_unitree_legged_msgs/hook/cmake_prefix_path.dsv'
[1.204s] INFO:colcon.colcon_core.shell:Creating environment hook '/home/giszterlab/USING/unitree_ros2_sim/install/ros2_unitree_legged_msgs/share/ros2_unitree_legged_msgs/hook/cmake_prefix_path.sh'
[1.205s] Level 1:colcon.colcon_core.environment:checking '/home/giszterlab/USING/unitree_ros2_sim/install/ros2_unitree_legged_msgs/lib'
[1.205s] Level 1:colcon.colcon_core.shell:create_environment_hook('ros2_unitree_legged_msgs', 'ld_library_path_lib')
[1.205s] INFO:colcon.colcon_core.shell:Creating environment hook '/home/giszterlab/USING/unitree_ros2_sim/install/ros2_unitree_legged_msgs/share/ros2_unitree_legged_msgs/hook/ld_library_path_lib.ps1'
[1.205s] INFO:colcon.colcon_core.shell:Creating environment descriptor '/home/giszterlab/USING/unitree_ros2_sim/install/ros2_unitree_legged_msgs/share/ros2_unitree_legged_msgs/hook/ld_library_path_lib.dsv'
[1.206s] INFO:colcon.colcon_core.shell:Creating environment hook '/home/giszterlab/USING/unitree_ros2_sim/install/ros2_unitree_legged_msgs/share/ros2_unitree_legged_msgs/hook/ld_library_path_lib.sh'
[1.206s] Level 1:colcon.colcon_core.environment:checking '/home/giszterlab/USING/unitree_ros2_sim/install/ros2_unitree_legged_msgs/bin'
[1.206s] Level 1:colcon.colcon_core.environment:checking '/home/giszterlab/USING/unitree_ros2_sim/install/ros2_unitree_legged_msgs/lib/pkgconfig/ros2_unitree_legged_msgs.pc'
[1.207s] Level 1:colcon.colcon_core.environment:checking '/home/giszterlab/USING/unitree_ros2_sim/install/ros2_unitree_legged_msgs/lib/python3.10/site-packages'
[1.207s] Level 1:colcon.colcon_core.environment:checking '/home/giszterlab/USING/unitree_ros2_sim/install/ros2_unitree_legged_msgs/bin'
[1.207s] INFO:colcon.colcon_core.shell:Creating package script '/home/giszterlab/USING/unitree_ros2_sim/install/ros2_unitree_legged_msgs/share/ros2_unitree_legged_msgs/package.ps1'
[1.208s] INFO:colcon.colcon_core.shell:Creating package descriptor '/home/giszterlab/USING/unitree_ros2_sim/install/ros2_unitree_legged_msgs/share/ros2_unitree_legged_msgs/package.dsv'
[1.208s] INFO:colcon.colcon_core.shell:Creating package script '/home/giszterlab/USING/unitree_ros2_sim/install/ros2_unitree_legged_msgs/share/ros2_unitree_legged_msgs/package.sh'
[1.209s] INFO:colcon.colcon_core.shell:Creating package script '/home/giszterlab/USING/unitree_ros2_sim/install/ros2_unitree_legged_msgs/share/ros2_unitree_legged_msgs/package.bash'
[1.209s] INFO:colcon.colcon_core.shell:Creating package script '/home/giszterlab/USING/unitree_ros2_sim/install/ros2_unitree_legged_msgs/share/ros2_unitree_legged_msgs/package.zsh'
[1.209s] Level 1:colcon.colcon_core.environment:create_file_with_runtime_dependencies(/home/giszterlab/USING/unitree_ros2_sim/install/ros2_unitree_legged_msgs/share/colcon-core/packages/ros2_unitree_legged_msgs)
[1.210s] INFO:colcon.colcon_ros.task.ament_cmake.build:Building ROS package in '/home/giszterlab/USING/unitree_ros2_sim/ros2_unitree_legged_controller' with build type 'ament_cmake'
[1.210s] INFO:colcon.colcon_cmake.task.cmake.build:Building CMake package in '/home/giszterlab/USING/unitree_ros2_sim/ros2_unitree_legged_controller'
[1.210s] INFO:colcon.colcon_core.shell:Skip shell extension 'powershell' for command environment: Not usable outside of PowerShell
[1.210s] DEBUG:colcon.colcon_core.shell:Skip shell extension 'dsv' for command environment
[1.215s] INFO:colcon.colcon_ros.task.ament_cmake.build:Building ROS package in '/home/giszterlab/USING/unitree_ros2_sim/unitree_guide2' with build type 'ament_cmake'
[1.215s] INFO:colcon.colcon_cmake.task.cmake.build:Building CMake package in '/home/giszterlab/USING/unitree_ros2_sim/unitree_guide2'
[1.216s] INFO:colcon.colcon_core.shell:Skip shell extension 'powershell' for command environment: Not usable outside of PowerShell
[1.216s] DEBUG:colcon.colcon_core.shell:Skip shell extension 'dsv' for command environment
[1.226s] DEBUG:colcon.colcon_core.event_handler.log_command:Invoking command in '/home/giszterlab/USING/unitree_ros2_sim/build/ros2_unitree_legged_control': CMAKE_PREFIX_PATH=/home/giszterlab/USING/unitree_ros2_sim/install/ros2_unitree_legged_msgs:/home/giszterlab/USING/unitree_ros2_sim/install/unitree_guide2:/home/giszterlab/USING/unitree_ros2_sim/install/ros2_unitree_legged_control:/home/giszterlab/USING/unitree_ros2_sim/install/robotic_control:/home/giszterlab/USING/unitree_ros2_sim/install/go1_gazebo:/home/giszterlab/USING/unitree_ros2_sim/install/go1_description:/usr/local:/home/giszterlab/USING/unitree_ros2_sim/install/go1_navigation:/opt/ros/humble LD_LIBRARY_PATH=/home/giszterlab/USING/unitree_ros2_sim/install/ros2_unitree_legged_msgs/lib:/home/giszterlab/USING/unitree_ros2_sim/install/ros2_unitree_legged_control/lib:/usr/lib/x86_64-linux-gnu/gazebo-11/plugins:/opt/ros/humble/opt/rviz_ogre_vendor/lib:/opt/ros/humble/lib/x86_64-linux-gnu:/opt/ros/humble/lib /usr/bin/cmake --build /home/giszterlab/USING/unitree_ros2_sim/build/ros2_unitree_legged_control -- -j8 -l8
[1.230s] DEBUG:colcon.colcon_core.event_handler.log_command:Invoking command in '/home/giszterlab/USING/unitree_ros2_sim/build/unitree_guide2': CMAKE_PREFIX_PATH=/home/giszterlab/USING/unitree_ros2_sim/install/ros2_unitree_legged_msgs:/home/giszterlab/USING/unitree_ros2_sim/install/unitree_guide2:/home/giszterlab/USING/unitree_ros2_sim/install/ros2_unitree_legged_control:/home/giszterlab/USING/unitree_ros2_sim/install/robotic_control:/home/giszterlab/USING/unitree_ros2_sim/install/go1_gazebo:/home/giszterlab/USING/unitree_ros2_sim/install/go1_description:/usr/local:/home/giszterlab/USING/unitree_ros2_sim/install/go1_navigation:/opt/ros/humble LD_LIBRARY_PATH=/home/giszterlab/USING/unitree_ros2_sim/install/ros2_unitree_legged_msgs/lib:/home/giszterlab/USING/unitree_ros2_sim/install/ros2_unitree_legged_control/lib:/usr/lib/x86_64-linux-gnu/gazebo-11/plugins:/opt/ros/humble/opt/rviz_ogre_vendor/lib:/opt/ros/humble/lib/x86_64-linux-gnu:/opt/ros/humble/lib /usr/bin/cmake --build /home/giszterlab/USING/unitree_ros2_sim/build/unitree_guide2 -- -j8 -l8
[1.374s] DEBUG:colcon.colcon_core.event_handler.log_command:Invoked command in '/home/giszterlab/USING/unitree_ros2_sim/build/ros2_unitree_legged_control' returned '0': CMAKE_PREFIX_PATH=/home/giszterlab/USING/unitree_ros2_sim/install/ros2_unitree_legged_msgs:/home/giszterlab/USING/unitree_ros2_sim/install/unitree_guide2:/home/giszterlab/USING/unitree_ros2_sim/install/ros2_unitree_legged_control:/home/giszterlab/USING/unitree_ros2_sim/install/robotic_control:/home/giszterlab/USING/unitree_ros2_sim/install/go1_gazebo:/home/giszterlab/USING/unitree_ros2_sim/install/go1_description:/usr/local:/home/giszterlab/USING/unitree_ros2_sim/install/go1_navigation:/opt/ros/humble LD_LIBRARY_PATH=/home/giszterlab/USING/unitree_ros2_sim/install/ros2_unitree_legged_msgs/lib:/home/giszterlab/USING/unitree_ros2_sim/install/ros2_unitree_legged_control/lib:/usr/lib/x86_64-linux-gnu/gazebo-11/plugins:/opt/ros/humble/opt/rviz_ogre_vendor/lib:/opt/ros/humble/lib/x86_64-linux-gnu:/opt/ros/humble/lib /usr/bin/cmake --build /home/giszterlab/USING/unitree_ros2_sim/build/ros2_unitree_legged_control -- -j8 -l8
[1.378s] DEBUG:colcon.colcon_core.event_handler.log_command:Invoking command in '/home/giszterlab/USING/unitree_ros2_sim/build/ros2_unitree_legged_control': CMAKE_PREFIX_PATH=/home/giszterlab/USING/unitree_ros2_sim/install/ros2_unitree_legged_msgs:/home/giszterlab/USING/unitree_ros2_sim/install/unitree_guide2:/home/giszterlab/USING/unitree_ros2_sim/install/ros2_unitree_legged_control:/home/giszterlab/USING/unitree_ros2_sim/install/robotic_control:/home/giszterlab/USING/unitree_ros2_sim/install/go1_gazebo:/home/giszterlab/USING/unitree_ros2_sim/install/go1_description:/usr/local:/home/giszterlab/USING/unitree_ros2_sim/install/go1_navigation:/opt/ros/humble LD_LIBRARY_PATH=/home/giszterlab/USING/unitree_ros2_sim/install/ros2_unitree_legged_msgs/lib:/home/giszterlab/USING/unitree_ros2_sim/install/ros2_unitree_legged_control/lib:/usr/lib/x86_64-linux-gnu/gazebo-11/plugins:/opt/ros/humble/opt/rviz_ogre_vendor/lib:/opt/ros/humble/lib/x86_64-linux-gnu:/opt/ros/humble/lib /usr/bin/cmake --install /home/giszterlab/USING/unitree_ros2_sim/build/ros2_unitree_legged_control
[1.394s] Level 1:colcon.colcon_core.environment:create_environment_scripts_only(ros2_unitree_legged_control)
[1.395s] Level 1:colcon.colcon_core.environment:checking '/home/giszterlab/USING/unitree_ros2_sim/install/ros2_unitree_legged_control' for CMake module files
[1.396s] Level 1:colcon.colcon_core.environment:checking '/home/giszterlab/USING/unitree_ros2_sim/install/ros2_unitree_legged_control' for CMake config files
[1.396s] Level 1:colcon.colcon_core.shell:create_environment_hook('ros2_unitree_legged_control', 'cmake_prefix_path')
[1.397s] INFO:colcon.colcon_core.shell:Creating environment hook '/home/giszterlab/USING/unitree_ros2_sim/install/ros2_unitree_legged_control/share/ros2_unitree_legged_control/hook/cmake_prefix_path.ps1'
[1.397s] DEBUG:colcon.colcon_core.event_handler.log_command:Invoked command in '/home/giszterlab/USING/unitree_ros2_sim/build/ros2_unitree_legged_control' returned '0': CMAKE_PREFIX_PATH=/home/giszterlab/USING/unitree_ros2_sim/install/ros2_unitree_legged_msgs:/home/giszterlab/USING/unitree_ros2_sim/install/unitree_guide2:/home/giszterlab/USING/unitree_ros2_sim/install/ros2_unitree_legged_control:/home/giszterlab/USING/unitree_ros2_sim/install/robotic_control:/home/giszterlab/USING/unitree_ros2_sim/install/go1_gazebo:/home/giszterlab/USING/unitree_ros2_sim/install/go1_description:/usr/local:/home/giszterlab/USING/unitree_ros2_sim/install/go1_navigation:/opt/ros/humble LD_LIBRARY_PATH=/home/giszterlab/USING/unitree_ros2_sim/install/ros2_unitree_legged_msgs/lib:/home/giszterlab/USING/unitree_ros2_sim/install/ros2_unitree_legged_control/lib:/usr/lib/x86_64-linux-gnu/gazebo-11/plugins:/opt/ros/humble/opt/rviz_ogre_vendor/lib:/opt/ros/humble/lib/x86_64-linux-gnu:/opt/ros/humble/lib /usr/bin/cmake --install /home/giszterlab/USING/unitree_ros2_sim/build/ros2_unitree_legged_control
[1.398s] INFO:colcon.colcon_core.shell:Creating environment descriptor '/home/giszterlab/USING/unitree_ros2_sim/install/ros2_unitree_legged_control/share/ros2_unitree_legged_control/hook/cmake_prefix_path.dsv'
[1.399s] INFO:colcon.colcon_core.shell:Creating environment hook '/home/giszterlab/USING/unitree_ros2_sim/install/ros2_unitree_legged_control/share/ros2_unitree_legged_control/hook/cmake_prefix_path.sh'
[1.400s] Level 1:colcon.colcon_core.environment:checking '/home/giszterlab/USING/unitree_ros2_sim/install/ros2_unitree_legged_control/lib'
[1.400s] Level 1:colcon.colcon_core.environment:checking '/home/giszterlab/USING/unitree_ros2_sim/install/ros2_unitree_legged_control/bin'
[1.401s] Level 1:colcon.colcon_core.environment:checking '/home/giszterlab/USING/unitree_ros2_sim/install/ros2_unitree_legged_control/lib/pkgconfig/ros2_unitree_legged_control.pc'
[1.401s] Level 1:colcon.colcon_core.environment:checking '/home/giszterlab/USING/unitree_ros2_sim/install/ros2_unitree_legged_control/lib/python3.10/site-packages'
[1.401s] Level 1:colcon.colcon_core.environment:checking '/home/giszterlab/USING/unitree_ros2_sim/install/ros2_unitree_legged_control/bin'
[1.402s] INFO:colcon.colcon_core.shell:Creating package script '/home/giszterlab/USING/unitree_ros2_sim/install/ros2_unitree_legged_control/share/ros2_unitree_legged_control/package.ps1'
[1.403s] INFO:colcon.colcon_core.shell:Creating package descriptor '/home/giszterlab/USING/unitree_ros2_sim/install/ros2_unitree_legged_control/share/ros2_unitree_legged_control/package.dsv'
[1.404s] INFO:colcon.colcon_core.shell:Creating package script '/home/giszterlab/USING/unitree_ros2_sim/install/ros2_unitree_legged_control/share/ros2_unitree_legged_control/package.sh'
[1.404s] INFO:colcon.colcon_core.shell:Creating package script '/home/giszterlab/USING/unitree_ros2_sim/install/ros2_unitree_legged_control/share/ros2_unitree_legged_control/package.bash'
[1.405s] INFO:colcon.colcon_core.shell:Creating package script '/home/giszterlab/USING/unitree_ros2_sim/install/ros2_unitree_legged_control/share/ros2_unitree_legged_control/package.zsh'
[1.405s] Level 1:colcon.colcon_core.environment:create_file_with_runtime_dependencies(/home/giszterlab/USING/unitree_ros2_sim/install/ros2_unitree_legged_control/share/colcon-core/packages/ros2_unitree_legged_control)
[1.406s] Level 1:colcon.colcon_core.environment:create_environment_scripts_only(ros2_unitree_legged_control)
[1.407s] Level 1:colcon.colcon_core.environment:checking '/home/giszterlab/USING/unitree_ros2_sim/install/ros2_unitree_legged_control' for CMake module files
[1.408s] Level 1:colcon.colcon_core.environment:checking '/home/giszterlab/USING/unitree_ros2_sim/install/ros2_unitree_legged_control' for CMake config files
[1.408s] Level 1:colcon.colcon_core.shell:create_environment_hook('ros2_unitree_legged_control', 'cmake_prefix_path')
[1.409s] INFO:colcon.colcon_core.shell:Creating environment hook '/home/giszterlab/USING/unitree_ros2_sim/install/ros2_unitree_legged_control/share/ros2_unitree_legged_control/hook/cmake_prefix_path.ps1'
[1.409s] INFO:colcon.colcon_core.shell:Creating environment descriptor '/home/giszterlab/USING/unitree_ros2_sim/install/ros2_unitree_legged_control/share/ros2_unitree_legged_control/hook/cmake_prefix_path.dsv'
[1.410s] INFO:colcon.colcon_core.shell:Creating environment hook '/home/giszterlab/USING/unitree_ros2_sim/install/ros2_unitree_legged_control/share/ros2_unitree_legged_control/hook/cmake_prefix_path.sh'
[1.411s] Level 1:colcon.colcon_core.environment:checking '/home/giszterlab/USING/unitree_ros2_sim/install/ros2_unitree_legged_control/lib'
[1.411s] Level 1:colcon.colcon_core.environment:checking '/home/giszterlab/USING/unitree_ros2_sim/install/ros2_unitree_legged_control/bin'
[1.411s] Level 1:colcon.colcon_core.environment:checking '/home/giszterlab/USING/unitree_ros2_sim/install/ros2_unitree_legged_control/lib/pkgconfig/ros2_unitree_legged_control.pc'
[1.411s] Level 1:colcon.colcon_core.environment:checking '/home/giszterlab/USING/unitree_ros2_sim/install/ros2_unitree_legged_control/lib/python3.10/site-packages'
[1.412s] Level 1:colcon.colcon_core.environment:checking '/home/giszterlab/USING/unitree_ros2_sim/install/ros2_unitree_legged_control/bin'
[1.412s] INFO:colcon.colcon_core.shell:Creating package script '/home/giszterlab/USING/unitree_ros2_sim/install/ros2_unitree_legged_control/share/ros2_unitree_legged_control/package.ps1'
[1.413s] INFO:colcon.colcon_core.shell:Creating package descriptor '/home/giszterlab/USING/unitree_ros2_sim/install/ros2_unitree_legged_control/share/ros2_unitree_legged_control/package.dsv'
[1.414s] INFO:colcon.colcon_core.shell:Creating package script '/home/giszterlab/USING/unitree_ros2_sim/install/ros2_unitree_legged_control/share/ros2_unitree_legged_control/package.sh'
[1.415s] INFO:colcon.colcon_core.shell:Creating package script '/home/giszterlab/USING/unitree_ros2_sim/install/ros2_unitree_legged_control/share/ros2_unitree_legged_control/package.bash'
[1.416s] INFO:colcon.colcon_core.shell:Creating package script '/home/giszterlab/USING/unitree_ros2_sim/install/ros2_unitree_legged_control/share/ros2_unitree_legged_control/package.zsh'
[1.417s] Level 1:colcon.colcon_core.environment:create_file_with_runtime_dependencies(/home/giszterlab/USING/unitree_ros2_sim/install/ros2_unitree_legged_control/share/colcon-core/packages/ros2_unitree_legged_control)
[1.533s] DEBUG:colcon.colcon_core.event_handler.log_command:Invoking command in '/home/giszterlab/USING/unitree_ros2_sim/go1_sim/go1_navigation': PYTHONPATH=/home/giszterlab/USING/unitree_ros2_sim/build/go1_navigation/prefix_override:/usr/lib/python3/dist-packages/colcon_core/task/python/colcon_distutils_commands:/home/giszterlab/USING/unitree_ros2_sim/install/go1_navigation/lib/python3.10/site-packages:${PYTHONPATH} /usr/bin/python3 -W ignore:setup.py install is deprecated -W ignore:easy_install command is deprecated setup.py egg_info --egg-base ../../build/go1_navigation build --build-base /home/giszterlab/USING/unitree_ros2_sim/build/go1_navigation/build install --record /home/giszterlab/USING/unitree_ros2_sim/build/go1_navigation/install.log --single-version-externally-managed install_data
[1.891s] Level 1:colcon.colcon_core.environment:checking '/home/giszterlab/USING/unitree_ros2_sim/install/go1_navigation' for CMake module files
[1.892s] DEBUG:colcon.colcon_core.event_handler.log_command:Invoked command in '/home/giszterlab/USING/unitree_ros2_sim/go1_sim/go1_navigation' returned '0': PYTHONPATH=/home/giszterlab/USING/unitree_ros2_sim/build/go1_navigation/prefix_override:/usr/lib/python3/dist-packages/colcon_core/task/python/colcon_distutils_commands:/home/giszterlab/USING/unitree_ros2_sim/install/go1_navigation/lib/python3.10/site-packages:${PYTHONPATH} /usr/bin/python3 -W ignore:setup.py install is deprecated -W ignore:easy_install command is deprecated setup.py egg_info --egg-base ../../build/go1_navigation build --build-base /home/giszterlab/USING/unitree_ros2_sim/build/go1_navigation/build install --record /home/giszterlab/USING/unitree_ros2_sim/build/go1_navigation/install.log --single-version-externally-managed install_data
[1.893s] Level 1:colcon.colcon_core.environment:checking '/home/giszterlab/USING/unitree_ros2_sim/install/go1_navigation' for CMake config files
[1.894s] Level 1:colcon.colcon_core.environment:checking '/home/giszterlab/USING/unitree_ros2_sim/install/go1_navigation/lib'
[1.894s] Level 1:colcon.colcon_core.environment:checking '/home/giszterlab/USING/unitree_ros2_sim/install/go1_navigation/bin'
[1.894s] Level 1:colcon.colcon_core.environment:checking '/home/giszterlab/USING/unitree_ros2_sim/install/go1_navigation/lib/pkgconfig/go1_navigation.pc'
[1.895s] Level 1:colcon.colcon_core.environment:checking '/home/giszterlab/USING/unitree_ros2_sim/install/go1_navigation/lib/python3.10/site-packages'
[1.895s] Level 1:colcon.colcon_core.shell:create_environment_hook('go1_navigation', 'pythonpath')
[1.895s] INFO:colcon.colcon_core.shell:Creating environment hook '/home/giszterlab/USING/unitree_ros2_sim/install/go1_navigation/share/go1_navigation/hook/pythonpath.ps1'
[1.896s] INFO:colcon.colcon_core.shell:Creating environment descriptor '/home/giszterlab/USING/unitree_ros2_sim/install/go1_navigation/share/go1_navigation/hook/pythonpath.dsv'
[1.897s] INFO:colcon.colcon_core.shell:Creating environment hook '/home/giszterlab/USING/unitree_ros2_sim/install/go1_navigation/share/go1_navigation/hook/pythonpath.sh'
[1.897s] Level 1:colcon.colcon_core.environment:checking '/home/giszterlab/USING/unitree_ros2_sim/install/go1_navigation/bin'
[1.898s] Level 1:colcon.colcon_core.environment:create_environment_scripts_only(go1_navigation)
[1.898s] INFO:colcon.colcon_core.shell:Creating package script '/home/giszterlab/USING/unitree_ros2_sim/install/go1_navigation/share/go1_navigation/package.ps1'
[1.899s] INFO:colcon.colcon_core.shell:Creating package descriptor '/home/giszterlab/USING/unitree_ros2_sim/install/go1_navigation/share/go1_navigation/package.dsv'
[1.900s] INFO:colcon.colcon_core.shell:Creating package script '/home/giszterlab/USING/unitree_ros2_sim/install/go1_navigation/share/go1_navigation/package.sh'
[1.901s] INFO:colcon.colcon_core.shell:Creating package script '/home/giszterlab/USING/unitree_ros2_sim/install/go1_navigation/share/go1_navigation/package.bash'
[1.901s] INFO:colcon.colcon_core.shell:Creating package script '/home/giszterlab/USING/unitree_ros2_sim/install/go1_navigation/share/go1_navigation/package.zsh'
[1.902s] Level 1:colcon.colcon_core.environment:create_file_with_runtime_dependencies(/home/giszterlab/USING/unitree_ros2_sim/install/go1_navigation/share/colcon-core/packages/go1_navigation)
[7.602s] DEBUG:colcon.colcon_core.event_handler.log_command:Invoked command in '/home/giszterlab/USING/unitree_ros2_sim/build/unitree_guide2' returned '0': CMAKE_PREFIX_PATH=/home/giszterlab/USING/unitree_ros2_sim/install/ros2_unitree_legged_msgs:/home/giszterlab/USING/unitree_ros2_sim/install/unitree_guide2:/home/giszterlab/USING/unitree_ros2_sim/install/ros2_unitree_legged_control:/home/giszterlab/USING/unitree_ros2_sim/install/robotic_control:/home/giszterlab/USING/unitree_ros2_sim/install/go1_gazebo:/home/giszterlab/USING/unitree_ros2_sim/install/go1_description:/usr/local:/home/giszterlab/USING/unitree_ros2_sim/install/go1_navigation:/opt/ros/humble LD_LIBRARY_PATH=/home/giszterlab/USING/unitree_ros2_sim/install/ros2_unitree_legged_msgs/lib:/home/giszterlab/USING/unitree_ros2_sim/install/ros2_unitree_legged_control/lib:/usr/lib/x86_64-linux-gnu/gazebo-11/plugins:/opt/ros/humble/opt/rviz_ogre_vendor/lib:/opt/ros/humble/lib/x86_64-linux-gnu:/opt/ros/humble/lib /usr/bin/cmake --build /home/giszterlab/USING/unitree_ros2_sim/build/unitree_guide2 -- -j8 -l8
[7.603s] DEBUG:colcon.colcon_core.event_handler.log_command:Invoking command in '/home/giszterlab/USING/unitree_ros2_sim/build/unitree_guide2': CMAKE_PREFIX_PATH=/home/giszterlab/USING/unitree_ros2_sim/install/ros2_unitree_legged_msgs:/home/giszterlab/USING/unitree_ros2_sim/install/unitree_guide2:/home/giszterlab/USING/unitree_ros2_sim/install/ros2_unitree_legged_control:/home/giszterlab/USING/unitree_ros2_sim/install/robotic_control:/home/giszterlab/USING/unitree_ros2_sim/install/go1_gazebo:/home/giszterlab/USING/unitree_ros2_sim/install/go1_description:/usr/local:/home/giszterlab/USING/unitree_ros2_sim/install/go1_navigation:/opt/ros/humble LD_LIBRARY_PATH=/home/giszterlab/USING/unitree_ros2_sim/install/ros2_unitree_legged_msgs/lib:/home/giszterlab/USING/unitree_ros2_sim/install/ros2_unitree_legged_control/lib:/usr/lib/x86_64-linux-gnu/gazebo-11/plugins:/opt/ros/humble/opt/rviz_ogre_vendor/lib:/opt/ros/humble/lib/x86_64-linux-gnu:/opt/ros/humble/lib /usr/bin/cmake --install /home/giszterlab/USING/unitree_ros2_sim/build/unitree_guide2
[7.623s] Level 1:colcon.colcon_core.environment:create_environment_scripts_only(unitree_guide2)
[7.623s] Level 1:colcon.colcon_core.environment:checking '/home/giszterlab/USING/unitree_ros2_sim/install/unitree_guide2' for CMake module files
[7.624s] Level 1:colcon.colcon_core.environment:checking '/home/giszterlab/USING/unitree_ros2_sim/install/unitree_guide2' for CMake config files
[7.625s] Level 1:colcon.colcon_core.shell:create_environment_hook('unitree_guide2', 'cmake_prefix_path')
[7.625s] INFO:colcon.colcon_core.shell:Creating environment hook '/home/giszterlab/USING/unitree_ros2_sim/install/unitree_guide2/share/unitree_guide2/hook/cmake_prefix_path.ps1'
[7.626s] DEBUG:colcon.colcon_core.event_handler.log_command:Invoked command in '/home/giszterlab/USING/unitree_ros2_sim/build/unitree_guide2' returned '0': CMAKE_PREFIX_PATH=/home/giszterlab/USING/unitree_ros2_sim/install/ros2_unitree_legged_msgs:/home/giszterlab/USING/unitree_ros2_sim/install/unitree_guide2:/home/giszterlab/USING/unitree_ros2_sim/install/ros2_unitree_legged_control:/home/giszterlab/USING/unitree_ros2_sim/install/robotic_control:/home/giszterlab/USING/unitree_ros2_sim/install/go1_gazebo:/home/giszterlab/USING/unitree_ros2_sim/install/go1_description:/usr/local:/home/giszterlab/USING/unitree_ros2_sim/install/go1_navigation:/opt/ros/humble LD_LIBRARY_PATH=/home/giszterlab/USING/unitree_ros2_sim/install/ros2_unitree_legged_msgs/lib:/home/giszterlab/USING/unitree_ros2_sim/install/ros2_unitree_legged_control/lib:/usr/lib/x86_64-linux-gnu/gazebo-11/plugins:/opt/ros/humble/opt/rviz_ogre_vendor/lib:/opt/ros/humble/lib/x86_64-linux-gnu:/opt/ros/humble/lib /usr/bin/cmake --install /home/giszterlab/USING/unitree_ros2_sim/build/unitree_guide2
[7.627s] INFO:colcon.colcon_core.shell:Creating environment descriptor '/home/giszterlab/USING/unitree_ros2_sim/install/unitree_guide2/share/unitree_guide2/hook/cmake_prefix_path.dsv'
[7.627s] INFO:colcon.colcon_core.shell:Creating environment hook '/home/giszterlab/USING/unitree_ros2_sim/install/unitree_guide2/share/unitree_guide2/hook/cmake_prefix_path.sh'
[7.628s] Level 1:colcon.colcon_core.environment:checking '/home/giszterlab/USING/unitree_ros2_sim/install/unitree_guide2/lib'
[7.628s] Level 1:colcon.colcon_core.environment:checking '/home/giszterlab/USING/unitree_ros2_sim/install/unitree_guide2/bin'
[7.628s] Level 1:colcon.colcon_core.environment:checking '/home/giszterlab/USING/unitree_ros2_sim/install/unitree_guide2/lib/pkgconfig/unitree_guide2.pc'
[7.629s] Level 1:colcon.colcon_core.environment:checking '/home/giszterlab/USING/unitree_ros2_sim/install/unitree_guide2/lib/python3.10/site-packages'
[7.629s] Level 1:colcon.colcon_core.environment:checking '/home/giszterlab/USING/unitree_ros2_sim/install/unitree_guide2/bin'
[7.630s] INFO:colcon.colcon_core.shell:Creating package script '/home/giszterlab/USING/unitree_ros2_sim/install/unitree_guide2/share/unitree_guide2/package.ps1'
[7.631s] INFO:colcon.colcon_core.shell:Creating package descriptor '/home/giszterlab/USING/unitree_ros2_sim/install/unitree_guide2/share/unitree_guide2/package.dsv'
[7.631s] INFO:colcon.colcon_core.shell:Creating package script '/home/giszterlab/USING/unitree_ros2_sim/install/unitree_guide2/share/unitree_guide2/package.sh'
[7.632s] INFO:colcon.colcon_core.shell:Creating package script '/home/giszterlab/USING/unitree_ros2_sim/install/unitree_guide2/share/unitree_guide2/package.bash'
[7.632s] INFO:colcon.colcon_core.shell:Creating package script '/home/giszterlab/USING/unitree_ros2_sim/install/unitree_guide2/share/unitree_guide2/package.zsh'
[7.633s] Level 1:colcon.colcon_core.environment:create_file_with_runtime_dependencies(/home/giszterlab/USING/unitree_ros2_sim/install/unitree_guide2/share/colcon-core/packages/unitree_guide2)
[7.634s] Level 1:colcon.colcon_core.environment:create_environment_scripts_only(unitree_guide2)
[7.634s] Level 1:colcon.colcon_core.environment:checking '/home/giszterlab/USING/unitree_ros2_sim/install/unitree_guide2' for CMake module files
[7.635s] Level 1:colcon.colcon_core.environment:checking '/home/giszterlab/USING/unitree_ros2_sim/install/unitree_guide2' for CMake config files
[7.635s] Level 1:colcon.colcon_core.shell:create_environment_hook('unitree_guide2', 'cmake_prefix_path')
[7.636s] INFO:colcon.colcon_core.shell:Creating environment hook '/home/giszterlab/USING/unitree_ros2_sim/install/unitree_guide2/share/unitree_guide2/hook/cmake_prefix_path.ps1'
[7.637s] INFO:colcon.colcon_core.shell:Creating environment descriptor '/home/giszterlab/USING/unitree_ros2_sim/install/unitree_guide2/share/unitree_guide2/hook/cmake_prefix_path.dsv'
[7.637s] INFO:colcon.colcon_core.shell:Creating environment hook '/home/giszterlab/USING/unitree_ros2_sim/install/unitree_guide2/share/unitree_guide2/hook/cmake_prefix_path.sh'
[7.638s] Level 1:colcon.colcon_core.environment:checking '/home/giszterlab/USING/unitree_ros2_sim/install/unitree_guide2/lib'
[7.638s] Level 1:colcon.colcon_core.environment:checking '/home/giszterlab/USING/unitree_ros2_sim/install/unitree_guide2/bin'
[7.638s] Level 1:colcon.colcon_core.environment:checking '/home/giszterlab/USING/unitree_ros2_sim/install/unitree_guide2/lib/pkgconfig/unitree_guide2.pc'
[7.639s] Level 1:colcon.colcon_core.environment:checking '/home/giszterlab/USING/unitree_ros2_sim/install/unitree_guide2/lib/python3.10/site-packages'
[7.639s] Level 1:colcon.colcon_core.environment:checking '/home/giszterlab/USING/unitree_ros2_sim/install/unitree_guide2/bin'
[7.639s] INFO:colcon.colcon_core.shell:Creating package script '/home/giszterlab/USING/unitree_ros2_sim/install/unitree_guide2/share/unitree_guide2/package.ps1'
[7.640s] INFO:colcon.colcon_core.shell:Creating package descriptor '/home/giszterlab/USING/unitree_ros2_sim/install/unitree_guide2/share/unitree_guide2/package.dsv'
[7.641s] INFO:colcon.colcon_core.shell:Creating package script '/home/giszterlab/USING/unitree_ros2_sim/install/unitree_guide2/share/unitree_guide2/package.sh'
[7.642s] INFO:colcon.colcon_core.shell:Creating package script '/home/giszterlab/USING/unitree_ros2_sim/install/unitree_guide2/share/unitree_guide2/package.bash'
[7.642s] INFO:colcon.colcon_core.shell:Creating package script '/home/giszterlab/USING/unitree_ros2_sim/install/unitree_guide2/share/unitree_guide2/package.zsh'
[7.643s] Level 1:colcon.colcon_core.environment:create_file_with_runtime_dependencies(/home/giszterlab/USING/unitree_ros2_sim/install/unitree_guide2/share/colcon-core/packages/unitree_guide2)
[7.643s] DEBUG:colcon.colcon_parallel_executor.executor.parallel:closing loop
[7.644s] DEBUG:colcon.colcon_parallel_executor.executor.parallel:loop closed
[7.644s] DEBUG:colcon.colcon_parallel_executor.executor.parallel:run_until_complete finished with '0'
[7.644s] DEBUG:colcon.colcon_core.event_reactor:joining thread
[7.652s] INFO:colcon.colcon_core.plugin_system:Skipping extension 'colcon_notification.desktop_notification.terminal_notifier': Not used on non-Darwin systems
[7.652s] INFO:colcon.colcon_core.plugin_system:Skipping extension 'colcon_notification.desktop_notification.win32': Not used on non-Windows systems
[7.652s] INFO:colcon.colcon_notification.desktop_notification:Sending desktop notification using 'notify2'
[7.666s] DEBUG:colcon.colcon_core.event_reactor:joined thread
[7.666s] INFO:colcon.colcon_core.shell:Creating prefix script '/home/giszterlab/USING/unitree_ros2_sim/install/local_setup.ps1'
[7.667s] INFO:colcon.colcon_core.shell:Creating prefix util module '/home/giszterlab/USING/unitree_ros2_sim/install/_local_setup_util_ps1.py'
[7.668s] INFO:colcon.colcon_core.shell:Creating prefix chain script '/home/giszterlab/USING/unitree_ros2_sim/install/setup.ps1'
[7.670s] INFO:colcon.colcon_core.shell:Creating prefix script '/home/giszterlab/USING/unitree_ros2_sim/install/local_setup.sh'
[7.670s] INFO:colcon.colcon_core.shell:Creating prefix util module '/home/giszterlab/USING/unitree_ros2_sim/install/_local_setup_util_sh.py'
[7.671s] INFO:colcon.colcon_core.shell:Creating prefix chain script '/home/giszterlab/USING/unitree_ros2_sim/install/setup.sh'
[7.673s] INFO:colcon.colcon_core.shell:Creating prefix script '/home/giszterlab/USING/unitree_ros2_sim/install/local_setup.bash'
[7.673s] INFO:colcon.colcon_core.shell:Creating prefix chain script '/home/giszterlab/USING/unitree_ros2_sim/install/setup.bash'
[7.675s] INFO:colcon.colcon_core.shell:Creating prefix script '/home/giszterlab/USING/unitree_ros2_sim/install/local_setup.zsh'
[7.675s] INFO:colcon.colcon_core.shell:Creating prefix chain script '/home/giszterlab/USING/unitree_ros2_sim/install/setup.zsh'
