[0.011s] Invoking command in '/home/giszterlab/USING/Framework/go1_ws/build/impedance_controller_framework': CMAKE_PREFIX_PATH=${CMAKE_PREFIX_PATH}:/opt/ros/humble /usr/bin/cmake --build /home/giszterlab/USING/Framework/go1_ws/build/impedance_controller_framework -- -j8 -l8
[0.038s] -- Found ament_cmake: 1.3.11 (/opt/ros/humble/share/ament_cmake/cmake)
[0.178s] -- Found rclcpp: 16.0.12 (/opt/ros/humble/share/rclcpp/cmake)
[0.229s] -- Found rosidl_generator_c: 3.1.6 (/opt/ros/humble/share/rosidl_generator_c/cmake)
[0.232s] -- Found rosidl_adapter: 3.1.6 (/opt/ros/humble/share/rosidl_adapter/cmake)
[0.240s] -- Found rosidl_generator_cpp: 3.1.6 (/opt/ros/humble/share/rosidl_generator_cpp/cmake)
[0.251s] -- Using all available rosidl_typesupport_c: rosidl_typesupport_fastrtps_c;rosidl_typesupport_introspection_c
[0.265s] -- Using all available rosidl_typesupport_cpp: rosidl_typesupport_fastrtps_cpp;rosidl_typesupport_introspection_cpp
[0.301s] -- Found rmw_implementation_cmake: 6.1.2 (/opt/ros/humble/share/rmw_implementation_cmake/cmake)
[0.302s] -- Found rmw_fastrtps_cpp: 6.2.7 (/opt/ros/humble/share/rmw_fastrtps_cpp/cmake)
[0.403s] -- Using RMW implementation 'rmw_fastrtps_cpp' as default
[0.459s] -- Found ament_cmake_gtest: 1.3.11 (/opt/ros/humble/share/ament_cmake_gtest/cmake)
[0.461s] -- Found gtest sources under '/opt/ros/humble/src/gtest_vendor': C++ tests using 'Google Test' will be built
[0.540s] -- Configuring done
[0.543s] [31mCMake Error at CMakeLists.txt:16 (add_library):
[0.543s]   Cannot find source file:
[0.543s] 
[0.543s]     src/dummy_impedance_controller.cpp
[0.543s] 
[0.543s]   Tried extensions .c .C .c++ .cc .cpp .cxx .cu .mpp .m .M .mm .ixx .cppm .h
[0.543s]   .hh .h++ .hm .hpp .hxx .in .txx .f .F .for .f77 .f90 .f95 .f03 .hip .ispc
[0.543s] 
[0.543s] [0m
[0.544s] [31mCMake Error at CMakeLists.txt:27 (add_executable):
[0.544s]   Cannot find source file:
[0.544s] 
[0.544s]     test/test_dummy.cpp
[0.544s] 
[0.544s]   Tried extensions .c .C .c++ .cc .cpp .cxx .cu .mpp .m .M .mm .ixx .cppm .h
[0.544s]   .hh .h++ .hm .hpp .hxx .in .txx .f .F .for .f77 .f90 .f95 .f03 .hip .ispc
[0.544s] 
[0.544s] [0m
[0.545s] [31mCMake Error at CMakeLists.txt:16 (add_library):
[0.545s]   No SOURCES given to target: impedance_controller_lib
[0.545s] 
[0.545s] [0m
[0.545s] [31mCMake Error at CMakeLists.txt:27 (add_executable):
[0.545s]   No SOURCES given to target: test_dummy
[0.545s] 
[0.545s] [0m
[0.545s] [0mCMake Generate step failed.  Build files cannot be regenerated correctly.[0m
[0.555s] gmake: *** [Makefile:336: cmake_check_build_system] Error 1
[0.557s] Invoked command in '/home/giszterlab/USING/Framework/go1_ws/build/impedance_controller_framework' returned '2': CMAKE_PREFIX_PATH=${CMAKE_PREFIX_PATH}:/opt/ros/humble /usr/bin/cmake --build /home/giszterlab/USING/Framework/go1_ws/build/impedance_controller_framework -- -j8 -l8
