[0.013s] Invoking command in '/home/giszterlab/USING/unitree_ros2_sim/build/ros2_unitree_legged_control': CMAKE_PREFIX_PATH=/home/giszterlab/USING/unitree_ros2_sim/install/ros2_unitree_legged_msgs:/home/giszterlab/USING/unitree_ros2_sim/install/unitree_guide2:/home/giszterlab/USING/unitree_ros2_sim/install/ros2_unitree_legged_control:/home/giszterlab/USING/unitree_ros2_sim/install/robotic_control:/home/giszterlab/USING/unitree_ros2_sim/install/go1_gazebo:/home/giszterlab/USING/unitree_ros2_sim/install/go1_description:/usr/local:/home/giszterlab/USING/unitree_ros2_sim/install/go1_navigation:/opt/ros/humble LD_LIBRARY_PATH=/home/giszterlab/USING/unitree_ros2_sim/install/ros2_unitree_legged_msgs/lib:/home/giszterlab/USING/unitree_ros2_sim/install/ros2_unitree_legged_control/lib:/usr/lib/x86_64-linux-gnu/gazebo-11/plugins:/opt/ros/humble/opt/rviz_ogre_vendor/lib:/opt/ros/humble/lib/x86_64-linux-gnu:/opt/ros/humble/lib /usr/bin/cmake --build /home/giszterlab/USING/unitree_ros2_sim/build/ros2_unitree_legged_control -- -j8 -l8
[0.077s] [ 50%] Built target ros2_unitree_legged_control_parameters
[0.122s] [100%] Built target ros2_unitree_legged_control
[0.139s] Invoked command in '/home/giszterlab/USING/unitree_ros2_sim/build/ros2_unitree_legged_control' returned '0': CMAKE_PREFIX_PATH=/home/giszterlab/USING/unitree_ros2_sim/install/ros2_unitree_legged_msgs:/home/giszterlab/USING/unitree_ros2_sim/install/unitree_guide2:/home/giszterlab/USING/unitree_ros2_sim/install/ros2_unitree_legged_control:/home/giszterlab/USING/unitree_ros2_sim/install/robotic_control:/home/giszterlab/USING/unitree_ros2_sim/install/go1_gazebo:/home/giszterlab/USING/unitree_ros2_sim/install/go1_description:/usr/local:/home/giszterlab/USING/unitree_ros2_sim/install/go1_navigation:/opt/ros/humble LD_LIBRARY_PATH=/home/giszterlab/USING/unitree_ros2_sim/install/ros2_unitree_legged_msgs/lib:/home/giszterlab/USING/unitree_ros2_sim/install/ros2_unitree_legged_control/lib:/usr/lib/x86_64-linux-gnu/gazebo-11/plugins:/opt/ros/humble/opt/rviz_ogre_vendor/lib:/opt/ros/humble/lib/x86_64-linux-gnu:/opt/ros/humble/lib /usr/bin/cmake --build /home/giszterlab/USING/unitree_ros2_sim/build/ros2_unitree_legged_control -- -j8 -l8
[0.141s] Invoking command in '/home/giszterlab/USING/unitree_ros2_sim/build/ros2_unitree_legged_control': CMAKE_PREFIX_PATH=/home/giszterlab/USING/unitree_ros2_sim/install/ros2_unitree_legged_msgs:/home/giszterlab/USING/unitree_ros2_sim/install/unitree_guide2:/home/giszterlab/USING/unitree_ros2_sim/install/ros2_unitree_legged_control:/home/giszterlab/USING/unitree_ros2_sim/install/robotic_control:/home/giszterlab/USING/unitree_ros2_sim/install/go1_gazebo:/home/giszterlab/USING/unitree_ros2_sim/install/go1_description:/usr/local:/home/giszterlab/USING/unitree_ros2_sim/install/go1_navigation:/opt/ros/humble LD_LIBRARY_PATH=/home/giszterlab/USING/unitree_ros2_sim/install/ros2_unitree_legged_msgs/lib:/home/giszterlab/USING/unitree_ros2_sim/install/ros2_unitree_legged_control/lib:/usr/lib/x86_64-linux-gnu/gazebo-11/plugins:/opt/ros/humble/opt/rviz_ogre_vendor/lib:/opt/ros/humble/lib/x86_64-linux-gnu:/opt/ros/humble/lib /usr/bin/cmake --install /home/giszterlab/USING/unitree_ros2_sim/build/ros2_unitree_legged_control
[0.152s] -- Install configuration: ""
[0.152s] -- Up-to-date: /home/giszterlab/USING/unitree_ros2_sim/install/ros2_unitree_legged_control/include/ros2_unitree_legged_control
[0.152s] -- Up-to-date: /home/giszterlab/USING/unitree_ros2_sim/install/ros2_unitree_legged_control/include/ros2_unitree_legged_control/ros2_unitree_legged_control_parameters.hpp
[0.153s] -- Up-to-date: /home/giszterlab/USING/unitree_ros2_sim/install/ros2_unitree_legged_control/share/ros2_unitree_legged_control/ros2_unitree_legged_control.xml
[0.153s] -- Up-to-date: /home/giszterlab/USING/unitree_ros2_sim/install/ros2_unitree_legged_control/include/ros2_unitree_legged_control
[0.153s] -- Up-to-date: /home/giszterlab/USING/unitree_ros2_sim/install/ros2_unitree_legged_control/include/ros2_unitree_legged_control/ros2_unitree_legged_control
[0.153s] -- Up-to-date: /home/giszterlab/USING/unitree_ros2_sim/install/ros2_unitree_legged_control/include/ros2_unitree_legged_control/ros2_unitree_legged_control/ros2_unitree_legged_control.hpp
[0.153s] -- Up-to-date: /home/giszterlab/USING/unitree_ros2_sim/install/ros2_unitree_legged_control/include/ros2_unitree_legged_control/ros2_unitree_legged_control/unitree_joint_control_tool.h
[0.153s] -- Up-to-date: /home/giszterlab/USING/unitree_ros2_sim/install/ros2_unitree_legged_control/include/ros2_unitree_legged_control/ros2_unitree_legged_control/visibility_control.h
[0.153s] -- Up-to-date: /home/giszterlab/USING/unitree_ros2_sim/install/ros2_unitree_legged_control/lib/ros2_unitree_legged_control/libros2_unitree_legged_control.so
[0.154s] -- Up-to-date: /home/giszterlab/USING/unitree_ros2_sim/install/ros2_unitree_legged_control/share/ros2_unitree_legged_control/environment/library_path.sh
[0.154s] -- Up-to-date: /home/giszterlab/USING/unitree_ros2_sim/install/ros2_unitree_legged_control/share/ros2_unitree_legged_control/environment/library_path.dsv
[0.154s] -- Up-to-date: /home/giszterlab/USING/unitree_ros2_sim/install/ros2_unitree_legged_control/share/ament_index/resource_index/package_run_dependencies/ros2_unitree_legged_control
[0.154s] -- Up-to-date: /home/giszterlab/USING/unitree_ros2_sim/install/ros2_unitree_legged_control/share/ament_index/resource_index/parent_prefix_path/ros2_unitree_legged_control
[0.154s] -- Up-to-date: /home/giszterlab/USING/unitree_ros2_sim/install/ros2_unitree_legged_control/share/ros2_unitree_legged_control/environment/ament_prefix_path.sh
[0.155s] -- Up-to-date: /home/giszterlab/USING/unitree_ros2_sim/install/ros2_unitree_legged_control/share/ros2_unitree_legged_control/environment/ament_prefix_path.dsv
[0.155s] -- Up-to-date: /home/giszterlab/USING/unitree_ros2_sim/install/ros2_unitree_legged_control/share/ros2_unitree_legged_control/environment/path.sh
[0.155s] -- Up-to-date: /home/giszterlab/USING/unitree_ros2_sim/install/ros2_unitree_legged_control/share/ros2_unitree_legged_control/environment/path.dsv
[0.155s] -- Up-to-date: /home/giszterlab/USING/unitree_ros2_sim/install/ros2_unitree_legged_control/share/ros2_unitree_legged_control/local_setup.bash
[0.155s] -- Up-to-date: /home/giszterlab/USING/unitree_ros2_sim/install/ros2_unitree_legged_control/share/ros2_unitree_legged_control/local_setup.sh
[0.155s] -- Up-to-date: /home/giszterlab/USING/unitree_ros2_sim/install/ros2_unitree_legged_control/share/ros2_unitree_legged_control/local_setup.zsh
[0.155s] -- Up-to-date: /home/giszterlab/USING/unitree_ros2_sim/install/ros2_unitree_legged_control/share/ros2_unitree_legged_control/local_setup.dsv
[0.156s] -- Installing: /home/giszterlab/USING/unitree_ros2_sim/install/ros2_unitree_legged_control/share/ros2_unitree_legged_control/package.dsv
[0.156s] -- Up-to-date: /home/giszterlab/USING/unitree_ros2_sim/install/ros2_unitree_legged_control/share/ament_index/resource_index/packages/ros2_unitree_legged_control
[0.156s] -- Up-to-date: /home/giszterlab/USING/unitree_ros2_sim/install/ros2_unitree_legged_control/share/ament_index/resource_index/controller_interface__pluginlib__plugin/ros2_unitree_legged_control
[0.156s] -- Up-to-date: /home/giszterlab/USING/unitree_ros2_sim/install/ros2_unitree_legged_control/share/ros2_unitree_legged_control/cmake/ros2_unitree_legged_controlExport.cmake
[0.156s] -- Up-to-date: /home/giszterlab/USING/unitree_ros2_sim/install/ros2_unitree_legged_control/share/ros2_unitree_legged_control/cmake/ros2_unitree_legged_controlExport-noconfig.cmake
[0.156s] -- Up-to-date: /home/giszterlab/USING/unitree_ros2_sim/install/ros2_unitree_legged_control/share/ros2_unitree_legged_control/cmake/ament_cmake_export_dependencies-extras.cmake
[0.156s] -- Up-to-date: /home/giszterlab/USING/unitree_ros2_sim/install/ros2_unitree_legged_control/share/ros2_unitree_legged_control/cmake/ament_cmake_export_libraries-extras.cmake
[0.157s] -- Up-to-date: /home/giszterlab/USING/unitree_ros2_sim/install/ros2_unitree_legged_control/share/ros2_unitree_legged_control/cmake/ament_cmake_export_targets-extras.cmake
[0.157s] -- Up-to-date: /home/giszterlab/USING/unitree_ros2_sim/install/ros2_unitree_legged_control/share/ros2_unitree_legged_control/cmake/ros2_unitree_legged_controlConfig.cmake
[0.157s] -- Up-to-date: /home/giszterlab/USING/unitree_ros2_sim/install/ros2_unitree_legged_control/share/ros2_unitree_legged_control/cmake/ros2_unitree_legged_controlConfig-version.cmake
[0.157s] -- Up-to-date: /home/giszterlab/USING/unitree_ros2_sim/install/ros2_unitree_legged_control/share/ros2_unitree_legged_control/package.xml
[0.161s] Invoked command in '/home/giszterlab/USING/unitree_ros2_sim/build/ros2_unitree_legged_control' returned '0': CMAKE_PREFIX_PATH=/home/giszterlab/USING/unitree_ros2_sim/install/ros2_unitree_legged_msgs:/home/giszterlab/USING/unitree_ros2_sim/install/unitree_guide2:/home/giszterlab/USING/unitree_ros2_sim/install/ros2_unitree_legged_control:/home/giszterlab/USING/unitree_ros2_sim/install/robotic_control:/home/giszterlab/USING/unitree_ros2_sim/install/go1_gazebo:/home/giszterlab/USING/unitree_ros2_sim/install/go1_description:/usr/local:/home/giszterlab/USING/unitree_ros2_sim/install/go1_navigation:/opt/ros/humble LD_LIBRARY_PATH=/home/giszterlab/USING/unitree_ros2_sim/install/ros2_unitree_legged_msgs/lib:/home/giszterlab/USING/unitree_ros2_sim/install/ros2_unitree_legged_control/lib:/usr/lib/x86_64-linux-gnu/gazebo-11/plugins:/opt/ros/humble/opt/rviz_ogre_vendor/lib:/opt/ros/humble/lib/x86_64-linux-gnu:/opt/ros/humble/lib /usr/bin/cmake --install /home/giszterlab/USING/unitree_ros2_sim/build/ros2_unitree_legged_control
