[0.117s] DEBUG:colcon:Command line arguments: ['/usr/bin/colcon', 'build', '--packages-select', 'impedance_controller_framework']
[0.117s] DEBUG:colcon:Parsed command line arguments: Namespace(log_base=None, log_level=None, verb_name='build', build_base='build', install_base='install', merge_install=False, symlink_install=False, test_result_base=None, continue_on_error=False, executor='parallel', parallel_workers=8, event_handlers=None, ignore_user_meta=False, metas=['./colcon.meta'], base_paths=['.'], packages_ignore=None, packages_ignore_regex=None, paths=None, packages_up_to=None, packages_up_to_regex=None, packages_above=None, packages_above_and_dependencies=None, packages_above_depth=None, packages_select_by_dep=None, packages_skip_by_dep=None, packages_skip_up_to=None, packages_select_build_failed=False, packages_skip_build_finished=False, packages_select_test_failures=False, packages_skip_test_passed=False, packages_select=['impedance_controller_framework'], packages_skip=None, packages_select_regex=None, packages_skip_regex=None, packages_start=None, packages_end=None, allow_overriding=[], cmake_args=None, cmake_target=None, cmake_target_skip_unavailable=False, cmake_clean_cache=False, cmake_clean_first=False, cmake_force_configure=False, ament_cmake_args=None, catkin_cmake_args=None, catkin_skip_building_tests=False, verb_parser=<colcon_defaults.argument_parser.defaults.DefaultArgumentsDecorator object at 0x72db6ec3b700>, verb_extension=<colcon_core.verb.build.BuildVerb object at 0x72db6ed84a90>, main=<bound method BuildVerb.main of <colcon_core.verb.build.BuildVerb object at 0x72db6ed84a90>>)
[0.306s] Level 1:colcon.colcon_core.package_discovery:discover_packages(colcon_meta) check parameters
[0.306s] Level 1:colcon.colcon_core.package_discovery:discover_packages(recursive) check parameters
[0.307s] Level 1:colcon.colcon_core.package_discovery:discover_packages(ignore) check parameters
[0.307s] Level 1:colcon.colcon_core.package_discovery:discover_packages(path) check parameters
[0.307s] Level 1:colcon.colcon_core.package_discovery:discover_packages(colcon_meta) discover
[0.307s] Level 1:colcon.colcon_core.package_discovery:discover_packages(recursive) discover
[0.307s] INFO:colcon.colcon_core.package_discovery:Crawling recursively for packages in '/home/giszterlab/USING/Framework/go1_ws'
[0.307s] Level 1:colcon.colcon_core.package_identification:_identify(.) by extensions ['ignore', 'ignore_ament_install']
[0.307s] Level 1:colcon.colcon_core.package_identification:_identify(.) by extension 'ignore'
[0.307s] Level 1:colcon.colcon_core.package_identification:_identify(.) by extension 'ignore_ament_install'
[0.307s] Level 1:colcon.colcon_core.package_identification:_identify(.) by extensions ['colcon_pkg']
[0.308s] Level 1:colcon.colcon_core.package_identification:_identify(.) by extension 'colcon_pkg'
[0.308s] Level 1:colcon.colcon_core.package_identification:_identify(.) by extensions ['colcon_meta']
[0.308s] Level 1:colcon.colcon_core.package_identification:_identify(.) by extension 'colcon_meta'
[0.308s] Level 1:colcon.colcon_core.package_identification:_identify(.) by extensions ['ros']
[0.308s] Level 1:colcon.colcon_core.package_identification:_identify(.) by extension 'ros'
[0.320s] Level 1:colcon.colcon_core.package_identification:_identify(.) by extensions ['cmake', 'python']
[0.320s] Level 1:colcon.colcon_core.package_identification:_identify(.) by extension 'cmake'
[0.320s] Level 1:colcon.colcon_core.package_identification:_identify(.) by extension 'python'
[0.320s] Level 1:colcon.colcon_core.package_identification:_identify(.) by extensions ['python_setup_py']
[0.320s] Level 1:colcon.colcon_core.package_identification:_identify(.) by extension 'python_setup_py'
[0.320s] Level 1:colcon.colcon_core.package_identification:_identify(build) by extensions ['ignore', 'ignore_ament_install']
[0.320s] Level 1:colcon.colcon_core.package_identification:_identify(build) by extension 'ignore'
[0.320s] Level 1:colcon.colcon_core.package_identification:_identify(build) ignored
[0.320s] Level 1:colcon.colcon_core.package_identification:_identify(install) by extensions ['ignore', 'ignore_ament_install']
[0.321s] Level 1:colcon.colcon_core.package_identification:_identify(install) by extension 'ignore'
[0.321s] Level 1:colcon.colcon_core.package_identification:_identify(install) ignored
[0.321s] Level 1:colcon.colcon_core.package_identification:_identify(log) by extensions ['ignore', 'ignore_ament_install']
[0.321s] Level 1:colcon.colcon_core.package_identification:_identify(log) by extension 'ignore'
[0.321s] Level 1:colcon.colcon_core.package_identification:_identify(log) ignored
[0.321s] Level 1:colcon.colcon_core.package_identification:_identify(src) by extensions ['ignore', 'ignore_ament_install']
[0.321s] Level 1:colcon.colcon_core.package_identification:_identify(src) by extension 'ignore'
[0.321s] Level 1:colcon.colcon_core.package_identification:_identify(src) by extension 'ignore_ament_install'
[0.322s] Level 1:colcon.colcon_core.package_identification:_identify(src) by extensions ['colcon_pkg']
[0.322s] Level 1:colcon.colcon_core.package_identification:_identify(src) by extension 'colcon_pkg'
[0.322s] Level 1:colcon.colcon_core.package_identification:_identify(src) by extensions ['colcon_meta']
[0.322s] Level 1:colcon.colcon_core.package_identification:_identify(src) by extension 'colcon_meta'
[0.322s] Level 1:colcon.colcon_core.package_identification:_identify(src) by extensions ['ros']
[0.322s] Level 1:colcon.colcon_core.package_identification:_identify(src) by extension 'ros'
[0.322s] Level 1:colcon.colcon_core.package_identification:_identify(src) by extensions ['cmake', 'python']
[0.322s] Level 1:colcon.colcon_core.package_identification:_identify(src) by extension 'cmake'
[0.322s] Level 1:colcon.colcon_core.package_identification:_identify(src) by extension 'python'
[0.322s] Level 1:colcon.colcon_core.package_identification:_identify(src) by extensions ['python_setup_py']
[0.322s] Level 1:colcon.colcon_core.package_identification:_identify(src) by extension 'python_setup_py'
[0.323s] Level 1:colcon.colcon_core.package_identification:_identify(src/impedance_controller_framework) by extensions ['ignore', 'ignore_ament_install']
[0.323s] Level 1:colcon.colcon_core.package_identification:_identify(src/impedance_controller_framework) by extension 'ignore'
[0.323s] Level 1:colcon.colcon_core.package_identification:_identify(src/impedance_controller_framework) by extension 'ignore_ament_install'
[0.323s] Level 1:colcon.colcon_core.package_identification:_identify(src/impedance_controller_framework) by extensions ['colcon_pkg']
[0.323s] Level 1:colcon.colcon_core.package_identification:_identify(src/impedance_controller_framework) by extension 'colcon_pkg'
[0.323s] Level 1:colcon.colcon_core.package_identification:_identify(src/impedance_controller_framework) by extensions ['colcon_meta']
[0.323s] Level 1:colcon.colcon_core.package_identification:_identify(src/impedance_controller_framework) by extension 'colcon_meta'
[0.323s] Level 1:colcon.colcon_core.package_identification:_identify(src/impedance_controller_framework) by extensions ['ros']
[0.323s] Level 1:colcon.colcon_core.package_identification:_identify(src/impedance_controller_framework) by extension 'ros'
[0.326s] DEBUG:colcon.colcon_core.package_identification:Package 'src/impedance_controller_framework' with type 'ros.ament_cmake' and name 'impedance_controller_framework'
[0.326s] Level 1:colcon.colcon_core.package_identification:_identify(src/torque_interface) by extensions ['ignore', 'ignore_ament_install']
[0.326s] Level 1:colcon.colcon_core.package_identification:_identify(src/torque_interface) by extension 'ignore'
[0.326s] Level 1:colcon.colcon_core.package_identification:_identify(src/torque_interface) by extension 'ignore_ament_install'
[0.326s] Level 1:colcon.colcon_core.package_identification:_identify(src/torque_interface) by extensions ['colcon_pkg']
[0.326s] Level 1:colcon.colcon_core.package_identification:_identify(src/torque_interface) by extension 'colcon_pkg'
[0.327s] Level 1:colcon.colcon_core.package_identification:_identify(src/torque_interface) by extensions ['colcon_meta']
[0.327s] Level 1:colcon.colcon_core.package_identification:_identify(src/torque_interface) by extension 'colcon_meta'
[0.327s] Level 1:colcon.colcon_core.package_identification:_identify(src/torque_interface) by extensions ['ros']
[0.327s] Level 1:colcon.colcon_core.package_identification:_identify(src/torque_interface) by extension 'ros'
[0.328s] DEBUG:colcon.colcon_core.package_identification:Package 'src/torque_interface' with type 'ros.ament_cmake' and name 'torque_interface'
[0.328s] Level 1:colcon.colcon_core.package_discovery:discover_packages(recursive) using defaults
[0.328s] Level 1:colcon.colcon_core.package_discovery:discover_packages(ignore) discover
[0.328s] Level 1:colcon.colcon_core.package_discovery:discover_packages(ignore) using defaults
[0.328s] Level 1:colcon.colcon_core.package_discovery:discover_packages(path) discover
[0.328s] Level 1:colcon.colcon_core.package_discovery:discover_packages(path) using defaults
[0.348s] INFO:colcon.colcon_core.package_selection:Skipping not selected package 'torque_interface' in 'src/torque_interface'
[0.349s] Level 1:colcon.colcon_core.package_discovery:discover_packages(prefix_path) check parameters
[0.349s] Level 1:colcon.colcon_core.package_discovery:discover_packages(prefix_path) discover
[0.361s] DEBUG:colcon.colcon_installed_package_information.package_discovery:Found 2 installed packages in /home/giszterlab/USING/Framework/go1_ws/install
[0.362s] DEBUG:colcon.colcon_installed_package_information.package_discovery:Found 323 installed packages in /opt/ros/humble
[0.364s] Level 1:colcon.colcon_core.package_discovery:discover_packages(prefix_path) using defaults
[0.410s] Level 5:colcon.colcon_core.verb:set package 'impedance_controller_framework' build argument 'cmake_args' from command line to 'None'
[0.410s] Level 5:colcon.colcon_core.verb:set package 'impedance_controller_framework' build argument 'cmake_target' from command line to 'None'
[0.410s] Level 5:colcon.colcon_core.verb:set package 'impedance_controller_framework' build argument 'cmake_target_skip_unavailable' from command line to 'False'
[0.410s] Level 5:colcon.colcon_core.verb:set package 'impedance_controller_framework' build argument 'cmake_clean_cache' from command line to 'False'
[0.410s] Level 5:colcon.colcon_core.verb:set package 'impedance_controller_framework' build argument 'cmake_clean_first' from command line to 'False'
[0.410s] Level 5:colcon.colcon_core.verb:set package 'impedance_controller_framework' build argument 'cmake_force_configure' from command line to 'False'
[0.410s] Level 5:colcon.colcon_core.verb:set package 'impedance_controller_framework' build argument 'ament_cmake_args' from command line to 'None'
[0.410s] Level 5:colcon.colcon_core.verb:set package 'impedance_controller_framework' build argument 'catkin_cmake_args' from command line to 'None'
[0.410s] Level 5:colcon.colcon_core.verb:set package 'impedance_controller_framework' build argument 'catkin_skip_building_tests' from command line to 'False'
[0.411s] DEBUG:colcon.colcon_core.verb:Building package 'impedance_controller_framework' with the following arguments: {'ament_cmake_args': None, 'build_base': '/home/giszterlab/USING/Framework/go1_ws/build/impedance_controller_framework', 'catkin_cmake_args': None, 'catkin_skip_building_tests': False, 'cmake_args': None, 'cmake_clean_cache': False, 'cmake_clean_first': False, 'cmake_force_configure': False, 'cmake_target': None, 'cmake_target_skip_unavailable': False, 'install_base': '/home/giszterlab/USING/Framework/go1_ws/install/impedance_controller_framework', 'merge_install': False, 'path': '/home/giszterlab/USING/Framework/go1_ws/src/impedance_controller_framework', 'symlink_install': False, 'test_result_base': None}
[0.411s] INFO:colcon.colcon_core.executor:Executing jobs using 'parallel' executor
[0.412s] DEBUG:colcon.colcon_parallel_executor.executor.parallel:run_until_complete
[0.412s] INFO:colcon.colcon_ros.task.ament_cmake.build:Building ROS package in '/home/giszterlab/USING/Framework/go1_ws/src/impedance_controller_framework' with build type 'ament_cmake'
[0.412s] INFO:colcon.colcon_cmake.task.cmake.build:Building CMake package in '/home/giszterlab/USING/Framework/go1_ws/src/impedance_controller_framework'
[0.414s] INFO:colcon.colcon_core.plugin_system:Skipping extension 'colcon_core.shell.bat': Not used on non-Windows systems
[0.415s] INFO:colcon.colcon_core.shell:Skip shell extension 'powershell' for command environment: Not usable outside of PowerShell
[0.415s] DEBUG:colcon.colcon_core.shell:Skip shell extension 'dsv' for command environment
[0.424s] DEBUG:colcon.colcon_core.event_handler.log_command:Invoking command in '/home/giszterlab/USING/Framework/go1_ws/build/impedance_controller_framework': CMAKE_PREFIX_PATH=${CMAKE_PREFIX_PATH}:/opt/ros/humble /usr/bin/cmake --build /home/giszterlab/USING/Framework/go1_ws/build/impedance_controller_framework -- -j8 -l8
[0.976s] DEBUG:colcon.colcon_core.event_handler.log_command:Invoked command in '/home/giszterlab/USING/Framework/go1_ws/build/impedance_controller_framework' returned '2': CMAKE_PREFIX_PATH=${CMAKE_PREFIX_PATH}:/opt/ros/humble /usr/bin/cmake --build /home/giszterlab/USING/Framework/go1_ws/build/impedance_controller_framework -- -j8 -l8
[0.976s] Level 1:colcon.colcon_core.environment:create_environment_scripts_only(impedance_controller_framework)
[0.979s] Level 1:colcon.colcon_core.environment:checking '/home/giszterlab/USING/Framework/go1_ws/install/impedance_controller_framework' for CMake module files
[0.979s] Level 1:colcon.colcon_core.environment:checking '/home/giszterlab/USING/Framework/go1_ws/install/impedance_controller_framework' for CMake config files
[0.980s] Level 1:colcon.colcon_core.shell:create_environment_hook('impedance_controller_framework', 'cmake_prefix_path')
[0.980s] INFO:colcon.colcon_core.shell:Creating environment hook '/home/giszterlab/USING/Framework/go1_ws/install/impedance_controller_framework/share/impedance_controller_framework/hook/cmake_prefix_path.ps1'
[0.981s] INFO:colcon.colcon_core.shell:Creating environment descriptor '/home/giszterlab/USING/Framework/go1_ws/install/impedance_controller_framework/share/impedance_controller_framework/hook/cmake_prefix_path.dsv'
[0.981s] INFO:colcon.colcon_core.shell:Creating environment hook '/home/giszterlab/USING/Framework/go1_ws/install/impedance_controller_framework/share/impedance_controller_framework/hook/cmake_prefix_path.sh'
[0.982s] Level 1:colcon.colcon_core.environment:checking '/home/giszterlab/USING/Framework/go1_ws/install/impedance_controller_framework/lib'
[0.982s] Level 1:colcon.colcon_core.environment:checking '/home/giszterlab/USING/Framework/go1_ws/install/impedance_controller_framework/bin'
[0.982s] Level 1:colcon.colcon_core.environment:checking '/home/giszterlab/USING/Framework/go1_ws/install/impedance_controller_framework/lib/pkgconfig/impedance_controller_framework.pc'
[0.983s] Level 1:colcon.colcon_core.environment:checking '/home/giszterlab/USING/Framework/go1_ws/install/impedance_controller_framework/lib/python3.10/site-packages'
[0.983s] Level 1:colcon.colcon_core.environment:checking '/home/giszterlab/USING/Framework/go1_ws/install/impedance_controller_framework/bin'
[0.983s] INFO:colcon.colcon_core.shell:Creating package script '/home/giszterlab/USING/Framework/go1_ws/install/impedance_controller_framework/share/impedance_controller_framework/package.ps1'
[0.984s] INFO:colcon.colcon_core.shell:Creating package descriptor '/home/giszterlab/USING/Framework/go1_ws/install/impedance_controller_framework/share/impedance_controller_framework/package.dsv'
[0.985s] INFO:colcon.colcon_core.shell:Creating package script '/home/giszterlab/USING/Framework/go1_ws/install/impedance_controller_framework/share/impedance_controller_framework/package.sh'
[0.986s] INFO:colcon.colcon_core.shell:Creating package script '/home/giszterlab/USING/Framework/go1_ws/install/impedance_controller_framework/share/impedance_controller_framework/package.bash'
[0.987s] INFO:colcon.colcon_core.shell:Creating package script '/home/giszterlab/USING/Framework/go1_ws/install/impedance_controller_framework/share/impedance_controller_framework/package.zsh'
[0.987s] Level 1:colcon.colcon_core.environment:create_file_with_runtime_dependencies(/home/giszterlab/USING/Framework/go1_ws/install/impedance_controller_framework/share/colcon-core/packages/impedance_controller_framework)
[0.998s] DEBUG:colcon.colcon_parallel_executor.executor.parallel:closing loop
[0.998s] DEBUG:colcon.colcon_parallel_executor.executor.parallel:loop closed
[0.998s] DEBUG:colcon.colcon_parallel_executor.executor.parallel:run_until_complete finished with '2'
[0.998s] DEBUG:colcon.colcon_core.event_reactor:joining thread
[1.010s] INFO:colcon.colcon_core.plugin_system:Skipping extension 'colcon_notification.desktop_notification.terminal_notifier': Not used on non-Darwin systems
[1.011s] INFO:colcon.colcon_core.plugin_system:Skipping extension 'colcon_notification.desktop_notification.win32': Not used on non-Windows systems
[1.011s] INFO:colcon.colcon_notification.desktop_notification:Sending desktop notification using 'notify2'
[1.029s] DEBUG:colcon.colcon_core.event_reactor:joined thread
[1.030s] INFO:colcon.colcon_core.shell:Creating prefix script '/home/giszterlab/USING/Framework/go1_ws/install/local_setup.ps1'
[1.032s] INFO:colcon.colcon_core.shell:Creating prefix util module '/home/giszterlab/USING/Framework/go1_ws/install/_local_setup_util_ps1.py'
[1.034s] INFO:colcon.colcon_core.shell:Creating prefix chain script '/home/giszterlab/USING/Framework/go1_ws/install/setup.ps1'
[1.036s] INFO:colcon.colcon_core.shell:Creating prefix script '/home/giszterlab/USING/Framework/go1_ws/install/local_setup.sh'
[1.037s] INFO:colcon.colcon_core.shell:Creating prefix util module '/home/giszterlab/USING/Framework/go1_ws/install/_local_setup_util_sh.py'
[1.037s] INFO:colcon.colcon_core.shell:Creating prefix chain script '/home/giszterlab/USING/Framework/go1_ws/install/setup.sh'
[1.039s] INFO:colcon.colcon_core.shell:Creating prefix script '/home/giszterlab/USING/Framework/go1_ws/install/local_setup.bash'
[1.040s] INFO:colcon.colcon_core.shell:Creating prefix chain script '/home/giszterlab/USING/Framework/go1_ws/install/setup.bash'
[1.041s] INFO:colcon.colcon_core.shell:Creating prefix script '/home/giszterlab/USING/Framework/go1_ws/install/local_setup.zsh'
[1.042s] INFO:colcon.colcon_core.shell:Creating prefix chain script '/home/giszterlab/USING/Framework/go1_ws/install/setup.zsh'
