[0.315s] DEBUG:colcon:Command line arguments: ['/usr/bin/colcon', 'build']
[0.316s] DEBUG:colcon:Parsed command line arguments: Namespace(log_base=None, log_level=None, verb_name='build', build_base='build', install_base='install', merge_install=False, symlink_install=False, test_result_base=None, continue_on_error=False, executor='parallel', parallel_workers=8, event_handlers=None, ignore_user_meta=False, metas=['./colcon.meta'], base_paths=['.'], packages_ignore=None, packages_ignore_regex=None, paths=None, packages_up_to=None, packages_up_to_regex=None, packages_above=None, packages_above_and_dependencies=None, packages_above_depth=None, packages_select_by_dep=None, packages_skip_by_dep=None, packages_skip_up_to=None, packages_select_build_failed=False, packages_skip_build_finished=False, packages_select_test_failures=False, packages_skip_test_passed=False, packages_select=None, packages_skip=None, packages_select_regex=None, packages_skip_regex=None, packages_start=None, packages_end=None, allow_overriding=[], cmake_args=None, cmake_target=None, cmake_target_skip_unavailable=False, cmake_clean_cache=False, cmake_clean_first=False, cmake_force_configure=False, ament_cmake_args=None, catkin_cmake_args=None, catkin_skip_building_tests=False, verb_parser=<colcon_defaults.argument_parser.defaults.DefaultArgumentsDecorator object at 0x79e034d33c40>, verb_extension=<colcon_core.verb.build.BuildVerb object at 0x79e034e7cfd0>, main=<bound method BuildVerb.main of <colcon_core.verb.build.BuildVerb object at 0x79e034e7cfd0>>)
[0.647s] Level 1:colcon.colcon_core.package_discovery:discover_packages(colcon_meta) check parameters
[0.647s] Level 1:colcon.colcon_core.package_discovery:discover_packages(recursive) check parameters
[0.647s] Level 1:colcon.colcon_core.package_discovery:discover_packages(ignore) check parameters
[0.647s] Level 1:colcon.colcon_core.package_discovery:discover_packages(path) check parameters
[0.647s] Level 1:colcon.colcon_core.package_discovery:discover_packages(colcon_meta) discover
[0.647s] Level 1:colcon.colcon_core.package_discovery:discover_packages(recursive) discover
[0.647s] INFO:colcon.colcon_core.package_discovery:Crawling recursively for packages in '/home/giszterlab/USING/Framework/go1_ws/src/torque_interface'
[0.648s] Level 1:colcon.colcon_core.package_identification:_identify(.) by extensions ['ignore', 'ignore_ament_install']
[0.648s] Level 1:colcon.colcon_core.package_identification:_identify(.) by extension 'ignore'
[0.648s] Level 1:colcon.colcon_core.package_identification:_identify(.) by extension 'ignore_ament_install'
[0.648s] Level 1:colcon.colcon_core.package_identification:_identify(.) by extensions ['colcon_pkg']
[0.648s] Level 1:colcon.colcon_core.package_identification:_identify(.) by extension 'colcon_pkg'
[0.648s] Level 1:colcon.colcon_core.package_identification:_identify(.) by extensions ['colcon_meta']
[0.648s] Level 1:colcon.colcon_core.package_identification:_identify(.) by extension 'colcon_meta'
[0.648s] Level 1:colcon.colcon_core.package_identification:_identify(.) by extensions ['ros']
[0.648s] Level 1:colcon.colcon_core.package_identification:_identify(.) by extension 'ros'
[0.668s] DEBUG:colcon.colcon_core.package_identification:Package '.' with type 'ros.catkin' and name 'joint_state_buffer_node'
[0.668s] Level 1:colcon.colcon_core.package_discovery:discover_packages(recursive) using defaults
[0.668s] Level 1:colcon.colcon_core.package_discovery:discover_packages(ignore) discover
[0.668s] Level 1:colcon.colcon_core.package_discovery:discover_packages(ignore) using defaults
[0.668s] Level 1:colcon.colcon_core.package_discovery:discover_packages(path) discover
[0.668s] Level 1:colcon.colcon_core.package_discovery:discover_packages(path) using defaults
[0.703s] Level 1:colcon.colcon_core.package_discovery:discover_packages(prefix_path) check parameters
[0.703s] Level 1:colcon.colcon_core.package_discovery:discover_packages(prefix_path) discover
[0.719s] DEBUG:colcon.colcon_installed_package_information.package_discovery:Found 323 installed packages in /opt/ros/humble
[0.720s] Level 1:colcon.colcon_core.package_discovery:discover_packages(prefix_path) using defaults
[0.771s] Level 5:colcon.colcon_core.verb:set package 'joint_state_buffer_node' build argument 'cmake_args' from command line to 'None'
[0.771s] Level 5:colcon.colcon_core.verb:set package 'joint_state_buffer_node' build argument 'cmake_target' from command line to 'None'
[0.771s] Level 5:colcon.colcon_core.verb:set package 'joint_state_buffer_node' build argument 'cmake_target_skip_unavailable' from command line to 'False'
[0.771s] Level 5:colcon.colcon_core.verb:set package 'joint_state_buffer_node' build argument 'cmake_clean_cache' from command line to 'False'
[0.771s] Level 5:colcon.colcon_core.verb:set package 'joint_state_buffer_node' build argument 'cmake_clean_first' from command line to 'False'
[0.771s] Level 5:colcon.colcon_core.verb:set package 'joint_state_buffer_node' build argument 'cmake_force_configure' from command line to 'False'
[0.771s] Level 5:colcon.colcon_core.verb:set package 'joint_state_buffer_node' build argument 'ament_cmake_args' from command line to 'None'
[0.771s] Level 5:colcon.colcon_core.verb:set package 'joint_state_buffer_node' build argument 'catkin_cmake_args' from command line to 'None'
[0.771s] Level 5:colcon.colcon_core.verb:set package 'joint_state_buffer_node' build argument 'catkin_skip_building_tests' from command line to 'False'
[0.771s] DEBUG:colcon.colcon_core.verb:Building package 'joint_state_buffer_node' with the following arguments: {'ament_cmake_args': None, 'build_base': '/home/giszterlab/USING/Framework/go1_ws/src/torque_interface/build/joint_state_buffer_node', 'catkin_cmake_args': None, 'catkin_skip_building_tests': False, 'cmake_args': None, 'cmake_clean_cache': False, 'cmake_clean_first': False, 'cmake_force_configure': False, 'cmake_target': None, 'cmake_target_skip_unavailable': False, 'install_base': '/home/giszterlab/USING/Framework/go1_ws/src/torque_interface/install/joint_state_buffer_node', 'merge_install': False, 'path': '/home/giszterlab/USING/Framework/go1_ws/src/torque_interface', 'symlink_install': False, 'test_result_base': None}
[0.771s] INFO:colcon.colcon_core.executor:Executing jobs using 'parallel' executor
[0.773s] DEBUG:colcon.colcon_parallel_executor.executor.parallel:run_until_complete
[0.773s] INFO:colcon.colcon_ros.task.catkin.build:Building ROS package in '/home/giszterlab/USING/Framework/go1_ws/src/torque_interface' with build type 'catkin'
[0.773s] INFO:colcon.colcon_cmake.task.cmake.build:Building CMake package in '/home/giszterlab/USING/Framework/go1_ws/src/torque_interface'
[0.778s] INFO:colcon.colcon_core.plugin_system:Skipping extension 'colcon_core.shell.bat': Not used on non-Windows systems
[0.778s] INFO:colcon.colcon_core.shell:Skip shell extension 'powershell' for command environment: Not usable outside of PowerShell
[0.778s] DEBUG:colcon.colcon_core.shell:Skip shell extension 'dsv' for command environment
[0.786s] DEBUG:colcon.colcon_core.event_handler.log_command:Invoking command in '/home/giszterlab/USING/Framework/go1_ws/src/torque_interface/build/joint_state_buffer_node': /usr/bin/cmake /home/giszterlab/USING/Framework/go1_ws/src/torque_interface -DCATKIN_INSTALL_INTO_PREFIX_ROOT=0 -DCMAKE_INSTALL_PREFIX=/home/giszterlab/USING/Framework/go1_ws/src/torque_interface/install/joint_state_buffer_node
[2.439s] DEBUG:colcon.colcon_core.event_handler.log_command:Invoked command in '/home/giszterlab/USING/Framework/go1_ws/src/torque_interface/build/joint_state_buffer_node' returned '0': /usr/bin/cmake /home/giszterlab/USING/Framework/go1_ws/src/torque_interface -DCATKIN_INSTALL_INTO_PREFIX_ROOT=0 -DCMAKE_INSTALL_PREFIX=/home/giszterlab/USING/Framework/go1_ws/src/torque_interface/install/joint_state_buffer_node
[2.442s] DEBUG:colcon.colcon_core.event_handler.log_command:Invoking command in '/home/giszterlab/USING/Framework/go1_ws/src/torque_interface/build/joint_state_buffer_node': /usr/bin/cmake --build /home/giszterlab/USING/Framework/go1_ws/src/torque_interface/build/joint_state_buffer_node -- -j8 -l8
[2.864s] DEBUG:colcon.colcon_core.event_handler.log_command:Invoked command in '/home/giszterlab/USING/Framework/go1_ws/src/torque_interface/build/joint_state_buffer_node' returned '2': /usr/bin/cmake --build /home/giszterlab/USING/Framework/go1_ws/src/torque_interface/build/joint_state_buffer_node -- -j8 -l8
[2.865s] Level 1:colcon.colcon_core.shell:create_environment_hook('joint_state_buffer_node', 'ros_package_path')
[2.865s] INFO:colcon.colcon_core.shell:Creating environment hook '/home/giszterlab/USING/Framework/go1_ws/src/torque_interface/install/joint_state_buffer_node/share/joint_state_buffer_node/hook/ros_package_path.ps1'
[2.866s] INFO:colcon.colcon_core.shell:Creating environment descriptor '/home/giszterlab/USING/Framework/go1_ws/src/torque_interface/install/joint_state_buffer_node/share/joint_state_buffer_node/hook/ros_package_path.dsv'
[2.867s] INFO:colcon.colcon_core.shell:Creating environment hook '/home/giszterlab/USING/Framework/go1_ws/src/torque_interface/install/joint_state_buffer_node/share/joint_state_buffer_node/hook/ros_package_path.sh'
[2.868s] Level 1:colcon.colcon_core.shell:create_environment_hook('joint_state_buffer_node', 'pkg_config_path')
[2.869s] INFO:colcon.colcon_core.shell:Creating environment hook '/home/giszterlab/USING/Framework/go1_ws/src/torque_interface/install/joint_state_buffer_node/share/joint_state_buffer_node/hook/pkg_config_path.ps1'
[2.869s] INFO:colcon.colcon_core.shell:Creating environment descriptor '/home/giszterlab/USING/Framework/go1_ws/src/torque_interface/install/joint_state_buffer_node/share/joint_state_buffer_node/hook/pkg_config_path.dsv'
[2.870s] INFO:colcon.colcon_core.shell:Creating environment hook '/home/giszterlab/USING/Framework/go1_ws/src/torque_interface/install/joint_state_buffer_node/share/joint_state_buffer_node/hook/pkg_config_path.sh'
[2.872s] Level 1:colcon.colcon_core.shell:create_environment_hook('joint_state_buffer_node', 'pkg_config_path_multiarch')
[2.872s] INFO:colcon.colcon_core.shell:Creating environment hook '/home/giszterlab/USING/Framework/go1_ws/src/torque_interface/install/joint_state_buffer_node/share/joint_state_buffer_node/hook/pkg_config_path_multiarch.ps1'
[2.873s] INFO:colcon.colcon_core.shell:Creating environment descriptor '/home/giszterlab/USING/Framework/go1_ws/src/torque_interface/install/joint_state_buffer_node/share/joint_state_buffer_node/hook/pkg_config_path_multiarch.dsv'
[2.873s] INFO:colcon.colcon_core.shell:Creating environment hook '/home/giszterlab/USING/Framework/go1_ws/src/torque_interface/install/joint_state_buffer_node/share/joint_state_buffer_node/hook/pkg_config_path_multiarch.sh'
[2.875s] Level 1:colcon.colcon_core.environment:create_environment_scripts_only(joint_state_buffer_node)
[2.882s] Level 1:colcon.colcon_core.environment:checking '/home/giszterlab/USING/Framework/go1_ws/src/torque_interface/install/joint_state_buffer_node' for CMake module files
[2.882s] Level 1:colcon.colcon_core.environment:checking '/home/giszterlab/USING/Framework/go1_ws/src/torque_interface/install/joint_state_buffer_node' for CMake config files
[2.883s] Level 1:colcon.colcon_core.environment:checking '/home/giszterlab/USING/Framework/go1_ws/src/torque_interface/install/joint_state_buffer_node/bin'
[2.883s] Level 1:colcon.colcon_core.environment:checking '/home/giszterlab/USING/Framework/go1_ws/src/torque_interface/install/joint_state_buffer_node/lib/pkgconfig/joint_state_buffer_node.pc'
[2.883s] Level 1:colcon.colcon_core.environment:checking '/home/giszterlab/USING/Framework/go1_ws/src/torque_interface/install/joint_state_buffer_node/lib/python3.10/site-packages'
[2.883s] Level 1:colcon.colcon_core.environment:checking '/home/giszterlab/USING/Framework/go1_ws/src/torque_interface/install/joint_state_buffer_node/bin'
[2.884s] INFO:colcon.colcon_core.shell:Creating package script '/home/giszterlab/USING/Framework/go1_ws/src/torque_interface/install/joint_state_buffer_node/share/joint_state_buffer_node/package.ps1'
[2.885s] INFO:colcon.colcon_core.shell:Creating package descriptor '/home/giszterlab/USING/Framework/go1_ws/src/torque_interface/install/joint_state_buffer_node/share/joint_state_buffer_node/package.dsv'
[2.886s] INFO:colcon.colcon_core.shell:Creating package script '/home/giszterlab/USING/Framework/go1_ws/src/torque_interface/install/joint_state_buffer_node/share/joint_state_buffer_node/package.sh'
[2.887s] INFO:colcon.colcon_core.shell:Creating package script '/home/giszterlab/USING/Framework/go1_ws/src/torque_interface/install/joint_state_buffer_node/share/joint_state_buffer_node/package.bash'
[2.888s] INFO:colcon.colcon_core.shell:Creating package script '/home/giszterlab/USING/Framework/go1_ws/src/torque_interface/install/joint_state_buffer_node/share/joint_state_buffer_node/package.zsh'
[2.890s] Level 1:colcon.colcon_core.environment:create_file_with_runtime_dependencies(/home/giszterlab/USING/Framework/go1_ws/src/torque_interface/install/joint_state_buffer_node/share/colcon-core/packages/joint_state_buffer_node)
[2.900s] DEBUG:colcon.colcon_parallel_executor.executor.parallel:closing loop
[2.901s] DEBUG:colcon.colcon_parallel_executor.executor.parallel:loop closed
[2.901s] DEBUG:colcon.colcon_parallel_executor.executor.parallel:run_until_complete finished with '2'
[2.901s] DEBUG:colcon.colcon_core.event_reactor:joining thread
[2.915s] INFO:colcon.colcon_core.plugin_system:Skipping extension 'colcon_notification.desktop_notification.terminal_notifier': Not used on non-Darwin systems
[2.916s] INFO:colcon.colcon_core.plugin_system:Skipping extension 'colcon_notification.desktop_notification.win32': Not used on non-Windows systems
[2.916s] INFO:colcon.colcon_notification.desktop_notification:Sending desktop notification using 'notify2'
[2.964s] DEBUG:colcon.colcon_core.event_reactor:joined thread
[2.965s] INFO:colcon.colcon_core.shell:Creating prefix script '/home/giszterlab/USING/Framework/go1_ws/src/torque_interface/install/local_setup.ps1'
[2.968s] INFO:colcon.colcon_core.shell:Creating prefix util module '/home/giszterlab/USING/Framework/go1_ws/src/torque_interface/install/_local_setup_util_ps1.py'
[2.972s] INFO:colcon.colcon_core.shell:Creating prefix chain script '/home/giszterlab/USING/Framework/go1_ws/src/torque_interface/install/setup.ps1'
[2.975s] INFO:colcon.colcon_core.shell:Creating prefix script '/home/giszterlab/USING/Framework/go1_ws/src/torque_interface/install/local_setup.sh'
[2.977s] INFO:colcon.colcon_core.shell:Creating prefix util module '/home/giszterlab/USING/Framework/go1_ws/src/torque_interface/install/_local_setup_util_sh.py'
[2.978s] INFO:colcon.colcon_core.shell:Creating prefix chain script '/home/giszterlab/USING/Framework/go1_ws/src/torque_interface/install/setup.sh'
[2.981s] INFO:colcon.colcon_core.shell:Creating prefix script '/home/giszterlab/USING/Framework/go1_ws/src/torque_interface/install/local_setup.bash'
[2.983s] INFO:colcon.colcon_core.shell:Creating prefix chain script '/home/giszterlab/USING/Framework/go1_ws/src/torque_interface/install/setup.bash'
[2.986s] INFO:colcon.colcon_core.shell:Creating prefix script '/home/giszterlab/USING/Framework/go1_ws/src/torque_interface/install/local_setup.zsh'
[2.987s] INFO:colcon.colcon_core.shell:Creating prefix chain script '/home/giszterlab/USING/Framework/go1_ws/src/torque_interface/install/setup.zsh'
