[ 25%] [32mBuilding CXX object CMakeFiles/impedance_controllers.dir/src/impedance_controller_node.cpp.o[0m
In file included from [01m[K/home/giszterlab/Co-op3/Framework/go1_ws/src/impedance_controller_framework/src/main.cpp:3[m[K,
                 from [01m[K/home/giszterlab/Co-op3/Framework/go1_ws/src/impedance_controller_framework/src/impedance_controller_node.cpp:2[m[K:
[01m[K/home/giszterlab/Co-op3/Framework/go1_ws/src/impedance_controller_framework/src/impedance_controller_node.cpp:17:1:[m[K [01;31m[Kerror: [m[K‘[01m[KImpedanceControllerNode[m[K’ does not name a type; did you mean ‘[01m[KImpedanceControllerBase[m[K’?
   17 | [01;31m[KImpedanceControllerNode[m[K::ImpedanceControllerNode(
      | [01;31m[K^~~~~~~~~~~~~~~~~~~~~~~[m[K
      | [32m[KImpedanceControllerBase[m[K
[01m[K/home/giszterlab/Co-op3/Framework/go1_ws/src/impedance_controller_framework/src/impedance_controller_node.cpp:30:6:[m[K [01;31m[Kerror: [m[K‘[01m[KImpedanceControllerNode[m[K’ has not been declared
   30 | void [01;31m[KImpedanceControllerNode[m[K::jointStateCallback(
      |      [01;31m[K^~~~~~~~~~~~~~~~~~~~~~~[m[K
[01m[K/home/giszterlab/Co-op3/Framework/go1_ws/src/impedance_controller_framework/src/impedance_controller_node.cpp:31:11:[m[K [01;31m[Kerror: [m[K‘[01m[Ksensor_msgs[m[K’ does not name a type
   31 |     const [01;31m[Ksensor_msgs[m[K::msg::JointState::SharedPtr msg) {
      |           [01;31m[K^~~~~~~~~~~[m[K
[01m[K/home/giszterlab/Co-op3/Framework/go1_ws/src/impedance_controller_framework/src/impedance_controller_node.cpp:31:27:[m[K [01;31m[Kerror: [m[Kexpected unqualified-id before ‘[01m[K::[m[K’ token
   31 |     const sensor_msgs::msg[01;31m[K::[m[KJointState::SharedPtr msg) {
      |                           [01;31m[K^~[m[K
[01m[K/home/giszterlab/Co-op3/Framework/go1_ws/src/impedance_controller_framework/src/impedance_controller_node.cpp:31:27:[m[K [01;31m[Kerror: [m[Kexpected ‘[01m[K)[m[K’ before ‘[01m[K::[m[K’ token
   31 |     const sensor_msgs::msg[01;31m[K:[m[K[32m[K:[m[KJointState::SharedPtr msg) {
      |                           [01;31m[K^[m[K[32m[K~[m[K
      |                           [32m[K)[m[K
[01m[K/home/giszterlab/Co-op3/Framework/go1_ws/src/impedance_controller_framework/src/impedance_controller_node.cpp:30:49:[m[K [01;36m[Knote: [m[Kto match this ‘[01m[K([m[K’
   30 | void ImpedanceControllerNode::jointStateCallback[01;36m[K([m[K
      |                                                 [01;36m[K^[m[K
[01m[K/home/giszterlab/Co-op3/Framework/go1_ws/src/impedance_controller_framework/src/impedance_controller_node.cpp:31:27:[m[K [01;31m[Kerror: [m[Kexpected initializer before ‘[01m[K::[m[K’ token
   31 |     const sensor_msgs::msg[01;31m[K::[m[KJointState::SharedPtr msg) {
      |                           [01;31m[K^~[m[K
In file included from [01m[K/home/giszterlab/Co-op3/Framework/go1_ws/src/impedance_controller_framework/src/impedance_controller_node.cpp:2[m[K:
[01m[K/home/giszterlab/Co-op3/Framework/go1_ws/src/impedance_controller_framework/src/main.cpp:[m[K In function ‘[01m[Kint main(int, char**)[m[K’:
[01m[K/home/giszterlab/Co-op3/Framework/go1_ws/src/impedance_controller_framework/src/main.cpp:7:3:[m[K [01;31m[Kerror: [m[K‘[01m[Krclcpp[m[K’ has not been declared
    7 |   [01;31m[Krclcpp[m[K::init(argc, argv);
      |   [01;31m[K^~~~~~[m[K
[01m[K/home/giszterlab/Co-op3/Framework/go1_ws/src/impedance_controller_framework/src/main.cpp:9:26:[m[K [01;31m[Kerror: [m[K‘[01m[Kmake_shared[m[K’ is not a member of ‘[01m[Kstd[m[K’
    9 |   auto controller = std::[01;31m[Kmake_shared[m[K<PrototypeImpedanceController>();
      |                          [01;31m[K^~~~~~~~~~~[m[K
[01m[K/home/giszterlab/Co-op3/Framework/go1_ws/src/impedance_controller_framework/src/main.cpp:5:1:[m[K [01;36m[Knote: [m[K‘[01m[Kstd::make_shared[m[K’ is defined in header ‘[01m[K<memory>[m[K’; did you forget to ‘[01m[K#include <memory>[m[K’?
    4 | #include "impedance_interface/prototype_impedance_controller.hpp"
  +++ |+[32m[K#include <memory>[m[K
    5 | 
[01m[K/home/giszterlab/Co-op3/Framework/go1_ws/src/impedance_controller_framework/src/main.cpp:9:66:[m[K [01;31m[Kerror: [m[Kexpected primary-expression before ‘[01m[K>[m[K’ token
    9 |   auto controller = std::make_shared<PrototypeImpedanceController[01;31m[K>[m[K();
      |                                                                  [01;31m[K^[m[K
[01m[K/home/giszterlab/Co-op3/Framework/go1_ws/src/impedance_controller_framework/src/main.cpp:9:68:[m[K [01;31m[Kerror: [m[Kexpected primary-expression before ‘[01m[K)[m[K’ token
    9 |   auto controller = std::make_shared<PrototypeImpedanceController>([01;31m[K)[m[K;
      |                                                                    [01;31m[K^[m[K
[01m[K/home/giszterlab/Co-op3/Framework/go1_ws/src/impedance_controller_framework/src/main.cpp:10:20:[m[K [01;31m[Kerror: [m[K‘[01m[Kmake_shared[m[K’ is not a member of ‘[01m[Kstd[m[K’
   10 |   auto node = std::[01;31m[Kmake_shared[m[K<ImpedanceControllerNode>(controller);
      |                    [01;31m[K^~~~~~~~~~~[m[K
[01m[K/home/giszterlab/Co-op3/Framework/go1_ws/src/impedance_controller_framework/src/main.cpp:10:20:[m[K [01;36m[Knote: [m[K‘[01m[Kstd::make_shared[m[K’ is defined in header ‘[01m[K<memory>[m[K’; did you forget to ‘[01m[K#include <memory>[m[K’?
[01m[K/home/giszterlab/Co-op3/Framework/go1_ws/src/impedance_controller_framework/src/main.cpp:10:32:[m[K [01;31m[Kerror: [m[K‘[01m[KImpedanceControllerNode[m[K’ was not declared in this scope; did you mean ‘[01m[KImpedanceControllerBase[m[K’?
   10 |   auto node = std::make_shared<[01;31m[KImpedanceControllerNode[m[K>(controller);
      |                                [01;31m[K^~~~~~~~~~~~~~~~~~~~~~~[m[K
      |                                [32m[KImpedanceControllerBase[m[K
[01m[K/home/giszterlab/Co-op3/Framework/go1_ws/src/impedance_controller_framework/src/main.cpp:12:3:[m[K [01;31m[Kerror: [m[K‘[01m[Krclcpp[m[K’ has not been declared
   12 |   [01;31m[Krclcpp[m[K::spin(node);
      |   [01;31m[K^~~~~~[m[K
[01m[K/home/giszterlab/Co-op3/Framework/go1_ws/src/impedance_controller_framework/src/main.cpp:13:3:[m[K [01;31m[Kerror: [m[K‘[01m[Krclcpp[m[K’ has not been declared
   13 |   [01;31m[Krclcpp[m[K::shutdown();
      |   [01;31m[K^~~~~~[m[K
[01m[K/home/giszterlab/Co-op3/Framework/go1_ws/src/impedance_controller_framework/src/impedance_controller_node.cpp:[m[K At global scope:
[01m[K/home/giszterlab/Co-op3/Framework/go1_ws/src/impedance_controller_framework/src/impedance_controller_node.cpp:17:1:[m[K [01;31m[Kerror: [m[K‘[01m[KImpedanceControllerNode[m[K’ does not name a type; did you mean ‘[01m[KImpedanceControllerBase[m[K’?
   17 | [01;31m[KImpedanceControllerNode[m[K::ImpedanceControllerNode(
      | [01;31m[K^~~~~~~~~~~~~~~~~~~~~~~[m[K
      | [32m[KImpedanceControllerBase[m[K
[01m[K/home/giszterlab/Co-op3/Framework/go1_ws/src/impedance_controller_framework/src/impedance_controller_node.cpp:30:6:[m[K [01;31m[Kerror: [m[K‘[01m[KImpedanceControllerNode[m[K’ has not been declared
   30 | void [01;31m[KImpedanceControllerNode[m[K::jointStateCallback(
      |      [01;31m[K^~~~~~~~~~~~~~~~~~~~~~~[m[K
[01m[K/home/giszterlab/Co-op3/Framework/go1_ws/src/impedance_controller_framework/src/impedance_controller_node.cpp:31:11:[m[K [01;31m[Kerror: [m[K‘[01m[Ksensor_msgs[m[K’ does not name a type
   31 |     const [01;31m[Ksensor_msgs[m[K::msg::JointState::SharedPtr msg) {
      |           [01;31m[K^~~~~~~~~~~[m[K
[01m[K/home/giszterlab/Co-op3/Framework/go1_ws/src/impedance_controller_framework/src/impedance_controller_node.cpp:31:27:[m[K [01;31m[Kerror: [m[Kexpected unqualified-id before ‘[01m[K::[m[K’ token
   31 |     const sensor_msgs::msg[01;31m[K::[m[KJointState::SharedPtr msg) {
      |                           [01;31m[K^~[m[K
[01m[K/home/giszterlab/Co-op3/Framework/go1_ws/src/impedance_controller_framework/src/impedance_controller_node.cpp:31:27:[m[K [01;31m[Kerror: [m[Kexpected ‘[01m[K)[m[K’ before ‘[01m[K::[m[K’ token
   31 |     const sensor_msgs::msg[01;31m[K:[m[K[32m[K:[m[KJointState::SharedPtr msg) {
      |                           [01;31m[K^[m[K[32m[K~[m[K
      |                           [32m[K)[m[K
[01m[K/home/giszterlab/Co-op3/Framework/go1_ws/src/impedance_controller_framework/src/impedance_controller_node.cpp:30:49:[m[K [01;36m[Knote: [m[Kto match this ‘[01m[K([m[K’
   30 | void ImpedanceControllerNode::jointStateCallback[01;36m[K([m[K
      |                                                 [01;36m[K^[m[K
[01m[K/home/giszterlab/Co-op3/Framework/go1_ws/src/impedance_controller_framework/src/impedance_controller_node.cpp:31:27:[m[K [01;31m[Kerror: [m[Kexpected initializer before ‘[01m[K::[m[K’ token
   31 |     const sensor_msgs::msg[01;31m[K::[m[KJointState::SharedPtr msg) {
      |                           [01;31m[K^~[m[K
gmake[2]: *** [CMakeFiles/impedance_controllers.dir/build.make:76: CMakeFiles/impedance_controllers.dir/src/impedance_controller_node.cpp.o] Error 1
gmake[1]: *** [CMakeFiles/Makefile2:139: CMakeFiles/impedance_controllers.dir/all] Error 2
gmake: *** [Makefile:146: all] Error 2
