[0.011s] Invoking command in '/home/giszterlab/USING/Framework/go1_ws/build/impedance_controller_framework': CMAKE_PREFIX_PATH=${CMAKE_PREFIX_PATH}:/opt/ros/humble /usr/bin/cmake /home/giszterlab/USING/Framework/go1_ws/src/impedance_controller_framework -DCMAKE_INSTALL_PREFIX=/home/giszterlab/USING/Framework/go1_ws/install/impedance_controller_framework
[0.066s] -- The C compiler identification is GNU 11.4.0
[0.129s] -- The CXX compiler identification is GNU 11.4.0
[0.140s] -- Detecting C compiler ABI info
[0.224s] -- Detecting C compiler ABI info - done
[0.235s] -- Check for working C compiler: /usr/bin/cc - skipped
[0.235s] -- Detecting C compile features
[0.236s] -- Detecting C compile features - done
[0.240s] -- Detecting CXX compiler ABI info
[0.325s] -- Detecting CXX compiler ABI info - done
[0.334s] -- Check for working CXX compiler: /usr/bin/c++ - skipped
[0.334s] -- Detecting CXX compile features
[0.335s] -- Detecting CXX compile features - done
[0.337s] -- Found ament_cmake: 1.3.11 (/opt/ros/humble/share/ament_cmake/cmake)
[0.525s] -- Found Python3: /usr/bin/python3 (found version "3.10.12") found components: Interpreter 
[0.633s] -- Found rclcpp: 16.0.12 (/opt/ros/humble/share/rclcpp/cmake)
[0.681s] -- Found rosidl_generator_c: 3.1.6 (/opt/ros/humble/share/rosidl_generator_c/cmake)
[0.686s] -- Found rosidl_adapter: 3.1.6 (/opt/ros/humble/share/rosidl_adapter/cmake)
[0.695s] -- Found rosidl_generator_cpp: 3.1.6 (/opt/ros/humble/share/rosidl_generator_cpp/cmake)
[0.708s] -- Using all available rosidl_typesupport_c: rosidl_typesupport_fastrtps_c;rosidl_typesupport_introspection_c
[0.725s] -- Using all available rosidl_typesupport_cpp: rosidl_typesupport_fastrtps_cpp;rosidl_typesupport_introspection_cpp
[0.770s] -- Found rmw_implementation_cmake: 6.1.2 (/opt/ros/humble/share/rmw_implementation_cmake/cmake)
[0.773s] -- Found rmw_fastrtps_cpp: 6.2.7 (/opt/ros/humble/share/rmw_fastrtps_cpp/cmake)
[0.865s] -- Found OpenSSL: /usr/lib/x86_64-linux-gnu/libcrypto.so (found version "3.0.2")  
[0.892s] -- Found FastRTPS: /opt/ros/humble/include  
[0.934s] -- Using RMW implementation 'rmw_fastrtps_cpp' as default
[0.942s] -- Looking for pthread.h
[1.021s] -- Looking for pthread.h - found
[1.021s] -- Performing Test CMAKE_HAVE_LIBC_PTHREAD
[1.107s] -- Performing Test CMAKE_HAVE_LIBC_PTHREAD - Success
[1.109s] -- Found Threads: TRUE  
[1.281s] -- Configuring done
[1.295s] -- Generating done
[1.302s] -- Build files have been written to: /home/giszterlab/USING/Framework/go1_ws/build/impedance_controller_framework
[1.314s] Invoked command in '/home/giszterlab/USING/Framework/go1_ws/build/impedance_controller_framework' returned '0': CMAKE_PREFIX_PATH=${CMAKE_PREFIX_PATH}:/opt/ros/humble /usr/bin/cmake /home/giszterlab/USING/Framework/go1_ws/src/impedance_controller_framework -DCMAKE_INSTALL_PREFIX=/home/giszterlab/USING/Framework/go1_ws/install/impedance_controller_framework
[1.317s] Invoking command in '/home/giszterlab/USING/Framework/go1_ws/build/impedance_controller_framework': CMAKE_PREFIX_PATH=${CMAKE_PREFIX_PATH}:/opt/ros/humble /usr/bin/cmake --build /home/giszterlab/USING/Framework/go1_ws/build/impedance_controller_framework -- -j8 -l8
[1.372s] [ 50%] [32mBuilding CXX object CMakeFiles/test_dummy.dir/test/test_dummy.cpp.o[0m
[1.453s] [01m[K/home/giszterlab/USING/Framework/go1_ws/src/impedance_controller_framework/test/test_dummy.cpp:2:10:[m[K [01;31m[Kfatal error: [m[Kdummy_impedance_controller.hpp: No such file or directory
[1.453s]     2 | #include [01;31m[K"dummy_impedance_controller.hpp"[m[K
[1.453s]       |          [01;31m[K^~~~~~~~~~~~~~~~~~~~~~~~~~~~~~~~[m[K
[1.453s] compilation terminated.
[1.455s] gmake[2]: *** [CMakeFiles/test_dummy.dir/build.make:76: CMakeFiles/test_dummy.dir/test/test_dummy.cpp.o] Error 1
[1.455s] gmake[1]: *** [CMakeFiles/Makefile2:137: CMakeFiles/test_dummy.dir/all] Error 2
[1.455s] gmake: *** [Makefile:146: all] Error 2
[1.459s] Invoked command in '/home/giszterlab/USING/Framework/go1_ws/build/impedance_controller_framework' returned '2': CMAKE_PREFIX_PATH=${CMAKE_PREFIX_PATH}:/opt/ros/humble /usr/bin/cmake --build /home/giszterlab/USING/Framework/go1_ws/build/impedance_controller_framework -- -j8 -l8
