[0.119s] DEBUG:colcon:Command line arguments: ['/usr/bin/colcon', 'build']
[0.120s] DEBUG:colcon:Parsed command line arguments: Namespace(log_base=None, log_level=None, verb_name='build', build_base='build', install_base='install', merge_install=False, symlink_install=False, test_result_base=None, continue_on_error=False, executor='parallel', parallel_workers=8, event_handlers=None, ignore_user_meta=False, metas=['./colcon.meta'], base_paths=['.'], packages_ignore=None, packages_ignore_regex=None, paths=None, packages_up_to=None, packages_up_to_regex=None, packages_above=None, packages_above_and_dependencies=None, packages_above_depth=None, packages_select_by_dep=None, packages_skip_by_dep=None, packages_skip_up_to=None, packages_select_build_failed=False, packages_skip_build_finished=False, packages_select_test_failures=False, packages_skip_test_passed=False, packages_select=None, packages_skip=None, packages_select_regex=None, packages_skip_regex=None, packages_start=None, packages_end=None, allow_overriding=[], cmake_args=None, cmake_target=None, cmake_target_skip_unavailable=False, cmake_clean_cache=False, cmake_clean_first=False, cmake_force_configure=False, ament_cmake_args=None, catkin_cmake_args=None, catkin_skip_building_tests=False, verb_parser=<colcon_defaults.argument_parser.defaults.DefaultArgumentsDecorator object at 0x702933dd8100>, verb_extension=<colcon_core.verb.build.BuildVerb object at 0x702933ee9450>, main=<bound method BuildVerb.main of <colcon_core.verb.build.BuildVerb object at 0x702933ee9450>>)
[0.315s] Level 1:colcon.colcon_core.package_discovery:discover_packages(colcon_meta) check parameters
[0.316s] Level 1:colcon.colcon_core.package_discovery:discover_packages(recursive) check parameters
[0.316s] Level 1:colcon.colcon_core.package_discovery:discover_packages(ignore) check parameters
[0.316s] Level 1:colcon.colcon_core.package_discovery:discover_packages(path) check parameters
[0.316s] Level 1:colcon.colcon_core.package_discovery:discover_packages(colcon_meta) discover
[0.316s] Level 1:colcon.colcon_core.package_discovery:discover_packages(recursive) discover
[0.316s] INFO:colcon.colcon_core.package_discovery:Crawling recursively for packages in '/home/giszterlab/USING/unitree_ros2_sim'
[0.316s] Level 1:colcon.colcon_core.package_identification:_identify(.) by extensions ['ignore', 'ignore_ament_install']
[0.316s] Level 1:colcon.colcon_core.package_identification:_identify(.) by extension 'ignore'
[0.316s] Level 1:colcon.colcon_core.package_identification:_identify(.) by extension 'ignore_ament_install'
[0.316s] Level 1:colcon.colcon_core.package_identification:_identify(.) by extensions ['colcon_pkg']
[0.316s] Level 1:colcon.colcon_core.package_identification:_identify(.) by extension 'colcon_pkg'
[0.316s] Level 1:colcon.colcon_core.package_identification:_identify(.) by extensions ['colcon_meta']
[0.316s] Level 1:colcon.colcon_core.package_identification:_identify(.) by extension 'colcon_meta'
[0.316s] Level 1:colcon.colcon_core.package_identification:_identify(.) by extensions ['ros']
[0.316s] Level 1:colcon.colcon_core.package_identification:_identify(.) by extension 'ros'
[0.328s] Level 1:colcon.colcon_core.package_identification:_identify(.) by extensions ['cmake', 'python']
[0.328s] Level 1:colcon.colcon_core.package_identification:_identify(.) by extension 'cmake'
[0.329s] Level 1:colcon.colcon_core.package_identification:_identify(.) by extension 'python'
[0.329s] Level 1:colcon.colcon_core.package_identification:_identify(.) by extensions ['python_setup_py']
[0.329s] Level 1:colcon.colcon_core.package_identification:_identify(.) by extension 'python_setup_py'
[0.329s] Level 1:colcon.colcon_core.package_identification:_identify(build) by extensions ['ignore', 'ignore_ament_install']
[0.329s] Level 1:colcon.colcon_core.package_identification:_identify(build) by extension 'ignore'
[0.329s] Level 1:colcon.colcon_core.package_identification:_identify(build) ignored
[0.329s] Level 1:colcon.colcon_core.package_identification:_identify(go1_sim) by extensions ['ignore', 'ignore_ament_install']
[0.329s] Level 1:colcon.colcon_core.package_identification:_identify(go1_sim) by extension 'ignore'
[0.329s] Level 1:colcon.colcon_core.package_identification:_identify(go1_sim) by extension 'ignore_ament_install'
[0.329s] Level 1:colcon.colcon_core.package_identification:_identify(go1_sim) by extensions ['colcon_pkg']
[0.329s] Level 1:colcon.colcon_core.package_identification:_identify(go1_sim) by extension 'colcon_pkg'
[0.329s] Level 1:colcon.colcon_core.package_identification:_identify(go1_sim) by extensions ['colcon_meta']
[0.329s] Level 1:colcon.colcon_core.package_identification:_identify(go1_sim) by extension 'colcon_meta'
[0.330s] Level 1:colcon.colcon_core.package_identification:_identify(go1_sim) by extensions ['ros']
[0.330s] Level 1:colcon.colcon_core.package_identification:_identify(go1_sim) by extension 'ros'
[0.330s] Level 1:colcon.colcon_core.package_identification:_identify(go1_sim) by extensions ['cmake', 'python']
[0.330s] Level 1:colcon.colcon_core.package_identification:_identify(go1_sim) by extension 'cmake'
[0.330s] Level 1:colcon.colcon_core.package_identification:_identify(go1_sim) by extension 'python'
[0.330s] Level 1:colcon.colcon_core.package_identification:_identify(go1_sim) by extensions ['python_setup_py']
[0.330s] Level 1:colcon.colcon_core.package_identification:_identify(go1_sim) by extension 'python_setup_py'
[0.330s] Level 1:colcon.colcon_core.package_identification:_identify(go1_sim/go1_description) by extensions ['ignore', 'ignore_ament_install']
[0.330s] Level 1:colcon.colcon_core.package_identification:_identify(go1_sim/go1_description) by extension 'ignore'
[0.330s] Level 1:colcon.colcon_core.package_identification:_identify(go1_sim/go1_description) by extension 'ignore_ament_install'
[0.330s] Level 1:colcon.colcon_core.package_identification:_identify(go1_sim/go1_description) by extensions ['colcon_pkg']
[0.330s] Level 1:colcon.colcon_core.package_identification:_identify(go1_sim/go1_description) by extension 'colcon_pkg'
[0.330s] Level 1:colcon.colcon_core.package_identification:_identify(go1_sim/go1_description) by extensions ['colcon_meta']
[0.330s] Level 1:colcon.colcon_core.package_identification:_identify(go1_sim/go1_description) by extension 'colcon_meta'
[0.330s] Level 1:colcon.colcon_core.package_identification:_identify(go1_sim/go1_description) by extensions ['ros']
[0.330s] Level 1:colcon.colcon_core.package_identification:_identify(go1_sim/go1_description) by extension 'ros'
[0.333s] DEBUG:colcon.colcon_core.package_identification:Package 'go1_sim/go1_description' with type 'ros.ament_cmake' and name 'go1_description'
[0.333s] Level 1:colcon.colcon_core.package_identification:_identify(go1_sim/go1_gazebo) by extensions ['ignore', 'ignore_ament_install']
[0.333s] Level 1:colcon.colcon_core.package_identification:_identify(go1_sim/go1_gazebo) by extension 'ignore'
[0.333s] Level 1:colcon.colcon_core.package_identification:_identify(go1_sim/go1_gazebo) by extension 'ignore_ament_install'
[0.333s] Level 1:colcon.colcon_core.package_identification:_identify(go1_sim/go1_gazebo) by extensions ['colcon_pkg']
[0.334s] Level 1:colcon.colcon_core.package_identification:_identify(go1_sim/go1_gazebo) by extension 'colcon_pkg'
[0.334s] Level 1:colcon.colcon_core.package_identification:_identify(go1_sim/go1_gazebo) by extensions ['colcon_meta']
[0.334s] Level 1:colcon.colcon_core.package_identification:_identify(go1_sim/go1_gazebo) by extension 'colcon_meta'
[0.334s] Level 1:colcon.colcon_core.package_identification:_identify(go1_sim/go1_gazebo) by extensions ['ros']
[0.334s] Level 1:colcon.colcon_core.package_identification:_identify(go1_sim/go1_gazebo) by extension 'ros'
[0.335s] DEBUG:colcon.colcon_core.package_identification:Package 'go1_sim/go1_gazebo' with type 'ros.ament_cmake' and name 'go1_gazebo'
[0.335s] Level 1:colcon.colcon_core.package_identification:_identify(go1_sim/go1_navigation) by extensions ['ignore', 'ignore_ament_install']
[0.335s] Level 1:colcon.colcon_core.package_identification:_identify(go1_sim/go1_navigation) by extension 'ignore'
[0.335s] Level 1:colcon.colcon_core.package_identification:_identify(go1_sim/go1_navigation) by extension 'ignore_ament_install'
[0.335s] Level 1:colcon.colcon_core.package_identification:_identify(go1_sim/go1_navigation) by extensions ['colcon_pkg']
[0.335s] Level 1:colcon.colcon_core.package_identification:_identify(go1_sim/go1_navigation) by extension 'colcon_pkg'
[0.335s] Level 1:colcon.colcon_core.package_identification:_identify(go1_sim/go1_navigation) by extensions ['colcon_meta']
[0.335s] Level 1:colcon.colcon_core.package_identification:_identify(go1_sim/go1_navigation) by extension 'colcon_meta'
[0.336s] Level 1:colcon.colcon_core.package_identification:_identify(go1_sim/go1_navigation) by extensions ['ros']
[0.336s] Level 1:colcon.colcon_core.package_identification:_identify(go1_sim/go1_navigation) by extension 'ros'
[0.336s] DEBUG:colcon.colcon_core.package_identification:Package 'go1_sim/go1_navigation' with type 'ros.ament_python' and name 'go1_navigation'
[0.336s] Level 1:colcon.colcon_core.package_identification:_identify(install) by extensions ['ignore', 'ignore_ament_install']
[0.336s] Level 1:colcon.colcon_core.package_identification:_identify(install) by extension 'ignore'
[0.336s] Level 1:colcon.colcon_core.package_identification:_identify(install) ignored
[0.337s] Level 1:colcon.colcon_core.package_identification:_identify(log) by extensions ['ignore', 'ignore_ament_install']
[0.337s] Level 1:colcon.colcon_core.package_identification:_identify(log) by extension 'ignore'
[0.337s] Level 1:colcon.colcon_core.package_identification:_identify(log) ignored
[0.337s] Level 1:colcon.colcon_core.package_identification:_identify(robotic_control) by extensions ['ignore', 'ignore_ament_install']
[0.337s] Level 1:colcon.colcon_core.package_identification:_identify(robotic_control) by extension 'ignore'
[0.337s] Level 1:colcon.colcon_core.package_identification:_identify(robotic_control) by extension 'ignore_ament_install'
[0.337s] Level 1:colcon.colcon_core.package_identification:_identify(robotic_control) by extensions ['colcon_pkg']
[0.337s] Level 1:colcon.colcon_core.package_identification:_identify(robotic_control) by extension 'colcon_pkg'
[0.337s] Level 1:colcon.colcon_core.package_identification:_identify(robotic_control) by extensions ['colcon_meta']
[0.337s] Level 1:colcon.colcon_core.package_identification:_identify(robotic_control) by extension 'colcon_meta'
[0.337s] Level 1:colcon.colcon_core.package_identification:_identify(robotic_control) by extensions ['ros']
[0.337s] Level 1:colcon.colcon_core.package_identification:_identify(robotic_control) by extension 'ros'
[0.338s] DEBUG:colcon.colcon_core.package_identification:Package 'robotic_control' with type 'ros.ament_cmake' and name 'robotic_control'
[0.338s] Level 1:colcon.colcon_core.package_identification:_identify(ros2_unitree_legged_controller) by extensions ['ignore', 'ignore_ament_install']
[0.338s] Level 1:colcon.colcon_core.package_identification:_identify(ros2_unitree_legged_controller) by extension 'ignore'
[0.338s] Level 1:colcon.colcon_core.package_identification:_identify(ros2_unitree_legged_controller) by extension 'ignore_ament_install'
[0.339s] Level 1:colcon.colcon_core.package_identification:_identify(ros2_unitree_legged_controller) by extensions ['colcon_pkg']
[0.339s] Level 1:colcon.colcon_core.package_identification:_identify(ros2_unitree_legged_controller) by extension 'colcon_pkg'
[0.339s] Level 1:colcon.colcon_core.package_identification:_identify(ros2_unitree_legged_controller) by extensions ['colcon_meta']
[0.339s] Level 1:colcon.colcon_core.package_identification:_identify(ros2_unitree_legged_controller) by extension 'colcon_meta'
[0.339s] Level 1:colcon.colcon_core.package_identification:_identify(ros2_unitree_legged_controller) by extensions ['ros']
[0.339s] Level 1:colcon.colcon_core.package_identification:_identify(ros2_unitree_legged_controller) by extension 'ros'
[0.340s] DEBUG:colcon.colcon_core.package_identification:Package 'ros2_unitree_legged_controller' with type 'ros.ament_cmake' and name 'ros2_unitree_legged_control'
[0.340s] Level 1:colcon.colcon_core.package_identification:_identify(ros2_unitree_legged_msgs) by extensions ['ignore', 'ignore_ament_install']
[0.340s] Level 1:colcon.colcon_core.package_identification:_identify(ros2_unitree_legged_msgs) by extension 'ignore'
[0.340s] Level 1:colcon.colcon_core.package_identification:_identify(ros2_unitree_legged_msgs) by extension 'ignore_ament_install'
[0.340s] Level 1:colcon.colcon_core.package_identification:_identify(ros2_unitree_legged_msgs) by extensions ['colcon_pkg']
[0.340s] Level 1:colcon.colcon_core.package_identification:_identify(ros2_unitree_legged_msgs) by extension 'colcon_pkg'
[0.340s] Level 1:colcon.colcon_core.package_identification:_identify(ros2_unitree_legged_msgs) by extensions ['colcon_meta']
[0.340s] Level 1:colcon.colcon_core.package_identification:_identify(ros2_unitree_legged_msgs) by extension 'colcon_meta'
[0.341s] Level 1:colcon.colcon_core.package_identification:_identify(ros2_unitree_legged_msgs) by extensions ['ros']
[0.341s] Level 1:colcon.colcon_core.package_identification:_identify(ros2_unitree_legged_msgs) by extension 'ros'
[0.341s] DEBUG:colcon.colcon_core.package_identification:Package 'ros2_unitree_legged_msgs' with type 'ros.ament_cmake' and name 'ros2_unitree_legged_msgs'
[0.341s] Level 1:colcon.colcon_core.package_identification:_identify(unitree_guide2) by extensions ['ignore', 'ignore_ament_install']
[0.341s] Level 1:colcon.colcon_core.package_identification:_identify(unitree_guide2) by extension 'ignore'
[0.341s] Level 1:colcon.colcon_core.package_identification:_identify(unitree_guide2) by extension 'ignore_ament_install'
[0.341s] Level 1:colcon.colcon_core.package_identification:_identify(unitree_guide2) by extensions ['colcon_pkg']
[0.342s] Level 1:colcon.colcon_core.package_identification:_identify(unitree_guide2) by extension 'colcon_pkg'
[0.342s] Level 1:colcon.colcon_core.package_identification:_identify(unitree_guide2) by extensions ['colcon_meta']
[0.342s] Level 1:colcon.colcon_core.package_identification:_identify(unitree_guide2) by extension 'colcon_meta'
[0.342s] Level 1:colcon.colcon_core.package_identification:_identify(unitree_guide2) by extensions ['ros']
[0.342s] Level 1:colcon.colcon_core.package_identification:_identify(unitree_guide2) by extension 'ros'
[0.342s] DEBUG:colcon.colcon_core.package_identification:Package 'unitree_guide2' with type 'ros.ament_cmake' and name 'unitree_guide2'
[0.343s] Level 1:colcon.colcon_core.package_discovery:discover_packages(recursive) using defaults
[0.343s] Level 1:colcon.colcon_core.package_discovery:discover_packages(ignore) discover
[0.343s] Level 1:colcon.colcon_core.package_discovery:discover_packages(ignore) using defaults
[0.343s] Level 1:colcon.colcon_core.package_discovery:discover_packages(path) discover
[0.343s] Level 1:colcon.colcon_core.package_discovery:discover_packages(path) using defaults
[0.381s] Level 1:colcon.colcon_core.package_discovery:discover_packages(prefix_path) check parameters
[0.381s] Level 1:colcon.colcon_core.package_discovery:discover_packages(prefix_path) discover
[0.383s] DEBUG:colcon.colcon_installed_package_information.package_discovery:Found 7 installed packages in /home/giszterlab/USING/unitree_ros2_sim/install
[0.384s] DEBUG:colcon.colcon_installed_package_information.package_discovery:Found 323 installed packages in /opt/ros/humble
[0.386s] Level 1:colcon.colcon_core.package_discovery:discover_packages(prefix_path) using defaults
[0.436s] Level 5:colcon.colcon_core.verb:set package 'go1_description' build argument 'cmake_args' from command line to 'None'
[0.436s] Level 5:colcon.colcon_core.verb:set package 'go1_description' build argument 'cmake_target' from command line to 'None'
[0.436s] Level 5:colcon.colcon_core.verb:set package 'go1_description' build argument 'cmake_target_skip_unavailable' from command line to 'False'
[0.436s] Level 5:colcon.colcon_core.verb:set package 'go1_description' build argument 'cmake_clean_cache' from command line to 'False'
[0.436s] Level 5:colcon.colcon_core.verb:set package 'go1_description' build argument 'cmake_clean_first' from command line to 'False'
[0.436s] Level 5:colcon.colcon_core.verb:set package 'go1_description' build argument 'cmake_force_configure' from command line to 'False'
[0.436s] Level 5:colcon.colcon_core.verb:set package 'go1_description' build argument 'ament_cmake_args' from command line to 'None'
[0.436s] Level 5:colcon.colcon_core.verb:set package 'go1_description' build argument 'catkin_cmake_args' from command line to 'None'
[0.436s] Level 5:colcon.colcon_core.verb:set package 'go1_description' build argument 'catkin_skip_building_tests' from command line to 'False'
[0.436s] DEBUG:colcon.colcon_core.verb:Building package 'go1_description' with the following arguments: {'ament_cmake_args': None, 'build_base': '/home/giszterlab/USING/unitree_ros2_sim/build/go1_description', 'catkin_cmake_args': None, 'catkin_skip_building_tests': False, 'cmake_args': None, 'cmake_clean_cache': False, 'cmake_clean_first': False, 'cmake_force_configure': False, 'cmake_target': None, 'cmake_target_skip_unavailable': False, 'install_base': '/home/giszterlab/USING/unitree_ros2_sim/install/go1_description', 'merge_install': False, 'path': '/home/giszterlab/USING/unitree_ros2_sim/go1_sim/go1_description', 'symlink_install': False, 'test_result_base': None}
[0.437s] Level 5:colcon.colcon_core.verb:set package 'go1_gazebo' build argument 'cmake_args' from command line to 'None'
[0.437s] Level 5:colcon.colcon_core.verb:set package 'go1_gazebo' build argument 'cmake_target' from command line to 'None'
[0.437s] Level 5:colcon.colcon_core.verb:set package 'go1_gazebo' build argument 'cmake_target_skip_unavailable' from command line to 'False'
[0.437s] Level 5:colcon.colcon_core.verb:set package 'go1_gazebo' build argument 'cmake_clean_cache' from command line to 'False'
[0.437s] Level 5:colcon.colcon_core.verb:set package 'go1_gazebo' build argument 'cmake_clean_first' from command line to 'False'
[0.437s] Level 5:colcon.colcon_core.verb:set package 'go1_gazebo' build argument 'cmake_force_configure' from command line to 'False'
[0.437s] Level 5:colcon.colcon_core.verb:set package 'go1_gazebo' build argument 'ament_cmake_args' from command line to 'None'
[0.437s] Level 5:colcon.colcon_core.verb:set package 'go1_gazebo' build argument 'catkin_cmake_args' from command line to 'None'
[0.437s] Level 5:colcon.colcon_core.verb:set package 'go1_gazebo' build argument 'catkin_skip_building_tests' from command line to 'False'
[0.437s] DEBUG:colcon.colcon_core.verb:Building package 'go1_gazebo' with the following arguments: {'ament_cmake_args': None, 'build_base': '/home/giszterlab/USING/unitree_ros2_sim/build/go1_gazebo', 'catkin_cmake_args': None, 'catkin_skip_building_tests': False, 'cmake_args': None, 'cmake_clean_cache': False, 'cmake_clean_first': False, 'cmake_force_configure': False, 'cmake_target': None, 'cmake_target_skip_unavailable': False, 'install_base': '/home/giszterlab/USING/unitree_ros2_sim/install/go1_gazebo', 'merge_install': False, 'path': '/home/giszterlab/USING/unitree_ros2_sim/go1_sim/go1_gazebo', 'symlink_install': False, 'test_result_base': None}
[0.438s] Level 5:colcon.colcon_core.verb:set package 'go1_navigation' build argument 'cmake_args' from command line to 'None'
[0.438s] Level 5:colcon.colcon_core.verb:set package 'go1_navigation' build argument 'cmake_target' from command line to 'None'
[0.438s] Level 5:colcon.colcon_core.verb:set package 'go1_navigation' build argument 'cmake_target_skip_unavailable' from command line to 'False'
[0.438s] Level 5:colcon.colcon_core.verb:set package 'go1_navigation' build argument 'cmake_clean_cache' from command line to 'False'
[0.438s] Level 5:colcon.colcon_core.verb:set package 'go1_navigation' build argument 'cmake_clean_first' from command line to 'False'
[0.438s] Level 5:colcon.colcon_core.verb:set package 'go1_navigation' build argument 'cmake_force_configure' from command line to 'False'
[0.438s] Level 5:colcon.colcon_core.verb:set package 'go1_navigation' build argument 'ament_cmake_args' from command line to 'None'
[0.438s] Level 5:colcon.colcon_core.verb:set package 'go1_navigation' build argument 'catkin_cmake_args' from command line to 'None'
[0.438s] Level 5:colcon.colcon_core.verb:set package 'go1_navigation' build argument 'catkin_skip_building_tests' from command line to 'False'
[0.438s] DEBUG:colcon.colcon_core.verb:Building package 'go1_navigation' with the following arguments: {'ament_cmake_args': None, 'build_base': '/home/giszterlab/USING/unitree_ros2_sim/build/go1_navigation', 'catkin_cmake_args': None, 'catkin_skip_building_tests': False, 'cmake_args': None, 'cmake_clean_cache': False, 'cmake_clean_first': False, 'cmake_force_configure': False, 'cmake_target': None, 'cmake_target_skip_unavailable': False, 'install_base': '/home/giszterlab/USING/unitree_ros2_sim/install/go1_navigation', 'merge_install': False, 'path': '/home/giszterlab/USING/unitree_ros2_sim/go1_sim/go1_navigation', 'symlink_install': False, 'test_result_base': None}
[0.439s] Level 5:colcon.colcon_core.verb:set package 'robotic_control' build argument 'cmake_args' from command line to 'None'
[0.439s] Level 5:colcon.colcon_core.verb:set package 'robotic_control' build argument 'cmake_target' from command line to 'None'
[0.439s] Level 5:colcon.colcon_core.verb:set package 'robotic_control' build argument 'cmake_target_skip_unavailable' from command line to 'False'
[0.439s] Level 5:colcon.colcon_core.verb:set package 'robotic_control' build argument 'cmake_clean_cache' from command line to 'False'
[0.439s] Level 5:colcon.colcon_core.verb:set package 'robotic_control' build argument 'cmake_clean_first' from command line to 'False'
[0.439s] Level 5:colcon.colcon_core.verb:set package 'robotic_control' build argument 'cmake_force_configure' from command line to 'False'
[0.439s] Level 5:colcon.colcon_core.verb:set package 'robotic_control' build argument 'ament_cmake_args' from command line to 'None'
[0.439s] Level 5:colcon.colcon_core.verb:set package 'robotic_control' build argument 'catkin_cmake_args' from command line to 'None'
[0.439s] Level 5:colcon.colcon_core.verb:set package 'robotic_control' build argument 'catkin_skip_building_tests' from command line to 'False'
[0.439s] DEBUG:colcon.colcon_core.verb:Building package 'robotic_control' with the following arguments: {'ament_cmake_args': None, 'build_base': '/home/giszterlab/USING/unitree_ros2_sim/build/robotic_control', 'catkin_cmake_args': None, 'catkin_skip_building_tests': False, 'cmake_args': None, 'cmake_clean_cache': False, 'cmake_clean_first': False, 'cmake_force_configure': False, 'cmake_target': None, 'cmake_target_skip_unavailable': False, 'install_base': '/home/giszterlab/USING/unitree_ros2_sim/install/robotic_control', 'merge_install': False, 'path': '/home/giszterlab/USING/unitree_ros2_sim/robotic_control', 'symlink_install': False, 'test_result_base': None}
[0.439s] Level 5:colcon.colcon_core.verb:set package 'ros2_unitree_legged_msgs' build argument 'cmake_args' from command line to 'None'
[0.439s] Level 5:colcon.colcon_core.verb:set package 'ros2_unitree_legged_msgs' build argument 'cmake_target' from command line to 'None'
[0.439s] Level 5:colcon.colcon_core.verb:set package 'ros2_unitree_legged_msgs' build argument 'cmake_target_skip_unavailable' from command line to 'False'
[0.439s] Level 5:colcon.colcon_core.verb:set package 'ros2_unitree_legged_msgs' build argument 'cmake_clean_cache' from command line to 'False'
[0.439s] Level 5:colcon.colcon_core.verb:set package 'ros2_unitree_legged_msgs' build argument 'cmake_clean_first' from command line to 'False'
[0.439s] Level 5:colcon.colcon_core.verb:set package 'ros2_unitree_legged_msgs' build argument 'cmake_force_configure' from command line to 'False'
[0.439s] Level 5:colcon.colcon_core.verb:set package 'ros2_unitree_legged_msgs' build argument 'ament_cmake_args' from command line to 'None'
[0.439s] Level 5:colcon.colcon_core.verb:set package 'ros2_unitree_legged_msgs' build argument 'catkin_cmake_args' from command line to 'None'
[0.439s] Level 5:colcon.colcon_core.verb:set package 'ros2_unitree_legged_msgs' build argument 'catkin_skip_building_tests' from command line to 'False'
[0.440s] DEBUG:colcon.colcon_core.verb:Building package 'ros2_unitree_legged_msgs' with the following arguments: {'ament_cmake_args': None, 'build_base': '/home/giszterlab/USING/unitree_ros2_sim/build/ros2_unitree_legged_msgs', 'catkin_cmake_args': None, 'catkin_skip_building_tests': False, 'cmake_args': None, 'cmake_clean_cache': False, 'cmake_clean_first': False, 'cmake_force_configure': False, 'cmake_target': None, 'cmake_target_skip_unavailable': False, 'install_base': '/home/giszterlab/USING/unitree_ros2_sim/install/ros2_unitree_legged_msgs', 'merge_install': False, 'path': '/home/giszterlab/USING/unitree_ros2_sim/ros2_unitree_legged_msgs', 'symlink_install': False, 'test_result_base': None}
[0.440s] Level 5:colcon.colcon_core.verb:set package 'ros2_unitree_legged_control' build argument 'cmake_args' from command line to 'None'
[0.440s] Level 5:colcon.colcon_core.verb:set package 'ros2_unitree_legged_control' build argument 'cmake_target' from command line to 'None'
[0.440s] Level 5:colcon.colcon_core.verb:set package 'ros2_unitree_legged_control' build argument 'cmake_target_skip_unavailable' from command line to 'False'
[0.440s] Level 5:colcon.colcon_core.verb:set package 'ros2_unitree_legged_control' build argument 'cmake_clean_cache' from command line to 'False'
[0.440s] Level 5:colcon.colcon_core.verb:set package 'ros2_unitree_legged_control' build argument 'cmake_clean_first' from command line to 'False'
[0.440s] Level 5:colcon.colcon_core.verb:set package 'ros2_unitree_legged_control' build argument 'cmake_force_configure' from command line to 'False'
[0.440s] Level 5:colcon.colcon_core.verb:set package 'ros2_unitree_legged_control' build argument 'ament_cmake_args' from command line to 'None'
[0.440s] Level 5:colcon.colcon_core.verb:set package 'ros2_unitree_legged_control' build argument 'catkin_cmake_args' from command line to 'None'
[0.440s] Level 5:colcon.colcon_core.verb:set package 'ros2_unitree_legged_control' build argument 'catkin_skip_building_tests' from command line to 'False'
[0.440s] DEBUG:colcon.colcon_core.verb:Building package 'ros2_unitree_legged_control' with the following arguments: {'ament_cmake_args': None, 'build_base': '/home/giszterlab/USING/unitree_ros2_sim/build/ros2_unitree_legged_control', 'catkin_cmake_args': None, 'catkin_skip_building_tests': False, 'cmake_args': None, 'cmake_clean_cache': False, 'cmake_clean_first': False, 'cmake_force_configure': False, 'cmake_target': None, 'cmake_target_skip_unavailable': False, 'install_base': '/home/giszterlab/USING/unitree_ros2_sim/install/ros2_unitree_legged_control', 'merge_install': False, 'path': '/home/giszterlab/USING/unitree_ros2_sim/ros2_unitree_legged_controller', 'symlink_install': False, 'test_result_base': None}
[0.441s] Level 5:colcon.colcon_core.verb:set package 'unitree_guide2' build argument 'cmake_args' from command line to 'None'
[0.441s] Level 5:colcon.colcon_core.verb:set package 'unitree_guide2' build argument 'cmake_target' from command line to 'None'
[0.441s] Level 5:colcon.colcon_core.verb:set package 'unitree_guide2' build argument 'cmake_target_skip_unavailable' from command line to 'False'
[0.441s] Level 5:colcon.colcon_core.verb:set package 'unitree_guide2' build argument 'cmake_clean_cache' from command line to 'False'
[0.441s] Level 5:colcon.colcon_core.verb:set package 'unitree_guide2' build argument 'cmake_clean_first' from command line to 'False'
[0.441s] Level 5:colcon.colcon_core.verb:set package 'unitree_guide2' build argument 'cmake_force_configure' from command line to 'False'
[0.441s] Level 5:colcon.colcon_core.verb:set package 'unitree_guide2' build argument 'ament_cmake_args' from command line to 'None'
[0.441s] Level 5:colcon.colcon_core.verb:set package 'unitree_guide2' build argument 'catkin_cmake_args' from command line to 'None'
[0.441s] Level 5:colcon.colcon_core.verb:set package 'unitree_guide2' build argument 'catkin_skip_building_tests' from command line to 'False'
[0.441s] DEBUG:colcon.colcon_core.verb:Building package 'unitree_guide2' with the following arguments: {'ament_cmake_args': None, 'build_base': '/home/giszterlab/USING/unitree_ros2_sim/build/unitree_guide2', 'catkin_cmake_args': None, 'catkin_skip_building_tests': False, 'cmake_args': None, 'cmake_clean_cache': False, 'cmake_clean_first': False, 'cmake_force_configure': False, 'cmake_target': None, 'cmake_target_skip_unavailable': False, 'install_base': '/home/giszterlab/USING/unitree_ros2_sim/install/unitree_guide2', 'merge_install': False, 'path': '/home/giszterlab/USING/unitree_ros2_sim/unitree_guide2', 'symlink_install': False, 'test_result_base': None}
[0.441s] INFO:colcon.colcon_core.executor:Executing jobs using 'parallel' executor
[0.442s] DEBUG:colcon.colcon_parallel_executor.executor.parallel:run_until_complete
[0.443s] INFO:colcon.colcon_ros.task.ament_cmake.build:Building ROS package in '/home/giszterlab/USING/unitree_ros2_sim/ros2_unitree_legged_msgs' with build type 'ament_cmake'
[0.443s] INFO:colcon.colcon_cmake.task.cmake.build:Building CMake package in '/home/giszterlab/USING/unitree_ros2_sim/ros2_unitree_legged_msgs'
[0.445s] INFO:colcon.colcon_core.plugin_system:Skipping extension 'colcon_core.shell.bat': Not used on non-Windows systems
[0.446s] INFO:colcon.colcon_core.shell:Skip shell extension 'powershell' for command environment: Not usable outside of PowerShell
[0.446s] DEBUG:colcon.colcon_core.shell:Skip shell extension 'dsv' for command environment
[0.450s] INFO:colcon.colcon_ros.task.ament_cmake.build:Building ROS package in '/home/giszterlab/USING/unitree_ros2_sim/go1_sim/go1_description' with build type 'ament_cmake'
[0.450s] INFO:colcon.colcon_cmake.task.cmake.build:Building CMake package in '/home/giszterlab/USING/unitree_ros2_sim/go1_sim/go1_description'
[0.450s] INFO:colcon.colcon_core.shell:Skip shell extension 'powershell' for command environment: Not usable outside of PowerShell
[0.450s] DEBUG:colcon.colcon_core.shell:Skip shell extension 'dsv' for command environment
[0.454s] INFO:colcon.colcon_ros.task.ament_cmake.build:Building ROS package in '/home/giszterlab/USING/unitree_ros2_sim/go1_sim/go1_gazebo' with build type 'ament_cmake'
[0.454s] INFO:colcon.colcon_cmake.task.cmake.build:Building CMake package in '/home/giszterlab/USING/unitree_ros2_sim/go1_sim/go1_gazebo'
[0.455s] INFO:colcon.colcon_core.shell:Skip shell extension 'powershell' for command environment: Not usable outside of PowerShell
[0.455s] DEBUG:colcon.colcon_core.shell:Skip shell extension 'dsv' for command environment
[0.458s] INFO:colcon.colcon_ros.task.ament_python.build:Building ROS package in '/home/giszterlab/USING/unitree_ros2_sim/go1_sim/go1_navigation' with build type 'ament_python'
[0.459s] Level 1:colcon.colcon_core.shell:create_environment_hook('go1_navigation', 'ament_prefix_path')
[0.459s] INFO:colcon.colcon_core.shell:Creating environment hook '/home/giszterlab/USING/unitree_ros2_sim/install/go1_navigation/share/go1_navigation/hook/ament_prefix_path.ps1'
[0.460s] INFO:colcon.colcon_core.shell:Creating environment descriptor '/home/giszterlab/USING/unitree_ros2_sim/install/go1_navigation/share/go1_navigation/hook/ament_prefix_path.dsv'
[0.460s] INFO:colcon.colcon_core.shell:Creating environment hook '/home/giszterlab/USING/unitree_ros2_sim/install/go1_navigation/share/go1_navigation/hook/ament_prefix_path.sh'
[0.461s] INFO:colcon.colcon_core.shell:Skip shell extension 'powershell' for command environment: Not usable outside of PowerShell
[0.461s] DEBUG:colcon.colcon_core.shell:Skip shell extension 'dsv' for command environment
[0.465s] INFO:colcon.colcon_ros.task.ament_cmake.build:Building ROS package in '/home/giszterlab/USING/unitree_ros2_sim/robotic_control' with build type 'ament_cmake'
[0.465s] INFO:colcon.colcon_cmake.task.cmake.build:Building CMake package in '/home/giszterlab/USING/unitree_ros2_sim/robotic_control'
[0.465s] INFO:colcon.colcon_core.shell:Skip shell extension 'powershell' for command environment: Not usable outside of PowerShell
[0.465s] DEBUG:colcon.colcon_core.shell:Skip shell extension 'dsv' for command environment
[0.475s] DEBUG:colcon.colcon_core.event_handler.log_command:Invoking command in '/home/giszterlab/USING/unitree_ros2_sim/build/ros2_unitree_legged_msgs': CMAKE_PREFIX_PATH=${CMAKE_PREFIX_PATH}:/home/giszterlab/USING/unitree_ros2_sim/install/go1_navigation:/opt/ros/humble /usr/bin/cmake --build /home/giszterlab/USING/unitree_ros2_sim/build/ros2_unitree_legged_msgs -- -j8 -l8
[0.478s] DEBUG:colcon.colcon_core.event_handler.log_command:Invoking command in '/home/giszterlab/USING/unitree_ros2_sim/build/go1_description': CMAKE_PREFIX_PATH=${CMAKE_PREFIX_PATH}:/home/giszterlab/USING/unitree_ros2_sim/install/go1_navigation:/opt/ros/humble /usr/bin/cmake --build /home/giszterlab/USING/unitree_ros2_sim/build/go1_description -- -j8 -l8
[0.482s] DEBUG:colcon.colcon_core.event_handler.log_command:Invoking command in '/home/giszterlab/USING/unitree_ros2_sim/build/go1_gazebo': CMAKE_PREFIX_PATH=${CMAKE_PREFIX_PATH}:/home/giszterlab/USING/unitree_ros2_sim/install/go1_navigation:/opt/ros/humble /usr/bin/cmake --build /home/giszterlab/USING/unitree_ros2_sim/build/go1_gazebo -- -j8 -l8
[0.791s] INFO:colcon.colcon_core.task.python.build:Building Python package in '/home/giszterlab/USING/unitree_ros2_sim/go1_sim/go1_navigation'
[0.791s] INFO:colcon.colcon_core.shell:Skip shell extension 'powershell' for command environment: Not usable outside of PowerShell
[0.791s] DEBUG:colcon.colcon_core.shell:Skip shell extension 'dsv' for command environment
[0.803s] DEBUG:colcon.colcon_core.event_handler.log_command:Invoking command in '/home/giszterlab/USING/unitree_ros2_sim/build/robotic_control': CMAKE_PREFIX_PATH=${CMAKE_PREFIX_PATH}:/home/giszterlab/USING/unitree_ros2_sim/install/go1_navigation:/opt/ros/humble /usr/bin/cmake --build /home/giszterlab/USING/unitree_ros2_sim/build/robotic_control -- -j8 -l8
[0.803s] DEBUG:colcon.colcon_core.event_handler.log_command:Invoked command in '/home/giszterlab/USING/unitree_ros2_sim/build/go1_description' returned '0': CMAKE_PREFIX_PATH=${CMAKE_PREFIX_PATH}:/home/giszterlab/USING/unitree_ros2_sim/install/go1_navigation:/opt/ros/humble /usr/bin/cmake --build /home/giszterlab/USING/unitree_ros2_sim/build/go1_description -- -j8 -l8
[0.812s] DEBUG:colcon.colcon_core.event_handler.log_command:Invoking command in '/home/giszterlab/USING/unitree_ros2_sim/build/go1_description': CMAKE_PREFIX_PATH=${CMAKE_PREFIX_PATH}:/home/giszterlab/USING/unitree_ros2_sim/install/go1_navigation:/opt/ros/humble /usr/bin/cmake --install /home/giszterlab/USING/unitree_ros2_sim/build/go1_description
[0.813s] DEBUG:colcon.colcon_core.event_handler.log_command:Invoked command in '/home/giszterlab/USING/unitree_ros2_sim/build/go1_gazebo' returned '0': CMAKE_PREFIX_PATH=${CMAKE_PREFIX_PATH}:/home/giszterlab/USING/unitree_ros2_sim/install/go1_navigation:/opt/ros/humble /usr/bin/cmake --build /home/giszterlab/USING/unitree_ros2_sim/build/go1_gazebo -- -j8 -l8
[0.815s] DEBUG:colcon.colcon_core.event_handler.log_command:Invoking command in '/home/giszterlab/USING/unitree_ros2_sim/build/go1_gazebo': CMAKE_PREFIX_PATH=${CMAKE_PREFIX_PATH}:/home/giszterlab/USING/unitree_ros2_sim/install/go1_navigation:/opt/ros/humble /usr/bin/cmake --install /home/giszterlab/USING/unitree_ros2_sim/build/go1_gazebo
[0.824s] Level 1:colcon.colcon_core.environment:create_environment_scripts_only(go1_description)
[0.829s] DEBUG:colcon.colcon_core.event_handler.log_command:Invoked command in '/home/giszterlab/USING/unitree_ros2_sim/build/go1_description' returned '0': CMAKE_PREFIX_PATH=${CMAKE_PREFIX_PATH}:/home/giszterlab/USING/unitree_ros2_sim/install/go1_navigation:/opt/ros/humble /usr/bin/cmake --install /home/giszterlab/USING/unitree_ros2_sim/build/go1_description
[0.832s] Level 1:colcon.colcon_core.environment:checking '/home/giszterlab/USING/unitree_ros2_sim/install/go1_description' for CMake module files
[0.833s] Level 1:colcon.colcon_core.environment:checking '/home/giszterlab/USING/unitree_ros2_sim/install/go1_description' for CMake config files
[0.834s] Level 1:colcon.colcon_core.shell:create_environment_hook('go1_description', 'cmake_prefix_path')
[0.835s] INFO:colcon.colcon_core.shell:Creating environment hook '/home/giszterlab/USING/unitree_ros2_sim/install/go1_description/share/go1_description/hook/cmake_prefix_path.ps1'
[0.836s] INFO:colcon.colcon_core.shell:Creating environment descriptor '/home/giszterlab/USING/unitree_ros2_sim/install/go1_description/share/go1_description/hook/cmake_prefix_path.dsv'
[0.837s] INFO:colcon.colcon_core.shell:Creating environment hook '/home/giszterlab/USING/unitree_ros2_sim/install/go1_description/share/go1_description/hook/cmake_prefix_path.sh'
[0.839s] Level 1:colcon.colcon_core.environment:checking '/home/giszterlab/USING/unitree_ros2_sim/install/go1_description/bin'
[0.839s] Level 1:colcon.colcon_core.environment:checking '/home/giszterlab/USING/unitree_ros2_sim/install/go1_description/lib/pkgconfig/go1_description.pc'
[0.840s] Level 1:colcon.colcon_core.environment:checking '/home/giszterlab/USING/unitree_ros2_sim/install/go1_description/lib/python3.10/site-packages'
[0.840s] Level 1:colcon.colcon_core.environment:checking '/home/giszterlab/USING/unitree_ros2_sim/install/go1_description/bin'
[0.841s] INFO:colcon.colcon_core.shell:Creating package script '/home/giszterlab/USING/unitree_ros2_sim/install/go1_description/share/go1_description/package.ps1'
[0.842s] INFO:colcon.colcon_core.shell:Creating package descriptor '/home/giszterlab/USING/unitree_ros2_sim/install/go1_description/share/go1_description/package.dsv'
[0.843s] INFO:colcon.colcon_core.shell:Creating package script '/home/giszterlab/USING/unitree_ros2_sim/install/go1_description/share/go1_description/package.sh'
[0.844s] INFO:colcon.colcon_core.shell:Creating package script '/home/giszterlab/USING/unitree_ros2_sim/install/go1_description/share/go1_description/package.bash'
[0.846s] INFO:colcon.colcon_core.shell:Creating package script '/home/giszterlab/USING/unitree_ros2_sim/install/go1_description/share/go1_description/package.zsh'
[0.847s] Level 1:colcon.colcon_core.environment:create_file_with_runtime_dependencies(/home/giszterlab/USING/unitree_ros2_sim/install/go1_description/share/colcon-core/packages/go1_description)
[0.848s] Level 1:colcon.colcon_core.environment:create_environment_scripts_only(go1_description)
[0.848s] Level 1:colcon.colcon_core.environment:checking '/home/giszterlab/USING/unitree_ros2_sim/install/go1_description' for CMake module files
[0.849s] Level 1:colcon.colcon_core.environment:checking '/home/giszterlab/USING/unitree_ros2_sim/install/go1_description' for CMake config files
[0.849s] Level 1:colcon.colcon_core.shell:create_environment_hook('go1_description', 'cmake_prefix_path')
[0.850s] INFO:colcon.colcon_core.shell:Creating environment hook '/home/giszterlab/USING/unitree_ros2_sim/install/go1_description/share/go1_description/hook/cmake_prefix_path.ps1'
[0.850s] INFO:colcon.colcon_core.shell:Creating environment descriptor '/home/giszterlab/USING/unitree_ros2_sim/install/go1_description/share/go1_description/hook/cmake_prefix_path.dsv'
[0.851s] INFO:colcon.colcon_core.shell:Creating environment hook '/home/giszterlab/USING/unitree_ros2_sim/install/go1_description/share/go1_description/hook/cmake_prefix_path.sh'
[0.852s] Level 1:colcon.colcon_core.environment:checking '/home/giszterlab/USING/unitree_ros2_sim/install/go1_description/bin'
[0.852s] Level 1:colcon.colcon_core.environment:checking '/home/giszterlab/USING/unitree_ros2_sim/install/go1_description/lib/pkgconfig/go1_description.pc'
[0.852s] Level 1:colcon.colcon_core.environment:checking '/home/giszterlab/USING/unitree_ros2_sim/install/go1_description/lib/python3.10/site-packages'
[0.852s] Level 1:colcon.colcon_core.environment:checking '/home/giszterlab/USING/unitree_ros2_sim/install/go1_description/bin'
[0.853s] INFO:colcon.colcon_core.shell:Creating package script '/home/giszterlab/USING/unitree_ros2_sim/install/go1_description/share/go1_description/package.ps1'
[0.854s] INFO:colcon.colcon_core.shell:Creating package descriptor '/home/giszterlab/USING/unitree_ros2_sim/install/go1_description/share/go1_description/package.dsv'
[0.854s] INFO:colcon.colcon_core.shell:Creating package script '/home/giszterlab/USING/unitree_ros2_sim/install/go1_description/share/go1_description/package.sh'
[0.855s] INFO:colcon.colcon_core.shell:Creating package script '/home/giszterlab/USING/unitree_ros2_sim/install/go1_description/share/go1_description/package.bash'
[0.856s] INFO:colcon.colcon_core.shell:Creating package script '/home/giszterlab/USING/unitree_ros2_sim/install/go1_description/share/go1_description/package.zsh'
[0.856s] Level 1:colcon.colcon_core.environment:create_file_with_runtime_dependencies(/home/giszterlab/USING/unitree_ros2_sim/install/go1_description/share/colcon-core/packages/go1_description)
[0.859s] Level 1:colcon.colcon_core.environment:create_environment_scripts_only(go1_gazebo)
[0.860s] DEBUG:colcon.colcon_core.event_handler.log_command:Invoked command in '/home/giszterlab/USING/unitree_ros2_sim/build/go1_gazebo' returned '0': CMAKE_PREFIX_PATH=${CMAKE_PREFIX_PATH}:/home/giszterlab/USING/unitree_ros2_sim/install/go1_navigation:/opt/ros/humble /usr/bin/cmake --install /home/giszterlab/USING/unitree_ros2_sim/build/go1_gazebo
[0.860s] Level 1:colcon.colcon_core.environment:checking '/home/giszterlab/USING/unitree_ros2_sim/install/go1_gazebo' for CMake module files
[0.861s] Level 1:colcon.colcon_core.environment:checking '/home/giszterlab/USING/unitree_ros2_sim/install/go1_gazebo' for CMake config files
[0.861s] Level 1:colcon.colcon_core.shell:create_environment_hook('go1_gazebo', 'cmake_prefix_path')
[0.861s] INFO:colcon.colcon_core.shell:Creating environment hook '/home/giszterlab/USING/unitree_ros2_sim/install/go1_gazebo/share/go1_gazebo/hook/cmake_prefix_path.ps1'
[0.862s] INFO:colcon.colcon_core.shell:Creating environment descriptor '/home/giszterlab/USING/unitree_ros2_sim/install/go1_gazebo/share/go1_gazebo/hook/cmake_prefix_path.dsv'
[0.862s] INFO:colcon.colcon_core.shell:Creating environment hook '/home/giszterlab/USING/unitree_ros2_sim/install/go1_gazebo/share/go1_gazebo/hook/cmake_prefix_path.sh'
[0.863s] Level 1:colcon.colcon_core.environment:checking '/home/giszterlab/USING/unitree_ros2_sim/install/go1_gazebo/bin'
[0.863s] Level 1:colcon.colcon_core.environment:checking '/home/giszterlab/USING/unitree_ros2_sim/install/go1_gazebo/lib/pkgconfig/go1_gazebo.pc'
[0.863s] Level 1:colcon.colcon_core.environment:checking '/home/giszterlab/USING/unitree_ros2_sim/install/go1_gazebo/lib/python3.10/site-packages'
[0.864s] Level 1:colcon.colcon_core.environment:checking '/home/giszterlab/USING/unitree_ros2_sim/install/go1_gazebo/bin'
[0.864s] INFO:colcon.colcon_core.shell:Creating package script '/home/giszterlab/USING/unitree_ros2_sim/install/go1_gazebo/share/go1_gazebo/package.ps1'
[0.864s] INFO:colcon.colcon_core.shell:Creating package descriptor '/home/giszterlab/USING/unitree_ros2_sim/install/go1_gazebo/share/go1_gazebo/package.dsv'
[0.865s] INFO:colcon.colcon_core.shell:Creating package script '/home/giszterlab/USING/unitree_ros2_sim/install/go1_gazebo/share/go1_gazebo/package.sh'
[0.865s] INFO:colcon.colcon_core.shell:Creating package script '/home/giszterlab/USING/unitree_ros2_sim/install/go1_gazebo/share/go1_gazebo/package.bash'
[0.865s] INFO:colcon.colcon_core.shell:Creating package script '/home/giszterlab/USING/unitree_ros2_sim/install/go1_gazebo/share/go1_gazebo/package.zsh'
[0.866s] Level 1:colcon.colcon_core.environment:create_file_with_runtime_dependencies(/home/giszterlab/USING/unitree_ros2_sim/install/go1_gazebo/share/colcon-core/packages/go1_gazebo)
[0.866s] Level 1:colcon.colcon_core.environment:create_environment_scripts_only(go1_gazebo)
[0.867s] Level 1:colcon.colcon_core.environment:checking '/home/giszterlab/USING/unitree_ros2_sim/install/go1_gazebo' for CMake module files
[0.867s] Level 1:colcon.colcon_core.environment:checking '/home/giszterlab/USING/unitree_ros2_sim/install/go1_gazebo' for CMake config files
[0.867s] Level 1:colcon.colcon_core.shell:create_environment_hook('go1_gazebo', 'cmake_prefix_path')
[0.867s] INFO:colcon.colcon_core.shell:Creating environment hook '/home/giszterlab/USING/unitree_ros2_sim/install/go1_gazebo/share/go1_gazebo/hook/cmake_prefix_path.ps1'
[0.868s] INFO:colcon.colcon_core.shell:Creating environment descriptor '/home/giszterlab/USING/unitree_ros2_sim/install/go1_gazebo/share/go1_gazebo/hook/cmake_prefix_path.dsv'
[0.869s] INFO:colcon.colcon_core.shell:Creating environment hook '/home/giszterlab/USING/unitree_ros2_sim/install/go1_gazebo/share/go1_gazebo/hook/cmake_prefix_path.sh'
[0.870s] Level 1:colcon.colcon_core.environment:checking '/home/giszterlab/USING/unitree_ros2_sim/install/go1_gazebo/bin'
[0.870s] Level 1:colcon.colcon_core.environment:checking '/home/giszterlab/USING/unitree_ros2_sim/install/go1_gazebo/lib/pkgconfig/go1_gazebo.pc'
[0.871s] Level 1:colcon.colcon_core.environment:checking '/home/giszterlab/USING/unitree_ros2_sim/install/go1_gazebo/lib/python3.10/site-packages'
[0.871s] Level 1:colcon.colcon_core.environment:checking '/home/giszterlab/USING/unitree_ros2_sim/install/go1_gazebo/bin'
[0.872s] INFO:colcon.colcon_core.shell:Creating package script '/home/giszterlab/USING/unitree_ros2_sim/install/go1_gazebo/share/go1_gazebo/package.ps1'
[0.873s] INFO:colcon.colcon_core.shell:Creating package descriptor '/home/giszterlab/USING/unitree_ros2_sim/install/go1_gazebo/share/go1_gazebo/package.dsv'
[0.874s] INFO:colcon.colcon_core.shell:Creating package script '/home/giszterlab/USING/unitree_ros2_sim/install/go1_gazebo/share/go1_gazebo/package.sh'
[0.875s] INFO:colcon.colcon_core.shell:Creating package script '/home/giszterlab/USING/unitree_ros2_sim/install/go1_gazebo/share/go1_gazebo/package.bash'
[0.876s] INFO:colcon.colcon_core.shell:Creating package script '/home/giszterlab/USING/unitree_ros2_sim/install/go1_gazebo/share/go1_gazebo/package.zsh'
[0.877s] Level 1:colcon.colcon_core.environment:create_file_with_runtime_dependencies(/home/giszterlab/USING/unitree_ros2_sim/install/go1_gazebo/share/colcon-core/packages/go1_gazebo)
[0.891s] DEBUG:colcon.colcon_core.event_handler.log_command:Invoked command in '/home/giszterlab/USING/unitree_ros2_sim/build/robotic_control' returned '0': CMAKE_PREFIX_PATH=${CMAKE_PREFIX_PATH}:/home/giszterlab/USING/unitree_ros2_sim/install/go1_navigation:/opt/ros/humble /usr/bin/cmake --build /home/giszterlab/USING/unitree_ros2_sim/build/robotic_control -- -j8 -l8
[0.893s] DEBUG:colcon.colcon_core.event_handler.log_command:Invoking command in '/home/giszterlab/USING/unitree_ros2_sim/build/robotic_control': CMAKE_PREFIX_PATH=${CMAKE_PREFIX_PATH}:/home/giszterlab/USING/unitree_ros2_sim/install/go1_navigation:/opt/ros/humble /usr/bin/cmake --install /home/giszterlab/USING/unitree_ros2_sim/build/robotic_control
[0.903s] Level 1:colcon.colcon_core.environment:create_environment_scripts_only(robotic_control)
[0.904s] Level 1:colcon.colcon_core.environment:checking '/home/giszterlab/USING/unitree_ros2_sim/install/robotic_control' for CMake module files
[0.905s] DEBUG:colcon.colcon_core.event_handler.log_command:Invoked command in '/home/giszterlab/USING/unitree_ros2_sim/build/robotic_control' returned '0': CMAKE_PREFIX_PATH=${CMAKE_PREFIX_PATH}:/home/giszterlab/USING/unitree_ros2_sim/install/go1_navigation:/opt/ros/humble /usr/bin/cmake --install /home/giszterlab/USING/unitree_ros2_sim/build/robotic_control
[0.905s] Level 1:colcon.colcon_core.environment:checking '/home/giszterlab/USING/unitree_ros2_sim/install/robotic_control' for CMake config files
[0.906s] Level 1:colcon.colcon_core.shell:create_environment_hook('robotic_control', 'cmake_prefix_path')
[0.906s] INFO:colcon.colcon_core.shell:Creating environment hook '/home/giszterlab/USING/unitree_ros2_sim/install/robotic_control/share/robotic_control/hook/cmake_prefix_path.ps1'
[0.907s] INFO:colcon.colcon_core.shell:Creating environment descriptor '/home/giszterlab/USING/unitree_ros2_sim/install/robotic_control/share/robotic_control/hook/cmake_prefix_path.dsv'
[0.907s] INFO:colcon.colcon_core.shell:Creating environment hook '/home/giszterlab/USING/unitree_ros2_sim/install/robotic_control/share/robotic_control/hook/cmake_prefix_path.sh'
[0.908s] Level 1:colcon.colcon_core.environment:checking '/home/giszterlab/USING/unitree_ros2_sim/install/robotic_control/lib'
[0.909s] Level 1:colcon.colcon_core.environment:checking '/home/giszterlab/USING/unitree_ros2_sim/install/robotic_control/bin'
[0.909s] Level 1:colcon.colcon_core.environment:checking '/home/giszterlab/USING/unitree_ros2_sim/install/robotic_control/lib/pkgconfig/robotic_control.pc'
[0.909s] Level 1:colcon.colcon_core.environment:checking '/home/giszterlab/USING/unitree_ros2_sim/install/robotic_control/lib/python3.10/site-packages'
[0.909s] Level 1:colcon.colcon_core.environment:checking '/home/giszterlab/USING/unitree_ros2_sim/install/robotic_control/bin'
[0.910s] INFO:colcon.colcon_core.shell:Creating package script '/home/giszterlab/USING/unitree_ros2_sim/install/robotic_control/share/robotic_control/package.ps1'
[0.911s] INFO:colcon.colcon_core.shell:Creating package descriptor '/home/giszterlab/USING/unitree_ros2_sim/install/robotic_control/share/robotic_control/package.dsv'
[0.911s] INFO:colcon.colcon_core.shell:Creating package script '/home/giszterlab/USING/unitree_ros2_sim/install/robotic_control/share/robotic_control/package.sh'
[0.911s] INFO:colcon.colcon_core.shell:Creating package script '/home/giszterlab/USING/unitree_ros2_sim/install/robotic_control/share/robotic_control/package.bash'
[0.912s] INFO:colcon.colcon_core.shell:Creating package script '/home/giszterlab/USING/unitree_ros2_sim/install/robotic_control/share/robotic_control/package.zsh'
[0.912s] Level 1:colcon.colcon_core.environment:create_file_with_runtime_dependencies(/home/giszterlab/USING/unitree_ros2_sim/install/robotic_control/share/colcon-core/packages/robotic_control)
[0.913s] Level 1:colcon.colcon_core.environment:create_environment_scripts_only(robotic_control)
[0.913s] Level 1:colcon.colcon_core.environment:checking '/home/giszterlab/USING/unitree_ros2_sim/install/robotic_control' for CMake module files
[0.913s] Level 1:colcon.colcon_core.environment:checking '/home/giszterlab/USING/unitree_ros2_sim/install/robotic_control' for CMake config files
[0.914s] Level 1:colcon.colcon_core.shell:create_environment_hook('robotic_control', 'cmake_prefix_path')
[0.914s] INFO:colcon.colcon_core.shell:Creating environment hook '/home/giszterlab/USING/unitree_ros2_sim/install/robotic_control/share/robotic_control/hook/cmake_prefix_path.ps1'
[0.914s] INFO:colcon.colcon_core.shell:Creating environment descriptor '/home/giszterlab/USING/unitree_ros2_sim/install/robotic_control/share/robotic_control/hook/cmake_prefix_path.dsv'
[0.915s] INFO:colcon.colcon_core.shell:Creating environment hook '/home/giszterlab/USING/unitree_ros2_sim/install/robotic_control/share/robotic_control/hook/cmake_prefix_path.sh'
[0.915s] Level 1:colcon.colcon_core.environment:checking '/home/giszterlab/USING/unitree_ros2_sim/install/robotic_control/lib'
[0.915s] Level 1:colcon.colcon_core.environment:checking '/home/giszterlab/USING/unitree_ros2_sim/install/robotic_control/bin'
[0.915s] Level 1:colcon.colcon_core.environment:checking '/home/giszterlab/USING/unitree_ros2_sim/install/robotic_control/lib/pkgconfig/robotic_control.pc'
[0.916s] Level 1:colcon.colcon_core.environment:checking '/home/giszterlab/USING/unitree_ros2_sim/install/robotic_control/lib/python3.10/site-packages'
[0.916s] Level 1:colcon.colcon_core.environment:checking '/home/giszterlab/USING/unitree_ros2_sim/install/robotic_control/bin'
[0.916s] INFO:colcon.colcon_core.shell:Creating package script '/home/giszterlab/USING/unitree_ros2_sim/install/robotic_control/share/robotic_control/package.ps1'
[0.917s] INFO:colcon.colcon_core.shell:Creating package descriptor '/home/giszterlab/USING/unitree_ros2_sim/install/robotic_control/share/robotic_control/package.dsv'
[0.917s] INFO:colcon.colcon_core.shell:Creating package script '/home/giszterlab/USING/unitree_ros2_sim/install/robotic_control/share/robotic_control/package.sh'
[0.917s] INFO:colcon.colcon_core.shell:Creating package script '/home/giszterlab/USING/unitree_ros2_sim/install/robotic_control/share/robotic_control/package.bash'
[0.918s] INFO:colcon.colcon_core.shell:Creating package script '/home/giszterlab/USING/unitree_ros2_sim/install/robotic_control/share/robotic_control/package.zsh'
[0.918s] Level 1:colcon.colcon_core.environment:create_file_with_runtime_dependencies(/home/giszterlab/USING/unitree_ros2_sim/install/robotic_control/share/colcon-core/packages/robotic_control)
[0.924s] DEBUG:colcon.colcon_core.event_handler.log_command:Invoked command in '/home/giszterlab/USING/unitree_ros2_sim/build/ros2_unitree_legged_msgs' returned '0': CMAKE_PREFIX_PATH=${CMAKE_PREFIX_PATH}:/home/giszterlab/USING/unitree_ros2_sim/install/go1_navigation:/opt/ros/humble /usr/bin/cmake --build /home/giszterlab/USING/unitree_ros2_sim/build/ros2_unitree_legged_msgs -- -j8 -l8
[0.926s] DEBUG:colcon.colcon_core.event_handler.log_command:Invoking command in '/home/giszterlab/USING/unitree_ros2_sim/build/ros2_unitree_legged_msgs': CMAKE_PREFIX_PATH=${CMAKE_PREFIX_PATH}:/home/giszterlab/USING/unitree_ros2_sim/install/go1_navigation:/opt/ros/humble /usr/bin/cmake --install /home/giszterlab/USING/unitree_ros2_sim/build/ros2_unitree_legged_msgs
[1.003s] Level 1:colcon.colcon_core.environment:create_environment_scripts_only(ros2_unitree_legged_msgs)
[1.004s] Level 1:colcon.colcon_core.environment:checking '/home/giszterlab/USING/unitree_ros2_sim/install/ros2_unitree_legged_msgs' for CMake module files
[1.004s] DEBUG:colcon.colcon_core.event_handler.log_command:Invoked command in '/home/giszterlab/USING/unitree_ros2_sim/build/ros2_unitree_legged_msgs' returned '0': CMAKE_PREFIX_PATH=${CMAKE_PREFIX_PATH}:/home/giszterlab/USING/unitree_ros2_sim/install/go1_navigation:/opt/ros/humble /usr/bin/cmake --install /home/giszterlab/USING/unitree_ros2_sim/build/ros2_unitree_legged_msgs
[1.005s] Level 1:colcon.colcon_core.environment:checking '/home/giszterlab/USING/unitree_ros2_sim/install/ros2_unitree_legged_msgs' for CMake config files
[1.005s] Level 1:colcon.colcon_core.shell:create_environment_hook('ros2_unitree_legged_msgs', 'cmake_prefix_path')
[1.006s] INFO:colcon.colcon_core.shell:Creating environment hook '/home/giszterlab/USING/unitree_ros2_sim/install/ros2_unitree_legged_msgs/share/ros2_unitree_legged_msgs/hook/cmake_prefix_path.ps1'
[1.006s] INFO:colcon.colcon_core.shell:Creating environment descriptor '/home/giszterlab/USING/unitree_ros2_sim/install/ros2_unitree_legged_msgs/share/ros2_unitree_legged_msgs/hook/cmake_prefix_path.dsv'
[1.007s] INFO:colcon.colcon_core.shell:Creating environment hook '/home/giszterlab/USING/unitree_ros2_sim/install/ros2_unitree_legged_msgs/share/ros2_unitree_legged_msgs/hook/cmake_prefix_path.sh'
[1.008s] Level 1:colcon.colcon_core.environment:checking '/home/giszterlab/USING/unitree_ros2_sim/install/ros2_unitree_legged_msgs/lib'
[1.008s] Level 1:colcon.colcon_core.shell:create_environment_hook('ros2_unitree_legged_msgs', 'ld_library_path_lib')
[1.008s] INFO:colcon.colcon_core.shell:Creating environment hook '/home/giszterlab/USING/unitree_ros2_sim/install/ros2_unitree_legged_msgs/share/ros2_unitree_legged_msgs/hook/ld_library_path_lib.ps1'
[1.009s] INFO:colcon.colcon_core.shell:Creating environment descriptor '/home/giszterlab/USING/unitree_ros2_sim/install/ros2_unitree_legged_msgs/share/ros2_unitree_legged_msgs/hook/ld_library_path_lib.dsv'
[1.009s] INFO:colcon.colcon_core.shell:Creating environment hook '/home/giszterlab/USING/unitree_ros2_sim/install/ros2_unitree_legged_msgs/share/ros2_unitree_legged_msgs/hook/ld_library_path_lib.sh'
[1.010s] Level 1:colcon.colcon_core.environment:checking '/home/giszterlab/USING/unitree_ros2_sim/install/ros2_unitree_legged_msgs/bin'
[1.010s] Level 1:colcon.colcon_core.environment:checking '/home/giszterlab/USING/unitree_ros2_sim/install/ros2_unitree_legged_msgs/lib/pkgconfig/ros2_unitree_legged_msgs.pc'
[1.010s] Level 1:colcon.colcon_core.environment:checking '/home/giszterlab/USING/unitree_ros2_sim/install/ros2_unitree_legged_msgs/lib/python3.10/site-packages'
[1.011s] Level 1:colcon.colcon_core.environment:checking '/home/giszterlab/USING/unitree_ros2_sim/install/ros2_unitree_legged_msgs/bin'
[1.011s] INFO:colcon.colcon_core.shell:Creating package script '/home/giszterlab/USING/unitree_ros2_sim/install/ros2_unitree_legged_msgs/share/ros2_unitree_legged_msgs/package.ps1'
[1.012s] INFO:colcon.colcon_core.shell:Creating package descriptor '/home/giszterlab/USING/unitree_ros2_sim/install/ros2_unitree_legged_msgs/share/ros2_unitree_legged_msgs/package.dsv'
[1.012s] INFO:colcon.colcon_core.shell:Creating package script '/home/giszterlab/USING/unitree_ros2_sim/install/ros2_unitree_legged_msgs/share/ros2_unitree_legged_msgs/package.sh'
[1.013s] INFO:colcon.colcon_core.shell:Creating package script '/home/giszterlab/USING/unitree_ros2_sim/install/ros2_unitree_legged_msgs/share/ros2_unitree_legged_msgs/package.bash'
[1.014s] INFO:colcon.colcon_core.shell:Creating package script '/home/giszterlab/USING/unitree_ros2_sim/install/ros2_unitree_legged_msgs/share/ros2_unitree_legged_msgs/package.zsh'
[1.014s] Level 1:colcon.colcon_core.environment:create_file_with_runtime_dependencies(/home/giszterlab/USING/unitree_ros2_sim/install/ros2_unitree_legged_msgs/share/colcon-core/packages/ros2_unitree_legged_msgs)
[1.015s] Level 1:colcon.colcon_core.environment:create_environment_scripts_only(ros2_unitree_legged_msgs)
[1.015s] Level 1:colcon.colcon_core.environment:checking '/home/giszterlab/USING/unitree_ros2_sim/install/ros2_unitree_legged_msgs' for CMake module files
[1.016s] Level 1:colcon.colcon_core.environment:checking '/home/giszterlab/USING/unitree_ros2_sim/install/ros2_unitree_legged_msgs' for CMake config files
[1.016s] Level 1:colcon.colcon_core.shell:create_environment_hook('ros2_unitree_legged_msgs', 'cmake_prefix_path')
[1.017s] INFO:colcon.colcon_core.shell:Creating environment hook '/home/giszterlab/USING/unitree_ros2_sim/install/ros2_unitree_legged_msgs/share/ros2_unitree_legged_msgs/hook/cmake_prefix_path.ps1'
[1.017s] INFO:colcon.colcon_core.shell:Creating environment descriptor '/home/giszterlab/USING/unitree_ros2_sim/install/ros2_unitree_legged_msgs/share/ros2_unitree_legged_msgs/hook/cmake_prefix_path.dsv'
[1.018s] INFO:colcon.colcon_core.shell:Creating environment hook '/home/giszterlab/USING/unitree_ros2_sim/install/ros2_unitree_legged_msgs/share/ros2_unitree_legged_msgs/hook/cmake_prefix_path.sh'
[1.019s] Level 1:colcon.colcon_core.environment:checking '/home/giszterlab/USING/unitree_ros2_sim/install/ros2_unitree_legged_msgs/lib'
[1.019s] Level 1:colcon.colcon_core.shell:create_environment_hook('ros2_unitree_legged_msgs', 'ld_library_path_lib')
[1.019s] INFO:colcon.colcon_core.shell:Creating environment hook '/home/giszterlab/USING/unitree_ros2_sim/install/ros2_unitree_legged_msgs/share/ros2_unitree_legged_msgs/hook/ld_library_path_lib.ps1'
[1.019s] INFO:colcon.colcon_core.shell:Creating environment descriptor '/home/giszterlab/USING/unitree_ros2_sim/install/ros2_unitree_legged_msgs/share/ros2_unitree_legged_msgs/hook/ld_library_path_lib.dsv'
[1.020s] INFO:colcon.colcon_core.shell:Creating environment hook '/home/giszterlab/USING/unitree_ros2_sim/install/ros2_unitree_legged_msgs/share/ros2_unitree_legged_msgs/hook/ld_library_path_lib.sh'
[1.021s] Level 1:colcon.colcon_core.environment:checking '/home/giszterlab/USING/unitree_ros2_sim/install/ros2_unitree_legged_msgs/bin'
[1.021s] Level 1:colcon.colcon_core.environment:checking '/home/giszterlab/USING/unitree_ros2_sim/install/ros2_unitree_legged_msgs/lib/pkgconfig/ros2_unitree_legged_msgs.pc'
[1.021s] Level 1:colcon.colcon_core.environment:checking '/home/giszterlab/USING/unitree_ros2_sim/install/ros2_unitree_legged_msgs/lib/python3.10/site-packages'
[1.022s] Level 1:colcon.colcon_core.environment:checking '/home/giszterlab/USING/unitree_ros2_sim/install/ros2_unitree_legged_msgs/bin'
[1.022s] INFO:colcon.colcon_core.shell:Creating package script '/home/giszterlab/USING/unitree_ros2_sim/install/ros2_unitree_legged_msgs/share/ros2_unitree_legged_msgs/package.ps1'
[1.023s] INFO:colcon.colcon_core.shell:Creating package descriptor '/home/giszterlab/USING/unitree_ros2_sim/install/ros2_unitree_legged_msgs/share/ros2_unitree_legged_msgs/package.dsv'
[1.024s] INFO:colcon.colcon_core.shell:Creating package script '/home/giszterlab/USING/unitree_ros2_sim/install/ros2_unitree_legged_msgs/share/ros2_unitree_legged_msgs/package.sh'
[1.024s] INFO:colcon.colcon_core.shell:Creating package script '/home/giszterlab/USING/unitree_ros2_sim/install/ros2_unitree_legged_msgs/share/ros2_unitree_legged_msgs/package.bash'
[1.025s] INFO:colcon.colcon_core.shell:Creating package script '/home/giszterlab/USING/unitree_ros2_sim/install/ros2_unitree_legged_msgs/share/ros2_unitree_legged_msgs/package.zsh'
[1.026s] Level 1:colcon.colcon_core.environment:create_file_with_runtime_dependencies(/home/giszterlab/USING/unitree_ros2_sim/install/ros2_unitree_legged_msgs/share/colcon-core/packages/ros2_unitree_legged_msgs)
[1.026s] INFO:colcon.colcon_ros.task.ament_cmake.build:Building ROS package in '/home/giszterlab/USING/unitree_ros2_sim/ros2_unitree_legged_controller' with build type 'ament_cmake'
[1.026s] INFO:colcon.colcon_cmake.task.cmake.build:Building CMake package in '/home/giszterlab/USING/unitree_ros2_sim/ros2_unitree_legged_controller'
[1.027s] INFO:colcon.colcon_core.shell:Skip shell extension 'powershell' for command environment: Not usable outside of PowerShell
[1.027s] DEBUG:colcon.colcon_core.shell:Skip shell extension 'dsv' for command environment
[1.033s] INFO:colcon.colcon_ros.task.ament_cmake.build:Building ROS package in '/home/giszterlab/USING/unitree_ros2_sim/unitree_guide2' with build type 'ament_cmake'
[1.033s] INFO:colcon.colcon_cmake.task.cmake.build:Building CMake package in '/home/giszterlab/USING/unitree_ros2_sim/unitree_guide2'
[1.034s] INFO:colcon.colcon_core.shell:Skip shell extension 'powershell' for command environment: Not usable outside of PowerShell
[1.034s] DEBUG:colcon.colcon_core.shell:Skip shell extension 'dsv' for command environment
[1.045s] DEBUG:colcon.colcon_core.event_handler.log_command:Invoking command in '/home/giszterlab/USING/unitree_ros2_sim/build/ros2_unitree_legged_control': CMAKE_PREFIX_PATH=/home/giszterlab/USING/unitree_ros2_sim/install/ros2_unitree_legged_msgs:/home/giszterlab/USING/unitree_ros2_sim/install/unitree_guide2:/home/giszterlab/USING/unitree_ros2_sim/install/ros2_unitree_legged_control:/home/giszterlab/USING/unitree_ros2_sim/install/robotic_control:/home/giszterlab/USING/unitree_ros2_sim/install/go1_gazebo:/home/giszterlab/USING/unitree_ros2_sim/install/go1_description:/usr/local:/home/giszterlab/USING/unitree_ros2_sim/install/go1_navigation:/opt/ros/humble LD_LIBRARY_PATH=/home/giszterlab/USING/unitree_ros2_sim/install/ros2_unitree_legged_msgs/lib:/home/giszterlab/USING/unitree_ros2_sim/install/ros2_unitree_legged_control/lib:/usr/lib/x86_64-linux-gnu/gazebo-11/plugins:/opt/ros/humble/opt/rviz_ogre_vendor/lib:/opt/ros/humble/lib/x86_64-linux-gnu:/opt/ros/humble/lib /usr/bin/cmake --build /home/giszterlab/USING/unitree_ros2_sim/build/ros2_unitree_legged_control -- -j8 -l8
[1.049s] DEBUG:colcon.colcon_core.event_handler.log_command:Invoking command in '/home/giszterlab/USING/unitree_ros2_sim/build/unitree_guide2': CMAKE_PREFIX_PATH=/home/giszterlab/USING/unitree_ros2_sim/install/ros2_unitree_legged_msgs:/home/giszterlab/USING/unitree_ros2_sim/install/unitree_guide2:/home/giszterlab/USING/unitree_ros2_sim/install/ros2_unitree_legged_control:/home/giszterlab/USING/unitree_ros2_sim/install/robotic_control:/home/giszterlab/USING/unitree_ros2_sim/install/go1_gazebo:/home/giszterlab/USING/unitree_ros2_sim/install/go1_description:/usr/local:/home/giszterlab/USING/unitree_ros2_sim/install/go1_navigation:/opt/ros/humble LD_LIBRARY_PATH=/home/giszterlab/USING/unitree_ros2_sim/install/ros2_unitree_legged_msgs/lib:/home/giszterlab/USING/unitree_ros2_sim/install/ros2_unitree_legged_control/lib:/usr/lib/x86_64-linux-gnu/gazebo-11/plugins:/opt/ros/humble/opt/rviz_ogre_vendor/lib:/opt/ros/humble/lib/x86_64-linux-gnu:/opt/ros/humble/lib /usr/bin/cmake --build /home/giszterlab/USING/unitree_ros2_sim/build/unitree_guide2 -- -j8 -l8
[1.138s] DEBUG:colcon.colcon_core.event_handler.log_command:Invoked command in '/home/giszterlab/USING/unitree_ros2_sim/build/ros2_unitree_legged_control' returned '0': CMAKE_PREFIX_PATH=/home/giszterlab/USING/unitree_ros2_sim/install/ros2_unitree_legged_msgs:/home/giszterlab/USING/unitree_ros2_sim/install/unitree_guide2:/home/giszterlab/USING/unitree_ros2_sim/install/ros2_unitree_legged_control:/home/giszterlab/USING/unitree_ros2_sim/install/robotic_control:/home/giszterlab/USING/unitree_ros2_sim/install/go1_gazebo:/home/giszterlab/USING/unitree_ros2_sim/install/go1_description:/usr/local:/home/giszterlab/USING/unitree_ros2_sim/install/go1_navigation:/opt/ros/humble LD_LIBRARY_PATH=/home/giszterlab/USING/unitree_ros2_sim/install/ros2_unitree_legged_msgs/lib:/home/giszterlab/USING/unitree_ros2_sim/install/ros2_unitree_legged_control/lib:/usr/lib/x86_64-linux-gnu/gazebo-11/plugins:/opt/ros/humble/opt/rviz_ogre_vendor/lib:/opt/ros/humble/lib/x86_64-linux-gnu:/opt/ros/humble/lib /usr/bin/cmake --build /home/giszterlab/USING/unitree_ros2_sim/build/ros2_unitree_legged_control -- -j8 -l8
[1.140s] DEBUG:colcon.colcon_core.event_handler.log_command:Invoking command in '/home/giszterlab/USING/unitree_ros2_sim/build/ros2_unitree_legged_control': CMAKE_PREFIX_PATH=/home/giszterlab/USING/unitree_ros2_sim/install/ros2_unitree_legged_msgs:/home/giszterlab/USING/unitree_ros2_sim/install/unitree_guide2:/home/giszterlab/USING/unitree_ros2_sim/install/ros2_unitree_legged_control:/home/giszterlab/USING/unitree_ros2_sim/install/robotic_control:/home/giszterlab/USING/unitree_ros2_sim/install/go1_gazebo:/home/giszterlab/USING/unitree_ros2_sim/install/go1_description:/usr/local:/home/giszterlab/USING/unitree_ros2_sim/install/go1_navigation:/opt/ros/humble LD_LIBRARY_PATH=/home/giszterlab/USING/unitree_ros2_sim/install/ros2_unitree_legged_msgs/lib:/home/giszterlab/USING/unitree_ros2_sim/install/ros2_unitree_legged_control/lib:/usr/lib/x86_64-linux-gnu/gazebo-11/plugins:/opt/ros/humble/opt/rviz_ogre_vendor/lib:/opt/ros/humble/lib/x86_64-linux-gnu:/opt/ros/humble/lib /usr/bin/cmake --install /home/giszterlab/USING/unitree_ros2_sim/build/ros2_unitree_legged_control
[1.153s] Level 1:colcon.colcon_core.environment:create_environment_scripts_only(ros2_unitree_legged_control)
[1.153s] Level 1:colcon.colcon_core.environment:checking '/home/giszterlab/USING/unitree_ros2_sim/install/ros2_unitree_legged_control' for CMake module files
[1.154s] DEBUG:colcon.colcon_core.event_handler.log_command:Invoked command in '/home/giszterlab/USING/unitree_ros2_sim/build/ros2_unitree_legged_control' returned '0': CMAKE_PREFIX_PATH=/home/giszterlab/USING/unitree_ros2_sim/install/ros2_unitree_legged_msgs:/home/giszterlab/USING/unitree_ros2_sim/install/unitree_guide2:/home/giszterlab/USING/unitree_ros2_sim/install/ros2_unitree_legged_control:/home/giszterlab/USING/unitree_ros2_sim/install/robotic_control:/home/giszterlab/USING/unitree_ros2_sim/install/go1_gazebo:/home/giszterlab/USING/unitree_ros2_sim/install/go1_description:/usr/local:/home/giszterlab/USING/unitree_ros2_sim/install/go1_navigation:/opt/ros/humble LD_LIBRARY_PATH=/home/giszterlab/USING/unitree_ros2_sim/install/ros2_unitree_legged_msgs/lib:/home/giszterlab/USING/unitree_ros2_sim/install/ros2_unitree_legged_control/lib:/usr/lib/x86_64-linux-gnu/gazebo-11/plugins:/opt/ros/humble/opt/rviz_ogre_vendor/lib:/opt/ros/humble/lib/x86_64-linux-gnu:/opt/ros/humble/lib /usr/bin/cmake --install /home/giszterlab/USING/unitree_ros2_sim/build/ros2_unitree_legged_control
[1.154s] Level 1:colcon.colcon_core.environment:checking '/home/giszterlab/USING/unitree_ros2_sim/install/ros2_unitree_legged_control' for CMake config files
[1.154s] Level 1:colcon.colcon_core.shell:create_environment_hook('ros2_unitree_legged_control', 'cmake_prefix_path')
[1.155s] INFO:colcon.colcon_core.shell:Creating environment hook '/home/giszterlab/USING/unitree_ros2_sim/install/ros2_unitree_legged_control/share/ros2_unitree_legged_control/hook/cmake_prefix_path.ps1'
[1.155s] INFO:colcon.colcon_core.shell:Creating environment descriptor '/home/giszterlab/USING/unitree_ros2_sim/install/ros2_unitree_legged_control/share/ros2_unitree_legged_control/hook/cmake_prefix_path.dsv'
[1.155s] INFO:colcon.colcon_core.shell:Creating environment hook '/home/giszterlab/USING/unitree_ros2_sim/install/ros2_unitree_legged_control/share/ros2_unitree_legged_control/hook/cmake_prefix_path.sh'
[1.156s] Level 1:colcon.colcon_core.environment:checking '/home/giszterlab/USING/unitree_ros2_sim/install/ros2_unitree_legged_control/lib'
[1.156s] Level 1:colcon.colcon_core.environment:checking '/home/giszterlab/USING/unitree_ros2_sim/install/ros2_unitree_legged_control/bin'
[1.156s] Level 1:colcon.colcon_core.environment:checking '/home/giszterlab/USING/unitree_ros2_sim/install/ros2_unitree_legged_control/lib/pkgconfig/ros2_unitree_legged_control.pc'
[1.157s] Level 1:colcon.colcon_core.environment:checking '/home/giszterlab/USING/unitree_ros2_sim/install/ros2_unitree_legged_control/lib/python3.10/site-packages'
[1.157s] Level 1:colcon.colcon_core.environment:checking '/home/giszterlab/USING/unitree_ros2_sim/install/ros2_unitree_legged_control/bin'
[1.157s] INFO:colcon.colcon_core.shell:Creating package script '/home/giszterlab/USING/unitree_ros2_sim/install/ros2_unitree_legged_control/share/ros2_unitree_legged_control/package.ps1'
[1.158s] INFO:colcon.colcon_core.shell:Creating package descriptor '/home/giszterlab/USING/unitree_ros2_sim/install/ros2_unitree_legged_control/share/ros2_unitree_legged_control/package.dsv'
[1.158s] INFO:colcon.colcon_core.shell:Creating package script '/home/giszterlab/USING/unitree_ros2_sim/install/ros2_unitree_legged_control/share/ros2_unitree_legged_control/package.sh'
[1.158s] INFO:colcon.colcon_core.shell:Creating package script '/home/giszterlab/USING/unitree_ros2_sim/install/ros2_unitree_legged_control/share/ros2_unitree_legged_control/package.bash'
[1.159s] INFO:colcon.colcon_core.shell:Creating package script '/home/giszterlab/USING/unitree_ros2_sim/install/ros2_unitree_legged_control/share/ros2_unitree_legged_control/package.zsh'
[1.159s] Level 1:colcon.colcon_core.environment:create_file_with_runtime_dependencies(/home/giszterlab/USING/unitree_ros2_sim/install/ros2_unitree_legged_control/share/colcon-core/packages/ros2_unitree_legged_control)
[1.160s] Level 1:colcon.colcon_core.environment:create_environment_scripts_only(ros2_unitree_legged_control)
[1.160s] Level 1:colcon.colcon_core.environment:checking '/home/giszterlab/USING/unitree_ros2_sim/install/ros2_unitree_legged_control' for CMake module files
[1.160s] Level 1:colcon.colcon_core.environment:checking '/home/giszterlab/USING/unitree_ros2_sim/install/ros2_unitree_legged_control' for CMake config files
[1.161s] Level 1:colcon.colcon_core.shell:create_environment_hook('ros2_unitree_legged_control', 'cmake_prefix_path')
[1.161s] INFO:colcon.colcon_core.shell:Creating environment hook '/home/giszterlab/USING/unitree_ros2_sim/install/ros2_unitree_legged_control/share/ros2_unitree_legged_control/hook/cmake_prefix_path.ps1'
[1.161s] INFO:colcon.colcon_core.shell:Creating environment descriptor '/home/giszterlab/USING/unitree_ros2_sim/install/ros2_unitree_legged_control/share/ros2_unitree_legged_control/hook/cmake_prefix_path.dsv'
[1.161s] INFO:colcon.colcon_core.shell:Creating environment hook '/home/giszterlab/USING/unitree_ros2_sim/install/ros2_unitree_legged_control/share/ros2_unitree_legged_control/hook/cmake_prefix_path.sh'
[1.162s] Level 1:colcon.colcon_core.environment:checking '/home/giszterlab/USING/unitree_ros2_sim/install/ros2_unitree_legged_control/lib'
[1.162s] Level 1:colcon.colcon_core.environment:checking '/home/giszterlab/USING/unitree_ros2_sim/install/ros2_unitree_legged_control/bin'
[1.162s] Level 1:colcon.colcon_core.environment:checking '/home/giszterlab/USING/unitree_ros2_sim/install/ros2_unitree_legged_control/lib/pkgconfig/ros2_unitree_legged_control.pc'
[1.162s] Level 1:colcon.colcon_core.environment:checking '/home/giszterlab/USING/unitree_ros2_sim/install/ros2_unitree_legged_control/lib/python3.10/site-packages'
[1.163s] Level 1:colcon.colcon_core.environment:checking '/home/giszterlab/USING/unitree_ros2_sim/install/ros2_unitree_legged_control/bin'
[1.163s] INFO:colcon.colcon_core.shell:Creating package script '/home/giszterlab/USING/unitree_ros2_sim/install/ros2_unitree_legged_control/share/ros2_unitree_legged_control/package.ps1'
[1.163s] INFO:colcon.colcon_core.shell:Creating package descriptor '/home/giszterlab/USING/unitree_ros2_sim/install/ros2_unitree_legged_control/share/ros2_unitree_legged_control/package.dsv'
[1.164s] INFO:colcon.colcon_core.shell:Creating package script '/home/giszterlab/USING/unitree_ros2_sim/install/ros2_unitree_legged_control/share/ros2_unitree_legged_control/package.sh'
[1.164s] INFO:colcon.colcon_core.shell:Creating package script '/home/giszterlab/USING/unitree_ros2_sim/install/ros2_unitree_legged_control/share/ros2_unitree_legged_control/package.bash'
[1.165s] INFO:colcon.colcon_core.shell:Creating package script '/home/giszterlab/USING/unitree_ros2_sim/install/ros2_unitree_legged_control/share/ros2_unitree_legged_control/package.zsh'
[1.165s] Level 1:colcon.colcon_core.environment:create_file_with_runtime_dependencies(/home/giszterlab/USING/unitree_ros2_sim/install/ros2_unitree_legged_control/share/colcon-core/packages/ros2_unitree_legged_control)
[1.241s] DEBUG:colcon.colcon_core.event_handler.log_command:Invoking command in '/home/giszterlab/USING/unitree_ros2_sim/go1_sim/go1_navigation': PYTHONPATH=/home/giszterlab/USING/unitree_ros2_sim/build/go1_navigation/prefix_override:/usr/lib/python3/dist-packages/colcon_core/task/python/colcon_distutils_commands:/home/giszterlab/USING/unitree_ros2_sim/install/go1_navigation/lib/python3.10/site-packages:${PYTHONPATH} /usr/bin/python3 -W ignore:setup.py install is deprecated -W ignore:easy_install command is deprecated setup.py egg_info --egg-base ../../build/go1_navigation build --build-base /home/giszterlab/USING/unitree_ros2_sim/build/go1_navigation/build install --record /home/giszterlab/USING/unitree_ros2_sim/build/go1_navigation/install.log --single-version-externally-managed install_data
[1.567s] Level 1:colcon.colcon_core.environment:checking '/home/giszterlab/USING/unitree_ros2_sim/install/go1_navigation' for CMake module files
[1.568s] DEBUG:colcon.colcon_core.event_handler.log_command:Invoked command in '/home/giszterlab/USING/unitree_ros2_sim/go1_sim/go1_navigation' returned '0': PYTHONPATH=/home/giszterlab/USING/unitree_ros2_sim/build/go1_navigation/prefix_override:/usr/lib/python3/dist-packages/colcon_core/task/python/colcon_distutils_commands:/home/giszterlab/USING/unitree_ros2_sim/install/go1_navigation/lib/python3.10/site-packages:${PYTHONPATH} /usr/bin/python3 -W ignore:setup.py install is deprecated -W ignore:easy_install command is deprecated setup.py egg_info --egg-base ../../build/go1_navigation build --build-base /home/giszterlab/USING/unitree_ros2_sim/build/go1_navigation/build install --record /home/giszterlab/USING/unitree_ros2_sim/build/go1_navigation/install.log --single-version-externally-managed install_data
[1.569s] Level 1:colcon.colcon_core.environment:checking '/home/giszterlab/USING/unitree_ros2_sim/install/go1_navigation' for CMake config files
[1.570s] Level 1:colcon.colcon_core.environment:checking '/home/giszterlab/USING/unitree_ros2_sim/install/go1_navigation/lib'
[1.570s] Level 1:colcon.colcon_core.environment:checking '/home/giszterlab/USING/unitree_ros2_sim/install/go1_navigation/bin'
[1.571s] Level 1:colcon.colcon_core.environment:checking '/home/giszterlab/USING/unitree_ros2_sim/install/go1_navigation/lib/pkgconfig/go1_navigation.pc'
[1.571s] Level 1:colcon.colcon_core.environment:checking '/home/giszterlab/USING/unitree_ros2_sim/install/go1_navigation/lib/python3.10/site-packages'
[1.571s] Level 1:colcon.colcon_core.shell:create_environment_hook('go1_navigation', 'pythonpath')
[1.572s] INFO:colcon.colcon_core.shell:Creating environment hook '/home/giszterlab/USING/unitree_ros2_sim/install/go1_navigation/share/go1_navigation/hook/pythonpath.ps1'
[1.574s] INFO:colcon.colcon_core.shell:Creating environment descriptor '/home/giszterlab/USING/unitree_ros2_sim/install/go1_navigation/share/go1_navigation/hook/pythonpath.dsv'
[1.575s] INFO:colcon.colcon_core.shell:Creating environment hook '/home/giszterlab/USING/unitree_ros2_sim/install/go1_navigation/share/go1_navigation/hook/pythonpath.sh'
[1.577s] Level 1:colcon.colcon_core.environment:checking '/home/giszterlab/USING/unitree_ros2_sim/install/go1_navigation/bin'
[1.577s] Level 1:colcon.colcon_core.environment:create_environment_scripts_only(go1_navigation)
[1.578s] INFO:colcon.colcon_core.shell:Creating package script '/home/giszterlab/USING/unitree_ros2_sim/install/go1_navigation/share/go1_navigation/package.ps1'
[1.579s] INFO:colcon.colcon_core.shell:Creating package descriptor '/home/giszterlab/USING/unitree_ros2_sim/install/go1_navigation/share/go1_navigation/package.dsv'
[1.581s] INFO:colcon.colcon_core.shell:Creating package script '/home/giszterlab/USING/unitree_ros2_sim/install/go1_navigation/share/go1_navigation/package.sh'
[1.582s] INFO:colcon.colcon_core.shell:Creating package script '/home/giszterlab/USING/unitree_ros2_sim/install/go1_navigation/share/go1_navigation/package.bash'
[1.583s] INFO:colcon.colcon_core.shell:Creating package script '/home/giszterlab/USING/unitree_ros2_sim/install/go1_navigation/share/go1_navigation/package.zsh'
[1.584s] Level 1:colcon.colcon_core.environment:create_file_with_runtime_dependencies(/home/giszterlab/USING/unitree_ros2_sim/install/go1_navigation/share/colcon-core/packages/go1_navigation)
[6.884s] DEBUG:colcon.colcon_core.event_handler.log_command:Invoked command in '/home/giszterlab/USING/unitree_ros2_sim/build/unitree_guide2' returned '0': CMAKE_PREFIX_PATH=/home/giszterlab/USING/unitree_ros2_sim/install/ros2_unitree_legged_msgs:/home/giszterlab/USING/unitree_ros2_sim/install/unitree_guide2:/home/giszterlab/USING/unitree_ros2_sim/install/ros2_unitree_legged_control:/home/giszterlab/USING/unitree_ros2_sim/install/robotic_control:/home/giszterlab/USING/unitree_ros2_sim/install/go1_gazebo:/home/giszterlab/USING/unitree_ros2_sim/install/go1_description:/usr/local:/home/giszterlab/USING/unitree_ros2_sim/install/go1_navigation:/opt/ros/humble LD_LIBRARY_PATH=/home/giszterlab/USING/unitree_ros2_sim/install/ros2_unitree_legged_msgs/lib:/home/giszterlab/USING/unitree_ros2_sim/install/ros2_unitree_legged_control/lib:/usr/lib/x86_64-linux-gnu/gazebo-11/plugins:/opt/ros/humble/opt/rviz_ogre_vendor/lib:/opt/ros/humble/lib/x86_64-linux-gnu:/opt/ros/humble/lib /usr/bin/cmake --build /home/giszterlab/USING/unitree_ros2_sim/build/unitree_guide2 -- -j8 -l8
[6.887s] DEBUG:colcon.colcon_core.event_handler.log_command:Invoking command in '/home/giszterlab/USING/unitree_ros2_sim/build/unitree_guide2': CMAKE_PREFIX_PATH=/home/giszterlab/USING/unitree_ros2_sim/install/ros2_unitree_legged_msgs:/home/giszterlab/USING/unitree_ros2_sim/install/unitree_guide2:/home/giszterlab/USING/unitree_ros2_sim/install/ros2_unitree_legged_control:/home/giszterlab/USING/unitree_ros2_sim/install/robotic_control:/home/giszterlab/USING/unitree_ros2_sim/install/go1_gazebo:/home/giszterlab/USING/unitree_ros2_sim/install/go1_description:/usr/local:/home/giszterlab/USING/unitree_ros2_sim/install/go1_navigation:/opt/ros/humble LD_LIBRARY_PATH=/home/giszterlab/USING/unitree_ros2_sim/install/ros2_unitree_legged_msgs/lib:/home/giszterlab/USING/unitree_ros2_sim/install/ros2_unitree_legged_control/lib:/usr/lib/x86_64-linux-gnu/gazebo-11/plugins:/opt/ros/humble/opt/rviz_ogre_vendor/lib:/opt/ros/humble/lib/x86_64-linux-gnu:/opt/ros/humble/lib /usr/bin/cmake --install /home/giszterlab/USING/unitree_ros2_sim/build/unitree_guide2
[6.911s] Level 1:colcon.colcon_core.environment:create_environment_scripts_only(unitree_guide2)
[6.912s] Level 1:colcon.colcon_core.environment:checking '/home/giszterlab/USING/unitree_ros2_sim/install/unitree_guide2' for CMake module files
[6.913s] Level 1:colcon.colcon_core.environment:checking '/home/giszterlab/USING/unitree_ros2_sim/install/unitree_guide2' for CMake config files
[6.913s] Level 1:colcon.colcon_core.shell:create_environment_hook('unitree_guide2', 'cmake_prefix_path')
[6.914s] INFO:colcon.colcon_core.shell:Creating environment hook '/home/giszterlab/USING/unitree_ros2_sim/install/unitree_guide2/share/unitree_guide2/hook/cmake_prefix_path.ps1'
[6.915s] INFO:colcon.colcon_core.shell:Creating environment descriptor '/home/giszterlab/USING/unitree_ros2_sim/install/unitree_guide2/share/unitree_guide2/hook/cmake_prefix_path.dsv'
[6.915s] INFO:colcon.colcon_core.shell:Creating environment hook '/home/giszterlab/USING/unitree_ros2_sim/install/unitree_guide2/share/unitree_guide2/hook/cmake_prefix_path.sh'
[6.912s] DEBUG:colcon.colcon_core.event_handler.log_command:Invoked command in '/home/giszterlab/USING/unitree_ros2_sim/build/unitree_guide2' returned '0': CMAKE_PREFIX_PATH=/home/giszterlab/USING/unitree_ros2_sim/install/ros2_unitree_legged_msgs:/home/giszterlab/USING/unitree_ros2_sim/install/unitree_guide2:/home/giszterlab/USING/unitree_ros2_sim/install/ros2_unitree_legged_control:/home/giszterlab/USING/unitree_ros2_sim/install/robotic_control:/home/giszterlab/USING/unitree_ros2_sim/install/go1_gazebo:/home/giszterlab/USING/unitree_ros2_sim/install/go1_description:/usr/local:/home/giszterlab/USING/unitree_ros2_sim/install/go1_navigation:/opt/ros/humble LD_LIBRARY_PATH=/home/giszterlab/USING/unitree_ros2_sim/install/ros2_unitree_legged_msgs/lib:/home/giszterlab/USING/unitree_ros2_sim/install/ros2_unitree_legged_control/lib:/usr/lib/x86_64-linux-gnu/gazebo-11/plugins:/opt/ros/humble/opt/rviz_ogre_vendor/lib:/opt/ros/humble/lib/x86_64-linux-gnu:/opt/ros/humble/lib /usr/bin/cmake --install /home/giszterlab/USING/unitree_ros2_sim/build/unitree_guide2
[6.916s] Level 1:colcon.colcon_core.environment:checking '/home/giszterlab/USING/unitree_ros2_sim/install/unitree_guide2/lib'
[6.916s] Level 1:colcon.colcon_core.environment:checking '/home/giszterlab/USING/unitree_ros2_sim/install/unitree_guide2/bin'
[6.916s] Level 1:colcon.colcon_core.environment:checking '/home/giszterlab/USING/unitree_ros2_sim/install/unitree_guide2/lib/pkgconfig/unitree_guide2.pc'
[6.917s] Level 1:colcon.colcon_core.environment:checking '/home/giszterlab/USING/unitree_ros2_sim/install/unitree_guide2/lib/python3.10/site-packages'
[6.917s] Level 1:colcon.colcon_core.environment:checking '/home/giszterlab/USING/unitree_ros2_sim/install/unitree_guide2/bin'
[6.918s] INFO:colcon.colcon_core.shell:Creating package script '/home/giszterlab/USING/unitree_ros2_sim/install/unitree_guide2/share/unitree_guide2/package.ps1'
[6.918s] INFO:colcon.colcon_core.shell:Creating package descriptor '/home/giszterlab/USING/unitree_ros2_sim/install/unitree_guide2/share/unitree_guide2/package.dsv'
[6.919s] INFO:colcon.colcon_core.shell:Creating package script '/home/giszterlab/USING/unitree_ros2_sim/install/unitree_guide2/share/unitree_guide2/package.sh'
[6.920s] INFO:colcon.colcon_core.shell:Creating package script '/home/giszterlab/USING/unitree_ros2_sim/install/unitree_guide2/share/unitree_guide2/package.bash'
[6.920s] INFO:colcon.colcon_core.shell:Creating package script '/home/giszterlab/USING/unitree_ros2_sim/install/unitree_guide2/share/unitree_guide2/package.zsh'
[6.921s] Level 1:colcon.colcon_core.environment:create_file_with_runtime_dependencies(/home/giszterlab/USING/unitree_ros2_sim/install/unitree_guide2/share/colcon-core/packages/unitree_guide2)
[6.922s] Level 1:colcon.colcon_core.environment:create_environment_scripts_only(unitree_guide2)
[6.922s] Level 1:colcon.colcon_core.environment:checking '/home/giszterlab/USING/unitree_ros2_sim/install/unitree_guide2' for CMake module files
[6.923s] Level 1:colcon.colcon_core.environment:checking '/home/giszterlab/USING/unitree_ros2_sim/install/unitree_guide2' for CMake config files
[6.923s] Level 1:colcon.colcon_core.shell:create_environment_hook('unitree_guide2', 'cmake_prefix_path')
[6.924s] INFO:colcon.colcon_core.shell:Creating environment hook '/home/giszterlab/USING/unitree_ros2_sim/install/unitree_guide2/share/unitree_guide2/hook/cmake_prefix_path.ps1'
[6.924s] INFO:colcon.colcon_core.shell:Creating environment descriptor '/home/giszterlab/USING/unitree_ros2_sim/install/unitree_guide2/share/unitree_guide2/hook/cmake_prefix_path.dsv'
[6.925s] INFO:colcon.colcon_core.shell:Creating environment hook '/home/giszterlab/USING/unitree_ros2_sim/install/unitree_guide2/share/unitree_guide2/hook/cmake_prefix_path.sh'
[6.926s] Level 1:colcon.colcon_core.environment:checking '/home/giszterlab/USING/unitree_ros2_sim/install/unitree_guide2/lib'
[6.926s] Level 1:colcon.colcon_core.environment:checking '/home/giszterlab/USING/unitree_ros2_sim/install/unitree_guide2/bin'
[6.926s] Level 1:colcon.colcon_core.environment:checking '/home/giszterlab/USING/unitree_ros2_sim/install/unitree_guide2/lib/pkgconfig/unitree_guide2.pc'
[6.927s] Level 1:colcon.colcon_core.environment:checking '/home/giszterlab/USING/unitree_ros2_sim/install/unitree_guide2/lib/python3.10/site-packages'
[6.927s] Level 1:colcon.colcon_core.environment:checking '/home/giszterlab/USING/unitree_ros2_sim/install/unitree_guide2/bin'
[6.928s] INFO:colcon.colcon_core.shell:Creating package script '/home/giszterlab/USING/unitree_ros2_sim/install/unitree_guide2/share/unitree_guide2/package.ps1'
[6.928s] INFO:colcon.colcon_core.shell:Creating package descriptor '/home/giszterlab/USING/unitree_ros2_sim/install/unitree_guide2/share/unitree_guide2/package.dsv'
[6.929s] INFO:colcon.colcon_core.shell:Creating package script '/home/giszterlab/USING/unitree_ros2_sim/install/unitree_guide2/share/unitree_guide2/package.sh'
[6.930s] INFO:colcon.colcon_core.shell:Creating package script '/home/giszterlab/USING/unitree_ros2_sim/install/unitree_guide2/share/unitree_guide2/package.bash'
[6.930s] INFO:colcon.colcon_core.shell:Creating package script '/home/giszterlab/USING/unitree_ros2_sim/install/unitree_guide2/share/unitree_guide2/package.zsh'
[6.931s] Level 1:colcon.colcon_core.environment:create_file_with_runtime_dependencies(/home/giszterlab/USING/unitree_ros2_sim/install/unitree_guide2/share/colcon-core/packages/unitree_guide2)
[6.932s] DEBUG:colcon.colcon_parallel_executor.executor.parallel:closing loop
[6.932s] DEBUG:colcon.colcon_parallel_executor.executor.parallel:loop closed
[6.932s] DEBUG:colcon.colcon_parallel_executor.executor.parallel:run_until_complete finished with '0'
[6.932s] DEBUG:colcon.colcon_core.event_reactor:joining thread
[6.944s] INFO:colcon.colcon_core.plugin_system:Skipping extension 'colcon_notification.desktop_notification.terminal_notifier': Not used on non-Darwin systems
[6.944s] INFO:colcon.colcon_core.plugin_system:Skipping extension 'colcon_notification.desktop_notification.win32': Not used on non-Windows systems
[6.944s] INFO:colcon.colcon_notification.desktop_notification:Sending desktop notification using 'notify2'
[6.965s] DEBUG:colcon.colcon_core.event_reactor:joined thread
[6.966s] INFO:colcon.colcon_core.shell:Creating prefix script '/home/giszterlab/USING/unitree_ros2_sim/install/local_setup.ps1'
[6.967s] INFO:colcon.colcon_core.shell:Creating prefix util module '/home/giszterlab/USING/unitree_ros2_sim/install/_local_setup_util_ps1.py'
[6.969s] INFO:colcon.colcon_core.shell:Creating prefix chain script '/home/giszterlab/USING/unitree_ros2_sim/install/setup.ps1'
[6.970s] INFO:colcon.colcon_core.shell:Creating prefix script '/home/giszterlab/USING/unitree_ros2_sim/install/local_setup.sh'
[6.971s] INFO:colcon.colcon_core.shell:Creating prefix util module '/home/giszterlab/USING/unitree_ros2_sim/install/_local_setup_util_sh.py'
[6.972s] INFO:colcon.colcon_core.shell:Creating prefix chain script '/home/giszterlab/USING/unitree_ros2_sim/install/setup.sh'
[6.973s] INFO:colcon.colcon_core.shell:Creating prefix script '/home/giszterlab/USING/unitree_ros2_sim/install/local_setup.bash'
[6.974s] INFO:colcon.colcon_core.shell:Creating prefix chain script '/home/giszterlab/USING/unitree_ros2_sim/install/setup.bash'
[6.975s] INFO:colcon.colcon_core.shell:Creating prefix script '/home/giszterlab/USING/unitree_ros2_sim/install/local_setup.zsh'
[6.976s] INFO:colcon.colcon_core.shell:Creating prefix chain script '/home/giszterlab/USING/unitree_ros2_sim/install/setup.zsh'
