[0.010s] Invoking command in '/home/giszterlab/Co-op3/Framework/go1_ws/build/impedance_controller_framework': /usr/bin/cmake /home/giszterlab/Co-op3/Framework/go1_ws/src/impedance_controller_framework -DCMAKE_INSTALL_PREFIX=/home/giszterlab/Co-op3/Framework/go1_ws/install/impedance_controller_framework
[0.024s] -- Found ament_cmake: 1.3.11 (/opt/ros/humble/share/ament_cmake/cmake)
[0.161s] -- Found rclcpp: 16.0.12 (/opt/ros/humble/share/rclcpp/cmake)
[0.191s] -- Found rosidl_generator_c: 3.1.6 (/opt/ros/humble/share/rosidl_generator_c/cmake)
[0.193s] -- Found rosidl_adapter: 3.1.6 (/opt/ros/humble/share/rosidl_adapter/cmake)
[0.199s] -- Found rosidl_generator_cpp: 3.1.6 (/opt/ros/humble/share/rosidl_generator_cpp/cmake)
[0.209s] -- Using all available rosidl_typesupport_c: rosidl_typesupport_fastrtps_c;rosidl_typesupport_introspection_c
[0.222s] -- Using all available rosidl_typesupport_cpp: rosidl_typesupport_fastrtps_cpp;rosidl_typesupport_introspection_cpp
[0.257s] -- Found rmw_implementation_cmake: 6.1.2 (/opt/ros/humble/share/rmw_implementation_cmake/cmake)
[0.259s] -- Found rmw_fastrtps_cpp: 6.2.7 (/opt/ros/humble/share/rmw_fastrtps_cpp/cmake)
[0.353s] -- Using RMW implementation 'rmw_fastrtps_cpp' as default
[0.407s] -- Found sensor_msgs: 4.8.0 (/opt/ros/humble/share/sensor_msgs/cmake)
[0.502s] Error parsing '/home/giszterlab/Co-op3/Framework/go1_ws/src/impedance_controller_framework/package.xml':
[0.548s] Traceback (most recent call last):
[0.548s]   File "/opt/ros/humble/share/ament_cmake_core/cmake/core/package_xml_2_cmake.py", line 150, in <module>
[0.548s]     main()
[0.548s]   File "/opt/ros/humble/share/ament_cmake_core/cmake/core/package_xml_2_cmake.py", line 53, in main
[0.548s]     raise e
[0.548s]   File "/opt/ros/humble/share/ament_cmake_core/cmake/core/package_xml_2_cmake.py", line 49, in main
[0.549s]     package = parse_package_string(
[0.549s]   File "/usr/lib/python3/dist-packages/catkin_pkg/package.py", line 788, in parse_package_string
[0.549s]     pkg.validate(warnings=warnings)
[0.549s]   File "/usr/lib/python3/dist-packages/catkin_pkg/package.py", line 330, in validate
[0.549s]     raise InvalidPackage('\n'.join(errors), self.filename)
[0.549s] catkin_pkg.package.InvalidPackage: Error(s) in package '/home/giszterlab/Co-op3/Framework/go1_ws/src/impedance_controller_framework/package.xml':
[0.550s] The package node must contain at least one "license" tag
[0.562s] [31mCMake Error at /opt/ros/humble/share/ament_cmake_core/cmake/core/ament_package_xml.cmake:95 (message):
[0.562s]   execute_process(/usr/bin/python3
[0.563s]   /opt/ros/humble/share/ament_cmake_core/cmake/core/package_xml_2_cmake.py
[0.563s]   /home/giszterlab/Co-op3/Framework/go1_ws/src/impedance_controller_framework/package.xml
[0.563s]   /home/giszterlab/Co-op3/Framework/go1_ws/build/impedance_controller_framework/ament_cmake_core/package.cmake)
[0.563s]   returned error code 1
[0.563s] Call Stack (most recent call first):
[0.563s]   /opt/ros/humble/share/ament_cmake_core/cmake/core/ament_package_xml.cmake:49 (_ament_package_xml)
[0.564s]   /opt/ros/humble/share/ament_cmake_core/cmake/core/ament_package.cmake:63 (ament_package_xml)
[0.564s]   CMakeLists.txt:49 (ament_package)
[0.564s] 
[0.564s] [0m
[0.564s] -- Configuring incomplete, errors occurred!
[0.564s] See also "/home/giszterlab/Co-op3/Framework/go1_ws/build/impedance_controller_framework/CMakeFiles/CMakeOutput.log".
[0.571s] Invoked command in '/home/giszterlab/Co-op3/Framework/go1_ws/build/impedance_controller_framework' returned '1': /usr/bin/cmake /home/giszterlab/Co-op3/Framework/go1_ws/src/impedance_controller_framework -DCMAKE_INSTALL_PREFIX=/home/giszterlab/Co-op3/Framework/go1_ws/install/impedance_controller_framework
