[0.116s] DEBUG:colcon:Command line arguments: ['/usr/bin/colcon', 'build']
[0.117s] DEBUG:colcon:Parsed command line arguments: Namespace(log_base=None, log_level=None, verb_name='build', build_base='build', install_base='install', merge_install=False, symlink_install=False, test_result_base=None, continue_on_error=False, executor='parallel', parallel_workers=8, event_handlers=None, ignore_user_meta=False, metas=['./colcon.meta'], base_paths=['.'], packages_ignore=None, packages_ignore_regex=None, paths=None, packages_up_to=None, packages_up_to_regex=None, packages_above=None, packages_above_and_dependencies=None, packages_above_depth=None, packages_select_by_dep=None, packages_skip_by_dep=None, packages_skip_up_to=None, packages_select_build_failed=False, packages_skip_build_finished=False, packages_select_test_failures=False, packages_skip_test_passed=False, packages_select=None, packages_skip=None, packages_select_regex=None, packages_skip_regex=None, packages_start=None, packages_end=None, allow_overriding=[], cmake_args=None, cmake_target=None, cmake_target_skip_unavailable=False, cmake_clean_cache=False, cmake_clean_first=False, cmake_force_configure=False, ament_cmake_args=None, catkin_cmake_args=None, catkin_skip_building_tests=False, verb_parser=<colcon_defaults.argument_parser.defaults.DefaultArgumentsDecorator object at 0x7f9028033dc0>, verb_extension=<colcon_core.verb.build.BuildVerb object at 0x7f902817d150>, main=<bound method BuildVerb.main of <colcon_core.verb.build.BuildVerb object at 0x7f902817d150>>)
[0.299s] Level 1:colcon.colcon_core.package_discovery:discover_packages(colcon_meta) check parameters
[0.299s] Level 1:colcon.colcon_core.package_discovery:discover_packages(recursive) check parameters
[0.299s] Level 1:colcon.colcon_core.package_discovery:discover_packages(ignore) check parameters
[0.299s] Level 1:colcon.colcon_core.package_discovery:discover_packages(path) check parameters
[0.299s] Level 1:colcon.colcon_core.package_discovery:discover_packages(colcon_meta) discover
[0.299s] Level 1:colcon.colcon_core.package_discovery:discover_packages(recursive) discover
[0.299s] INFO:colcon.colcon_core.package_discovery:Crawling recursively for packages in '/home/giszterlab/USING/Framework/unitree_ws'
[0.300s] Level 1:colcon.colcon_core.package_identification:_identify(.) by extensions ['ignore', 'ignore_ament_install']
[0.300s] Level 1:colcon.colcon_core.package_identification:_identify(.) by extension 'ignore'
[0.300s] Level 1:colcon.colcon_core.package_identification:_identify(.) by extension 'ignore_ament_install'
[0.300s] Level 1:colcon.colcon_core.package_identification:_identify(.) by extensions ['colcon_pkg']
[0.300s] Level 1:colcon.colcon_core.package_identification:_identify(.) by extension 'colcon_pkg'
[0.300s] Level 1:colcon.colcon_core.package_identification:_identify(.) by extensions ['colcon_meta']
[0.300s] Level 1:colcon.colcon_core.package_identification:_identify(.) by extension 'colcon_meta'
[0.300s] Level 1:colcon.colcon_core.package_identification:_identify(.) by extensions ['ros']
[0.300s] Level 1:colcon.colcon_core.package_identification:_identify(.) by extension 'ros'
[0.312s] Level 1:colcon.colcon_core.package_identification:_identify(.) by extensions ['cmake', 'python']
[0.312s] Level 1:colcon.colcon_core.package_identification:_identify(.) by extension 'cmake'
[0.312s] Level 1:colcon.colcon_core.package_identification:_identify(.) by extension 'python'
[0.312s] Level 1:colcon.colcon_core.package_identification:_identify(.) by extensions ['python_setup_py']
[0.312s] Level 1:colcon.colcon_core.package_identification:_identify(.) by extension 'python_setup_py'
[0.312s] Level 1:colcon.colcon_core.package_identification:_identify(build) by extensions ['ignore', 'ignore_ament_install']
[0.312s] Level 1:colcon.colcon_core.package_identification:_identify(build) by extension 'ignore'
[0.312s] Level 1:colcon.colcon_core.package_identification:_identify(build) ignored
[0.312s] Level 1:colcon.colcon_core.package_identification:_identify(install) by extensions ['ignore', 'ignore_ament_install']
[0.312s] Level 1:colcon.colcon_core.package_identification:_identify(install) by extension 'ignore'
[0.313s] Level 1:colcon.colcon_core.package_identification:_identify(install) ignored
[0.313s] Level 1:colcon.colcon_core.package_identification:_identify(log) by extensions ['ignore', 'ignore_ament_install']
[0.313s] Level 1:colcon.colcon_core.package_identification:_identify(log) by extension 'ignore'
[0.313s] Level 1:colcon.colcon_core.package_identification:_identify(log) ignored
[0.313s] Level 1:colcon.colcon_core.package_identification:_identify(src) by extensions ['ignore', 'ignore_ament_install']
[0.313s] Level 1:colcon.colcon_core.package_identification:_identify(src) by extension 'ignore'
[0.313s] Level 1:colcon.colcon_core.package_identification:_identify(src) by extension 'ignore_ament_install'
[0.313s] Level 1:colcon.colcon_core.package_identification:_identify(src) by extensions ['colcon_pkg']
[0.313s] Level 1:colcon.colcon_core.package_identification:_identify(src) by extension 'colcon_pkg'
[0.313s] Level 1:colcon.colcon_core.package_identification:_identify(src) by extensions ['colcon_meta']
[0.313s] Level 1:colcon.colcon_core.package_identification:_identify(src) by extension 'colcon_meta'
[0.313s] Level 1:colcon.colcon_core.package_identification:_identify(src) by extensions ['ros']
[0.313s] Level 1:colcon.colcon_core.package_identification:_identify(src) by extension 'ros'
[0.313s] Level 1:colcon.colcon_core.package_identification:_identify(src) by extensions ['cmake', 'python']
[0.313s] Level 1:colcon.colcon_core.package_identification:_identify(src) by extension 'cmake'
[0.313s] Level 1:colcon.colcon_core.package_identification:_identify(src) by extension 'python'
[0.314s] Level 1:colcon.colcon_core.package_identification:_identify(src) by extensions ['python_setup_py']
[0.314s] Level 1:colcon.colcon_core.package_identification:_identify(src) by extension 'python_setup_py'
[0.314s] Level 1:colcon.colcon_core.package_identification:_identify(src/unitree_ros2) by extensions ['ignore', 'ignore_ament_install']
[0.314s] Level 1:colcon.colcon_core.package_identification:_identify(src/unitree_ros2) by extension 'ignore'
[0.314s] Level 1:colcon.colcon_core.package_identification:_identify(src/unitree_ros2) by extension 'ignore_ament_install'
[0.314s] Level 1:colcon.colcon_core.package_identification:_identify(src/unitree_ros2) by extensions ['colcon_pkg']
[0.314s] Level 1:colcon.colcon_core.package_identification:_identify(src/unitree_ros2) by extension 'colcon_pkg'
[0.314s] Level 1:colcon.colcon_core.package_identification:_identify(src/unitree_ros2) by extensions ['colcon_meta']
[0.314s] Level 1:colcon.colcon_core.package_identification:_identify(src/unitree_ros2) by extension 'colcon_meta'
[0.314s] Level 1:colcon.colcon_core.package_identification:_identify(src/unitree_ros2) by extensions ['ros']
[0.314s] Level 1:colcon.colcon_core.package_identification:_identify(src/unitree_ros2) by extension 'ros'
[0.314s] Level 1:colcon.colcon_core.package_identification:_identify(src/unitree_ros2) by extensions ['cmake', 'python']
[0.314s] Level 1:colcon.colcon_core.package_identification:_identify(src/unitree_ros2) by extension 'cmake'
[0.314s] Level 1:colcon.colcon_core.package_identification:_identify(src/unitree_ros2) by extension 'python'
[0.314s] Level 1:colcon.colcon_core.package_identification:_identify(src/unitree_ros2) by extensions ['python_setup_py']
[0.314s] Level 1:colcon.colcon_core.package_identification:_identify(src/unitree_ros2) by extension 'python_setup_py'
[0.315s] Level 1:colcon.colcon_core.package_identification:_identify(src/unitree_ros2/go1_description) by extensions ['ignore', 'ignore_ament_install']
[0.315s] Level 1:colcon.colcon_core.package_identification:_identify(src/unitree_ros2/go1_description) by extension 'ignore'
[0.315s] Level 1:colcon.colcon_core.package_identification:_identify(src/unitree_ros2/go1_description) by extension 'ignore_ament_install'
[0.315s] Level 1:colcon.colcon_core.package_identification:_identify(src/unitree_ros2/go1_description) by extensions ['colcon_pkg']
[0.315s] Level 1:colcon.colcon_core.package_identification:_identify(src/unitree_ros2/go1_description) by extension 'colcon_pkg'
[0.315s] Level 1:colcon.colcon_core.package_identification:_identify(src/unitree_ros2/go1_description) by extensions ['colcon_meta']
[0.315s] Level 1:colcon.colcon_core.package_identification:_identify(src/unitree_ros2/go1_description) by extension 'colcon_meta'
[0.315s] Level 1:colcon.colcon_core.package_identification:_identify(src/unitree_ros2/go1_description) by extensions ['ros']
[0.315s] Level 1:colcon.colcon_core.package_identification:_identify(src/unitree_ros2/go1_description) by extension 'ros'
[0.317s] DEBUG:colcon.colcon_core.package_identification:Package 'src/unitree_ros2/go1_description' with type 'ros.ament_cmake' and name 'go1_description'
[0.317s] Level 1:colcon.colcon_core.package_identification:_identify(src/unitree_ros2/ros2_unitree_legged_msgs) by extensions ['ignore', 'ignore_ament_install']
[0.317s] Level 1:colcon.colcon_core.package_identification:_identify(src/unitree_ros2/ros2_unitree_legged_msgs) by extension 'ignore'
[0.318s] Level 1:colcon.colcon_core.package_identification:_identify(src/unitree_ros2/ros2_unitree_legged_msgs) by extension 'ignore_ament_install'
[0.318s] Level 1:colcon.colcon_core.package_identification:_identify(src/unitree_ros2/ros2_unitree_legged_msgs) by extensions ['colcon_pkg']
[0.318s] Level 1:colcon.colcon_core.package_identification:_identify(src/unitree_ros2/ros2_unitree_legged_msgs) by extension 'colcon_pkg'
[0.318s] Level 1:colcon.colcon_core.package_identification:_identify(src/unitree_ros2/ros2_unitree_legged_msgs) by extensions ['colcon_meta']
[0.318s] Level 1:colcon.colcon_core.package_identification:_identify(src/unitree_ros2/ros2_unitree_legged_msgs) by extension 'colcon_meta'
[0.318s] Level 1:colcon.colcon_core.package_identification:_identify(src/unitree_ros2/ros2_unitree_legged_msgs) by extensions ['ros']
[0.318s] Level 1:colcon.colcon_core.package_identification:_identify(src/unitree_ros2/ros2_unitree_legged_msgs) by extension 'ros'
[0.318s] DEBUG:colcon.colcon_core.package_identification:Package 'src/unitree_ros2/ros2_unitree_legged_msgs' with type 'ros.ament_cmake' and name 'ros2_unitree_legged_msgs'
[0.318s] Level 1:colcon.colcon_core.package_identification:_identify(src/unitree_ros2/unitree_legged_real) by extensions ['ignore', 'ignore_ament_install']
[0.319s] Level 1:colcon.colcon_core.package_identification:_identify(src/unitree_ros2/unitree_legged_real) by extension 'ignore'
[0.319s] Level 1:colcon.colcon_core.package_identification:_identify(src/unitree_ros2/unitree_legged_real) by extension 'ignore_ament_install'
[0.319s] Level 1:colcon.colcon_core.package_identification:_identify(src/unitree_ros2/unitree_legged_real) by extensions ['colcon_pkg']
[0.319s] Level 1:colcon.colcon_core.package_identification:_identify(src/unitree_ros2/unitree_legged_real) by extension 'colcon_pkg'
[0.319s] Level 1:colcon.colcon_core.package_identification:_identify(src/unitree_ros2/unitree_legged_real) by extensions ['colcon_meta']
[0.319s] Level 1:colcon.colcon_core.package_identification:_identify(src/unitree_ros2/unitree_legged_real) by extension 'colcon_meta'
[0.319s] Level 1:colcon.colcon_core.package_identification:_identify(src/unitree_ros2/unitree_legged_real) by extensions ['ros']
[0.319s] Level 1:colcon.colcon_core.package_identification:_identify(src/unitree_ros2/unitree_legged_real) by extension 'ros'
[0.320s] DEBUG:colcon.colcon_core.package_identification:Package 'src/unitree_ros2/unitree_legged_real' with type 'ros.ament_cmake' and name 'unitree_legged_real'
[0.320s] Level 1:colcon.colcon_core.package_discovery:discover_packages(recursive) using defaults
[0.320s] Level 1:colcon.colcon_core.package_discovery:discover_packages(ignore) discover
[0.320s] Level 1:colcon.colcon_core.package_discovery:discover_packages(ignore) using defaults
[0.320s] Level 1:colcon.colcon_core.package_discovery:discover_packages(path) discover
[0.320s] Level 1:colcon.colcon_core.package_discovery:discover_packages(path) using defaults
[0.352s] Level 1:colcon.colcon_core.package_discovery:discover_packages(prefix_path) check parameters
[0.352s] Level 1:colcon.colcon_core.package_discovery:discover_packages(prefix_path) discover
[0.354s] DEBUG:colcon.colcon_installed_package_information.package_discovery:Found 3 installed packages in /home/giszterlab/USING/Framework/unitree_ws/install
[0.355s] DEBUG:colcon.colcon_installed_package_information.package_discovery:Found 323 installed packages in /opt/ros/humble
[0.357s] Level 1:colcon.colcon_core.package_discovery:discover_packages(prefix_path) using defaults
[0.405s] Level 5:colcon.colcon_core.verb:set package 'go1_description' build argument 'cmake_args' from command line to 'None'
[0.405s] Level 5:colcon.colcon_core.verb:set package 'go1_description' build argument 'cmake_target' from command line to 'None'
[0.405s] Level 5:colcon.colcon_core.verb:set package 'go1_description' build argument 'cmake_target_skip_unavailable' from command line to 'False'
[0.405s] Level 5:colcon.colcon_core.verb:set package 'go1_description' build argument 'cmake_clean_cache' from command line to 'False'
[0.405s] Level 5:colcon.colcon_core.verb:set package 'go1_description' build argument 'cmake_clean_first' from command line to 'False'
[0.405s] Level 5:colcon.colcon_core.verb:set package 'go1_description' build argument 'cmake_force_configure' from command line to 'False'
[0.405s] Level 5:colcon.colcon_core.verb:set package 'go1_description' build argument 'ament_cmake_args' from command line to 'None'
[0.405s] Level 5:colcon.colcon_core.verb:set package 'go1_description' build argument 'catkin_cmake_args' from command line to 'None'
[0.405s] Level 5:colcon.colcon_core.verb:set package 'go1_description' build argument 'catkin_skip_building_tests' from command line to 'False'
[0.405s] DEBUG:colcon.colcon_core.verb:Building package 'go1_description' with the following arguments: {'ament_cmake_args': None, 'build_base': '/home/giszterlab/USING/Framework/unitree_ws/build/go1_description', 'catkin_cmake_args': None, 'catkin_skip_building_tests': False, 'cmake_args': None, 'cmake_clean_cache': False, 'cmake_clean_first': False, 'cmake_force_configure': False, 'cmake_target': None, 'cmake_target_skip_unavailable': False, 'install_base': '/home/giszterlab/USING/Framework/unitree_ws/install/go1_description', 'merge_install': False, 'path': '/home/giszterlab/USING/Framework/unitree_ws/src/unitree_ros2/go1_description', 'symlink_install': False, 'test_result_base': None}
[0.406s] Level 5:colcon.colcon_core.verb:set package 'ros2_unitree_legged_msgs' build argument 'cmake_args' from command line to 'None'
[0.406s] Level 5:colcon.colcon_core.verb:set package 'ros2_unitree_legged_msgs' build argument 'cmake_target' from command line to 'None'
[0.406s] Level 5:colcon.colcon_core.verb:set package 'ros2_unitree_legged_msgs' build argument 'cmake_target_skip_unavailable' from command line to 'False'
[0.406s] Level 5:colcon.colcon_core.verb:set package 'ros2_unitree_legged_msgs' build argument 'cmake_clean_cache' from command line to 'False'
[0.406s] Level 5:colcon.colcon_core.verb:set package 'ros2_unitree_legged_msgs' build argument 'cmake_clean_first' from command line to 'False'
[0.406s] Level 5:colcon.colcon_core.verb:set package 'ros2_unitree_legged_msgs' build argument 'cmake_force_configure' from command line to 'False'
[0.406s] Level 5:colcon.colcon_core.verb:set package 'ros2_unitree_legged_msgs' build argument 'ament_cmake_args' from command line to 'None'
[0.406s] Level 5:colcon.colcon_core.verb:set package 'ros2_unitree_legged_msgs' build argument 'catkin_cmake_args' from command line to 'None'
[0.406s] Level 5:colcon.colcon_core.verb:set package 'ros2_unitree_legged_msgs' build argument 'catkin_skip_building_tests' from command line to 'False'
[0.406s] DEBUG:colcon.colcon_core.verb:Building package 'ros2_unitree_legged_msgs' with the following arguments: {'ament_cmake_args': None, 'build_base': '/home/giszterlab/USING/Framework/unitree_ws/build/ros2_unitree_legged_msgs', 'catkin_cmake_args': None, 'catkin_skip_building_tests': False, 'cmake_args': None, 'cmake_clean_cache': False, 'cmake_clean_first': False, 'cmake_force_configure': False, 'cmake_target': None, 'cmake_target_skip_unavailable': False, 'install_base': '/home/giszterlab/USING/Framework/unitree_ws/install/ros2_unitree_legged_msgs', 'merge_install': False, 'path': '/home/giszterlab/USING/Framework/unitree_ws/src/unitree_ros2/ros2_unitree_legged_msgs', 'symlink_install': False, 'test_result_base': None}
[0.406s] Level 5:colcon.colcon_core.verb:set package 'unitree_legged_real' build argument 'cmake_args' from command line to 'None'
[0.406s] Level 5:colcon.colcon_core.verb:set package 'unitree_legged_real' build argument 'cmake_target' from command line to 'None'
[0.406s] Level 5:colcon.colcon_core.verb:set package 'unitree_legged_real' build argument 'cmake_target_skip_unavailable' from command line to 'False'
[0.406s] Level 5:colcon.colcon_core.verb:set package 'unitree_legged_real' build argument 'cmake_clean_cache' from command line to 'False'
[0.407s] Level 5:colcon.colcon_core.verb:set package 'unitree_legged_real' build argument 'cmake_clean_first' from command line to 'False'
[0.407s] Level 5:colcon.colcon_core.verb:set package 'unitree_legged_real' build argument 'cmake_force_configure' from command line to 'False'
[0.407s] Level 5:colcon.colcon_core.verb:set package 'unitree_legged_real' build argument 'ament_cmake_args' from command line to 'None'
[0.407s] Level 5:colcon.colcon_core.verb:set package 'unitree_legged_real' build argument 'catkin_cmake_args' from command line to 'None'
[0.407s] Level 5:colcon.colcon_core.verb:set package 'unitree_legged_real' build argument 'catkin_skip_building_tests' from command line to 'False'
[0.407s] DEBUG:colcon.colcon_core.verb:Building package 'unitree_legged_real' with the following arguments: {'ament_cmake_args': None, 'build_base': '/home/giszterlab/USING/Framework/unitree_ws/build/unitree_legged_real', 'catkin_cmake_args': None, 'catkin_skip_building_tests': False, 'cmake_args': None, 'cmake_clean_cache': False, 'cmake_clean_first': False, 'cmake_force_configure': False, 'cmake_target': None, 'cmake_target_skip_unavailable': False, 'install_base': '/home/giszterlab/USING/Framework/unitree_ws/install/unitree_legged_real', 'merge_install': False, 'path': '/home/giszterlab/USING/Framework/unitree_ws/src/unitree_ros2/unitree_legged_real', 'symlink_install': False, 'test_result_base': None}
[0.407s] INFO:colcon.colcon_core.executor:Executing jobs using 'parallel' executor
[0.408s] DEBUG:colcon.colcon_parallel_executor.executor.parallel:run_until_complete
[0.408s] INFO:colcon.colcon_ros.task.ament_cmake.build:Building ROS package in '/home/giszterlab/USING/Framework/unitree_ws/src/unitree_ros2/ros2_unitree_legged_msgs' with build type 'ament_cmake'
[0.408s] INFO:colcon.colcon_cmake.task.cmake.build:Building CMake package in '/home/giszterlab/USING/Framework/unitree_ws/src/unitree_ros2/ros2_unitree_legged_msgs'
[0.411s] INFO:colcon.colcon_core.plugin_system:Skipping extension 'colcon_core.shell.bat': Not used on non-Windows systems
[0.411s] INFO:colcon.colcon_core.shell:Skip shell extension 'powershell' for command environment: Not usable outside of PowerShell
[0.411s] DEBUG:colcon.colcon_core.shell:Skip shell extension 'dsv' for command environment
[0.415s] INFO:colcon.colcon_ros.task.ament_cmake.build:Building ROS package in '/home/giszterlab/USING/Framework/unitree_ws/src/unitree_ros2/go1_description' with build type 'ament_cmake'
[0.415s] INFO:colcon.colcon_cmake.task.cmake.build:Building CMake package in '/home/giszterlab/USING/Framework/unitree_ws/src/unitree_ros2/go1_description'
[0.415s] INFO:colcon.colcon_core.shell:Skip shell extension 'powershell' for command environment: Not usable outside of PowerShell
[0.415s] DEBUG:colcon.colcon_core.shell:Skip shell extension 'dsv' for command environment
[0.425s] DEBUG:colcon.colcon_core.event_handler.log_command:Invoking command in '/home/giszterlab/USING/Framework/unitree_ws/build/ros2_unitree_legged_msgs': CMAKE_PREFIX_PATH=${CMAKE_PREFIX_PATH}:/opt/ros/humble /usr/bin/cmake --build /home/giszterlab/USING/Framework/unitree_ws/build/ros2_unitree_legged_msgs -- -j8 -l8
[0.429s] DEBUG:colcon.colcon_core.event_handler.log_command:Invoking command in '/home/giszterlab/USING/Framework/unitree_ws/build/go1_description': CMAKE_PREFIX_PATH=${CMAKE_PREFIX_PATH}:/opt/ros/humble /usr/bin/cmake --build /home/giszterlab/USING/Framework/unitree_ws/build/go1_description -- -j8 -l8
[0.474s] DEBUG:colcon.colcon_core.event_handler.log_command:Invoked command in '/home/giszterlab/USING/Framework/unitree_ws/build/go1_description' returned '0': CMAKE_PREFIX_PATH=${CMAKE_PREFIX_PATH}:/opt/ros/humble /usr/bin/cmake --build /home/giszterlab/USING/Framework/unitree_ws/build/go1_description -- -j8 -l8
[0.484s] DEBUG:colcon.colcon_core.event_handler.log_command:Invoking command in '/home/giszterlab/USING/Framework/unitree_ws/build/go1_description': CMAKE_PREFIX_PATH=${CMAKE_PREFIX_PATH}:/opt/ros/humble /usr/bin/cmake --install /home/giszterlab/USING/Framework/unitree_ws/build/go1_description
[0.504s] Level 1:colcon.colcon_core.environment:create_environment_scripts_only(go1_description)
[0.507s] DEBUG:colcon.colcon_core.event_handler.log_command:Invoked command in '/home/giszterlab/USING/Framework/unitree_ws/build/go1_description' returned '0': CMAKE_PREFIX_PATH=${CMAKE_PREFIX_PATH}:/opt/ros/humble /usr/bin/cmake --install /home/giszterlab/USING/Framework/unitree_ws/build/go1_description
[0.511s] Level 1:colcon.colcon_core.environment:checking '/home/giszterlab/USING/Framework/unitree_ws/install/go1_description' for CMake module files
[0.512s] Level 1:colcon.colcon_core.environment:checking '/home/giszterlab/USING/Framework/unitree_ws/install/go1_description' for CMake config files
[0.512s] Level 1:colcon.colcon_core.shell:create_environment_hook('go1_description', 'cmake_prefix_path')
[0.513s] INFO:colcon.colcon_core.shell:Creating environment hook '/home/giszterlab/USING/Framework/unitree_ws/install/go1_description/share/go1_description/hook/cmake_prefix_path.ps1'
[0.514s] INFO:colcon.colcon_core.shell:Creating environment descriptor '/home/giszterlab/USING/Framework/unitree_ws/install/go1_description/share/go1_description/hook/cmake_prefix_path.dsv'
[0.515s] INFO:colcon.colcon_core.shell:Creating environment hook '/home/giszterlab/USING/Framework/unitree_ws/install/go1_description/share/go1_description/hook/cmake_prefix_path.sh'
[0.516s] Level 1:colcon.colcon_core.environment:checking '/home/giszterlab/USING/Framework/unitree_ws/install/go1_description/bin'
[0.517s] Level 1:colcon.colcon_core.environment:checking '/home/giszterlab/USING/Framework/unitree_ws/install/go1_description/lib/pkgconfig/go1_description.pc'
[0.517s] Level 1:colcon.colcon_core.environment:checking '/home/giszterlab/USING/Framework/unitree_ws/install/go1_description/lib/python3.10/site-packages'
[0.517s] Level 1:colcon.colcon_core.environment:checking '/home/giszterlab/USING/Framework/unitree_ws/install/go1_description/bin'
[0.518s] INFO:colcon.colcon_core.shell:Creating package script '/home/giszterlab/USING/Framework/unitree_ws/install/go1_description/share/go1_description/package.ps1'
[0.520s] INFO:colcon.colcon_core.shell:Creating package descriptor '/home/giszterlab/USING/Framework/unitree_ws/install/go1_description/share/go1_description/package.dsv'
[0.521s] INFO:colcon.colcon_core.shell:Creating package script '/home/giszterlab/USING/Framework/unitree_ws/install/go1_description/share/go1_description/package.sh'
[0.523s] INFO:colcon.colcon_core.shell:Creating package script '/home/giszterlab/USING/Framework/unitree_ws/install/go1_description/share/go1_description/package.bash'
[0.524s] INFO:colcon.colcon_core.shell:Creating package script '/home/giszterlab/USING/Framework/unitree_ws/install/go1_description/share/go1_description/package.zsh'
[0.525s] Level 1:colcon.colcon_core.environment:create_file_with_runtime_dependencies(/home/giszterlab/USING/Framework/unitree_ws/install/go1_description/share/colcon-core/packages/go1_description)
[0.526s] Level 1:colcon.colcon_core.environment:create_environment_scripts_only(go1_description)
[0.527s] Level 1:colcon.colcon_core.environment:checking '/home/giszterlab/USING/Framework/unitree_ws/install/go1_description' for CMake module files
[0.528s] Level 1:colcon.colcon_core.environment:checking '/home/giszterlab/USING/Framework/unitree_ws/install/go1_description' for CMake config files
[0.528s] Level 1:colcon.colcon_core.shell:create_environment_hook('go1_description', 'cmake_prefix_path')
[0.529s] INFO:colcon.colcon_core.shell:Creating environment hook '/home/giszterlab/USING/Framework/unitree_ws/install/go1_description/share/go1_description/hook/cmake_prefix_path.ps1'
[0.529s] INFO:colcon.colcon_core.shell:Creating environment descriptor '/home/giszterlab/USING/Framework/unitree_ws/install/go1_description/share/go1_description/hook/cmake_prefix_path.dsv'
[0.530s] INFO:colcon.colcon_core.shell:Creating environment hook '/home/giszterlab/USING/Framework/unitree_ws/install/go1_description/share/go1_description/hook/cmake_prefix_path.sh'
[0.531s] Level 1:colcon.colcon_core.environment:checking '/home/giszterlab/USING/Framework/unitree_ws/install/go1_description/bin'
[0.531s] Level 1:colcon.colcon_core.environment:checking '/home/giszterlab/USING/Framework/unitree_ws/install/go1_description/lib/pkgconfig/go1_description.pc'
[0.532s] Level 1:colcon.colcon_core.environment:checking '/home/giszterlab/USING/Framework/unitree_ws/install/go1_description/lib/python3.10/site-packages'
[0.532s] Level 1:colcon.colcon_core.environment:checking '/home/giszterlab/USING/Framework/unitree_ws/install/go1_description/bin'
[0.533s] INFO:colcon.colcon_core.shell:Creating package script '/home/giszterlab/USING/Framework/unitree_ws/install/go1_description/share/go1_description/package.ps1'
[0.533s] INFO:colcon.colcon_core.shell:Creating package descriptor '/home/giszterlab/USING/Framework/unitree_ws/install/go1_description/share/go1_description/package.dsv'
[0.534s] INFO:colcon.colcon_core.shell:Creating package script '/home/giszterlab/USING/Framework/unitree_ws/install/go1_description/share/go1_description/package.sh'
[0.535s] INFO:colcon.colcon_core.shell:Creating package script '/home/giszterlab/USING/Framework/unitree_ws/install/go1_description/share/go1_description/package.bash'
[0.536s] INFO:colcon.colcon_core.shell:Creating package script '/home/giszterlab/USING/Framework/unitree_ws/install/go1_description/share/go1_description/package.zsh'
[0.537s] Level 1:colcon.colcon_core.environment:create_file_with_runtime_dependencies(/home/giszterlab/USING/Framework/unitree_ws/install/go1_description/share/colcon-core/packages/go1_description)
[0.834s] DEBUG:colcon.colcon_core.event_handler.log_command:Invoked command in '/home/giszterlab/USING/Framework/unitree_ws/build/ros2_unitree_legged_msgs' returned '0': CMAKE_PREFIX_PATH=${CMAKE_PREFIX_PATH}:/opt/ros/humble /usr/bin/cmake --build /home/giszterlab/USING/Framework/unitree_ws/build/ros2_unitree_legged_msgs -- -j8 -l8
[0.836s] DEBUG:colcon.colcon_core.event_handler.log_command:Invoking command in '/home/giszterlab/USING/Framework/unitree_ws/build/ros2_unitree_legged_msgs': CMAKE_PREFIX_PATH=${CMAKE_PREFIX_PATH}:/opt/ros/humble /usr/bin/cmake --install /home/giszterlab/USING/Framework/unitree_ws/build/ros2_unitree_legged_msgs
[0.917s] Level 1:colcon.colcon_core.environment:create_environment_scripts_only(ros2_unitree_legged_msgs)
[0.918s] Level 1:colcon.colcon_core.environment:checking '/home/giszterlab/USING/Framework/unitree_ws/install/ros2_unitree_legged_msgs' for CMake module files
[0.920s] Level 1:colcon.colcon_core.environment:checking '/home/giszterlab/USING/Framework/unitree_ws/install/ros2_unitree_legged_msgs' for CMake config files
[0.922s] DEBUG:colcon.colcon_core.event_handler.log_command:Invoked command in '/home/giszterlab/USING/Framework/unitree_ws/build/ros2_unitree_legged_msgs' returned '0': CMAKE_PREFIX_PATH=${CMAKE_PREFIX_PATH}:/opt/ros/humble /usr/bin/cmake --install /home/giszterlab/USING/Framework/unitree_ws/build/ros2_unitree_legged_msgs
[0.923s] Level 1:colcon.colcon_core.shell:create_environment_hook('ros2_unitree_legged_msgs', 'cmake_prefix_path')
[0.923s] INFO:colcon.colcon_core.shell:Creating environment hook '/home/giszterlab/USING/Framework/unitree_ws/install/ros2_unitree_legged_msgs/share/ros2_unitree_legged_msgs/hook/cmake_prefix_path.ps1'
[0.924s] INFO:colcon.colcon_core.shell:Creating environment descriptor '/home/giszterlab/USING/Framework/unitree_ws/install/ros2_unitree_legged_msgs/share/ros2_unitree_legged_msgs/hook/cmake_prefix_path.dsv'
[0.924s] INFO:colcon.colcon_core.shell:Creating environment hook '/home/giszterlab/USING/Framework/unitree_ws/install/ros2_unitree_legged_msgs/share/ros2_unitree_legged_msgs/hook/cmake_prefix_path.sh'
[0.925s] Level 1:colcon.colcon_core.environment:checking '/home/giszterlab/USING/Framework/unitree_ws/install/ros2_unitree_legged_msgs/lib'
[0.925s] Level 1:colcon.colcon_core.shell:create_environment_hook('ros2_unitree_legged_msgs', 'ld_library_path_lib')
[0.926s] INFO:colcon.colcon_core.shell:Creating environment hook '/home/giszterlab/USING/Framework/unitree_ws/install/ros2_unitree_legged_msgs/share/ros2_unitree_legged_msgs/hook/ld_library_path_lib.ps1'
[0.926s] INFO:colcon.colcon_core.shell:Creating environment descriptor '/home/giszterlab/USING/Framework/unitree_ws/install/ros2_unitree_legged_msgs/share/ros2_unitree_legged_msgs/hook/ld_library_path_lib.dsv'
[0.927s] INFO:colcon.colcon_core.shell:Creating environment hook '/home/giszterlab/USING/Framework/unitree_ws/install/ros2_unitree_legged_msgs/share/ros2_unitree_legged_msgs/hook/ld_library_path_lib.sh'
[0.927s] Level 1:colcon.colcon_core.environment:checking '/home/giszterlab/USING/Framework/unitree_ws/install/ros2_unitree_legged_msgs/bin'
[0.927s] Level 1:colcon.colcon_core.environment:checking '/home/giszterlab/USING/Framework/unitree_ws/install/ros2_unitree_legged_msgs/lib/pkgconfig/ros2_unitree_legged_msgs.pc'
[0.928s] Level 1:colcon.colcon_core.environment:checking '/home/giszterlab/USING/Framework/unitree_ws/install/ros2_unitree_legged_msgs/lib/python3.10/site-packages'
[0.928s] Level 1:colcon.colcon_core.environment:checking '/home/giszterlab/USING/Framework/unitree_ws/install/ros2_unitree_legged_msgs/bin'
[0.929s] INFO:colcon.colcon_core.shell:Creating package script '/home/giszterlab/USING/Framework/unitree_ws/install/ros2_unitree_legged_msgs/share/ros2_unitree_legged_msgs/package.ps1'
[0.929s] INFO:colcon.colcon_core.shell:Creating package descriptor '/home/giszterlab/USING/Framework/unitree_ws/install/ros2_unitree_legged_msgs/share/ros2_unitree_legged_msgs/package.dsv'
[0.930s] INFO:colcon.colcon_core.shell:Creating package script '/home/giszterlab/USING/Framework/unitree_ws/install/ros2_unitree_legged_msgs/share/ros2_unitree_legged_msgs/package.sh'
[0.931s] INFO:colcon.colcon_core.shell:Creating package script '/home/giszterlab/USING/Framework/unitree_ws/install/ros2_unitree_legged_msgs/share/ros2_unitree_legged_msgs/package.bash'
[0.931s] INFO:colcon.colcon_core.shell:Creating package script '/home/giszterlab/USING/Framework/unitree_ws/install/ros2_unitree_legged_msgs/share/ros2_unitree_legged_msgs/package.zsh'
[0.932s] Level 1:colcon.colcon_core.environment:create_file_with_runtime_dependencies(/home/giszterlab/USING/Framework/unitree_ws/install/ros2_unitree_legged_msgs/share/colcon-core/packages/ros2_unitree_legged_msgs)
[0.933s] Level 1:colcon.colcon_core.environment:create_environment_scripts_only(ros2_unitree_legged_msgs)
[0.933s] Level 1:colcon.colcon_core.environment:checking '/home/giszterlab/USING/Framework/unitree_ws/install/ros2_unitree_legged_msgs' for CMake module files
[0.934s] Level 1:colcon.colcon_core.environment:checking '/home/giszterlab/USING/Framework/unitree_ws/install/ros2_unitree_legged_msgs' for CMake config files
[0.934s] Level 1:colcon.colcon_core.shell:create_environment_hook('ros2_unitree_legged_msgs', 'cmake_prefix_path')
[0.934s] INFO:colcon.colcon_core.shell:Creating environment hook '/home/giszterlab/USING/Framework/unitree_ws/install/ros2_unitree_legged_msgs/share/ros2_unitree_legged_msgs/hook/cmake_prefix_path.ps1'
[0.935s] INFO:colcon.colcon_core.shell:Creating environment descriptor '/home/giszterlab/USING/Framework/unitree_ws/install/ros2_unitree_legged_msgs/share/ros2_unitree_legged_msgs/hook/cmake_prefix_path.dsv'
[0.935s] INFO:colcon.colcon_core.shell:Creating environment hook '/home/giszterlab/USING/Framework/unitree_ws/install/ros2_unitree_legged_msgs/share/ros2_unitree_legged_msgs/hook/cmake_prefix_path.sh'
[0.936s] Level 1:colcon.colcon_core.environment:checking '/home/giszterlab/USING/Framework/unitree_ws/install/ros2_unitree_legged_msgs/lib'
[0.936s] Level 1:colcon.colcon_core.shell:create_environment_hook('ros2_unitree_legged_msgs', 'ld_library_path_lib')
[0.937s] INFO:colcon.colcon_core.shell:Creating environment hook '/home/giszterlab/USING/Framework/unitree_ws/install/ros2_unitree_legged_msgs/share/ros2_unitree_legged_msgs/hook/ld_library_path_lib.ps1'
[0.937s] INFO:colcon.colcon_core.shell:Creating environment descriptor '/home/giszterlab/USING/Framework/unitree_ws/install/ros2_unitree_legged_msgs/share/ros2_unitree_legged_msgs/hook/ld_library_path_lib.dsv'
[0.938s] INFO:colcon.colcon_core.shell:Creating environment hook '/home/giszterlab/USING/Framework/unitree_ws/install/ros2_unitree_legged_msgs/share/ros2_unitree_legged_msgs/hook/ld_library_path_lib.sh'
[0.938s] Level 1:colcon.colcon_core.environment:checking '/home/giszterlab/USING/Framework/unitree_ws/install/ros2_unitree_legged_msgs/bin'
[0.939s] Level 1:colcon.colcon_core.environment:checking '/home/giszterlab/USING/Framework/unitree_ws/install/ros2_unitree_legged_msgs/lib/pkgconfig/ros2_unitree_legged_msgs.pc'
[0.939s] Level 1:colcon.colcon_core.environment:checking '/home/giszterlab/USING/Framework/unitree_ws/install/ros2_unitree_legged_msgs/lib/python3.10/site-packages'
[0.939s] Level 1:colcon.colcon_core.environment:checking '/home/giszterlab/USING/Framework/unitree_ws/install/ros2_unitree_legged_msgs/bin'
[0.940s] INFO:colcon.colcon_core.shell:Creating package script '/home/giszterlab/USING/Framework/unitree_ws/install/ros2_unitree_legged_msgs/share/ros2_unitree_legged_msgs/package.ps1'
[0.941s] INFO:colcon.colcon_core.shell:Creating package descriptor '/home/giszterlab/USING/Framework/unitree_ws/install/ros2_unitree_legged_msgs/share/ros2_unitree_legged_msgs/package.dsv'
[0.942s] INFO:colcon.colcon_core.shell:Creating package script '/home/giszterlab/USING/Framework/unitree_ws/install/ros2_unitree_legged_msgs/share/ros2_unitree_legged_msgs/package.sh'
[0.943s] INFO:colcon.colcon_core.shell:Creating package script '/home/giszterlab/USING/Framework/unitree_ws/install/ros2_unitree_legged_msgs/share/ros2_unitree_legged_msgs/package.bash'
[0.944s] INFO:colcon.colcon_core.shell:Creating package script '/home/giszterlab/USING/Framework/unitree_ws/install/ros2_unitree_legged_msgs/share/ros2_unitree_legged_msgs/package.zsh'
[0.944s] Level 1:colcon.colcon_core.environment:create_file_with_runtime_dependencies(/home/giszterlab/USING/Framework/unitree_ws/install/ros2_unitree_legged_msgs/share/colcon-core/packages/ros2_unitree_legged_msgs)
[0.945s] INFO:colcon.colcon_ros.task.ament_cmake.build:Building ROS package in '/home/giszterlab/USING/Framework/unitree_ws/src/unitree_ros2/unitree_legged_real' with build type 'ament_cmake'
[0.945s] INFO:colcon.colcon_cmake.task.cmake.build:Building CMake package in '/home/giszterlab/USING/Framework/unitree_ws/src/unitree_ros2/unitree_legged_real'
[0.945s] INFO:colcon.colcon_core.shell:Skip shell extension 'powershell' for command environment: Not usable outside of PowerShell
[0.946s] DEBUG:colcon.colcon_core.shell:Skip shell extension 'dsv' for command environment
[0.964s] DEBUG:colcon.colcon_core.event_handler.log_command:Invoking command in '/home/giszterlab/USING/Framework/unitree_ws/build/unitree_legged_real': CMAKE_PREFIX_PATH=/home/giszterlab/USING/Framework/unitree_ws/install/ros2_unitree_legged_msgs:/home/giszterlab/USING/Framework/unitree_ws/install/unitree_legged_real:/home/giszterlab/USING/Framework/unitree_ws/install/go1_description:/usr/local:/opt/ros/humble LD_LIBRARY_PATH=/home/giszterlab/USING/Framework/unitree_ws/install/ros2_unitree_legged_msgs/lib:/home/giszterlab/USING/Framework/unitree_ws/install/unitree_legged_real/lib:/usr/lib/x86_64-linux-gnu/gazebo-11/plugins:/opt/ros/humble/opt/rviz_ogre_vendor/lib:/opt/ros/humble/lib/x86_64-linux-gnu:/opt/ros/humble/lib /usr/bin/cmake --build /home/giszterlab/USING/Framework/unitree_ws/build/unitree_legged_real -- -j8 -l8
[16.458s] DEBUG:colcon.colcon_core.event_handler.log_command:Invoked command in '/home/giszterlab/USING/Framework/unitree_ws/build/unitree_legged_real' returned '0': CMAKE_PREFIX_PATH=/home/giszterlab/USING/Framework/unitree_ws/install/ros2_unitree_legged_msgs:/home/giszterlab/USING/Framework/unitree_ws/install/unitree_legged_real:/home/giszterlab/USING/Framework/unitree_ws/install/go1_description:/usr/local:/opt/ros/humble LD_LIBRARY_PATH=/home/giszterlab/USING/Framework/unitree_ws/install/ros2_unitree_legged_msgs/lib:/home/giszterlab/USING/Framework/unitree_ws/install/unitree_legged_real/lib:/usr/lib/x86_64-linux-gnu/gazebo-11/plugins:/opt/ros/humble/opt/rviz_ogre_vendor/lib:/opt/ros/humble/lib/x86_64-linux-gnu:/opt/ros/humble/lib /usr/bin/cmake --build /home/giszterlab/USING/Framework/unitree_ws/build/unitree_legged_real -- -j8 -l8
[16.460s] DEBUG:colcon.colcon_core.event_handler.log_command:Invoking command in '/home/giszterlab/USING/Framework/unitree_ws/build/unitree_legged_real': CMAKE_PREFIX_PATH=/home/giszterlab/USING/Framework/unitree_ws/install/ros2_unitree_legged_msgs:/home/giszterlab/USING/Framework/unitree_ws/install/unitree_legged_real:/home/giszterlab/USING/Framework/unitree_ws/install/go1_description:/usr/local:/opt/ros/humble LD_LIBRARY_PATH=/home/giszterlab/USING/Framework/unitree_ws/install/ros2_unitree_legged_msgs/lib:/home/giszterlab/USING/Framework/unitree_ws/install/unitree_legged_real/lib:/usr/lib/x86_64-linux-gnu/gazebo-11/plugins:/opt/ros/humble/opt/rviz_ogre_vendor/lib:/opt/ros/humble/lib/x86_64-linux-gnu:/opt/ros/humble/lib /usr/bin/cmake --install /home/giszterlab/USING/Framework/unitree_ws/build/unitree_legged_real
[16.478s] Level 1:colcon.colcon_core.environment:create_environment_scripts_only(unitree_legged_real)
[16.478s] Level 1:colcon.colcon_core.environment:checking '/home/giszterlab/USING/Framework/unitree_ws/install/unitree_legged_real' for CMake module files
[16.479s] DEBUG:colcon.colcon_core.event_handler.log_command:Invoked command in '/home/giszterlab/USING/Framework/unitree_ws/build/unitree_legged_real' returned '0': CMAKE_PREFIX_PATH=/home/giszterlab/USING/Framework/unitree_ws/install/ros2_unitree_legged_msgs:/home/giszterlab/USING/Framework/unitree_ws/install/unitree_legged_real:/home/giszterlab/USING/Framework/unitree_ws/install/go1_description:/usr/local:/opt/ros/humble LD_LIBRARY_PATH=/home/giszterlab/USING/Framework/unitree_ws/install/ros2_unitree_legged_msgs/lib:/home/giszterlab/USING/Framework/unitree_ws/install/unitree_legged_real/lib:/usr/lib/x86_64-linux-gnu/gazebo-11/plugins:/opt/ros/humble/opt/rviz_ogre_vendor/lib:/opt/ros/humble/lib/x86_64-linux-gnu:/opt/ros/humble/lib /usr/bin/cmake --install /home/giszterlab/USING/Framework/unitree_ws/build/unitree_legged_real
[16.480s] Level 1:colcon.colcon_core.environment:checking '/home/giszterlab/USING/Framework/unitree_ws/install/unitree_legged_real' for CMake config files
[16.481s] Level 1:colcon.colcon_core.shell:create_environment_hook('unitree_legged_real', 'cmake_prefix_path')
[16.481s] INFO:colcon.colcon_core.shell:Creating environment hook '/home/giszterlab/USING/Framework/unitree_ws/install/unitree_legged_real/share/unitree_legged_real/hook/cmake_prefix_path.ps1'
[16.482s] INFO:colcon.colcon_core.shell:Creating environment descriptor '/home/giszterlab/USING/Framework/unitree_ws/install/unitree_legged_real/share/unitree_legged_real/hook/cmake_prefix_path.dsv'
[16.483s] INFO:colcon.colcon_core.shell:Creating environment hook '/home/giszterlab/USING/Framework/unitree_ws/install/unitree_legged_real/share/unitree_legged_real/hook/cmake_prefix_path.sh'
[16.485s] Level 1:colcon.colcon_core.environment:checking '/home/giszterlab/USING/Framework/unitree_ws/install/unitree_legged_real/lib'
[16.485s] Level 1:colcon.colcon_core.shell:create_environment_hook('unitree_legged_real', 'ld_library_path_lib')
[16.486s] INFO:colcon.colcon_core.shell:Creating environment hook '/home/giszterlab/USING/Framework/unitree_ws/install/unitree_legged_real/share/unitree_legged_real/hook/ld_library_path_lib.ps1'
[16.487s] INFO:colcon.colcon_core.shell:Creating environment descriptor '/home/giszterlab/USING/Framework/unitree_ws/install/unitree_legged_real/share/unitree_legged_real/hook/ld_library_path_lib.dsv'
[16.489s] INFO:colcon.colcon_core.shell:Creating environment hook '/home/giszterlab/USING/Framework/unitree_ws/install/unitree_legged_real/share/unitree_legged_real/hook/ld_library_path_lib.sh'
[16.490s] Level 1:colcon.colcon_core.environment:checking '/home/giszterlab/USING/Framework/unitree_ws/install/unitree_legged_real/bin'
[16.490s] Level 1:colcon.colcon_core.environment:checking '/home/giszterlab/USING/Framework/unitree_ws/install/unitree_legged_real/lib/pkgconfig/unitree_legged_real.pc'
[16.491s] Level 1:colcon.colcon_core.environment:checking '/home/giszterlab/USING/Framework/unitree_ws/install/unitree_legged_real/lib/python3.10/site-packages'
[16.491s] Level 1:colcon.colcon_core.environment:checking '/home/giszterlab/USING/Framework/unitree_ws/install/unitree_legged_real/bin'
[16.492s] INFO:colcon.colcon_core.shell:Creating package script '/home/giszterlab/USING/Framework/unitree_ws/install/unitree_legged_real/share/unitree_legged_real/package.ps1'
[16.493s] INFO:colcon.colcon_core.shell:Creating package descriptor '/home/giszterlab/USING/Framework/unitree_ws/install/unitree_legged_real/share/unitree_legged_real/package.dsv'
[16.495s] INFO:colcon.colcon_core.shell:Creating package script '/home/giszterlab/USING/Framework/unitree_ws/install/unitree_legged_real/share/unitree_legged_real/package.sh'
[16.496s] INFO:colcon.colcon_core.shell:Creating package script '/home/giszterlab/USING/Framework/unitree_ws/install/unitree_legged_real/share/unitree_legged_real/package.bash'
[16.497s] INFO:colcon.colcon_core.shell:Creating package script '/home/giszterlab/USING/Framework/unitree_ws/install/unitree_legged_real/share/unitree_legged_real/package.zsh'
[16.498s] Level 1:colcon.colcon_core.environment:create_file_with_runtime_dependencies(/home/giszterlab/USING/Framework/unitree_ws/install/unitree_legged_real/share/colcon-core/packages/unitree_legged_real)
[16.499s] Level 1:colcon.colcon_core.environment:create_environment_scripts_only(unitree_legged_real)
[16.500s] Level 1:colcon.colcon_core.environment:checking '/home/giszterlab/USING/Framework/unitree_ws/install/unitree_legged_real' for CMake module files
[16.501s] Level 1:colcon.colcon_core.environment:checking '/home/giszterlab/USING/Framework/unitree_ws/install/unitree_legged_real' for CMake config files
[16.502s] Level 1:colcon.colcon_core.shell:create_environment_hook('unitree_legged_real', 'cmake_prefix_path')
[16.502s] INFO:colcon.colcon_core.shell:Creating environment hook '/home/giszterlab/USING/Framework/unitree_ws/install/unitree_legged_real/share/unitree_legged_real/hook/cmake_prefix_path.ps1'
[16.503s] INFO:colcon.colcon_core.shell:Creating environment descriptor '/home/giszterlab/USING/Framework/unitree_ws/install/unitree_legged_real/share/unitree_legged_real/hook/cmake_prefix_path.dsv'
[16.504s] INFO:colcon.colcon_core.shell:Creating environment hook '/home/giszterlab/USING/Framework/unitree_ws/install/unitree_legged_real/share/unitree_legged_real/hook/cmake_prefix_path.sh'
[16.506s] Level 1:colcon.colcon_core.environment:checking '/home/giszterlab/USING/Framework/unitree_ws/install/unitree_legged_real/lib'
[16.506s] Level 1:colcon.colcon_core.shell:create_environment_hook('unitree_legged_real', 'ld_library_path_lib')
[16.507s] INFO:colcon.colcon_core.shell:Creating environment hook '/home/giszterlab/USING/Framework/unitree_ws/install/unitree_legged_real/share/unitree_legged_real/hook/ld_library_path_lib.ps1'
[16.508s] INFO:colcon.colcon_core.shell:Creating environment descriptor '/home/giszterlab/USING/Framework/unitree_ws/install/unitree_legged_real/share/unitree_legged_real/hook/ld_library_path_lib.dsv'
[16.509s] INFO:colcon.colcon_core.shell:Creating environment hook '/home/giszterlab/USING/Framework/unitree_ws/install/unitree_legged_real/share/unitree_legged_real/hook/ld_library_path_lib.sh'
[16.510s] Level 1:colcon.colcon_core.environment:checking '/home/giszterlab/USING/Framework/unitree_ws/install/unitree_legged_real/bin'
[16.510s] Level 1:colcon.colcon_core.environment:checking '/home/giszterlab/USING/Framework/unitree_ws/install/unitree_legged_real/lib/pkgconfig/unitree_legged_real.pc'
[16.511s] Level 1:colcon.colcon_core.environment:checking '/home/giszterlab/USING/Framework/unitree_ws/install/unitree_legged_real/lib/python3.10/site-packages'
[16.512s] Level 1:colcon.colcon_core.environment:checking '/home/giszterlab/USING/Framework/unitree_ws/install/unitree_legged_real/bin'
[16.514s] INFO:colcon.colcon_core.shell:Creating package script '/home/giszterlab/USING/Framework/unitree_ws/install/unitree_legged_real/share/unitree_legged_real/package.ps1'
[16.516s] INFO:colcon.colcon_core.shell:Creating package descriptor '/home/giszterlab/USING/Framework/unitree_ws/install/unitree_legged_real/share/unitree_legged_real/package.dsv'
[16.518s] INFO:colcon.colcon_core.shell:Creating package script '/home/giszterlab/USING/Framework/unitree_ws/install/unitree_legged_real/share/unitree_legged_real/package.sh'
[16.520s] INFO:colcon.colcon_core.shell:Creating package script '/home/giszterlab/USING/Framework/unitree_ws/install/unitree_legged_real/share/unitree_legged_real/package.bash'
[16.521s] INFO:colcon.colcon_core.shell:Creating package script '/home/giszterlab/USING/Framework/unitree_ws/install/unitree_legged_real/share/unitree_legged_real/package.zsh'
[16.522s] Level 1:colcon.colcon_core.environment:create_file_with_runtime_dependencies(/home/giszterlab/USING/Framework/unitree_ws/install/unitree_legged_real/share/colcon-core/packages/unitree_legged_real)
[16.523s] DEBUG:colcon.colcon_parallel_executor.executor.parallel:closing loop
[16.524s] DEBUG:colcon.colcon_parallel_executor.executor.parallel:loop closed
[16.524s] DEBUG:colcon.colcon_parallel_executor.executor.parallel:run_until_complete finished with '0'
[16.524s] DEBUG:colcon.colcon_core.event_reactor:joining thread
[16.537s] INFO:colcon.colcon_core.plugin_system:Skipping extension 'colcon_notification.desktop_notification.terminal_notifier': Not used on non-Darwin systems
[16.537s] INFO:colcon.colcon_core.plugin_system:Skipping extension 'colcon_notification.desktop_notification.win32': Not used on non-Windows systems
[16.537s] INFO:colcon.colcon_notification.desktop_notification:Sending desktop notification using 'notify2'
[16.568s] DEBUG:colcon.colcon_core.event_reactor:joined thread
[16.569s] INFO:colcon.colcon_core.shell:Creating prefix script '/home/giszterlab/USING/Framework/unitree_ws/install/local_setup.ps1'
[16.572s] INFO:colcon.colcon_core.shell:Creating prefix util module '/home/giszterlab/USING/Framework/unitree_ws/install/_local_setup_util_ps1.py'
[16.576s] INFO:colcon.colcon_core.shell:Creating prefix chain script '/home/giszterlab/USING/Framework/unitree_ws/install/setup.ps1'
[16.581s] INFO:colcon.colcon_core.shell:Creating prefix script '/home/giszterlab/USING/Framework/unitree_ws/install/local_setup.sh'
[16.583s] INFO:colcon.colcon_core.shell:Creating prefix util module '/home/giszterlab/USING/Framework/unitree_ws/install/_local_setup_util_sh.py'
[16.585s] INFO:colcon.colcon_core.shell:Creating prefix chain script '/home/giszterlab/USING/Framework/unitree_ws/install/setup.sh'
[16.588s] INFO:colcon.colcon_core.shell:Creating prefix script '/home/giszterlab/USING/Framework/unitree_ws/install/local_setup.bash'
[16.589s] INFO:colcon.colcon_core.shell:Creating prefix chain script '/home/giszterlab/USING/Framework/unitree_ws/install/setup.bash'
[16.592s] INFO:colcon.colcon_core.shell:Creating prefix script '/home/giszterlab/USING/Framework/unitree_ws/install/local_setup.zsh'
[16.593s] INFO:colcon.colcon_core.shell:Creating prefix chain script '/home/giszterlab/USING/Framework/unitree_ws/install/setup.zsh'
