[0.017s] Invoking command in '/home/giszterlab/USING/Framework/unitree_ws/build/unitree_legged_real': CMAKE_PREFIX_PATH=/home/giszterlab/USING/Framework/unitree_ws/install/ros2_unitree_legged_msgs:/home/giszterlab/USING/Framework/unitree_ws/install/unitree_legged_real:/home/giszterlab/USING/Framework/unitree_ws/install/go1_description:/usr/local:/opt/ros/humble LD_LIBRARY_PATH=/home/giszterlab/USING/Framework/unitree_ws/install/ros2_unitree_legged_msgs/lib:/home/giszterlab/USING/Framework/unitree_ws/install/unitree_legged_real/lib:/usr/lib/x86_64-linux-gnu/gazebo-11/plugins:/opt/ros/humble/opt/rviz_ogre_vendor/lib:/opt/ros/humble/lib/x86_64-linux-gnu:/opt/ros/humble/lib /usr/bin/cmake --build /home/giszterlab/USING/Framework/unitree_ws/build/unitree_legged_real -- -j8 -l8
[0.085s] [35m[1mConsolidate compiler generated dependencies of target ros2_udp[0m
[0.098s] [ 12%] Built target custom_gait
[0.099s] [ 25%] Built target jsp_high
[0.101s] [ 50%] Built target jsp_low
[0.101s] [ 50%] Built target udp_high
[0.102s] [ 62%] Built target udp_low
[0.105s] [ 75%] Built target ros2_position_example
[0.108s] [ 87%] Built target ros2_walk_example
[0.111s] [ 93%] [32mBuilding CXX object CMakeFiles/ros2_udp.dir/src/ros2_udp.cpp.o[0m
[15.306s] [100%] [32m[1mLinking CXX executable ros2_udp[0m
[15.499s] [100%] Built target ros2_udp
[15.511s] Invoked command in '/home/giszterlab/USING/Framework/unitree_ws/build/unitree_legged_real' returned '0': CMAKE_PREFIX_PATH=/home/giszterlab/USING/Framework/unitree_ws/install/ros2_unitree_legged_msgs:/home/giszterlab/USING/Framework/unitree_ws/install/unitree_legged_real:/home/giszterlab/USING/Framework/unitree_ws/install/go1_description:/usr/local:/opt/ros/humble LD_LIBRARY_PATH=/home/giszterlab/USING/Framework/unitree_ws/install/ros2_unitree_legged_msgs/lib:/home/giszterlab/USING/Framework/unitree_ws/install/unitree_legged_real/lib:/usr/lib/x86_64-linux-gnu/gazebo-11/plugins:/opt/ros/humble/opt/rviz_ogre_vendor/lib:/opt/ros/humble/lib/x86_64-linux-gnu:/opt/ros/humble/lib /usr/bin/cmake --build /home/giszterlab/USING/Framework/unitree_ws/build/unitree_legged_real -- -j8 -l8
[15.512s] Invoking command in '/home/giszterlab/USING/Framework/unitree_ws/build/unitree_legged_real': CMAKE_PREFIX_PATH=/home/giszterlab/USING/Framework/unitree_ws/install/ros2_unitree_legged_msgs:/home/giszterlab/USING/Framework/unitree_ws/install/unitree_legged_real:/home/giszterlab/USING/Framework/unitree_ws/install/go1_description:/usr/local:/opt/ros/humble LD_LIBRARY_PATH=/home/giszterlab/USING/Framework/unitree_ws/install/ros2_unitree_legged_msgs/lib:/home/giszterlab/USING/Framework/unitree_ws/install/unitree_legged_real/lib:/usr/lib/x86_64-linux-gnu/gazebo-11/plugins:/opt/ros/humble/opt/rviz_ogre_vendor/lib:/opt/ros/humble/lib/x86_64-linux-gnu:/opt/ros/humble/lib /usr/bin/cmake --install /home/giszterlab/USING/Framework/unitree_ws/build/unitree_legged_real
[15.522s] -- Install configuration: ""
[15.522s] -- Up-to-date: /home/giszterlab/USING/Framework/unitree_ws/install/unitree_legged_real/lib
[15.522s] -- Up-to-date: /home/giszterlab/USING/Framework/unitree_ws/install/unitree_legged_real/lib/libunitree_legged_sdk_amd64.so
[15.523s] -- Up-to-date: /home/giszterlab/USING/Framework/unitree_ws/install/unitree_legged_real/lib/libunitree_legged_sdk_arm64.so
[15.523s] -- Installing: /home/giszterlab/USING/Framework/unitree_ws/install/unitree_legged_real/lib/unitree_legged_real/ros2_udp
[15.525s] -- Set runtime path of "/home/giszterlab/USING/Framework/unitree_ws/install/unitree_legged_real/lib/unitree_legged_real/ros2_udp" to ""
[15.525s] -- Up-to-date: /home/giszterlab/USING/Framework/unitree_ws/install/unitree_legged_real/lib/unitree_legged_real/udp_high
[15.525s] -- Up-to-date: /home/giszterlab/USING/Framework/unitree_ws/install/unitree_legged_real/lib/unitree_legged_real/jsp_high
[15.526s] -- Up-to-date: /home/giszterlab/USING/Framework/unitree_ws/install/unitree_legged_real/lib/unitree_legged_real/ros2_walk_example
[15.526s] -- Up-to-date: /home/giszterlab/USING/Framework/unitree_ws/install/unitree_legged_real/lib/unitree_legged_real/ros2_position_example
[15.527s] -- Up-to-date: /home/giszterlab/USING/Framework/unitree_ws/install/unitree_legged_real/lib/unitree_legged_real/custom_gait
[15.527s] -- Up-to-date: /home/giszterlab/USING/Framework/unitree_ws/install/unitree_legged_real/lib/unitree_legged_real/udp_low
[15.528s] -- Up-to-date: /home/giszterlab/USING/Framework/unitree_ws/install/unitree_legged_real/lib/unitree_legged_real/jsp_low
[15.528s] -- Up-to-date: /home/giszterlab/USING/Framework/unitree_ws/install/unitree_legged_real/share/unitree_legged_real//launch
[15.528s] -- Up-to-date: /home/giszterlab/USING/Framework/unitree_ws/install/unitree_legged_real/share/unitree_legged_real//launch/low.launch.py
[15.528s] -- Up-to-date: /home/giszterlab/USING/Framework/unitree_ws/install/unitree_legged_real/share/unitree_legged_real//launch/high.launch.py
[15.528s] -- Up-to-date: /home/giszterlab/USING/Framework/unitree_ws/install/unitree_legged_real/share/unitree_legged_real//config
[15.528s] -- Up-to-date: /home/giszterlab/USING/Framework/unitree_ws/install/unitree_legged_real/share/unitree_legged_real//config/state_only.rviz
[15.529s] -- Up-to-date: /home/giszterlab/USING/Framework/unitree_ws/install/unitree_legged_real/share/unitree_legged_real//config/cmd_only.rviz
[15.529s] -- Up-to-date: /home/giszterlab/USING/Framework/unitree_ws/install/unitree_legged_real/share/unitree_legged_real//config/state_and_cmd.rviz
[15.529s] -- Up-to-date: /home/giszterlab/USING/Framework/unitree_ws/install/unitree_legged_real/share/ament_index/resource_index/package_run_dependencies/unitree_legged_real
[15.529s] -- Up-to-date: /home/giszterlab/USING/Framework/unitree_ws/install/unitree_legged_real/share/ament_index/resource_index/parent_prefix_path/unitree_legged_real
[15.529s] -- Up-to-date: /home/giszterlab/USING/Framework/unitree_ws/install/unitree_legged_real/share/unitree_legged_real/environment/ament_prefix_path.sh
[15.529s] -- Up-to-date: /home/giszterlab/USING/Framework/unitree_ws/install/unitree_legged_real/share/unitree_legged_real/environment/ament_prefix_path.dsv
[15.529s] -- Up-to-date: /home/giszterlab/USING/Framework/unitree_ws/install/unitree_legged_real/share/unitree_legged_real/environment/path.sh
[15.529s] -- Up-to-date: /home/giszterlab/USING/Framework/unitree_ws/install/unitree_legged_real/share/unitree_legged_real/environment/path.dsv
[15.529s] -- Up-to-date: /home/giszterlab/USING/Framework/unitree_ws/install/unitree_legged_real/share/unitree_legged_real/local_setup.bash
[15.529s] -- Up-to-date: /home/giszterlab/USING/Framework/unitree_ws/install/unitree_legged_real/share/unitree_legged_real/local_setup.sh
[15.530s] -- Up-to-date: /home/giszterlab/USING/Framework/unitree_ws/install/unitree_legged_real/share/unitree_legged_real/local_setup.zsh
[15.530s] -- Up-to-date: /home/giszterlab/USING/Framework/unitree_ws/install/unitree_legged_real/share/unitree_legged_real/local_setup.dsv
[15.530s] -- Installing: /home/giszterlab/USING/Framework/unitree_ws/install/unitree_legged_real/share/unitree_legged_real/package.dsv
[15.530s] -- Up-to-date: /home/giszterlab/USING/Framework/unitree_ws/install/unitree_legged_real/share/ament_index/resource_index/packages/unitree_legged_real
[15.530s] -- Up-to-date: /home/giszterlab/USING/Framework/unitree_ws/install/unitree_legged_real/share/unitree_legged_real/cmake/unitree_legged_realConfig.cmake
[15.530s] -- Up-to-date: /home/giszterlab/USING/Framework/unitree_ws/install/unitree_legged_real/share/unitree_legged_real/cmake/unitree_legged_realConfig-version.cmake
[15.530s] -- Up-to-date: /home/giszterlab/USING/Framework/unitree_ws/install/unitree_legged_real/share/unitree_legged_real/package.xml
[15.532s] Invoked command in '/home/giszterlab/USING/Framework/unitree_ws/build/unitree_legged_real' returned '0': CMAKE_PREFIX_PATH=/home/giszterlab/USING/Framework/unitree_ws/install/ros2_unitree_legged_msgs:/home/giszterlab/USING/Framework/unitree_ws/install/unitree_legged_real:/home/giszterlab/USING/Framework/unitree_ws/install/go1_description:/usr/local:/opt/ros/humble LD_LIBRARY_PATH=/home/giszterlab/USING/Framework/unitree_ws/install/ros2_unitree_legged_msgs/lib:/home/giszterlab/USING/Framework/unitree_ws/install/unitree_legged_real/lib:/usr/lib/x86_64-linux-gnu/gazebo-11/plugins:/opt/ros/humble/opt/rviz_ogre_vendor/lib:/opt/ros/humble/lib/x86_64-linux-gnu:/opt/ros/humble/lib /usr/bin/cmake --install /home/giszterlab/USING/Framework/unitree_ws/build/unitree_legged_real
