[0.010s] Invoking command in '/home/giszterlab/USING/Framework/unitree_ws/build/unitree_legged_real': AMENT_PREFIX_PATH=/home/giszterlab/USING/Framework/unitree_ws/install/ros2_unitree_legged_msgs:${AMENT_PREFIX_PATH} CMAKE_PREFIX_PATH=/home/giszterlab/USING/Framework/unitree_ws/install/ros2_unitree_legged_msgs:/usr/local:/opt/ros/humble LD_LIBRARY_PATH=/home/giszterlab/USING/Framework/unitree_ws/install/ros2_unitree_legged_msgs/lib:${LD_LIBRARY_PATH} PYTHONPATH=/home/giszterlab/USING/Framework/unitree_ws/install/ros2_unitree_legged_msgs/local/lib/python3.10/dist-packages:${PYTHONPATH} /usr/bin/cmake /home/giszterlab/USING/Framework/unitree_ws/src/unitree_ros2/unitree_legged_real -DCMAKE_INSTALL_PREFIX=/home/giszterlab/USING/Framework/unitree_ws/install/unitree_legged_real
[0.068s] -- The C compiler identification is GNU 11.4.0
[0.132s] -- The CXX compiler identification is GNU 11.4.0
[0.142s] -- Detecting C compiler ABI info
[0.221s] -- Detecting C compiler ABI info - done
[0.228s] -- Check for working C compiler: /usr/bin/cc - skipped
[0.228s] -- Detecting C compile features
[0.229s] -- Detecting C compile features - done
[0.233s] -- Detecting CXX compiler ABI info
[0.314s] -- Detecting CXX compiler ABI info - done
[0.325s] -- Check for working CXX compiler: /usr/bin/c++ - skipped
[0.325s] -- Detecting CXX compile features
[0.325s] -- Detecting CXX compile features - done
[0.328s] -- Found ament_cmake: 1.3.11 (/opt/ros/humble/share/ament_cmake/cmake)
[0.511s] -- Found Python3: /usr/bin/python3 (found version "3.10.12") found components: Interpreter 
[0.645s] -- Found rclcpp: 16.0.12 (/opt/ros/humble/share/rclcpp/cmake)
[0.715s] -- Found rosidl_generator_c: 3.1.6 (/opt/ros/humble/share/rosidl_generator_c/cmake)
[0.721s] -- Found rosidl_adapter: 3.1.6 (/opt/ros/humble/share/rosidl_adapter/cmake)
[0.730s] -- Found rosidl_generator_cpp: 3.1.6 (/opt/ros/humble/share/rosidl_generator_cpp/cmake)
[0.743s] -- Using all available rosidl_typesupport_c: rosidl_typesupport_fastrtps_c;rosidl_typesupport_introspection_c
[0.759s] -- Using all available rosidl_typesupport_cpp: rosidl_typesupport_fastrtps_cpp;rosidl_typesupport_introspection_cpp
[0.804s] -- Found rmw_implementation_cmake: 6.1.2 (/opt/ros/humble/share/rmw_implementation_cmake/cmake)
[0.806s] -- Found rmw_fastrtps_cpp: 6.2.7 (/opt/ros/humble/share/rmw_fastrtps_cpp/cmake)
[0.893s] -- Found OpenSSL: /usr/lib/x86_64-linux-gnu/libcrypto.so (found version "3.0.2")  
[0.919s] -- Found FastRTPS: /opt/ros/humble/include  
[0.962s] -- Using RMW implementation 'rmw_fastrtps_cpp' as default
[0.971s] -- Looking for pthread.h
[1.048s] -- Looking for pthread.h - found
[1.048s] -- Performing Test CMAKE_HAVE_LIBC_PTHREAD
[1.124s] -- Performing Test CMAKE_HAVE_LIBC_PTHREAD - Success
[1.125s] -- Found Threads: TRUE  
[1.186s] -- Found ros2_unitree_legged_msgs: 0.4.0 (/home/giszterlab/USING/Framework/unitree_ws/install/ros2_unitree_legged_msgs/share/ros2_unitree_legged_msgs/cmake)
[1.198s] -- Found sensor_msgs: 4.8.0 (/opt/ros/humble/share/sensor_msgs/cmake)
[1.231s] -- -- CMAKE_SYSTEM_PROCESSOR: x86_64
[1.313s] -- Configuring done
[1.348s] -- Generating done
[1.362s] -- Build files have been written to: /home/giszterlab/USING/Framework/unitree_ws/build/unitree_legged_real
[1.374s] Invoked command in '/home/giszterlab/USING/Framework/unitree_ws/build/unitree_legged_real' returned '0': AMENT_PREFIX_PATH=/home/giszterlab/USING/Framework/unitree_ws/install/ros2_unitree_legged_msgs:${AMENT_PREFIX_PATH} CMAKE_PREFIX_PATH=/home/giszterlab/USING/Framework/unitree_ws/install/ros2_unitree_legged_msgs:/usr/local:/opt/ros/humble LD_LIBRARY_PATH=/home/giszterlab/USING/Framework/unitree_ws/install/ros2_unitree_legged_msgs/lib:${LD_LIBRARY_PATH} PYTHONPATH=/home/giszterlab/USING/Framework/unitree_ws/install/ros2_unitree_legged_msgs/local/lib/python3.10/dist-packages:${PYTHONPATH} /usr/bin/cmake /home/giszterlab/USING/Framework/unitree_ws/src/unitree_ros2/unitree_legged_real -DCMAKE_INSTALL_PREFIX=/home/giszterlab/USING/Framework/unitree_ws/install/unitree_legged_real
[1.376s] Invoking command in '/home/giszterlab/USING/Framework/unitree_ws/build/unitree_legged_real': AMENT_PREFIX_PATH=/home/giszterlab/USING/Framework/unitree_ws/install/ros2_unitree_legged_msgs:${AMENT_PREFIX_PATH} CMAKE_PREFIX_PATH=/home/giszterlab/USING/Framework/unitree_ws/install/ros2_unitree_legged_msgs:/usr/local:/opt/ros/humble LD_LIBRARY_PATH=/home/giszterlab/USING/Framework/unitree_ws/install/ros2_unitree_legged_msgs/lib:${LD_LIBRARY_PATH} PYTHONPATH=/home/giszterlab/USING/Framework/unitree_ws/install/ros2_unitree_legged_msgs/local/lib/python3.10/dist-packages:${PYTHONPATH} /usr/bin/cmake --build /home/giszterlab/USING/Framework/unitree_ws/build/unitree_legged_real -- -j8 -l8
[1.446s] [ 31%] [32mBuilding CXX object CMakeFiles/udp_high.dir/src/udp_high.cpp.o[0m
[1.447s] [ 31%] [32mBuilding CXX object CMakeFiles/ros2_udp.dir/src/ros2_udp.cpp.o[0m
[1.447s] [ 31%] [32mBuilding CXX object CMakeFiles/udp_low.dir/src/udp_low.cpp.o[0m
[1.447s] [ 31%] [32mBuilding CXX object CMakeFiles/jsp_high.dir/src/jsp_high.cpp.o[0m
[1.447s] [ 37%] [32mBuilding CXX object CMakeFiles/ros2_position_example.dir/src/ros2_position_example.cpp.o[0m
[1.447s] [ 37%] [32mBuilding CXX object CMakeFiles/ros2_walk_example.dir/src/ros2_walk_example.cpp.o[0m
[1.447s] [ 43%] [32mBuilding CXX object CMakeFiles/custom_gait.dir/src/custom_gait.cpp.o[0m
[1.451s] [ 50%] [32mBuilding CXX object CMakeFiles/jsp_low.dir/src/jsp_low.cpp.o[0m
[12.156s] [ 56%] [32m[1mLinking CXX executable ros2_position_example[0m
[12.197s] [ 62%] [32m[1mLinking CXX executable ros2_walk_example[0m
[12.440s] [ 62%] Built target ros2_position_example
[12.448s] [ 62%] Built target ros2_walk_example
[18.009s] [ 68%] [32m[1mLinking CXX executable custom_gait[0m
[18.210s] [ 68%] Built target custom_gait
[20.004s] [ 75%] [32m[1mLinking CXX executable jsp_high[0m
[20.248s] [ 75%] Built target jsp_high
[20.358s] [ 81%] [32m[1mLinking CXX executable udp_high[0m
[20.537s] [ 81%] Built target udp_high
[20.749s] [ 87%] [32m[1mLinking CXX executable udp_low[0m
[20.938s] [ 87%] Built target udp_low
[23.697s] [ 93%] [32m[1mLinking CXX executable ros2_udp[0m
[23.817s] [100%] [32m[1mLinking CXX executable jsp_low[0m
[23.899s] [100%] Built target ros2_udp
[24.024s] [100%] Built target jsp_low
[24.038s] Invoked command in '/home/giszterlab/USING/Framework/unitree_ws/build/unitree_legged_real' returned '0': AMENT_PREFIX_PATH=/home/giszterlab/USING/Framework/unitree_ws/install/ros2_unitree_legged_msgs:${AMENT_PREFIX_PATH} CMAKE_PREFIX_PATH=/home/giszterlab/USING/Framework/unitree_ws/install/ros2_unitree_legged_msgs:/usr/local:/opt/ros/humble LD_LIBRARY_PATH=/home/giszterlab/USING/Framework/unitree_ws/install/ros2_unitree_legged_msgs/lib:${LD_LIBRARY_PATH} PYTHONPATH=/home/giszterlab/USING/Framework/unitree_ws/install/ros2_unitree_legged_msgs/local/lib/python3.10/dist-packages:${PYTHONPATH} /usr/bin/cmake --build /home/giszterlab/USING/Framework/unitree_ws/build/unitree_legged_real -- -j8 -l8
[24.040s] Invoking command in '/home/giszterlab/USING/Framework/unitree_ws/build/unitree_legged_real': AMENT_PREFIX_PATH=/home/giszterlab/USING/Framework/unitree_ws/install/ros2_unitree_legged_msgs:${AMENT_PREFIX_PATH} CMAKE_PREFIX_PATH=/home/giszterlab/USING/Framework/unitree_ws/install/ros2_unitree_legged_msgs:/usr/local:/opt/ros/humble LD_LIBRARY_PATH=/home/giszterlab/USING/Framework/unitree_ws/install/ros2_unitree_legged_msgs/lib:${LD_LIBRARY_PATH} PYTHONPATH=/home/giszterlab/USING/Framework/unitree_ws/install/ros2_unitree_legged_msgs/local/lib/python3.10/dist-packages:${PYTHONPATH} /usr/bin/cmake --install /home/giszterlab/USING/Framework/unitree_ws/build/unitree_legged_real
[24.049s] -- Install configuration: ""
[24.049s] -- Installing: /home/giszterlab/USING/Framework/unitree_ws/install/unitree_legged_real/lib
[24.049s] -- Installing: /home/giszterlab/USING/Framework/unitree_ws/install/unitree_legged_real/lib/libunitree_legged_sdk_amd64.so
[24.050s] -- Installing: /home/giszterlab/USING/Framework/unitree_ws/install/unitree_legged_real/lib/libunitree_legged_sdk_arm64.so
[24.051s] -- Installing: /home/giszterlab/USING/Framework/unitree_ws/install/unitree_legged_real/lib/unitree_legged_real/ros2_udp
[24.052s] -- Set runtime path of "/home/giszterlab/USING/Framework/unitree_ws/install/unitree_legged_real/lib/unitree_legged_real/ros2_udp" to ""
[24.052s] -- Installing: /home/giszterlab/USING/Framework/unitree_ws/install/unitree_legged_real/lib/unitree_legged_real/udp_high
[24.053s] -- Set runtime path of "/home/giszterlab/USING/Framework/unitree_ws/install/unitree_legged_real/lib/unitree_legged_real/udp_high" to ""
[24.054s] -- Installing: /home/giszterlab/USING/Framework/unitree_ws/install/unitree_legged_real/lib/unitree_legged_real/jsp_high
[24.055s] -- Set runtime path of "/home/giszterlab/USING/Framework/unitree_ws/install/unitree_legged_real/lib/unitree_legged_real/jsp_high" to ""
[24.055s] -- Installing: /home/giszterlab/USING/Framework/unitree_ws/install/unitree_legged_real/lib/unitree_legged_real/ros2_walk_example
[24.055s] -- Set runtime path of "/home/giszterlab/USING/Framework/unitree_ws/install/unitree_legged_real/lib/unitree_legged_real/ros2_walk_example" to ""
[24.056s] -- Installing: /home/giszterlab/USING/Framework/unitree_ws/install/unitree_legged_real/lib/unitree_legged_real/ros2_position_example
[24.056s] -- Set runtime path of "/home/giszterlab/USING/Framework/unitree_ws/install/unitree_legged_real/lib/unitree_legged_real/ros2_position_example" to ""
[24.056s] -- Installing: /home/giszterlab/USING/Framework/unitree_ws/install/unitree_legged_real/lib/unitree_legged_real/custom_gait
[24.057s] -- Set runtime path of "/home/giszterlab/USING/Framework/unitree_ws/install/unitree_legged_real/lib/unitree_legged_real/custom_gait" to ""
[24.057s] -- Installing: /home/giszterlab/USING/Framework/unitree_ws/install/unitree_legged_real/lib/unitree_legged_real/udp_low
[24.058s] -- Set runtime path of "/home/giszterlab/USING/Framework/unitree_ws/install/unitree_legged_real/lib/unitree_legged_real/udp_low" to ""
[24.058s] -- Installing: /home/giszterlab/USING/Framework/unitree_ws/install/unitree_legged_real/lib/unitree_legged_real/jsp_low
[24.060s] -- Set runtime path of "/home/giszterlab/USING/Framework/unitree_ws/install/unitree_legged_real/lib/unitree_legged_real/jsp_low" to ""
[24.060s] -- Installing: /home/giszterlab/USING/Framework/unitree_ws/install/unitree_legged_real/share/unitree_legged_real//launch
[24.060s] -- Installing: /home/giszterlab/USING/Framework/unitree_ws/install/unitree_legged_real/share/unitree_legged_real//launch/low.launch.py
[24.060s] -- Installing: /home/giszterlab/USING/Framework/unitree_ws/install/unitree_legged_real/share/unitree_legged_real//launch/high.launch.py
[24.060s] -- Installing: /home/giszterlab/USING/Framework/unitree_ws/install/unitree_legged_real/share/unitree_legged_real//config
[24.061s] -- Installing: /home/giszterlab/USING/Framework/unitree_ws/install/unitree_legged_real/share/unitree_legged_real//config/state_only.rviz
[24.061s] -- Installing: /home/giszterlab/USING/Framework/unitree_ws/install/unitree_legged_real/share/unitree_legged_real//config/cmd_only.rviz
[24.061s] -- Installing: /home/giszterlab/USING/Framework/unitree_ws/install/unitree_legged_real/share/unitree_legged_real//config/state_and_cmd.rviz
[24.061s] -- Installing: /home/giszterlab/USING/Framework/unitree_ws/install/unitree_legged_real/share/ament_index/resource_index/package_run_dependencies/unitree_legged_real
[24.061s] -- Installing: /home/giszterlab/USING/Framework/unitree_ws/install/unitree_legged_real/share/ament_index/resource_index/parent_prefix_path/unitree_legged_real
[24.062s] -- Installing: /home/giszterlab/USING/Framework/unitree_ws/install/unitree_legged_real/share/unitree_legged_real/environment/ament_prefix_path.sh
[24.062s] -- Installing: /home/giszterlab/USING/Framework/unitree_ws/install/unitree_legged_real/share/unitree_legged_real/environment/ament_prefix_path.dsv
[24.062s] -- Installing: /home/giszterlab/USING/Framework/unitree_ws/install/unitree_legged_real/share/unitree_legged_real/environment/path.sh
[24.062s] -- Installing: /home/giszterlab/USING/Framework/unitree_ws/install/unitree_legged_real/share/unitree_legged_real/environment/path.dsv
[24.063s] -- Installing: /home/giszterlab/USING/Framework/unitree_ws/install/unitree_legged_real/share/unitree_legged_real/local_setup.bash
[24.063s] -- Installing: /home/giszterlab/USING/Framework/unitree_ws/install/unitree_legged_real/share/unitree_legged_real/local_setup.sh
[24.063s] -- Installing: /home/giszterlab/USING/Framework/unitree_ws/install/unitree_legged_real/share/unitree_legged_real/local_setup.zsh
[24.063s] -- Installing: /home/giszterlab/USING/Framework/unitree_ws/install/unitree_legged_real/share/unitree_legged_real/local_setup.dsv
[24.063s] -- Installing: /home/giszterlab/USING/Framework/unitree_ws/install/unitree_legged_real/share/unitree_legged_real/package.dsv
[24.063s] -- Installing: /home/giszterlab/USING/Framework/unitree_ws/install/unitree_legged_real/share/ament_index/resource_index/packages/unitree_legged_real
[24.064s] -- Installing: /home/giszterlab/USING/Framework/unitree_ws/install/unitree_legged_real/share/unitree_legged_real/cmake/unitree_legged_realConfig.cmake
[24.064s] -- Installing: /home/giszterlab/USING/Framework/unitree_ws/install/unitree_legged_real/share/unitree_legged_real/cmake/unitree_legged_realConfig-version.cmake
[24.064s] -- Installing: /home/giszterlab/USING/Framework/unitree_ws/install/unitree_legged_real/share/unitree_legged_real/package.xml
[24.068s] Invoked command in '/home/giszterlab/USING/Framework/unitree_ws/build/unitree_legged_real' returned '0': AMENT_PREFIX_PATH=/home/giszterlab/USING/Framework/unitree_ws/install/ros2_unitree_legged_msgs:${AMENT_PREFIX_PATH} CMAKE_PREFIX_PATH=/home/giszterlab/USING/Framework/unitree_ws/install/ros2_unitree_legged_msgs:/usr/local:/opt/ros/humble LD_LIBRARY_PATH=/home/giszterlab/USING/Framework/unitree_ws/install/ros2_unitree_legged_msgs/lib:${LD_LIBRARY_PATH} PYTHONPATH=/home/giszterlab/USING/Framework/unitree_ws/install/ros2_unitree_legged_msgs/local/lib/python3.10/dist-packages:${PYTHONPATH} /usr/bin/cmake --install /home/giszterlab/USING/Framework/unitree_ws/build/unitree_legged_real
