[0.115s] DEBUG:colcon:Command line arguments: ['/usr/bin/colcon', 'build']
[0.115s] DEBUG:colcon:Parsed command line arguments: Namespace(log_base=None, log_level=None, verb_name='build', build_base='build', install_base='install', merge_install=False, symlink_install=False, test_result_base=None, continue_on_error=False, executor='parallel', parallel_workers=8, event_handlers=None, ignore_user_meta=False, metas=['./colcon.meta'], base_paths=['.'], packages_ignore=None, packages_ignore_regex=None, paths=None, packages_up_to=None, packages_up_to_regex=None, packages_above=None, packages_above_and_dependencies=None, packages_above_depth=None, packages_select_by_dep=None, packages_skip_by_dep=None, packages_skip_up_to=None, packages_select_build_failed=False, packages_skip_build_finished=False, packages_select_test_failures=False, packages_skip_test_passed=False, packages_select=None, packages_skip=None, packages_select_regex=None, packages_skip_regex=None, packages_start=None, packages_end=None, allow_overriding=[], cmake_args=None, cmake_target=None, cmake_target_skip_unavailable=False, cmake_clean_cache=False, cmake_clean_first=False, cmake_force_configure=False, ament_cmake_args=None, catkin_cmake_args=None, catkin_skip_building_tests=False, verb_parser=<colcon_defaults.argument_parser.defaults.DefaultArgumentsDecorator object at 0x755e2bf3fbb0>, verb_extension=<colcon_core.verb.build.BuildVerb object at 0x755e2c084f40>, main=<bound method BuildVerb.main of <colcon_core.verb.build.BuildVerb object at 0x755e2c084f40>>)
[0.308s] Level 1:colcon.colcon_core.package_discovery:discover_packages(colcon_meta) check parameters
[0.308s] Level 1:colcon.colcon_core.package_discovery:discover_packages(recursive) check parameters
[0.308s] Level 1:colcon.colcon_core.package_discovery:discover_packages(ignore) check parameters
[0.308s] Level 1:colcon.colcon_core.package_discovery:discover_packages(path) check parameters
[0.309s] Level 1:colcon.colcon_core.package_discovery:discover_packages(colcon_meta) discover
[0.309s] Level 1:colcon.colcon_core.package_discovery:discover_packages(recursive) discover
[0.309s] INFO:colcon.colcon_core.package_discovery:Crawling recursively for packages in '/home/giszterlab/USING/Framework/unitree_ws'
[0.309s] Level 1:colcon.colcon_core.package_identification:_identify(.) by extensions ['ignore', 'ignore_ament_install']
[0.309s] Level 1:colcon.colcon_core.package_identification:_identify(.) by extension 'ignore'
[0.309s] Level 1:colcon.colcon_core.package_identification:_identify(.) by extension 'ignore_ament_install'
[0.309s] Level 1:colcon.colcon_core.package_identification:_identify(.) by extensions ['colcon_pkg']
[0.309s] Level 1:colcon.colcon_core.package_identification:_identify(.) by extension 'colcon_pkg'
[0.309s] Level 1:colcon.colcon_core.package_identification:_identify(.) by extensions ['colcon_meta']
[0.309s] Level 1:colcon.colcon_core.package_identification:_identify(.) by extension 'colcon_meta'
[0.309s] Level 1:colcon.colcon_core.package_identification:_identify(.) by extensions ['ros']
[0.309s] Level 1:colcon.colcon_core.package_identification:_identify(.) by extension 'ros'
[0.321s] Level 1:colcon.colcon_core.package_identification:_identify(.) by extensions ['cmake', 'python']
[0.321s] Level 1:colcon.colcon_core.package_identification:_identify(.) by extension 'cmake'
[0.321s] Level 1:colcon.colcon_core.package_identification:_identify(.) by extension 'python'
[0.321s] Level 1:colcon.colcon_core.package_identification:_identify(.) by extensions ['python_setup_py']
[0.321s] Level 1:colcon.colcon_core.package_identification:_identify(.) by extension 'python_setup_py'
[0.321s] Level 1:colcon.colcon_core.package_identification:_identify(build) by extensions ['ignore', 'ignore_ament_install']
[0.321s] Level 1:colcon.colcon_core.package_identification:_identify(build) by extension 'ignore'
[0.321s] Level 1:colcon.colcon_core.package_identification:_identify(build) ignored
[0.321s] Level 1:colcon.colcon_core.package_identification:_identify(install) by extensions ['ignore', 'ignore_ament_install']
[0.322s] Level 1:colcon.colcon_core.package_identification:_identify(install) by extension 'ignore'
[0.322s] Level 1:colcon.colcon_core.package_identification:_identify(install) ignored
[0.322s] Level 1:colcon.colcon_core.package_identification:_identify(log) by extensions ['ignore', 'ignore_ament_install']
[0.322s] Level 1:colcon.colcon_core.package_identification:_identify(log) by extension 'ignore'
[0.322s] Level 1:colcon.colcon_core.package_identification:_identify(log) ignored
[0.322s] Level 1:colcon.colcon_core.package_identification:_identify(src) by extensions ['ignore', 'ignore_ament_install']
[0.322s] Level 1:colcon.colcon_core.package_identification:_identify(src) by extension 'ignore'
[0.322s] Level 1:colcon.colcon_core.package_identification:_identify(src) by extension 'ignore_ament_install'
[0.322s] Level 1:colcon.colcon_core.package_identification:_identify(src) by extensions ['colcon_pkg']
[0.322s] Level 1:colcon.colcon_core.package_identification:_identify(src) by extension 'colcon_pkg'
[0.322s] Level 1:colcon.colcon_core.package_identification:_identify(src) by extensions ['colcon_meta']
[0.322s] Level 1:colcon.colcon_core.package_identification:_identify(src) by extension 'colcon_meta'
[0.322s] Level 1:colcon.colcon_core.package_identification:_identify(src) by extensions ['ros']
[0.322s] Level 1:colcon.colcon_core.package_identification:_identify(src) by extension 'ros'
[0.323s] Level 1:colcon.colcon_core.package_identification:_identify(src) by extensions ['cmake', 'python']
[0.323s] Level 1:colcon.colcon_core.package_identification:_identify(src) by extension 'cmake'
[0.323s] Level 1:colcon.colcon_core.package_identification:_identify(src) by extension 'python'
[0.323s] Level 1:colcon.colcon_core.package_identification:_identify(src) by extensions ['python_setup_py']
[0.323s] Level 1:colcon.colcon_core.package_identification:_identify(src) by extension 'python_setup_py'
[0.323s] Level 1:colcon.colcon_core.package_identification:_identify(src/unitree_ros2) by extensions ['ignore', 'ignore_ament_install']
[0.323s] Level 1:colcon.colcon_core.package_identification:_identify(src/unitree_ros2) by extension 'ignore'
[0.323s] Level 1:colcon.colcon_core.package_identification:_identify(src/unitree_ros2) by extension 'ignore_ament_install'
[0.323s] Level 1:colcon.colcon_core.package_identification:_identify(src/unitree_ros2) by extensions ['colcon_pkg']
[0.323s] Level 1:colcon.colcon_core.package_identification:_identify(src/unitree_ros2) by extension 'colcon_pkg'
[0.323s] Level 1:colcon.colcon_core.package_identification:_identify(src/unitree_ros2) by extensions ['colcon_meta']
[0.323s] Level 1:colcon.colcon_core.package_identification:_identify(src/unitree_ros2) by extension 'colcon_meta'
[0.323s] Level 1:colcon.colcon_core.package_identification:_identify(src/unitree_ros2) by extensions ['ros']
[0.323s] Level 1:colcon.colcon_core.package_identification:_identify(src/unitree_ros2) by extension 'ros'
[0.323s] Level 1:colcon.colcon_core.package_identification:_identify(src/unitree_ros2) by extensions ['cmake', 'python']
[0.323s] Level 1:colcon.colcon_core.package_identification:_identify(src/unitree_ros2) by extension 'cmake'
[0.323s] Level 1:colcon.colcon_core.package_identification:_identify(src/unitree_ros2) by extension 'python'
[0.323s] Level 1:colcon.colcon_core.package_identification:_identify(src/unitree_ros2) by extensions ['python_setup_py']
[0.324s] Level 1:colcon.colcon_core.package_identification:_identify(src/unitree_ros2) by extension 'python_setup_py'
[0.324s] Level 1:colcon.colcon_core.package_identification:_identify(src/unitree_ros2/go1_description) by extensions ['ignore', 'ignore_ament_install']
[0.324s] Level 1:colcon.colcon_core.package_identification:_identify(src/unitree_ros2/go1_description) by extension 'ignore'
[0.324s] Level 1:colcon.colcon_core.package_identification:_identify(src/unitree_ros2/go1_description) by extension 'ignore_ament_install'
[0.324s] Level 1:colcon.colcon_core.package_identification:_identify(src/unitree_ros2/go1_description) by extensions ['colcon_pkg']
[0.324s] Level 1:colcon.colcon_core.package_identification:_identify(src/unitree_ros2/go1_description) by extension 'colcon_pkg'
[0.324s] Level 1:colcon.colcon_core.package_identification:_identify(src/unitree_ros2/go1_description) by extensions ['colcon_meta']
[0.324s] Level 1:colcon.colcon_core.package_identification:_identify(src/unitree_ros2/go1_description) by extension 'colcon_meta'
[0.324s] Level 1:colcon.colcon_core.package_identification:_identify(src/unitree_ros2/go1_description) by extensions ['ros']
[0.324s] Level 1:colcon.colcon_core.package_identification:_identify(src/unitree_ros2/go1_description) by extension 'ros'
[0.326s] DEBUG:colcon.colcon_core.package_identification:Package 'src/unitree_ros2/go1_description' with type 'ros.ament_cmake' and name 'go1_description'
[0.327s] Level 1:colcon.colcon_core.package_identification:_identify(src/unitree_ros2/ros2_unitree_legged_msgs) by extensions ['ignore', 'ignore_ament_install']
[0.327s] Level 1:colcon.colcon_core.package_identification:_identify(src/unitree_ros2/ros2_unitree_legged_msgs) by extension 'ignore'
[0.327s] Level 1:colcon.colcon_core.package_identification:_identify(src/unitree_ros2/ros2_unitree_legged_msgs) by extension 'ignore_ament_install'
[0.327s] Level 1:colcon.colcon_core.package_identification:_identify(src/unitree_ros2/ros2_unitree_legged_msgs) by extensions ['colcon_pkg']
[0.327s] Level 1:colcon.colcon_core.package_identification:_identify(src/unitree_ros2/ros2_unitree_legged_msgs) by extension 'colcon_pkg'
[0.327s] Level 1:colcon.colcon_core.package_identification:_identify(src/unitree_ros2/ros2_unitree_legged_msgs) by extensions ['colcon_meta']
[0.327s] Level 1:colcon.colcon_core.package_identification:_identify(src/unitree_ros2/ros2_unitree_legged_msgs) by extension 'colcon_meta'
[0.327s] Level 1:colcon.colcon_core.package_identification:_identify(src/unitree_ros2/ros2_unitree_legged_msgs) by extensions ['ros']
[0.327s] Level 1:colcon.colcon_core.package_identification:_identify(src/unitree_ros2/ros2_unitree_legged_msgs) by extension 'ros'
[0.328s] DEBUG:colcon.colcon_core.package_identification:Package 'src/unitree_ros2/ros2_unitree_legged_msgs' with type 'ros.ament_cmake' and name 'ros2_unitree_legged_msgs'
[0.328s] Level 1:colcon.colcon_core.package_identification:_identify(src/unitree_ros2/unitree_legged_real) by extensions ['ignore', 'ignore_ament_install']
[0.328s] Level 1:colcon.colcon_core.package_identification:_identify(src/unitree_ros2/unitree_legged_real) by extension 'ignore'
[0.328s] Level 1:colcon.colcon_core.package_identification:_identify(src/unitree_ros2/unitree_legged_real) by extension 'ignore_ament_install'
[0.328s] Level 1:colcon.colcon_core.package_identification:_identify(src/unitree_ros2/unitree_legged_real) by extensions ['colcon_pkg']
[0.328s] Level 1:colcon.colcon_core.package_identification:_identify(src/unitree_ros2/unitree_legged_real) by extension 'colcon_pkg'
[0.328s] Level 1:colcon.colcon_core.package_identification:_identify(src/unitree_ros2/unitree_legged_real) by extensions ['colcon_meta']
[0.328s] Level 1:colcon.colcon_core.package_identification:_identify(src/unitree_ros2/unitree_legged_real) by extension 'colcon_meta'
[0.328s] Level 1:colcon.colcon_core.package_identification:_identify(src/unitree_ros2/unitree_legged_real) by extensions ['ros']
[0.328s] Level 1:colcon.colcon_core.package_identification:_identify(src/unitree_ros2/unitree_legged_real) by extension 'ros'
[0.329s] DEBUG:colcon.colcon_core.package_identification:Package 'src/unitree_ros2/unitree_legged_real' with type 'ros.ament_cmake' and name 'unitree_legged_real'
[0.329s] Level 1:colcon.colcon_core.package_discovery:discover_packages(recursive) using defaults
[0.329s] Level 1:colcon.colcon_core.package_discovery:discover_packages(ignore) discover
[0.329s] Level 1:colcon.colcon_core.package_discovery:discover_packages(ignore) using defaults
[0.329s] Level 1:colcon.colcon_core.package_discovery:discover_packages(path) discover
[0.329s] Level 1:colcon.colcon_core.package_discovery:discover_packages(path) using defaults
[0.361s] Level 1:colcon.colcon_core.package_discovery:discover_packages(prefix_path) check parameters
[0.361s] Level 1:colcon.colcon_core.package_discovery:discover_packages(prefix_path) discover
[0.363s] DEBUG:colcon.colcon_installed_package_information.package_discovery:Found 323 installed packages in /opt/ros/humble
[0.365s] Level 1:colcon.colcon_core.package_discovery:discover_packages(prefix_path) using defaults
[0.413s] Level 5:colcon.colcon_core.verb:set package 'go1_description' build argument 'cmake_args' from command line to 'None'
[0.413s] Level 5:colcon.colcon_core.verb:set package 'go1_description' build argument 'cmake_target' from command line to 'None'
[0.413s] Level 5:colcon.colcon_core.verb:set package 'go1_description' build argument 'cmake_target_skip_unavailable' from command line to 'False'
[0.413s] Level 5:colcon.colcon_core.verb:set package 'go1_description' build argument 'cmake_clean_cache' from command line to 'False'
[0.413s] Level 5:colcon.colcon_core.verb:set package 'go1_description' build argument 'cmake_clean_first' from command line to 'False'
[0.413s] Level 5:colcon.colcon_core.verb:set package 'go1_description' build argument 'cmake_force_configure' from command line to 'False'
[0.413s] Level 5:colcon.colcon_core.verb:set package 'go1_description' build argument 'ament_cmake_args' from command line to 'None'
[0.413s] Level 5:colcon.colcon_core.verb:set package 'go1_description' build argument 'catkin_cmake_args' from command line to 'None'
[0.413s] Level 5:colcon.colcon_core.verb:set package 'go1_description' build argument 'catkin_skip_building_tests' from command line to 'False'
[0.413s] DEBUG:colcon.colcon_core.verb:Building package 'go1_description' with the following arguments: {'ament_cmake_args': None, 'build_base': '/home/giszterlab/USING/Framework/unitree_ws/build/go1_description', 'catkin_cmake_args': None, 'catkin_skip_building_tests': False, 'cmake_args': None, 'cmake_clean_cache': False, 'cmake_clean_first': False, 'cmake_force_configure': False, 'cmake_target': None, 'cmake_target_skip_unavailable': False, 'install_base': '/home/giszterlab/USING/Framework/unitree_ws/install/go1_description', 'merge_install': False, 'path': '/home/giszterlab/USING/Framework/unitree_ws/src/unitree_ros2/go1_description', 'symlink_install': False, 'test_result_base': None}
[0.413s] Level 5:colcon.colcon_core.verb:set package 'ros2_unitree_legged_msgs' build argument 'cmake_args' from command line to 'None'
[0.414s] Level 5:colcon.colcon_core.verb:set package 'ros2_unitree_legged_msgs' build argument 'cmake_target' from command line to 'None'
[0.414s] Level 5:colcon.colcon_core.verb:set package 'ros2_unitree_legged_msgs' build argument 'cmake_target_skip_unavailable' from command line to 'False'
[0.414s] Level 5:colcon.colcon_core.verb:set package 'ros2_unitree_legged_msgs' build argument 'cmake_clean_cache' from command line to 'False'
[0.414s] Level 5:colcon.colcon_core.verb:set package 'ros2_unitree_legged_msgs' build argument 'cmake_clean_first' from command line to 'False'
[0.414s] Level 5:colcon.colcon_core.verb:set package 'ros2_unitree_legged_msgs' build argument 'cmake_force_configure' from command line to 'False'
[0.414s] Level 5:colcon.colcon_core.verb:set package 'ros2_unitree_legged_msgs' build argument 'ament_cmake_args' from command line to 'None'
[0.414s] Level 5:colcon.colcon_core.verb:set package 'ros2_unitree_legged_msgs' build argument 'catkin_cmake_args' from command line to 'None'
[0.414s] Level 5:colcon.colcon_core.verb:set package 'ros2_unitree_legged_msgs' build argument 'catkin_skip_building_tests' from command line to 'False'
[0.414s] DEBUG:colcon.colcon_core.verb:Building package 'ros2_unitree_legged_msgs' with the following arguments: {'ament_cmake_args': None, 'build_base': '/home/giszterlab/USING/Framework/unitree_ws/build/ros2_unitree_legged_msgs', 'catkin_cmake_args': None, 'catkin_skip_building_tests': False, 'cmake_args': None, 'cmake_clean_cache': False, 'cmake_clean_first': False, 'cmake_force_configure': False, 'cmake_target': None, 'cmake_target_skip_unavailable': False, 'install_base': '/home/giszterlab/USING/Framework/unitree_ws/install/ros2_unitree_legged_msgs', 'merge_install': False, 'path': '/home/giszterlab/USING/Framework/unitree_ws/src/unitree_ros2/ros2_unitree_legged_msgs', 'symlink_install': False, 'test_result_base': None}
[0.414s] Level 5:colcon.colcon_core.verb:set package 'unitree_legged_real' build argument 'cmake_args' from command line to 'None'
[0.414s] Level 5:colcon.colcon_core.verb:set package 'unitree_legged_real' build argument 'cmake_target' from command line to 'None'
[0.414s] Level 5:colcon.colcon_core.verb:set package 'unitree_legged_real' build argument 'cmake_target_skip_unavailable' from command line to 'False'
[0.414s] Level 5:colcon.colcon_core.verb:set package 'unitree_legged_real' build argument 'cmake_clean_cache' from command line to 'False'
[0.414s] Level 5:colcon.colcon_core.verb:set package 'unitree_legged_real' build argument 'cmake_clean_first' from command line to 'False'
[0.414s] Level 5:colcon.colcon_core.verb:set package 'unitree_legged_real' build argument 'cmake_force_configure' from command line to 'False'
[0.414s] Level 5:colcon.colcon_core.verb:set package 'unitree_legged_real' build argument 'ament_cmake_args' from command line to 'None'
[0.414s] Level 5:colcon.colcon_core.verb:set package 'unitree_legged_real' build argument 'catkin_cmake_args' from command line to 'None'
[0.414s] Level 5:colcon.colcon_core.verb:set package 'unitree_legged_real' build argument 'catkin_skip_building_tests' from command line to 'False'
[0.414s] DEBUG:colcon.colcon_core.verb:Building package 'unitree_legged_real' with the following arguments: {'ament_cmake_args': None, 'build_base': '/home/giszterlab/USING/Framework/unitree_ws/build/unitree_legged_real', 'catkin_cmake_args': None, 'catkin_skip_building_tests': False, 'cmake_args': None, 'cmake_clean_cache': False, 'cmake_clean_first': False, 'cmake_force_configure': False, 'cmake_target': None, 'cmake_target_skip_unavailable': False, 'install_base': '/home/giszterlab/USING/Framework/unitree_ws/install/unitree_legged_real', 'merge_install': False, 'path': '/home/giszterlab/USING/Framework/unitree_ws/src/unitree_ros2/unitree_legged_real', 'symlink_install': False, 'test_result_base': None}
[0.415s] INFO:colcon.colcon_core.executor:Executing jobs using 'parallel' executor
[0.416s] DEBUG:colcon.colcon_parallel_executor.executor.parallel:run_until_complete
[0.416s] INFO:colcon.colcon_ros.task.ament_cmake.build:Building ROS package in '/home/giszterlab/USING/Framework/unitree_ws/src/unitree_ros2/ros2_unitree_legged_msgs' with build type 'ament_cmake'
[0.416s] INFO:colcon.colcon_cmake.task.cmake.build:Building CMake package in '/home/giszterlab/USING/Framework/unitree_ws/src/unitree_ros2/ros2_unitree_legged_msgs'
[0.418s] INFO:colcon.colcon_core.plugin_system:Skipping extension 'colcon_core.shell.bat': Not used on non-Windows systems
[0.419s] INFO:colcon.colcon_core.shell:Skip shell extension 'powershell' for command environment: Not usable outside of PowerShell
[0.419s] DEBUG:colcon.colcon_core.shell:Skip shell extension 'dsv' for command environment
[0.422s] INFO:colcon.colcon_ros.task.ament_cmake.build:Building ROS package in '/home/giszterlab/USING/Framework/unitree_ws/src/unitree_ros2/go1_description' with build type 'ament_cmake'
[0.422s] INFO:colcon.colcon_cmake.task.cmake.build:Building CMake package in '/home/giszterlab/USING/Framework/unitree_ws/src/unitree_ros2/go1_description'
[0.422s] INFO:colcon.colcon_core.shell:Skip shell extension 'powershell' for command environment: Not usable outside of PowerShell
[0.422s] DEBUG:colcon.colcon_core.shell:Skip shell extension 'dsv' for command environment
[0.430s] DEBUG:colcon.colcon_core.event_handler.log_command:Invoking command in '/home/giszterlab/USING/Framework/unitree_ws/build/ros2_unitree_legged_msgs': CMAKE_PREFIX_PATH=${CMAKE_PREFIX_PATH}:/opt/ros/humble /usr/bin/cmake --build /home/giszterlab/USING/Framework/unitree_ws/build/ros2_unitree_legged_msgs -- -j8 -l8
[0.433s] DEBUG:colcon.colcon_core.event_handler.log_command:Invoking command in '/home/giszterlab/USING/Framework/unitree_ws/build/go1_description': CMAKE_PREFIX_PATH=${CMAKE_PREFIX_PATH}:/opt/ros/humble /usr/bin/cmake --build /home/giszterlab/USING/Framework/unitree_ws/build/go1_description -- -j8 -l8
[0.471s] DEBUG:colcon.colcon_core.event_handler.log_command:Invoked command in '/home/giszterlab/USING/Framework/unitree_ws/build/go1_description' returned '0': CMAKE_PREFIX_PATH=${CMAKE_PREFIX_PATH}:/opt/ros/humble /usr/bin/cmake --build /home/giszterlab/USING/Framework/unitree_ws/build/go1_description -- -j8 -l8
[0.482s] DEBUG:colcon.colcon_core.event_handler.log_command:Invoking command in '/home/giszterlab/USING/Framework/unitree_ws/build/go1_description': CMAKE_PREFIX_PATH=${CMAKE_PREFIX_PATH}:/opt/ros/humble /usr/bin/cmake --install /home/giszterlab/USING/Framework/unitree_ws/build/go1_description
[0.497s] Level 1:colcon.colcon_core.environment:create_environment_scripts_only(go1_description)
[0.502s] DEBUG:colcon.colcon_core.event_handler.log_command:Invoked command in '/home/giszterlab/USING/Framework/unitree_ws/build/go1_description' returned '0': CMAKE_PREFIX_PATH=${CMAKE_PREFIX_PATH}:/opt/ros/humble /usr/bin/cmake --install /home/giszterlab/USING/Framework/unitree_ws/build/go1_description
[0.505s] Level 1:colcon.colcon_core.environment:checking '/home/giszterlab/USING/Framework/unitree_ws/install/go1_description' for CMake module files
[0.506s] Level 1:colcon.colcon_core.environment:checking '/home/giszterlab/USING/Framework/unitree_ws/install/go1_description' for CMake config files
[0.507s] Level 1:colcon.colcon_core.shell:create_environment_hook('go1_description', 'cmake_prefix_path')
[0.507s] INFO:colcon.colcon_core.shell:Creating environment hook '/home/giszterlab/USING/Framework/unitree_ws/install/go1_description/share/go1_description/hook/cmake_prefix_path.ps1'
[0.509s] INFO:colcon.colcon_core.shell:Creating environment descriptor '/home/giszterlab/USING/Framework/unitree_ws/install/go1_description/share/go1_description/hook/cmake_prefix_path.dsv'
[0.509s] INFO:colcon.colcon_core.shell:Creating environment hook '/home/giszterlab/USING/Framework/unitree_ws/install/go1_description/share/go1_description/hook/cmake_prefix_path.sh'
[0.511s] Level 1:colcon.colcon_core.environment:checking '/home/giszterlab/USING/Framework/unitree_ws/install/go1_description/bin'
[0.511s] Level 1:colcon.colcon_core.environment:checking '/home/giszterlab/USING/Framework/unitree_ws/install/go1_description/lib/pkgconfig/go1_description.pc'
[0.511s] Level 1:colcon.colcon_core.environment:checking '/home/giszterlab/USING/Framework/unitree_ws/install/go1_description/lib/python3.10/site-packages'
[0.512s] Level 1:colcon.colcon_core.environment:checking '/home/giszterlab/USING/Framework/unitree_ws/install/go1_description/bin'
[0.512s] INFO:colcon.colcon_core.shell:Creating package script '/home/giszterlab/USING/Framework/unitree_ws/install/go1_description/share/go1_description/package.ps1'
[0.514s] INFO:colcon.colcon_core.shell:Creating package descriptor '/home/giszterlab/USING/Framework/unitree_ws/install/go1_description/share/go1_description/package.dsv'
[0.515s] INFO:colcon.colcon_core.shell:Creating package script '/home/giszterlab/USING/Framework/unitree_ws/install/go1_description/share/go1_description/package.sh'
[0.516s] INFO:colcon.colcon_core.shell:Creating package script '/home/giszterlab/USING/Framework/unitree_ws/install/go1_description/share/go1_description/package.bash'
[0.518s] INFO:colcon.colcon_core.shell:Creating package script '/home/giszterlab/USING/Framework/unitree_ws/install/go1_description/share/go1_description/package.zsh'
[0.519s] Level 1:colcon.colcon_core.environment:create_file_with_runtime_dependencies(/home/giszterlab/USING/Framework/unitree_ws/install/go1_description/share/colcon-core/packages/go1_description)
[0.520s] Level 1:colcon.colcon_core.environment:create_environment_scripts_only(go1_description)
[0.520s] Level 1:colcon.colcon_core.environment:checking '/home/giszterlab/USING/Framework/unitree_ws/install/go1_description' for CMake module files
[0.521s] Level 1:colcon.colcon_core.environment:checking '/home/giszterlab/USING/Framework/unitree_ws/install/go1_description' for CMake config files
[0.521s] Level 1:colcon.colcon_core.shell:create_environment_hook('go1_description', 'cmake_prefix_path')
[0.522s] INFO:colcon.colcon_core.shell:Creating environment hook '/home/giszterlab/USING/Framework/unitree_ws/install/go1_description/share/go1_description/hook/cmake_prefix_path.ps1'
[0.523s] INFO:colcon.colcon_core.shell:Creating environment descriptor '/home/giszterlab/USING/Framework/unitree_ws/install/go1_description/share/go1_description/hook/cmake_prefix_path.dsv'
[0.523s] INFO:colcon.colcon_core.shell:Creating environment hook '/home/giszterlab/USING/Framework/unitree_ws/install/go1_description/share/go1_description/hook/cmake_prefix_path.sh'
[0.524s] Level 1:colcon.colcon_core.environment:checking '/home/giszterlab/USING/Framework/unitree_ws/install/go1_description/bin'
[0.525s] Level 1:colcon.colcon_core.environment:checking '/home/giszterlab/USING/Framework/unitree_ws/install/go1_description/lib/pkgconfig/go1_description.pc'
[0.525s] Level 1:colcon.colcon_core.environment:checking '/home/giszterlab/USING/Framework/unitree_ws/install/go1_description/lib/python3.10/site-packages'
[0.525s] Level 1:colcon.colcon_core.environment:checking '/home/giszterlab/USING/Framework/unitree_ws/install/go1_description/bin'
[0.526s] INFO:colcon.colcon_core.shell:Creating package script '/home/giszterlab/USING/Framework/unitree_ws/install/go1_description/share/go1_description/package.ps1'
[0.527s] INFO:colcon.colcon_core.shell:Creating package descriptor '/home/giszterlab/USING/Framework/unitree_ws/install/go1_description/share/go1_description/package.dsv'
[0.528s] INFO:colcon.colcon_core.shell:Creating package script '/home/giszterlab/USING/Framework/unitree_ws/install/go1_description/share/go1_description/package.sh'
[0.529s] INFO:colcon.colcon_core.shell:Creating package script '/home/giszterlab/USING/Framework/unitree_ws/install/go1_description/share/go1_description/package.bash'
[0.530s] INFO:colcon.colcon_core.shell:Creating package script '/home/giszterlab/USING/Framework/unitree_ws/install/go1_description/share/go1_description/package.zsh'
[0.530s] Level 1:colcon.colcon_core.environment:create_file_with_runtime_dependencies(/home/giszterlab/USING/Framework/unitree_ws/install/go1_description/share/colcon-core/packages/go1_description)
[0.808s] DEBUG:colcon.colcon_core.event_handler.log_command:Invoked command in '/home/giszterlab/USING/Framework/unitree_ws/build/ros2_unitree_legged_msgs' returned '0': CMAKE_PREFIX_PATH=${CMAKE_PREFIX_PATH}:/opt/ros/humble /usr/bin/cmake --build /home/giszterlab/USING/Framework/unitree_ws/build/ros2_unitree_legged_msgs -- -j8 -l8
[0.810s] DEBUG:colcon.colcon_core.event_handler.log_command:Invoking command in '/home/giszterlab/USING/Framework/unitree_ws/build/ros2_unitree_legged_msgs': CMAKE_PREFIX_PATH=${CMAKE_PREFIX_PATH}:/opt/ros/humble /usr/bin/cmake --install /home/giszterlab/USING/Framework/unitree_ws/build/ros2_unitree_legged_msgs
[0.890s] Level 1:colcon.colcon_core.environment:create_environment_scripts_only(ros2_unitree_legged_msgs)
[0.890s] Level 1:colcon.colcon_core.environment:checking '/home/giszterlab/USING/Framework/unitree_ws/install/ros2_unitree_legged_msgs' for CMake module files
[0.893s] Level 1:colcon.colcon_core.environment:checking '/home/giszterlab/USING/Framework/unitree_ws/install/ros2_unitree_legged_msgs' for CMake config files
[0.894s] DEBUG:colcon.colcon_core.event_handler.log_command:Invoked command in '/home/giszterlab/USING/Framework/unitree_ws/build/ros2_unitree_legged_msgs' returned '0': CMAKE_PREFIX_PATH=${CMAKE_PREFIX_PATH}:/opt/ros/humble /usr/bin/cmake --install /home/giszterlab/USING/Framework/unitree_ws/build/ros2_unitree_legged_msgs
[0.895s] Level 1:colcon.colcon_core.shell:create_environment_hook('ros2_unitree_legged_msgs', 'cmake_prefix_path')
[0.895s] INFO:colcon.colcon_core.shell:Creating environment hook '/home/giszterlab/USING/Framework/unitree_ws/install/ros2_unitree_legged_msgs/share/ros2_unitree_legged_msgs/hook/cmake_prefix_path.ps1'
[0.895s] INFO:colcon.colcon_core.shell:Creating environment descriptor '/home/giszterlab/USING/Framework/unitree_ws/install/ros2_unitree_legged_msgs/share/ros2_unitree_legged_msgs/hook/cmake_prefix_path.dsv'
[0.896s] INFO:colcon.colcon_core.shell:Creating environment hook '/home/giszterlab/USING/Framework/unitree_ws/install/ros2_unitree_legged_msgs/share/ros2_unitree_legged_msgs/hook/cmake_prefix_path.sh'
[0.896s] Level 1:colcon.colcon_core.environment:checking '/home/giszterlab/USING/Framework/unitree_ws/install/ros2_unitree_legged_msgs/lib'
[0.897s] Level 1:colcon.colcon_core.shell:create_environment_hook('ros2_unitree_legged_msgs', 'ld_library_path_lib')
[0.897s] INFO:colcon.colcon_core.shell:Creating environment hook '/home/giszterlab/USING/Framework/unitree_ws/install/ros2_unitree_legged_msgs/share/ros2_unitree_legged_msgs/hook/ld_library_path_lib.ps1'
[0.897s] INFO:colcon.colcon_core.shell:Creating environment descriptor '/home/giszterlab/USING/Framework/unitree_ws/install/ros2_unitree_legged_msgs/share/ros2_unitree_legged_msgs/hook/ld_library_path_lib.dsv'
[0.898s] INFO:colcon.colcon_core.shell:Creating environment hook '/home/giszterlab/USING/Framework/unitree_ws/install/ros2_unitree_legged_msgs/share/ros2_unitree_legged_msgs/hook/ld_library_path_lib.sh'
[0.899s] Level 1:colcon.colcon_core.environment:checking '/home/giszterlab/USING/Framework/unitree_ws/install/ros2_unitree_legged_msgs/bin'
[0.900s] Level 1:colcon.colcon_core.environment:checking '/home/giszterlab/USING/Framework/unitree_ws/install/ros2_unitree_legged_msgs/lib/pkgconfig/ros2_unitree_legged_msgs.pc'
[0.900s] Level 1:colcon.colcon_core.environment:checking '/home/giszterlab/USING/Framework/unitree_ws/install/ros2_unitree_legged_msgs/lib/python3.10/site-packages'
[0.901s] Level 1:colcon.colcon_core.environment:checking '/home/giszterlab/USING/Framework/unitree_ws/install/ros2_unitree_legged_msgs/bin'
[0.902s] INFO:colcon.colcon_core.shell:Creating package script '/home/giszterlab/USING/Framework/unitree_ws/install/ros2_unitree_legged_msgs/share/ros2_unitree_legged_msgs/package.ps1'
[0.903s] INFO:colcon.colcon_core.shell:Creating package descriptor '/home/giszterlab/USING/Framework/unitree_ws/install/ros2_unitree_legged_msgs/share/ros2_unitree_legged_msgs/package.dsv'
[0.904s] INFO:colcon.colcon_core.shell:Creating package script '/home/giszterlab/USING/Framework/unitree_ws/install/ros2_unitree_legged_msgs/share/ros2_unitree_legged_msgs/package.sh'
[0.906s] INFO:colcon.colcon_core.shell:Creating package script '/home/giszterlab/USING/Framework/unitree_ws/install/ros2_unitree_legged_msgs/share/ros2_unitree_legged_msgs/package.bash'
[0.907s] INFO:colcon.colcon_core.shell:Creating package script '/home/giszterlab/USING/Framework/unitree_ws/install/ros2_unitree_legged_msgs/share/ros2_unitree_legged_msgs/package.zsh'
[0.908s] Level 1:colcon.colcon_core.environment:create_file_with_runtime_dependencies(/home/giszterlab/USING/Framework/unitree_ws/install/ros2_unitree_legged_msgs/share/colcon-core/packages/ros2_unitree_legged_msgs)
[0.909s] Level 1:colcon.colcon_core.environment:create_environment_scripts_only(ros2_unitree_legged_msgs)
[0.910s] Level 1:colcon.colcon_core.environment:checking '/home/giszterlab/USING/Framework/unitree_ws/install/ros2_unitree_legged_msgs' for CMake module files
[0.911s] Level 1:colcon.colcon_core.environment:checking '/home/giszterlab/USING/Framework/unitree_ws/install/ros2_unitree_legged_msgs' for CMake config files
[0.912s] Level 1:colcon.colcon_core.shell:create_environment_hook('ros2_unitree_legged_msgs', 'cmake_prefix_path')
[0.913s] INFO:colcon.colcon_core.shell:Creating environment hook '/home/giszterlab/USING/Framework/unitree_ws/install/ros2_unitree_legged_msgs/share/ros2_unitree_legged_msgs/hook/cmake_prefix_path.ps1'
[0.914s] INFO:colcon.colcon_core.shell:Creating environment descriptor '/home/giszterlab/USING/Framework/unitree_ws/install/ros2_unitree_legged_msgs/share/ros2_unitree_legged_msgs/hook/cmake_prefix_path.dsv'
[0.915s] INFO:colcon.colcon_core.shell:Creating environment hook '/home/giszterlab/USING/Framework/unitree_ws/install/ros2_unitree_legged_msgs/share/ros2_unitree_legged_msgs/hook/cmake_prefix_path.sh'
[0.916s] Level 1:colcon.colcon_core.environment:checking '/home/giszterlab/USING/Framework/unitree_ws/install/ros2_unitree_legged_msgs/lib'
[0.916s] Level 1:colcon.colcon_core.shell:create_environment_hook('ros2_unitree_legged_msgs', 'ld_library_path_lib')
[0.917s] INFO:colcon.colcon_core.shell:Creating environment hook '/home/giszterlab/USING/Framework/unitree_ws/install/ros2_unitree_legged_msgs/share/ros2_unitree_legged_msgs/hook/ld_library_path_lib.ps1'
[0.918s] INFO:colcon.colcon_core.shell:Creating environment descriptor '/home/giszterlab/USING/Framework/unitree_ws/install/ros2_unitree_legged_msgs/share/ros2_unitree_legged_msgs/hook/ld_library_path_lib.dsv'
[0.919s] INFO:colcon.colcon_core.shell:Creating environment hook '/home/giszterlab/USING/Framework/unitree_ws/install/ros2_unitree_legged_msgs/share/ros2_unitree_legged_msgs/hook/ld_library_path_lib.sh'
[0.920s] Level 1:colcon.colcon_core.environment:checking '/home/giszterlab/USING/Framework/unitree_ws/install/ros2_unitree_legged_msgs/bin'
[0.921s] Level 1:colcon.colcon_core.environment:checking '/home/giszterlab/USING/Framework/unitree_ws/install/ros2_unitree_legged_msgs/lib/pkgconfig/ros2_unitree_legged_msgs.pc'
[0.921s] Level 1:colcon.colcon_core.environment:checking '/home/giszterlab/USING/Framework/unitree_ws/install/ros2_unitree_legged_msgs/lib/python3.10/site-packages'
[0.922s] Level 1:colcon.colcon_core.environment:checking '/home/giszterlab/USING/Framework/unitree_ws/install/ros2_unitree_legged_msgs/bin'
[0.923s] INFO:colcon.colcon_core.shell:Creating package script '/home/giszterlab/USING/Framework/unitree_ws/install/ros2_unitree_legged_msgs/share/ros2_unitree_legged_msgs/package.ps1'
[0.924s] INFO:colcon.colcon_core.shell:Creating package descriptor '/home/giszterlab/USING/Framework/unitree_ws/install/ros2_unitree_legged_msgs/share/ros2_unitree_legged_msgs/package.dsv'
[0.926s] INFO:colcon.colcon_core.shell:Creating package script '/home/giszterlab/USING/Framework/unitree_ws/install/ros2_unitree_legged_msgs/share/ros2_unitree_legged_msgs/package.sh'
[0.927s] INFO:colcon.colcon_core.shell:Creating package script '/home/giszterlab/USING/Framework/unitree_ws/install/ros2_unitree_legged_msgs/share/ros2_unitree_legged_msgs/package.bash'
[0.928s] INFO:colcon.colcon_core.shell:Creating package script '/home/giszterlab/USING/Framework/unitree_ws/install/ros2_unitree_legged_msgs/share/ros2_unitree_legged_msgs/package.zsh'
[0.929s] Level 1:colcon.colcon_core.environment:create_file_with_runtime_dependencies(/home/giszterlab/USING/Framework/unitree_ws/install/ros2_unitree_legged_msgs/share/colcon-core/packages/ros2_unitree_legged_msgs)
[0.930s] INFO:colcon.colcon_ros.task.ament_cmake.build:Building ROS package in '/home/giszterlab/USING/Framework/unitree_ws/src/unitree_ros2/unitree_legged_real' with build type 'ament_cmake'
[0.931s] INFO:colcon.colcon_cmake.task.cmake.build:Building CMake package in '/home/giszterlab/USING/Framework/unitree_ws/src/unitree_ros2/unitree_legged_real'
[0.931s] INFO:colcon.colcon_core.shell:Skip shell extension 'powershell' for command environment: Not usable outside of PowerShell
[0.931s] DEBUG:colcon.colcon_core.shell:Skip shell extension 'dsv' for command environment
[0.952s] DEBUG:colcon.colcon_core.event_handler.log_command:Invoking command in '/home/giszterlab/USING/Framework/unitree_ws/build/unitree_legged_real': AMENT_PREFIX_PATH=/home/giszterlab/USING/Framework/unitree_ws/install/ros2_unitree_legged_msgs:${AMENT_PREFIX_PATH} CMAKE_PREFIX_PATH=/home/giszterlab/USING/Framework/unitree_ws/install/ros2_unitree_legged_msgs:/usr/local:/opt/ros/humble LD_LIBRARY_PATH=/home/giszterlab/USING/Framework/unitree_ws/install/ros2_unitree_legged_msgs/lib:${LD_LIBRARY_PATH} PYTHONPATH=/home/giszterlab/USING/Framework/unitree_ws/install/ros2_unitree_legged_msgs/local/lib/python3.10/dist-packages:${PYTHONPATH} /usr/bin/cmake --build /home/giszterlab/USING/Framework/unitree_ws/build/unitree_legged_real -- -j8 -l8
[7.539s] DEBUG:colcon.colcon_core.event_handler.log_command:Invoked command in '/home/giszterlab/USING/Framework/unitree_ws/build/unitree_legged_real' returned '2': AMENT_PREFIX_PATH=/home/giszterlab/USING/Framework/unitree_ws/install/ros2_unitree_legged_msgs:${AMENT_PREFIX_PATH} CMAKE_PREFIX_PATH=/home/giszterlab/USING/Framework/unitree_ws/install/ros2_unitree_legged_msgs:/usr/local:/opt/ros/humble LD_LIBRARY_PATH=/home/giszterlab/USING/Framework/unitree_ws/install/ros2_unitree_legged_msgs/lib:${LD_LIBRARY_PATH} PYTHONPATH=/home/giszterlab/USING/Framework/unitree_ws/install/ros2_unitree_legged_msgs/local/lib/python3.10/dist-packages:${PYTHONPATH} /usr/bin/cmake --build /home/giszterlab/USING/Framework/unitree_ws/build/unitree_legged_real -- -j8 -l8
[7.540s] Level 1:colcon.colcon_core.environment:create_environment_scripts_only(unitree_legged_real)
[7.541s] Level 1:colcon.colcon_core.environment:checking '/home/giszterlab/USING/Framework/unitree_ws/install/unitree_legged_real' for CMake module files
[7.542s] Level 1:colcon.colcon_core.environment:checking '/home/giszterlab/USING/Framework/unitree_ws/install/unitree_legged_real' for CMake config files
[7.543s] Level 1:colcon.colcon_core.shell:create_environment_hook('unitree_legged_real', 'cmake_prefix_path')
[7.543s] INFO:colcon.colcon_core.shell:Creating environment hook '/home/giszterlab/USING/Framework/unitree_ws/install/unitree_legged_real/share/unitree_legged_real/hook/cmake_prefix_path.ps1'
[7.545s] INFO:colcon.colcon_core.shell:Creating environment descriptor '/home/giszterlab/USING/Framework/unitree_ws/install/unitree_legged_real/share/unitree_legged_real/hook/cmake_prefix_path.dsv'
[7.545s] INFO:colcon.colcon_core.shell:Creating environment hook '/home/giszterlab/USING/Framework/unitree_ws/install/unitree_legged_real/share/unitree_legged_real/hook/cmake_prefix_path.sh'
[7.547s] Level 1:colcon.colcon_core.environment:checking '/home/giszterlab/USING/Framework/unitree_ws/install/unitree_legged_real/lib'
[7.547s] Level 1:colcon.colcon_core.shell:create_environment_hook('unitree_legged_real', 'ld_library_path_lib')
[7.548s] INFO:colcon.colcon_core.shell:Creating environment hook '/home/giszterlab/USING/Framework/unitree_ws/install/unitree_legged_real/share/unitree_legged_real/hook/ld_library_path_lib.ps1'
[7.549s] INFO:colcon.colcon_core.shell:Creating environment descriptor '/home/giszterlab/USING/Framework/unitree_ws/install/unitree_legged_real/share/unitree_legged_real/hook/ld_library_path_lib.dsv'
[7.550s] INFO:colcon.colcon_core.shell:Creating environment hook '/home/giszterlab/USING/Framework/unitree_ws/install/unitree_legged_real/share/unitree_legged_real/hook/ld_library_path_lib.sh'
[7.551s] Level 1:colcon.colcon_core.environment:checking '/home/giszterlab/USING/Framework/unitree_ws/install/unitree_legged_real/bin'
[7.551s] Level 1:colcon.colcon_core.environment:checking '/home/giszterlab/USING/Framework/unitree_ws/install/unitree_legged_real/lib/pkgconfig/unitree_legged_real.pc'
[7.552s] Level 1:colcon.colcon_core.environment:checking '/home/giszterlab/USING/Framework/unitree_ws/install/unitree_legged_real/lib/python3.10/site-packages'
[7.552s] Level 1:colcon.colcon_core.environment:checking '/home/giszterlab/USING/Framework/unitree_ws/install/unitree_legged_real/bin'
[7.553s] INFO:colcon.colcon_core.shell:Creating package script '/home/giszterlab/USING/Framework/unitree_ws/install/unitree_legged_real/share/unitree_legged_real/package.ps1'
[7.555s] INFO:colcon.colcon_core.shell:Creating package descriptor '/home/giszterlab/USING/Framework/unitree_ws/install/unitree_legged_real/share/unitree_legged_real/package.dsv'
[7.556s] INFO:colcon.colcon_core.shell:Creating package script '/home/giszterlab/USING/Framework/unitree_ws/install/unitree_legged_real/share/unitree_legged_real/package.sh'
[7.557s] INFO:colcon.colcon_core.shell:Creating package script '/home/giszterlab/USING/Framework/unitree_ws/install/unitree_legged_real/share/unitree_legged_real/package.bash'
[7.558s] INFO:colcon.colcon_core.shell:Creating package script '/home/giszterlab/USING/Framework/unitree_ws/install/unitree_legged_real/share/unitree_legged_real/package.zsh'
[7.560s] Level 1:colcon.colcon_core.environment:create_file_with_runtime_dependencies(/home/giszterlab/USING/Framework/unitree_ws/install/unitree_legged_real/share/colcon-core/packages/unitree_legged_real)
[7.570s] DEBUG:colcon.colcon_parallel_executor.executor.parallel:closing loop
[7.571s] DEBUG:colcon.colcon_parallel_executor.executor.parallel:loop closed
[7.571s] DEBUG:colcon.colcon_parallel_executor.executor.parallel:run_until_complete finished with '2'
[7.571s] DEBUG:colcon.colcon_core.event_reactor:joining thread
[7.583s] INFO:colcon.colcon_core.plugin_system:Skipping extension 'colcon_notification.desktop_notification.terminal_notifier': Not used on non-Darwin systems
[7.583s] INFO:colcon.colcon_core.plugin_system:Skipping extension 'colcon_notification.desktop_notification.win32': Not used on non-Windows systems
[7.583s] INFO:colcon.colcon_notification.desktop_notification:Sending desktop notification using 'notify2'
[7.616s] DEBUG:colcon.colcon_core.event_reactor:joined thread
[7.617s] INFO:colcon.colcon_core.shell:Creating prefix script '/home/giszterlab/USING/Framework/unitree_ws/install/local_setup.ps1'
[7.621s] INFO:colcon.colcon_core.shell:Creating prefix util module '/home/giszterlab/USING/Framework/unitree_ws/install/_local_setup_util_ps1.py'
[7.628s] INFO:colcon.colcon_core.shell:Creating prefix chain script '/home/giszterlab/USING/Framework/unitree_ws/install/setup.ps1'
[7.632s] INFO:colcon.colcon_core.shell:Creating prefix script '/home/giszterlab/USING/Framework/unitree_ws/install/local_setup.sh'
[7.635s] INFO:colcon.colcon_core.shell:Creating prefix util module '/home/giszterlab/USING/Framework/unitree_ws/install/_local_setup_util_sh.py'
[7.637s] INFO:colcon.colcon_core.shell:Creating prefix chain script '/home/giszterlab/USING/Framework/unitree_ws/install/setup.sh'
[7.640s] INFO:colcon.colcon_core.shell:Creating prefix script '/home/giszterlab/USING/Framework/unitree_ws/install/local_setup.bash'
[7.642s] INFO:colcon.colcon_core.shell:Creating prefix chain script '/home/giszterlab/USING/Framework/unitree_ws/install/setup.bash'
[7.645s] INFO:colcon.colcon_core.shell:Creating prefix script '/home/giszterlab/USING/Framework/unitree_ws/install/local_setup.zsh'
[7.647s] INFO:colcon.colcon_core.shell:Creating prefix chain script '/home/giszterlab/USING/Framework/unitree_ws/install/setup.zsh'
