[0.015s] Invoking command in '/home/giszterlab/USING/Framework/unitree_ws/build/ros2_unitree_legged_msgs': CMAKE_PREFIX_PATH=${CMAKE_PREFIX_PATH}:/opt/ros/humble /usr/bin/cmake --build /home/giszterlab/USING/Framework/unitree_ws/build/ros2_unitree_legged_msgs -- -j8 -l8
[0.070s] [  0%] Built target ros2_unitree_legged_msgs__cpp
[0.073s] [ 12%] Built target ros2_unitree_legged_msgs__rosidl_generator_c
[0.095s] [ 12%] Built target ament_cmake_python_copy_ros2_unitree_legged_msgs
[0.112s] [ 24%] Built target ros2_unitree_legged_msgs__rosidl_typesupport_cpp
[0.118s] [ 37%] Built target ros2_unitree_legged_msgs__rosidl_typesupport_introspection_cpp
[0.118s] [ 48%] Built target ros2_unitree_legged_msgs__rosidl_typesupport_introspection_c
[0.120s] [ 59%] Built target ros2_unitree_legged_msgs__rosidl_typesupport_fastrtps_cpp
[0.123s] [ 80%] Built target ros2_unitree_legged_msgs__rosidl_typesupport_c
[0.123s] [ 83%] Built target ros2_unitree_legged_msgs__rosidl_typesupport_fastrtps_c
[0.144s] [ 83%] Built target ros2_unitree_legged_msgs
[0.164s] [ 84%] Built target ros2_unitree_legged_msgs__py
[0.193s] [ 95%] Built target ros2_unitree_legged_msgs__rosidl_generator_py
[0.221s] [ 96%] Built target ros2_unitree_legged_msgs__rosidl_typesupport_c__pyext
[0.223s] [ 98%] Built target ros2_unitree_legged_msgs__rosidl_typesupport_fastrtps_c__pyext
[0.224s] [100%] Built target ros2_unitree_legged_msgs__rosidl_typesupport_introspection_c__pyext
[0.407s] running egg_info
[0.408s] writing ros2_unitree_legged_msgs.egg-info/PKG-INFO
[0.408s] writing dependency_links to ros2_unitree_legged_msgs.egg-info/dependency_links.txt
[0.409s] writing top-level names to ros2_unitree_legged_msgs.egg-info/top_level.txt
[0.412s] reading manifest file 'ros2_unitree_legged_msgs.egg-info/SOURCES.txt'
[0.413s] writing manifest file 'ros2_unitree_legged_msgs.egg-info/SOURCES.txt'
[0.443s] [100%] Built target ament_cmake_python_build_ros2_unitree_legged_msgs_egg
[0.457s] Invoked command in '/home/giszterlab/USING/Framework/unitree_ws/build/ros2_unitree_legged_msgs' returned '0': CMAKE_PREFIX_PATH=${CMAKE_PREFIX_PATH}:/opt/ros/humble /usr/bin/cmake --build /home/giszterlab/USING/Framework/unitree_ws/build/ros2_unitree_legged_msgs -- -j8 -l8
[0.460s] Invoking command in '/home/giszterlab/USING/Framework/unitree_ws/build/ros2_unitree_legged_msgs': CMAKE_PREFIX_PATH=${CMAKE_PREFIX_PATH}:/opt/ros/humble /usr/bin/cmake --install /home/giszterlab/USING/Framework/unitree_ws/build/ros2_unitree_legged_msgs
[0.468s] -- Install configuration: ""
[0.469s] -- Up-to-date: /home/giszterlab/USING/Framework/unitree_ws/install/ros2_unitree_legged_msgs/share/ament_index/resource_index/rosidl_interfaces/ros2_unitree_legged_msgs
[0.469s] -- Up-to-date: /home/giszterlab/USING/Framework/unitree_ws/install/ros2_unitree_legged_msgs/include/ros2_unitree_legged_msgs/ros2_unitree_legged_msgs
[0.469s] -- Up-to-date: /home/giszterlab/USING/Framework/unitree_ws/install/ros2_unitree_legged_msgs/include/ros2_unitree_legged_msgs/ros2_unitree_legged_msgs/msg
[0.469s] -- Up-to-date: /home/giszterlab/USING/Framework/unitree_ws/install/ros2_unitree_legged_msgs/include/ros2_unitree_legged_msgs/ros2_unitree_legged_msgs/msg/high_state.h
[0.469s] -- Up-to-date: /home/giszterlab/USING/Framework/unitree_ws/install/ros2_unitree_legged_msgs/include/ros2_unitree_legged_msgs/ros2_unitree_legged_msgs/msg/rosidl_generator_c__visibility_control.h
[0.469s] -- Up-to-date: /home/giszterlab/USING/Framework/unitree_ws/install/ros2_unitree_legged_msgs/include/ros2_unitree_legged_msgs/ros2_unitree_legged_msgs/msg/cartesian.h
[0.469s] -- Up-to-date: /home/giszterlab/USING/Framework/unitree_ws/install/ros2_unitree_legged_msgs/include/ros2_unitree_legged_msgs/ros2_unitree_legged_msgs/msg/high_cmd.h
[0.469s] -- Up-to-date: /home/giszterlab/USING/Framework/unitree_ws/install/ros2_unitree_legged_msgs/include/ros2_unitree_legged_msgs/ros2_unitree_legged_msgs/msg/bms_state.h
[0.470s] -- Up-to-date: /home/giszterlab/USING/Framework/unitree_ws/install/ros2_unitree_legged_msgs/include/ros2_unitree_legged_msgs/ros2_unitree_legged_msgs/msg/led.h
[0.470s] -- Up-to-date: /home/giszterlab/USING/Framework/unitree_ws/install/ros2_unitree_legged_msgs/include/ros2_unitree_legged_msgs/ros2_unitree_legged_msgs/msg/detail
[0.470s] -- Up-to-date: /home/giszterlab/USING/Framework/unitree_ws/install/ros2_unitree_legged_msgs/include/ros2_unitree_legged_msgs/ros2_unitree_legged_msgs/msg/detail/motor_state__functions.h
[0.470s] -- Up-to-date: /home/giszterlab/USING/Framework/unitree_ws/install/ros2_unitree_legged_msgs/include/ros2_unitree_legged_msgs/ros2_unitree_legged_msgs/msg/detail/low_cmd__struct.h
[0.470s] -- Up-to-date: /home/giszterlab/USING/Framework/unitree_ws/install/ros2_unitree_legged_msgs/include/ros2_unitree_legged_msgs/ros2_unitree_legged_msgs/msg/detail/high_state__type_support.h
[0.470s] -- Up-to-date: /home/giszterlab/USING/Framework/unitree_ws/install/ros2_unitree_legged_msgs/include/ros2_unitree_legged_msgs/ros2_unitree_legged_msgs/msg/detail/motor_cmd__type_support.h
[0.470s] -- Up-to-date: /home/giszterlab/USING/Framework/unitree_ws/install/ros2_unitree_legged_msgs/include/ros2_unitree_legged_msgs/ros2_unitree_legged_msgs/msg/detail/low_state__type_support.h
[0.470s] -- Up-to-date: /home/giszterlab/USING/Framework/unitree_ws/install/ros2_unitree_legged_msgs/include/ros2_unitree_legged_msgs/ros2_unitree_legged_msgs/msg/detail/motor_cmd__functions.h
[0.470s] -- Up-to-date: /home/giszterlab/USING/Framework/unitree_ws/install/ros2_unitree_legged_msgs/include/ros2_unitree_legged_msgs/ros2_unitree_legged_msgs/msg/detail/imu__functions.h
[0.470s] -- Up-to-date: /home/giszterlab/USING/Framework/unitree_ws/install/ros2_unitree_legged_msgs/include/ros2_unitree_legged_msgs/ros2_unitree_legged_msgs/msg/detail/low_cmd__functions.c
[0.471s] -- Up-to-date: /home/giszterlab/USING/Framework/unitree_ws/install/ros2_unitree_legged_msgs/include/ros2_unitree_legged_msgs/ros2_unitree_legged_msgs/msg/detail/motor_cmd__struct.h
[0.471s] -- Up-to-date: /home/giszterlab/USING/Framework/unitree_ws/install/ros2_unitree_legged_msgs/include/ros2_unitree_legged_msgs/ros2_unitree_legged_msgs/msg/detail/bms_cmd__functions.h
[0.471s] -- Up-to-date: /home/giszterlab/USING/Framework/unitree_ws/install/ros2_unitree_legged_msgs/include/ros2_unitree_legged_msgs/ros2_unitree_legged_msgs/msg/detail/led__type_support.h
[0.471s] -- Up-to-date: /home/giszterlab/USING/Framework/unitree_ws/install/ros2_unitree_legged_msgs/include/ros2_unitree_legged_msgs/ros2_unitree_legged_msgs/msg/detail/led__struct.h
[0.471s] -- Up-to-date: /home/giszterlab/USING/Framework/unitree_ws/install/ros2_unitree_legged_msgs/include/ros2_unitree_legged_msgs/ros2_unitree_legged_msgs/msg/detail/high_state__functions.h
[0.471s] -- Up-to-date: /home/giszterlab/USING/Framework/unitree_ws/install/ros2_unitree_legged_msgs/include/ros2_unitree_legged_msgs/ros2_unitree_legged_msgs/msg/detail/imu__struct.h
[0.471s] -- Up-to-date: /home/giszterlab/USING/Framework/unitree_ws/install/ros2_unitree_legged_msgs/include/ros2_unitree_legged_msgs/ros2_unitree_legged_msgs/msg/detail/bms_cmd__struct.h
[0.471s] -- Up-to-date: /home/giszterlab/USING/Framework/unitree_ws/install/ros2_unitree_legged_msgs/include/ros2_unitree_legged_msgs/ros2_unitree_legged_msgs/msg/detail/high_cmd__struct.h
[0.471s] -- Up-to-date: /home/giszterlab/USING/Framework/unitree_ws/install/ros2_unitree_legged_msgs/include/ros2_unitree_legged_msgs/ros2_unitree_legged_msgs/msg/detail/low_cmd__functions.h
[0.471s] -- Up-to-date: /home/giszterlab/USING/Framework/unitree_ws/install/ros2_unitree_legged_msgs/include/ros2_unitree_legged_msgs/ros2_unitree_legged_msgs/msg/detail/imu__functions.c
[0.471s] -- Up-to-date: /home/giszterlab/USING/Framework/unitree_ws/install/ros2_unitree_legged_msgs/include/ros2_unitree_legged_msgs/ros2_unitree_legged_msgs/msg/detail/bms_state__type_support.h
[0.472s] -- Up-to-date: /home/giszterlab/USING/Framework/unitree_ws/install/ros2_unitree_legged_msgs/include/ros2_unitree_legged_msgs/ros2_unitree_legged_msgs/msg/detail/high_state__struct.h
[0.472s] -- Up-to-date: /home/giszterlab/USING/Framework/unitree_ws/install/ros2_unitree_legged_msgs/include/ros2_unitree_legged_msgs/ros2_unitree_legged_msgs/msg/detail/cartesian__functions.h
[0.472s] -- Up-to-date: /home/giszterlab/USING/Framework/unitree_ws/install/ros2_unitree_legged_msgs/include/ros2_unitree_legged_msgs/ros2_unitree_legged_msgs/msg/detail/bms_cmd__functions.c
[0.472s] -- Up-to-date: /home/giszterlab/USING/Framework/unitree_ws/install/ros2_unitree_legged_msgs/include/ros2_unitree_legged_msgs/ros2_unitree_legged_msgs/msg/detail/high_cmd__functions.h
[0.472s] -- Up-to-date: /home/giszterlab/USING/Framework/unitree_ws/install/ros2_unitree_legged_msgs/include/ros2_unitree_legged_msgs/ros2_unitree_legged_msgs/msg/detail/low_cmd__type_support.h
[0.472s] -- Up-to-date: /home/giszterlab/USING/Framework/unitree_ws/install/ros2_unitree_legged_msgs/include/ros2_unitree_legged_msgs/ros2_unitree_legged_msgs/msg/detail/motor_state__functions.c
[0.472s] -- Up-to-date: /home/giszterlab/USING/Framework/unitree_ws/install/ros2_unitree_legged_msgs/include/ros2_unitree_legged_msgs/ros2_unitree_legged_msgs/msg/detail/bms_cmd__type_support.h
[0.472s] -- Up-to-date: /home/giszterlab/USING/Framework/unitree_ws/install/ros2_unitree_legged_msgs/include/ros2_unitree_legged_msgs/ros2_unitree_legged_msgs/msg/detail/cartesian__functions.c
[0.472s] -- Up-to-date: /home/giszterlab/USING/Framework/unitree_ws/install/ros2_unitree_legged_msgs/include/ros2_unitree_legged_msgs/ros2_unitree_legged_msgs/msg/detail/high_cmd__functions.c
[0.472s] -- Up-to-date: /home/giszterlab/USING/Framework/unitree_ws/install/ros2_unitree_legged_msgs/include/ros2_unitree_legged_msgs/ros2_unitree_legged_msgs/msg/detail/led__functions.h
[0.473s] -- Up-to-date: /home/giszterlab/USING/Framework/unitree_ws/install/ros2_unitree_legged_msgs/include/ros2_unitree_legged_msgs/ros2_unitree_legged_msgs/msg/detail/high_cmd__type_support.h
[0.473s] -- Up-to-date: /home/giszterlab/USING/Framework/unitree_ws/install/ros2_unitree_legged_msgs/include/ros2_unitree_legged_msgs/ros2_unitree_legged_msgs/msg/detail/high_state__functions.c
[0.473s] -- Up-to-date: /home/giszterlab/USING/Framework/unitree_ws/install/ros2_unitree_legged_msgs/include/ros2_unitree_legged_msgs/ros2_unitree_legged_msgs/msg/detail/bms_state__struct.h
[0.473s] -- Up-to-date: /home/giszterlab/USING/Framework/unitree_ws/install/ros2_unitree_legged_msgs/include/ros2_unitree_legged_msgs/ros2_unitree_legged_msgs/msg/detail/led__functions.c
[0.473s] -- Up-to-date: /home/giszterlab/USING/Framework/unitree_ws/install/ros2_unitree_legged_msgs/include/ros2_unitree_legged_msgs/ros2_unitree_legged_msgs/msg/detail/bms_state__functions.c
[0.473s] -- Up-to-date: /home/giszterlab/USING/Framework/unitree_ws/install/ros2_unitree_legged_msgs/include/ros2_unitree_legged_msgs/ros2_unitree_legged_msgs/msg/detail/motor_cmd__functions.c
[0.473s] -- Up-to-date: /home/giszterlab/USING/Framework/unitree_ws/install/ros2_unitree_legged_msgs/include/ros2_unitree_legged_msgs/ros2_unitree_legged_msgs/msg/detail/low_state__functions.h
[0.473s] -- Up-to-date: /home/giszterlab/USING/Framework/unitree_ws/install/ros2_unitree_legged_msgs/include/ros2_unitree_legged_msgs/ros2_unitree_legged_msgs/msg/detail/cartesian__struct.h
[0.473s] -- Up-to-date: /home/giszterlab/USING/Framework/unitree_ws/install/ros2_unitree_legged_msgs/include/ros2_unitree_legged_msgs/ros2_unitree_legged_msgs/msg/detail/cartesian__type_support.h
[0.473s] -- Up-to-date: /home/giszterlab/USING/Framework/unitree_ws/install/ros2_unitree_legged_msgs/include/ros2_unitree_legged_msgs/ros2_unitree_legged_msgs/msg/detail/low_state__struct.h
[0.473s] -- Up-to-date: /home/giszterlab/USING/Framework/unitree_ws/install/ros2_unitree_legged_msgs/include/ros2_unitree_legged_msgs/ros2_unitree_legged_msgs/msg/detail/imu__type_support.h
[0.474s] -- Up-to-date: /home/giszterlab/USING/Framework/unitree_ws/install/ros2_unitree_legged_msgs/include/ros2_unitree_legged_msgs/ros2_unitree_legged_msgs/msg/detail/bms_state__functions.h
[0.474s] -- Up-to-date: /home/giszterlab/USING/Framework/unitree_ws/install/ros2_unitree_legged_msgs/include/ros2_unitree_legged_msgs/ros2_unitree_legged_msgs/msg/detail/motor_state__struct.h
[0.474s] -- Up-to-date: /home/giszterlab/USING/Framework/unitree_ws/install/ros2_unitree_legged_msgs/include/ros2_unitree_legged_msgs/ros2_unitree_legged_msgs/msg/detail/motor_state__type_support.h
[0.474s] -- Up-to-date: /home/giszterlab/USING/Framework/unitree_ws/install/ros2_unitree_legged_msgs/include/ros2_unitree_legged_msgs/ros2_unitree_legged_msgs/msg/detail/low_state__functions.c
[0.474s] -- Up-to-date: /home/giszterlab/USING/Framework/unitree_ws/install/ros2_unitree_legged_msgs/include/ros2_unitree_legged_msgs/ros2_unitree_legged_msgs/msg/bms_cmd.h
[0.474s] -- Up-to-date: /home/giszterlab/USING/Framework/unitree_ws/install/ros2_unitree_legged_msgs/include/ros2_unitree_legged_msgs/ros2_unitree_legged_msgs/msg/motor_cmd.h
[0.475s] -- Up-to-date: /home/giszterlab/USING/Framework/unitree_ws/install/ros2_unitree_legged_msgs/include/ros2_unitree_legged_msgs/ros2_unitree_legged_msgs/msg/low_state.h
[0.475s] -- Up-to-date: /home/giszterlab/USING/Framework/unitree_ws/install/ros2_unitree_legged_msgs/include/ros2_unitree_legged_msgs/ros2_unitree_legged_msgs/msg/low_cmd.h
[0.475s] -- Up-to-date: /home/giszterlab/USING/Framework/unitree_ws/install/ros2_unitree_legged_msgs/include/ros2_unitree_legged_msgs/ros2_unitree_legged_msgs/msg/imu.h
[0.475s] -- Up-to-date: /home/giszterlab/USING/Framework/unitree_ws/install/ros2_unitree_legged_msgs/include/ros2_unitree_legged_msgs/ros2_unitree_legged_msgs/msg/motor_state.h
[0.475s] -- Up-to-date: /home/giszterlab/USING/Framework/unitree_ws/install/ros2_unitree_legged_msgs/share/ros2_unitree_legged_msgs/environment/library_path.sh
[0.476s] -- Up-to-date: /home/giszterlab/USING/Framework/unitree_ws/install/ros2_unitree_legged_msgs/share/ros2_unitree_legged_msgs/environment/library_path.dsv
[0.476s] -- Up-to-date: /home/giszterlab/USING/Framework/unitree_ws/install/ros2_unitree_legged_msgs/lib/libros2_unitree_legged_msgs__rosidl_generator_c.so
[0.476s] -- Up-to-date: /home/giszterlab/USING/Framework/unitree_ws/install/ros2_unitree_legged_msgs/include/ros2_unitree_legged_msgs/ros2_unitree_legged_msgs
[0.476s] -- Up-to-date: /home/giszterlab/USING/Framework/unitree_ws/install/ros2_unitree_legged_msgs/include/ros2_unitree_legged_msgs/ros2_unitree_legged_msgs/msg
[0.476s] -- Up-to-date: /home/giszterlab/USING/Framework/unitree_ws/install/ros2_unitree_legged_msgs/include/ros2_unitree_legged_msgs/ros2_unitree_legged_msgs/msg/rosidl_typesupport_fastrtps_c__visibility_control.h
[0.477s] -- Up-to-date: /home/giszterlab/USING/Framework/unitree_ws/install/ros2_unitree_legged_msgs/include/ros2_unitree_legged_msgs/ros2_unitree_legged_msgs/msg/detail
[0.477s] -- Up-to-date: /home/giszterlab/USING/Framework/unitree_ws/install/ros2_unitree_legged_msgs/include/ros2_unitree_legged_msgs/ros2_unitree_legged_msgs/msg/detail/imu__rosidl_typesupport_fastrtps_c.h
[0.477s] -- Up-to-date: /home/giszterlab/USING/Framework/unitree_ws/install/ros2_unitree_legged_msgs/include/ros2_unitree_legged_msgs/ros2_unitree_legged_msgs/msg/detail/high_cmd__rosidl_typesupport_fastrtps_c.h
[0.477s] -- Up-to-date: /home/giszterlab/USING/Framework/unitree_ws/install/ros2_unitree_legged_msgs/include/ros2_unitree_legged_msgs/ros2_unitree_legged_msgs/msg/detail/cartesian__rosidl_typesupport_fastrtps_c.h
[0.477s] -- Up-to-date: /home/giszterlab/USING/Framework/unitree_ws/install/ros2_unitree_legged_msgs/include/ros2_unitree_legged_msgs/ros2_unitree_legged_msgs/msg/detail/bms_state__rosidl_typesupport_fastrtps_c.h
[0.477s] -- Up-to-date: /home/giszterlab/USING/Framework/unitree_ws/install/ros2_unitree_legged_msgs/include/ros2_unitree_legged_msgs/ros2_unitree_legged_msgs/msg/detail/low_state__rosidl_typesupport_fastrtps_c.h
[0.477s] -- Up-to-date: /home/giszterlab/USING/Framework/unitree_ws/install/ros2_unitree_legged_msgs/include/ros2_unitree_legged_msgs/ros2_unitree_legged_msgs/msg/detail/high_state__rosidl_typesupport_fastrtps_c.h
[0.477s] -- Up-to-date: /home/giszterlab/USING/Framework/unitree_ws/install/ros2_unitree_legged_msgs/include/ros2_unitree_legged_msgs/ros2_unitree_legged_msgs/msg/detail/motor_state__rosidl_typesupport_fastrtps_c.h
[0.477s] -- Up-to-date: /home/giszterlab/USING/Framework/unitree_ws/install/ros2_unitree_legged_msgs/include/ros2_unitree_legged_msgs/ros2_unitree_legged_msgs/msg/detail/led__rosidl_typesupport_fastrtps_c.h
[0.478s] -- Up-to-date: /home/giszterlab/USING/Framework/unitree_ws/install/ros2_unitree_legged_msgs/include/ros2_unitree_legged_msgs/ros2_unitree_legged_msgs/msg/detail/low_cmd__rosidl_typesupport_fastrtps_c.h
[0.478s] -- Up-to-date: /home/giszterlab/USING/Framework/unitree_ws/install/ros2_unitree_legged_msgs/include/ros2_unitree_legged_msgs/ros2_unitree_legged_msgs/msg/detail/bms_cmd__rosidl_typesupport_fastrtps_c.h
[0.478s] -- Up-to-date: /home/giszterlab/USING/Framework/unitree_ws/install/ros2_unitree_legged_msgs/include/ros2_unitree_legged_msgs/ros2_unitree_legged_msgs/msg/detail/motor_cmd__rosidl_typesupport_fastrtps_c.h
[0.478s] -- Up-to-date: /home/giszterlab/USING/Framework/unitree_ws/install/ros2_unitree_legged_msgs/lib/libros2_unitree_legged_msgs__rosidl_typesupport_fastrtps_c.so
[0.478s] -- Up-to-date: /home/giszterlab/USING/Framework/unitree_ws/install/ros2_unitree_legged_msgs/include/ros2_unitree_legged_msgs/ros2_unitree_legged_msgs
[0.478s] -- Up-to-date: /home/giszterlab/USING/Framework/unitree_ws/install/ros2_unitree_legged_msgs/include/ros2_unitree_legged_msgs/ros2_unitree_legged_msgs/msg
[0.478s] -- Up-to-date: /home/giszterlab/USING/Framework/unitree_ws/install/ros2_unitree_legged_msgs/include/ros2_unitree_legged_msgs/ros2_unitree_legged_msgs/msg/rosidl_typesupport_introspection_c__visibility_control.h
[0.478s] -- Up-to-date: /home/giszterlab/USING/Framework/unitree_ws/install/ros2_unitree_legged_msgs/include/ros2_unitree_legged_msgs/ros2_unitree_legged_msgs/msg/detail
[0.478s] -- Up-to-date: /home/giszterlab/USING/Framework/unitree_ws/install/ros2_unitree_legged_msgs/include/ros2_unitree_legged_msgs/ros2_unitree_legged_msgs/msg/detail/low_state__rosidl_typesupport_introspection_c.h
[0.478s] -- Up-to-date: /home/giszterlab/USING/Framework/unitree_ws/install/ros2_unitree_legged_msgs/include/ros2_unitree_legged_msgs/ros2_unitree_legged_msgs/msg/detail/motor_state__type_support.c
[0.478s] -- Up-to-date: /home/giszterlab/USING/Framework/unitree_ws/install/ros2_unitree_legged_msgs/include/ros2_unitree_legged_msgs/ros2_unitree_legged_msgs/msg/detail/low_cmd__type_support.c
[0.479s] -- Up-to-date: /home/giszterlab/USING/Framework/unitree_ws/install/ros2_unitree_legged_msgs/include/ros2_unitree_legged_msgs/ros2_unitree_legged_msgs/msg/detail/led__type_support.c
[0.479s] -- Up-to-date: /home/giszterlab/USING/Framework/unitree_ws/install/ros2_unitree_legged_msgs/include/ros2_unitree_legged_msgs/ros2_unitree_legged_msgs/msg/detail/high_state__rosidl_typesupport_introspection_c.h
[0.479s] -- Up-to-date: /home/giszterlab/USING/Framework/unitree_ws/install/ros2_unitree_legged_msgs/include/ros2_unitree_legged_msgs/ros2_unitree_legged_msgs/msg/detail/high_cmd__type_support.c
[0.479s] -- Up-to-date: /home/giszterlab/USING/Framework/unitree_ws/install/ros2_unitree_legged_msgs/include/ros2_unitree_legged_msgs/ros2_unitree_legged_msgs/msg/detail/cartesian__rosidl_typesupport_introspection_c.h
[0.479s] -- Up-to-date: /home/giszterlab/USING/Framework/unitree_ws/install/ros2_unitree_legged_msgs/include/ros2_unitree_legged_msgs/ros2_unitree_legged_msgs/msg/detail/motor_state__rosidl_typesupport_introspection_c.h
[0.479s] -- Up-to-date: /home/giszterlab/USING/Framework/unitree_ws/install/ros2_unitree_legged_msgs/include/ros2_unitree_legged_msgs/ros2_unitree_legged_msgs/msg/detail/imu__rosidl_typesupport_introspection_c.h
[0.479s] -- Up-to-date: /home/giszterlab/USING/Framework/unitree_ws/install/ros2_unitree_legged_msgs/include/ros2_unitree_legged_msgs/ros2_unitree_legged_msgs/msg/detail/low_state__type_support.c
[0.479s] -- Up-to-date: /home/giszterlab/USING/Framework/unitree_ws/install/ros2_unitree_legged_msgs/include/ros2_unitree_legged_msgs/ros2_unitree_legged_msgs/msg/detail/high_state__type_support.c
[0.479s] -- Up-to-date: /home/giszterlab/USING/Framework/unitree_ws/install/ros2_unitree_legged_msgs/include/ros2_unitree_legged_msgs/ros2_unitree_legged_msgs/msg/detail/imu__type_support.c
[0.479s] -- Up-to-date: /home/giszterlab/USING/Framework/unitree_ws/install/ros2_unitree_legged_msgs/include/ros2_unitree_legged_msgs/ros2_unitree_legged_msgs/msg/detail/motor_cmd__type_support.c
[0.479s] -- Up-to-date: /home/giszterlab/USING/Framework/unitree_ws/install/ros2_unitree_legged_msgs/include/ros2_unitree_legged_msgs/ros2_unitree_legged_msgs/msg/detail/motor_cmd__rosidl_typesupport_introspection_c.h
[0.479s] -- Up-to-date: /home/giszterlab/USING/Framework/unitree_ws/install/ros2_unitree_legged_msgs/include/ros2_unitree_legged_msgs/ros2_unitree_legged_msgs/msg/detail/bms_state__type_support.c
[0.480s] -- Up-to-date: /home/giszterlab/USING/Framework/unitree_ws/install/ros2_unitree_legged_msgs/include/ros2_unitree_legged_msgs/ros2_unitree_legged_msgs/msg/detail/bms_state__rosidl_typesupport_introspection_c.h
[0.480s] -- Up-to-date: /home/giszterlab/USING/Framework/unitree_ws/install/ros2_unitree_legged_msgs/include/ros2_unitree_legged_msgs/ros2_unitree_legged_msgs/msg/detail/low_cmd__rosidl_typesupport_introspection_c.h
[0.480s] -- Up-to-date: /home/giszterlab/USING/Framework/unitree_ws/install/ros2_unitree_legged_msgs/include/ros2_unitree_legged_msgs/ros2_unitree_legged_msgs/msg/detail/high_cmd__rosidl_typesupport_introspection_c.h
[0.480s] -- Up-to-date: /home/giszterlab/USING/Framework/unitree_ws/install/ros2_unitree_legged_msgs/include/ros2_unitree_legged_msgs/ros2_unitree_legged_msgs/msg/detail/bms_cmd__rosidl_typesupport_introspection_c.h
[0.480s] -- Up-to-date: /home/giszterlab/USING/Framework/unitree_ws/install/ros2_unitree_legged_msgs/include/ros2_unitree_legged_msgs/ros2_unitree_legged_msgs/msg/detail/led__rosidl_typesupport_introspection_c.h
[0.480s] -- Up-to-date: /home/giszterlab/USING/Framework/unitree_ws/install/ros2_unitree_legged_msgs/include/ros2_unitree_legged_msgs/ros2_unitree_legged_msgs/msg/detail/bms_cmd__type_support.c
[0.480s] -- Up-to-date: /home/giszterlab/USING/Framework/unitree_ws/install/ros2_unitree_legged_msgs/include/ros2_unitree_legged_msgs/ros2_unitree_legged_msgs/msg/detail/cartesian__type_support.c
[0.480s] -- Up-to-date: /home/giszterlab/USING/Framework/unitree_ws/install/ros2_unitree_legged_msgs/lib/libros2_unitree_legged_msgs__rosidl_typesupport_introspection_c.so
[0.480s] -- Up-to-date: /home/giszterlab/USING/Framework/unitree_ws/install/ros2_unitree_legged_msgs/lib/libros2_unitree_legged_msgs__rosidl_typesupport_c.so
[0.480s] -- Up-to-date: /home/giszterlab/USING/Framework/unitree_ws/install/ros2_unitree_legged_msgs/include/ros2_unitree_legged_msgs/ros2_unitree_legged_msgs
[0.480s] -- Up-to-date: /home/giszterlab/USING/Framework/unitree_ws/install/ros2_unitree_legged_msgs/include/ros2_unitree_legged_msgs/ros2_unitree_legged_msgs/msg
[0.480s] -- Up-to-date: /home/giszterlab/USING/Framework/unitree_ws/install/ros2_unitree_legged_msgs/include/ros2_unitree_legged_msgs/ros2_unitree_legged_msgs/msg/led.hpp
[0.481s] -- Up-to-date: /home/giszterlab/USING/Framework/unitree_ws/install/ros2_unitree_legged_msgs/include/ros2_unitree_legged_msgs/ros2_unitree_legged_msgs/msg/high_cmd.hpp
[0.481s] -- Up-to-date: /home/giszterlab/USING/Framework/unitree_ws/install/ros2_unitree_legged_msgs/include/ros2_unitree_legged_msgs/ros2_unitree_legged_msgs/msg/low_state.hpp
[0.481s] -- Up-to-date: /home/giszterlab/USING/Framework/unitree_ws/install/ros2_unitree_legged_msgs/include/ros2_unitree_legged_msgs/ros2_unitree_legged_msgs/msg/cartesian.hpp
[0.481s] -- Up-to-date: /home/giszterlab/USING/Framework/unitree_ws/install/ros2_unitree_legged_msgs/include/ros2_unitree_legged_msgs/ros2_unitree_legged_msgs/msg/motor_cmd.hpp
[0.481s] -- Up-to-date: /home/giszterlab/USING/Framework/unitree_ws/install/ros2_unitree_legged_msgs/include/ros2_unitree_legged_msgs/ros2_unitree_legged_msgs/msg/imu.hpp
[0.481s] -- Up-to-date: /home/giszterlab/USING/Framework/unitree_ws/install/ros2_unitree_legged_msgs/include/ros2_unitree_legged_msgs/ros2_unitree_legged_msgs/msg/high_state.hpp
[0.481s] -- Up-to-date: /home/giszterlab/USING/Framework/unitree_ws/install/ros2_unitree_legged_msgs/include/ros2_unitree_legged_msgs/ros2_unitree_legged_msgs/msg/rosidl_generator_cpp__visibility_control.hpp
[0.481s] -- Up-to-date: /home/giszterlab/USING/Framework/unitree_ws/install/ros2_unitree_legged_msgs/include/ros2_unitree_legged_msgs/ros2_unitree_legged_msgs/msg/detail
[0.481s] -- Up-to-date: /home/giszterlab/USING/Framework/unitree_ws/install/ros2_unitree_legged_msgs/include/ros2_unitree_legged_msgs/ros2_unitree_legged_msgs/msg/detail/led__builder.hpp
[0.481s] -- Up-to-date: /home/giszterlab/USING/Framework/unitree_ws/install/ros2_unitree_legged_msgs/include/ros2_unitree_legged_msgs/ros2_unitree_legged_msgs/msg/detail/cartesian__builder.hpp
[0.481s] -- Up-to-date: /home/giszterlab/USING/Framework/unitree_ws/install/ros2_unitree_legged_msgs/include/ros2_unitree_legged_msgs/ros2_unitree_legged_msgs/msg/detail/high_cmd__traits.hpp
[0.481s] -- Up-to-date: /home/giszterlab/USING/Framework/unitree_ws/install/ros2_unitree_legged_msgs/include/ros2_unitree_legged_msgs/ros2_unitree_legged_msgs/msg/detail/high_state__builder.hpp
[0.481s] -- Up-to-date: /home/giszterlab/USING/Framework/unitree_ws/install/ros2_unitree_legged_msgs/include/ros2_unitree_legged_msgs/ros2_unitree_legged_msgs/msg/detail/bms_state__struct.hpp
[0.481s] -- Up-to-date: /home/giszterlab/USING/Framework/unitree_ws/install/ros2_unitree_legged_msgs/include/ros2_unitree_legged_msgs/ros2_unitree_legged_msgs/msg/detail/cartesian__traits.hpp
[0.482s] -- Up-to-date: /home/giszterlab/USING/Framework/unitree_ws/install/ros2_unitree_legged_msgs/include/ros2_unitree_legged_msgs/ros2_unitree_legged_msgs/msg/detail/motor_state__struct.hpp
[0.482s] -- Up-to-date: /home/giszterlab/USING/Framework/unitree_ws/install/ros2_unitree_legged_msgs/include/ros2_unitree_legged_msgs/ros2_unitree_legged_msgs/msg/detail/bms_state__traits.hpp
[0.482s] -- Up-to-date: /home/giszterlab/USING/Framework/unitree_ws/install/ros2_unitree_legged_msgs/include/ros2_unitree_legged_msgs/ros2_unitree_legged_msgs/msg/detail/cartesian__type_support.hpp
[0.482s] -- Up-to-date: /home/giszterlab/USING/Framework/unitree_ws/install/ros2_unitree_legged_msgs/include/ros2_unitree_legged_msgs/ros2_unitree_legged_msgs/msg/detail/low_cmd__traits.hpp
[0.482s] -- Up-to-date: /home/giszterlab/USING/Framework/unitree_ws/install/ros2_unitree_legged_msgs/include/ros2_unitree_legged_msgs/ros2_unitree_legged_msgs/msg/detail/low_state__traits.hpp
[0.482s] -- Up-to-date: /home/giszterlab/USING/Framework/unitree_ws/install/ros2_unitree_legged_msgs/include/ros2_unitree_legged_msgs/ros2_unitree_legged_msgs/msg/detail/high_cmd__builder.hpp
[0.482s] -- Up-to-date: /home/giszterlab/USING/Framework/unitree_ws/install/ros2_unitree_legged_msgs/include/ros2_unitree_legged_msgs/ros2_unitree_legged_msgs/msg/detail/motor_state__type_support.hpp
[0.482s] -- Up-to-date: /home/giszterlab/USING/Framework/unitree_ws/install/ros2_unitree_legged_msgs/include/ros2_unitree_legged_msgs/ros2_unitree_legged_msgs/msg/detail/low_cmd__builder.hpp
[0.482s] -- Up-to-date: /home/giszterlab/USING/Framework/unitree_ws/install/ros2_unitree_legged_msgs/include/ros2_unitree_legged_msgs/ros2_unitree_legged_msgs/msg/detail/imu__type_support.hpp
[0.482s] -- Up-to-date: /home/giszterlab/USING/Framework/unitree_ws/install/ros2_unitree_legged_msgs/include/ros2_unitree_legged_msgs/ros2_unitree_legged_msgs/msg/detail/motor_state__traits.hpp
[0.482s] -- Up-to-date: /home/giszterlab/USING/Framework/unitree_ws/install/ros2_unitree_legged_msgs/include/ros2_unitree_legged_msgs/ros2_unitree_legged_msgs/msg/detail/high_state__type_support.hpp
[0.482s] -- Up-to-date: /home/giszterlab/USING/Framework/unitree_ws/install/ros2_unitree_legged_msgs/include/ros2_unitree_legged_msgs/ros2_unitree_legged_msgs/msg/detail/high_state__traits.hpp
[0.482s] -- Up-to-date: /home/giszterlab/USING/Framework/unitree_ws/install/ros2_unitree_legged_msgs/include/ros2_unitree_legged_msgs/ros2_unitree_legged_msgs/msg/detail/low_state__struct.hpp
[0.482s] -- Up-to-date: /home/giszterlab/USING/Framework/unitree_ws/install/ros2_unitree_legged_msgs/include/ros2_unitree_legged_msgs/ros2_unitree_legged_msgs/msg/detail/motor_cmd__traits.hpp
[0.483s] -- Up-to-date: /home/giszterlab/USING/Framework/unitree_ws/install/ros2_unitree_legged_msgs/include/ros2_unitree_legged_msgs/ros2_unitree_legged_msgs/msg/detail/led__type_support.hpp
[0.483s] -- Up-to-date: /home/giszterlab/USING/Framework/unitree_ws/install/ros2_unitree_legged_msgs/include/ros2_unitree_legged_msgs/ros2_unitree_legged_msgs/msg/detail/motor_cmd__type_support.hpp
[0.483s] -- Up-to-date: /home/giszterlab/USING/Framework/unitree_ws/install/ros2_unitree_legged_msgs/include/ros2_unitree_legged_msgs/ros2_unitree_legged_msgs/msg/detail/low_state__builder.hpp
[0.483s] -- Up-to-date: /home/giszterlab/USING/Framework/unitree_ws/install/ros2_unitree_legged_msgs/include/ros2_unitree_legged_msgs/ros2_unitree_legged_msgs/msg/detail/low_cmd__type_support.hpp
[0.483s] -- Up-to-date: /home/giszterlab/USING/Framework/unitree_ws/install/ros2_unitree_legged_msgs/include/ros2_unitree_legged_msgs/ros2_unitree_legged_msgs/msg/detail/bms_state__builder.hpp
[0.483s] -- Up-to-date: /home/giszterlab/USING/Framework/unitree_ws/install/ros2_unitree_legged_msgs/include/ros2_unitree_legged_msgs/ros2_unitree_legged_msgs/msg/detail/bms_cmd__type_support.hpp
[0.483s] -- Up-to-date: /home/giszterlab/USING/Framework/unitree_ws/install/ros2_unitree_legged_msgs/include/ros2_unitree_legged_msgs/ros2_unitree_legged_msgs/msg/detail/high_state__struct.hpp
[0.483s] -- Up-to-date: /home/giszterlab/USING/Framework/unitree_ws/install/ros2_unitree_legged_msgs/include/ros2_unitree_legged_msgs/ros2_unitree_legged_msgs/msg/detail/motor_state__builder.hpp
[0.483s] -- Up-to-date: /home/giszterlab/USING/Framework/unitree_ws/install/ros2_unitree_legged_msgs/include/ros2_unitree_legged_msgs/ros2_unitree_legged_msgs/msg/detail/bms_cmd__struct.hpp
[0.483s] -- Up-to-date: /home/giszterlab/USING/Framework/unitree_ws/install/ros2_unitree_legged_msgs/include/ros2_unitree_legged_msgs/ros2_unitree_legged_msgs/msg/detail/led__struct.hpp
[0.483s] -- Up-to-date: /home/giszterlab/USING/Framework/unitree_ws/install/ros2_unitree_legged_msgs/include/ros2_unitree_legged_msgs/ros2_unitree_legged_msgs/msg/detail/cartesian__struct.hpp
[0.483s] -- Up-to-date: /home/giszterlab/USING/Framework/unitree_ws/install/ros2_unitree_legged_msgs/include/ros2_unitree_legged_msgs/ros2_unitree_legged_msgs/msg/detail/high_cmd__struct.hpp
[0.483s] -- Up-to-date: /home/giszterlab/USING/Framework/unitree_ws/install/ros2_unitree_legged_msgs/include/ros2_unitree_legged_msgs/ros2_unitree_legged_msgs/msg/detail/low_state__type_support.hpp
[0.483s] -- Up-to-date: /home/giszterlab/USING/Framework/unitree_ws/install/ros2_unitree_legged_msgs/include/ros2_unitree_legged_msgs/ros2_unitree_legged_msgs/msg/detail/motor_cmd__struct.hpp
[0.484s] -- Up-to-date: /home/giszterlab/USING/Framework/unitree_ws/install/ros2_unitree_legged_msgs/include/ros2_unitree_legged_msgs/ros2_unitree_legged_msgs/msg/detail/high_cmd__type_support.hpp
[0.484s] -- Up-to-date: /home/giszterlab/USING/Framework/unitree_ws/install/ros2_unitree_legged_msgs/include/ros2_unitree_legged_msgs/ros2_unitree_legged_msgs/msg/detail/low_cmd__struct.hpp
[0.484s] -- Up-to-date: /home/giszterlab/USING/Framework/unitree_ws/install/ros2_unitree_legged_msgs/include/ros2_unitree_legged_msgs/ros2_unitree_legged_msgs/msg/detail/bms_cmd__traits.hpp
[0.484s] -- Up-to-date: /home/giszterlab/USING/Framework/unitree_ws/install/ros2_unitree_legged_msgs/include/ros2_unitree_legged_msgs/ros2_unitree_legged_msgs/msg/detail/led__traits.hpp
[0.484s] -- Up-to-date: /home/giszterlab/USING/Framework/unitree_ws/install/ros2_unitree_legged_msgs/include/ros2_unitree_legged_msgs/ros2_unitree_legged_msgs/msg/detail/motor_cmd__builder.hpp
[0.484s] -- Up-to-date: /home/giszterlab/USING/Framework/unitree_ws/install/ros2_unitree_legged_msgs/include/ros2_unitree_legged_msgs/ros2_unitree_legged_msgs/msg/detail/imu__builder.hpp
[0.484s] -- Up-to-date: /home/giszterlab/USING/Framework/unitree_ws/install/ros2_unitree_legged_msgs/include/ros2_unitree_legged_msgs/ros2_unitree_legged_msgs/msg/detail/bms_cmd__builder.hpp
[0.484s] -- Up-to-date: /home/giszterlab/USING/Framework/unitree_ws/install/ros2_unitree_legged_msgs/include/ros2_unitree_legged_msgs/ros2_unitree_legged_msgs/msg/detail/imu__struct.hpp
[0.484s] -- Up-to-date: /home/giszterlab/USING/Framework/unitree_ws/install/ros2_unitree_legged_msgs/include/ros2_unitree_legged_msgs/ros2_unitree_legged_msgs/msg/detail/imu__traits.hpp
[0.484s] -- Up-to-date: /home/giszterlab/USING/Framework/unitree_ws/install/ros2_unitree_legged_msgs/include/ros2_unitree_legged_msgs/ros2_unitree_legged_msgs/msg/detail/bms_state__type_support.hpp
[0.484s] -- Up-to-date: /home/giszterlab/USING/Framework/unitree_ws/install/ros2_unitree_legged_msgs/include/ros2_unitree_legged_msgs/ros2_unitree_legged_msgs/msg/bms_cmd.hpp
[0.484s] -- Up-to-date: /home/giszterlab/USING/Framework/unitree_ws/install/ros2_unitree_legged_msgs/include/ros2_unitree_legged_msgs/ros2_unitree_legged_msgs/msg/bms_state.hpp
[0.484s] -- Up-to-date: /home/giszterlab/USING/Framework/unitree_ws/install/ros2_unitree_legged_msgs/include/ros2_unitree_legged_msgs/ros2_unitree_legged_msgs/msg/motor_state.hpp
[0.484s] -- Up-to-date: /home/giszterlab/USING/Framework/unitree_ws/install/ros2_unitree_legged_msgs/include/ros2_unitree_legged_msgs/ros2_unitree_legged_msgs/msg/low_cmd.hpp
[0.485s] -- Up-to-date: /home/giszterlab/USING/Framework/unitree_ws/install/ros2_unitree_legged_msgs/include/ros2_unitree_legged_msgs/ros2_unitree_legged_msgs
[0.485s] -- Up-to-date: /home/giszterlab/USING/Framework/unitree_ws/install/ros2_unitree_legged_msgs/include/ros2_unitree_legged_msgs/ros2_unitree_legged_msgs/msg
[0.485s] -- Up-to-date: /home/giszterlab/USING/Framework/unitree_ws/install/ros2_unitree_legged_msgs/include/ros2_unitree_legged_msgs/ros2_unitree_legged_msgs/msg/rosidl_typesupport_fastrtps_cpp__visibility_control.h
[0.485s] -- Up-to-date: /home/giszterlab/USING/Framework/unitree_ws/install/ros2_unitree_legged_msgs/include/ros2_unitree_legged_msgs/ros2_unitree_legged_msgs/msg/detail
[0.485s] -- Up-to-date: /home/giszterlab/USING/Framework/unitree_ws/install/ros2_unitree_legged_msgs/include/ros2_unitree_legged_msgs/ros2_unitree_legged_msgs/msg/detail/cartesian__rosidl_typesupport_fastrtps_cpp.hpp
[0.485s] -- Up-to-date: /home/giszterlab/USING/Framework/unitree_ws/install/ros2_unitree_legged_msgs/include/ros2_unitree_legged_msgs/ros2_unitree_legged_msgs/msg/detail/low_state__rosidl_typesupport_fastrtps_cpp.hpp
[0.485s] -- Up-to-date: /home/giszterlab/USING/Framework/unitree_ws/install/ros2_unitree_legged_msgs/include/ros2_unitree_legged_msgs/ros2_unitree_legged_msgs/msg/detail/high_cmd__rosidl_typesupport_fastrtps_cpp.hpp
[0.485s] -- Up-to-date: /home/giszterlab/USING/Framework/unitree_ws/install/ros2_unitree_legged_msgs/include/ros2_unitree_legged_msgs/ros2_unitree_legged_msgs/msg/detail/motor_state__rosidl_typesupport_fastrtps_cpp.hpp
[0.485s] -- Up-to-date: /home/giszterlab/USING/Framework/unitree_ws/install/ros2_unitree_legged_msgs/include/ros2_unitree_legged_msgs/ros2_unitree_legged_msgs/msg/detail/low_cmd__rosidl_typesupport_fastrtps_cpp.hpp
[0.485s] -- Up-to-date: /home/giszterlab/USING/Framework/unitree_ws/install/ros2_unitree_legged_msgs/include/ros2_unitree_legged_msgs/ros2_unitree_legged_msgs/msg/detail/motor_cmd__rosidl_typesupport_fastrtps_cpp.hpp
[0.485s] -- Up-to-date: /home/giszterlab/USING/Framework/unitree_ws/install/ros2_unitree_legged_msgs/include/ros2_unitree_legged_msgs/ros2_unitree_legged_msgs/msg/detail/imu__rosidl_typesupport_fastrtps_cpp.hpp
[0.485s] -- Up-to-date: /home/giszterlab/USING/Framework/unitree_ws/install/ros2_unitree_legged_msgs/include/ros2_unitree_legged_msgs/ros2_unitree_legged_msgs/msg/detail/bms_state__rosidl_typesupport_fastrtps_cpp.hpp
[0.485s] -- Up-to-date: /home/giszterlab/USING/Framework/unitree_ws/install/ros2_unitree_legged_msgs/include/ros2_unitree_legged_msgs/ros2_unitree_legged_msgs/msg/detail/dds_fastrtps
[0.486s] -- Up-to-date: /home/giszterlab/USING/Framework/unitree_ws/install/ros2_unitree_legged_msgs/include/ros2_unitree_legged_msgs/ros2_unitree_legged_msgs/msg/detail/bms_cmd__rosidl_typesupport_fastrtps_cpp.hpp
[0.486s] -- Up-to-date: /home/giszterlab/USING/Framework/unitree_ws/install/ros2_unitree_legged_msgs/include/ros2_unitree_legged_msgs/ros2_unitree_legged_msgs/msg/detail/led__rosidl_typesupport_fastrtps_cpp.hpp
[0.486s] -- Up-to-date: /home/giszterlab/USING/Framework/unitree_ws/install/ros2_unitree_legged_msgs/include/ros2_unitree_legged_msgs/ros2_unitree_legged_msgs/msg/detail/high_state__rosidl_typesupport_fastrtps_cpp.hpp
[0.486s] -- Up-to-date: /home/giszterlab/USING/Framework/unitree_ws/install/ros2_unitree_legged_msgs/lib/libros2_unitree_legged_msgs__rosidl_typesupport_fastrtps_cpp.so
[0.486s] -- Up-to-date: /home/giszterlab/USING/Framework/unitree_ws/install/ros2_unitree_legged_msgs/include/ros2_unitree_legged_msgs/ros2_unitree_legged_msgs
[0.486s] -- Up-to-date: /home/giszterlab/USING/Framework/unitree_ws/install/ros2_unitree_legged_msgs/include/ros2_unitree_legged_msgs/ros2_unitree_legged_msgs/msg
[0.486s] -- Up-to-date: /home/giszterlab/USING/Framework/unitree_ws/install/ros2_unitree_legged_msgs/include/ros2_unitree_legged_msgs/ros2_unitree_legged_msgs/msg/detail
[0.486s] -- Up-to-date: /home/giszterlab/USING/Framework/unitree_ws/install/ros2_unitree_legged_msgs/include/ros2_unitree_legged_msgs/ros2_unitree_legged_msgs/msg/detail/bms_cmd__type_support.cpp
[0.486s] -- Up-to-date: /home/giszterlab/USING/Framework/unitree_ws/install/ros2_unitree_legged_msgs/include/ros2_unitree_legged_msgs/ros2_unitree_legged_msgs/msg/detail/low_state__rosidl_typesupport_introspection_cpp.hpp
[0.486s] -- Up-to-date: /home/giszterlab/USING/Framework/unitree_ws/install/ros2_unitree_legged_msgs/include/ros2_unitree_legged_msgs/ros2_unitree_legged_msgs/msg/detail/bms_state__type_support.cpp
[0.486s] -- Up-to-date: /home/giszterlab/USING/Framework/unitree_ws/install/ros2_unitree_legged_msgs/include/ros2_unitree_legged_msgs/ros2_unitree_legged_msgs/msg/detail/bms_state__rosidl_typesupport_introspection_cpp.hpp
[0.486s] -- Up-to-date: /home/giszterlab/USING/Framework/unitree_ws/install/ros2_unitree_legged_msgs/include/ros2_unitree_legged_msgs/ros2_unitree_legged_msgs/msg/detail/motor_cmd__type_support.cpp
[0.486s] -- Up-to-date: /home/giszterlab/USING/Framework/unitree_ws/install/ros2_unitree_legged_msgs/include/ros2_unitree_legged_msgs/ros2_unitree_legged_msgs/msg/detail/motor_state__type_support.cpp
[0.486s] -- Up-to-date: /home/giszterlab/USING/Framework/unitree_ws/install/ros2_unitree_legged_msgs/include/ros2_unitree_legged_msgs/ros2_unitree_legged_msgs/msg/detail/led__type_support.cpp
[0.487s] -- Up-to-date: /home/giszterlab/USING/Framework/unitree_ws/install/ros2_unitree_legged_msgs/include/ros2_unitree_legged_msgs/ros2_unitree_legged_msgs/msg/detail/cartesian__rosidl_typesupport_introspection_cpp.hpp
[0.487s] -- Up-to-date: /home/giszterlab/USING/Framework/unitree_ws/install/ros2_unitree_legged_msgs/include/ros2_unitree_legged_msgs/ros2_unitree_legged_msgs/msg/detail/bms_cmd__rosidl_typesupport_introspection_cpp.hpp
[0.487s] -- Up-to-date: /home/giszterlab/USING/Framework/unitree_ws/install/ros2_unitree_legged_msgs/include/ros2_unitree_legged_msgs/ros2_unitree_legged_msgs/msg/detail/low_cmd__type_support.cpp
[0.487s] -- Up-to-date: /home/giszterlab/USING/Framework/unitree_ws/install/ros2_unitree_legged_msgs/include/ros2_unitree_legged_msgs/ros2_unitree_legged_msgs/msg/detail/high_state__type_support.cpp
[0.487s] -- Up-to-date: /home/giszterlab/USING/Framework/unitree_ws/install/ros2_unitree_legged_msgs/include/ros2_unitree_legged_msgs/ros2_unitree_legged_msgs/msg/detail/low_cmd__rosidl_typesupport_introspection_cpp.hpp
[0.487s] -- Up-to-date: /home/giszterlab/USING/Framework/unitree_ws/install/ros2_unitree_legged_msgs/include/ros2_unitree_legged_msgs/ros2_unitree_legged_msgs/msg/detail/high_cmd__rosidl_typesupport_introspection_cpp.hpp
[0.487s] -- Up-to-date: /home/giszterlab/USING/Framework/unitree_ws/install/ros2_unitree_legged_msgs/include/ros2_unitree_legged_msgs/ros2_unitree_legged_msgs/msg/detail/high_state__rosidl_typesupport_introspection_cpp.hpp
[0.487s] -- Up-to-date: /home/giszterlab/USING/Framework/unitree_ws/install/ros2_unitree_legged_msgs/include/ros2_unitree_legged_msgs/ros2_unitree_legged_msgs/msg/detail/imu__rosidl_typesupport_introspection_cpp.hpp
[0.487s] -- Up-to-date: /home/giszterlab/USING/Framework/unitree_ws/install/ros2_unitree_legged_msgs/include/ros2_unitree_legged_msgs/ros2_unitree_legged_msgs/msg/detail/low_state__type_support.cpp
[0.487s] -- Up-to-date: /home/giszterlab/USING/Framework/unitree_ws/install/ros2_unitree_legged_msgs/include/ros2_unitree_legged_msgs/ros2_unitree_legged_msgs/msg/detail/led__rosidl_typesupport_introspection_cpp.hpp
[0.487s] -- Up-to-date: /home/giszterlab/USING/Framework/unitree_ws/install/ros2_unitree_legged_msgs/include/ros2_unitree_legged_msgs/ros2_unitree_legged_msgs/msg/detail/motor_state__rosidl_typesupport_introspection_cpp.hpp
[0.487s] -- Up-to-date: /home/giszterlab/USING/Framework/unitree_ws/install/ros2_unitree_legged_msgs/include/ros2_unitree_legged_msgs/ros2_unitree_legged_msgs/msg/detail/imu__type_support.cpp
[0.487s] -- Up-to-date: /home/giszterlab/USING/Framework/unitree_ws/install/ros2_unitree_legged_msgs/include/ros2_unitree_legged_msgs/ros2_unitree_legged_msgs/msg/detail/high_cmd__type_support.cpp
[0.487s] -- Up-to-date: /home/giszterlab/USING/Framework/unitree_ws/install/ros2_unitree_legged_msgs/include/ros2_unitree_legged_msgs/ros2_unitree_legged_msgs/msg/detail/motor_cmd__rosidl_typesupport_introspection_cpp.hpp
[0.488s] -- Up-to-date: /home/giszterlab/USING/Framework/unitree_ws/install/ros2_unitree_legged_msgs/include/ros2_unitree_legged_msgs/ros2_unitree_legged_msgs/msg/detail/cartesian__type_support.cpp
[0.488s] -- Up-to-date: /home/giszterlab/USING/Framework/unitree_ws/install/ros2_unitree_legged_msgs/lib/libros2_unitree_legged_msgs__rosidl_typesupport_introspection_cpp.so
[0.488s] -- Up-to-date: /home/giszterlab/USING/Framework/unitree_ws/install/ros2_unitree_legged_msgs/lib/libros2_unitree_legged_msgs__rosidl_typesupport_cpp.so
[0.488s] -- Up-to-date: /home/giszterlab/USING/Framework/unitree_ws/install/ros2_unitree_legged_msgs/share/ros2_unitree_legged_msgs/environment/pythonpath.sh
[0.488s] -- Up-to-date: /home/giszterlab/USING/Framework/unitree_ws/install/ros2_unitree_legged_msgs/share/ros2_unitree_legged_msgs/environment/pythonpath.dsv
[0.488s] -- Up-to-date: /home/giszterlab/USING/Framework/unitree_ws/install/ros2_unitree_legged_msgs/local/lib/python3.10/dist-packages/ros2_unitree_legged_msgs-0.4.0-py3.10.egg-info
[0.488s] -- Installing: /home/giszterlab/USING/Framework/unitree_ws/install/ros2_unitree_legged_msgs/local/lib/python3.10/dist-packages/ros2_unitree_legged_msgs-0.4.0-py3.10.egg-info/PKG-INFO
[0.488s] -- Installing: /home/giszterlab/USING/Framework/unitree_ws/install/ros2_unitree_legged_msgs/local/lib/python3.10/dist-packages/ros2_unitree_legged_msgs-0.4.0-py3.10.egg-info/top_level.txt
[0.488s] -- Installing: /home/giszterlab/USING/Framework/unitree_ws/install/ros2_unitree_legged_msgs/local/lib/python3.10/dist-packages/ros2_unitree_legged_msgs-0.4.0-py3.10.egg-info/SOURCES.txt
[0.488s] -- Installing: /home/giszterlab/USING/Framework/unitree_ws/install/ros2_unitree_legged_msgs/local/lib/python3.10/dist-packages/ros2_unitree_legged_msgs-0.4.0-py3.10.egg-info/dependency_links.txt
[0.488s] -- Up-to-date: /home/giszterlab/USING/Framework/unitree_ws/install/ros2_unitree_legged_msgs/local/lib/python3.10/dist-packages/ros2_unitree_legged_msgs
[0.488s] -- Up-to-date: /home/giszterlab/USING/Framework/unitree_ws/install/ros2_unitree_legged_msgs/local/lib/python3.10/dist-packages/ros2_unitree_legged_msgs/__init__.py
[0.488s] -- Up-to-date: /home/giszterlab/USING/Framework/unitree_ws/install/ros2_unitree_legged_msgs/local/lib/python3.10/dist-packages/ros2_unitree_legged_msgs/ros2_unitree_legged_msgs_s__rosidl_typesupport_c.cpython-310-x86_64-linux-gnu.so
[0.488s] -- Up-to-date: /home/giszterlab/USING/Framework/unitree_ws/install/ros2_unitree_legged_msgs/local/lib/python3.10/dist-packages/ros2_unitree_legged_msgs/ros2_unitree_legged_msgs_s__rosidl_typesupport_fastrtps_c.cpython-310-x86_64-linux-gnu.so
[0.489s] -- Up-to-date: /home/giszterlab/USING/Framework/unitree_ws/install/ros2_unitree_legged_msgs/local/lib/python3.10/dist-packages/ros2_unitree_legged_msgs/_ros2_unitree_legged_msgs_s.ep.rosidl_typesupport_fastrtps_c.c
[0.489s] -- Up-to-date: /home/giszterlab/USING/Framework/unitree_ws/install/ros2_unitree_legged_msgs/local/lib/python3.10/dist-packages/ros2_unitree_legged_msgs/_ros2_unitree_legged_msgs_s.ep.rosidl_typesupport_c.c
[0.489s] -- Up-to-date: /home/giszterlab/USING/Framework/unitree_ws/install/ros2_unitree_legged_msgs/local/lib/python3.10/dist-packages/ros2_unitree_legged_msgs/_ros2_unitree_legged_msgs_s.ep.rosidl_typesupport_introspection_c.c
[0.489s] -- Up-to-date: /home/giszterlab/USING/Framework/unitree_ws/install/ros2_unitree_legged_msgs/local/lib/python3.10/dist-packages/ros2_unitree_legged_msgs/msg
[0.489s] -- Up-to-date: /home/giszterlab/USING/Framework/unitree_ws/install/ros2_unitree_legged_msgs/local/lib/python3.10/dist-packages/ros2_unitree_legged_msgs/msg/_motor_cmd.py
[0.489s] -- Up-to-date: /home/giszterlab/USING/Framework/unitree_ws/install/ros2_unitree_legged_msgs/local/lib/python3.10/dist-packages/ros2_unitree_legged_msgs/msg/_low_state_s.c
[0.489s] -- Up-to-date: /home/giszterlab/USING/Framework/unitree_ws/install/ros2_unitree_legged_msgs/local/lib/python3.10/dist-packages/ros2_unitree_legged_msgs/msg/_bms_state_s.c
[0.489s] -- Up-to-date: /home/giszterlab/USING/Framework/unitree_ws/install/ros2_unitree_legged_msgs/local/lib/python3.10/dist-packages/ros2_unitree_legged_msgs/msg/_imu_s.c
[0.489s] -- Up-to-date: /home/giszterlab/USING/Framework/unitree_ws/install/ros2_unitree_legged_msgs/local/lib/python3.10/dist-packages/ros2_unitree_legged_msgs/msg/_imu.py
[0.489s] -- Up-to-date: /home/giszterlab/USING/Framework/unitree_ws/install/ros2_unitree_legged_msgs/local/lib/python3.10/dist-packages/ros2_unitree_legged_msgs/msg/__init__.py
[0.489s] -- Up-to-date: /home/giszterlab/USING/Framework/unitree_ws/install/ros2_unitree_legged_msgs/local/lib/python3.10/dist-packages/ros2_unitree_legged_msgs/msg/_low_cmd.py
[0.489s] -- Up-to-date: /home/giszterlab/USING/Framework/unitree_ws/install/ros2_unitree_legged_msgs/local/lib/python3.10/dist-packages/ros2_unitree_legged_msgs/msg/_motor_cmd_s.c
[0.489s] -- Up-to-date: /home/giszterlab/USING/Framework/unitree_ws/install/ros2_unitree_legged_msgs/local/lib/python3.10/dist-packages/ros2_unitree_legged_msgs/msg/_cartesian.py
[0.489s] -- Up-to-date: /home/giszterlab/USING/Framework/unitree_ws/install/ros2_unitree_legged_msgs/local/lib/python3.10/dist-packages/ros2_unitree_legged_msgs/msg/_low_state.py
[0.490s] -- Up-to-date: /home/giszterlab/USING/Framework/unitree_ws/install/ros2_unitree_legged_msgs/local/lib/python3.10/dist-packages/ros2_unitree_legged_msgs/msg/_high_cmd_s.c
[0.490s] -- Up-to-date: /home/giszterlab/USING/Framework/unitree_ws/install/ros2_unitree_legged_msgs/local/lib/python3.10/dist-packages/ros2_unitree_legged_msgs/msg/_high_state.py
[0.490s] -- Up-to-date: /home/giszterlab/USING/Framework/unitree_ws/install/ros2_unitree_legged_msgs/local/lib/python3.10/dist-packages/ros2_unitree_legged_msgs/msg/_low_cmd_s.c
[0.490s] -- Up-to-date: /home/giszterlab/USING/Framework/unitree_ws/install/ros2_unitree_legged_msgs/local/lib/python3.10/dist-packages/ros2_unitree_legged_msgs/msg/_bms_cmd_s.c
[0.490s] -- Up-to-date: /home/giszterlab/USING/Framework/unitree_ws/install/ros2_unitree_legged_msgs/local/lib/python3.10/dist-packages/ros2_unitree_legged_msgs/msg/_high_state_s.c
[0.490s] -- Up-to-date: /home/giszterlab/USING/Framework/unitree_ws/install/ros2_unitree_legged_msgs/local/lib/python3.10/dist-packages/ros2_unitree_legged_msgs/msg/_bms_cmd.py
[0.490s] -- Up-to-date: /home/giszterlab/USING/Framework/unitree_ws/install/ros2_unitree_legged_msgs/local/lib/python3.10/dist-packages/ros2_unitree_legged_msgs/msg/_led_s.c
[0.490s] -- Up-to-date: /home/giszterlab/USING/Framework/unitree_ws/install/ros2_unitree_legged_msgs/local/lib/python3.10/dist-packages/ros2_unitree_legged_msgs/msg/_cartesian_s.c
[0.490s] -- Up-to-date: /home/giszterlab/USING/Framework/unitree_ws/install/ros2_unitree_legged_msgs/local/lib/python3.10/dist-packages/ros2_unitree_legged_msgs/msg/_led.py
[0.490s] -- Up-to-date: /home/giszterlab/USING/Framework/unitree_ws/install/ros2_unitree_legged_msgs/local/lib/python3.10/dist-packages/ros2_unitree_legged_msgs/msg/_motor_state.py
[0.490s] -- Up-to-date: /home/giszterlab/USING/Framework/unitree_ws/install/ros2_unitree_legged_msgs/local/lib/python3.10/dist-packages/ros2_unitree_legged_msgs/msg/_bms_state.py
[0.490s] -- Up-to-date: /home/giszterlab/USING/Framework/unitree_ws/install/ros2_unitree_legged_msgs/local/lib/python3.10/dist-packages/ros2_unitree_legged_msgs/msg/_high_cmd.py
[0.490s] -- Up-to-date: /home/giszterlab/USING/Framework/unitree_ws/install/ros2_unitree_legged_msgs/local/lib/python3.10/dist-packages/ros2_unitree_legged_msgs/msg/_motor_state_s.c
[0.490s] -- Up-to-date: /home/giszterlab/USING/Framework/unitree_ws/install/ros2_unitree_legged_msgs/local/lib/python3.10/dist-packages/ros2_unitree_legged_msgs/libros2_unitree_legged_msgs__rosidl_generator_py.so
[0.491s] -- Up-to-date: /home/giszterlab/USING/Framework/unitree_ws/install/ros2_unitree_legged_msgs/local/lib/python3.10/dist-packages/ros2_unitree_legged_msgs/ros2_unitree_legged_msgs_s__rosidl_typesupport_introspection_c.cpython-310-x86_64-linux-gnu.so
[0.511s] Listing '/home/giszterlab/USING/Framework/unitree_ws/install/ros2_unitree_legged_msgs/local/lib/python3.10/dist-packages/ros2_unitree_legged_msgs'...
[0.511s] Listing '/home/giszterlab/USING/Framework/unitree_ws/install/ros2_unitree_legged_msgs/local/lib/python3.10/dist-packages/ros2_unitree_legged_msgs/msg'...
[0.516s] -- Up-to-date: /home/giszterlab/USING/Framework/unitree_ws/install/ros2_unitree_legged_msgs/local/lib/python3.10/dist-packages/ros2_unitree_legged_msgs/ros2_unitree_legged_msgs_s__rosidl_typesupport_fastrtps_c.cpython-310-x86_64-linux-gnu.so
[0.517s] -- Up-to-date: /home/giszterlab/USING/Framework/unitree_ws/install/ros2_unitree_legged_msgs/local/lib/python3.10/dist-packages/ros2_unitree_legged_msgs/ros2_unitree_legged_msgs_s__rosidl_typesupport_introspection_c.cpython-310-x86_64-linux-gnu.so
[0.517s] -- Up-to-date: /home/giszterlab/USING/Framework/unitree_ws/install/ros2_unitree_legged_msgs/local/lib/python3.10/dist-packages/ros2_unitree_legged_msgs/ros2_unitree_legged_msgs_s__rosidl_typesupport_c.cpython-310-x86_64-linux-gnu.so
[0.517s] -- Up-to-date: /home/giszterlab/USING/Framework/unitree_ws/install/ros2_unitree_legged_msgs/lib/libros2_unitree_legged_msgs__rosidl_generator_py.so
[0.518s] -- Up-to-date: /home/giszterlab/USING/Framework/unitree_ws/install/ros2_unitree_legged_msgs/share/ros2_unitree_legged_msgs/msg/MotorCmd.idl
[0.518s] -- Up-to-date: /home/giszterlab/USING/Framework/unitree_ws/install/ros2_unitree_legged_msgs/share/ros2_unitree_legged_msgs/msg/MotorState.idl
[0.518s] -- Up-to-date: /home/giszterlab/USING/Framework/unitree_ws/install/ros2_unitree_legged_msgs/share/ros2_unitree_legged_msgs/msg/BmsCmd.idl
[0.519s] -- Up-to-date: /home/giszterlab/USING/Framework/unitree_ws/install/ros2_unitree_legged_msgs/share/ros2_unitree_legged_msgs/msg/BmsState.idl
[0.519s] -- Up-to-date: /home/giszterlab/USING/Framework/unitree_ws/install/ros2_unitree_legged_msgs/share/ros2_unitree_legged_msgs/msg/Cartesian.idl
[0.519s] -- Up-to-date: /home/giszterlab/USING/Framework/unitree_ws/install/ros2_unitree_legged_msgs/share/ros2_unitree_legged_msgs/msg/IMU.idl
[0.520s] -- Up-to-date: /home/giszterlab/USING/Framework/unitree_ws/install/ros2_unitree_legged_msgs/share/ros2_unitree_legged_msgs/msg/LED.idl
[0.520s] -- Up-to-date: /home/giszterlab/USING/Framework/unitree_ws/install/ros2_unitree_legged_msgs/share/ros2_unitree_legged_msgs/msg/LowCmd.idl
[0.520s] -- Up-to-date: /home/giszterlab/USING/Framework/unitree_ws/install/ros2_unitree_legged_msgs/share/ros2_unitree_legged_msgs/msg/LowState.idl
[0.521s] -- Up-to-date: /home/giszterlab/USING/Framework/unitree_ws/install/ros2_unitree_legged_msgs/share/ros2_unitree_legged_msgs/msg/HighCmd.idl
[0.521s] -- Up-to-date: /home/giszterlab/USING/Framework/unitree_ws/install/ros2_unitree_legged_msgs/share/ros2_unitree_legged_msgs/msg/HighState.idl
[0.521s] -- Up-to-date: /home/giszterlab/USING/Framework/unitree_ws/install/ros2_unitree_legged_msgs/share/ros2_unitree_legged_msgs/msg/MotorCmd.msg
[0.521s] -- Up-to-date: /home/giszterlab/USING/Framework/unitree_ws/install/ros2_unitree_legged_msgs/share/ros2_unitree_legged_msgs/msg/MotorState.msg
[0.522s] -- Up-to-date: /home/giszterlab/USING/Framework/unitree_ws/install/ros2_unitree_legged_msgs/share/ros2_unitree_legged_msgs/msg/BmsCmd.msg
[0.522s] -- Up-to-date: /home/giszterlab/USING/Framework/unitree_ws/install/ros2_unitree_legged_msgs/share/ros2_unitree_legged_msgs/msg/BmsState.msg
[0.522s] -- Up-to-date: /home/giszterlab/USING/Framework/unitree_ws/install/ros2_unitree_legged_msgs/share/ros2_unitree_legged_msgs/msg/Cartesian.msg
[0.523s] -- Up-to-date: /home/giszterlab/USING/Framework/unitree_ws/install/ros2_unitree_legged_msgs/share/ros2_unitree_legged_msgs/msg/IMU.msg
[0.523s] -- Up-to-date: /home/giszterlab/USING/Framework/unitree_ws/install/ros2_unitree_legged_msgs/share/ros2_unitree_legged_msgs/msg/LED.msg
[0.523s] -- Up-to-date: /home/giszterlab/USING/Framework/unitree_ws/install/ros2_unitree_legged_msgs/share/ros2_unitree_legged_msgs/msg/LowCmd.msg
[0.523s] -- Up-to-date: /home/giszterlab/USING/Framework/unitree_ws/install/ros2_unitree_legged_msgs/share/ros2_unitree_legged_msgs/msg/LowState.msg
[0.524s] -- Up-to-date: /home/giszterlab/USING/Framework/unitree_ws/install/ros2_unitree_legged_msgs/share/ros2_unitree_legged_msgs/msg/HighCmd.msg
[0.524s] -- Up-to-date: /home/giszterlab/USING/Framework/unitree_ws/install/ros2_unitree_legged_msgs/share/ros2_unitree_legged_msgs/msg/HighState.msg
[0.524s] -- Up-to-date: /home/giszterlab/USING/Framework/unitree_ws/install/ros2_unitree_legged_msgs/share/ament_index/resource_index/package_run_dependencies/ros2_unitree_legged_msgs
[0.524s] -- Up-to-date: /home/giszterlab/USING/Framework/unitree_ws/install/ros2_unitree_legged_msgs/share/ament_index/resource_index/parent_prefix_path/ros2_unitree_legged_msgs
[0.524s] -- Up-to-date: /home/giszterlab/USING/Framework/unitree_ws/install/ros2_unitree_legged_msgs/share/ros2_unitree_legged_msgs/environment/ament_prefix_path.sh
[0.525s] -- Up-to-date: /home/giszterlab/USING/Framework/unitree_ws/install/ros2_unitree_legged_msgs/share/ros2_unitree_legged_msgs/environment/ament_prefix_path.dsv
[0.525s] -- Up-to-date: /home/giszterlab/USING/Framework/unitree_ws/install/ros2_unitree_legged_msgs/share/ros2_unitree_legged_msgs/environment/path.sh
[0.525s] -- Up-to-date: /home/giszterlab/USING/Framework/unitree_ws/install/ros2_unitree_legged_msgs/share/ros2_unitree_legged_msgs/environment/path.dsv
[0.525s] -- Up-to-date: /home/giszterlab/USING/Framework/unitree_ws/install/ros2_unitree_legged_msgs/share/ros2_unitree_legged_msgs/local_setup.bash
[0.525s] -- Up-to-date: /home/giszterlab/USING/Framework/unitree_ws/install/ros2_unitree_legged_msgs/share/ros2_unitree_legged_msgs/local_setup.sh
[0.525s] -- Up-to-date: /home/giszterlab/USING/Framework/unitree_ws/install/ros2_unitree_legged_msgs/share/ros2_unitree_legged_msgs/local_setup.zsh
[0.526s] -- Up-to-date: /home/giszterlab/USING/Framework/unitree_ws/install/ros2_unitree_legged_msgs/share/ros2_unitree_legged_msgs/local_setup.dsv
[0.526s] -- Installing: /home/giszterlab/USING/Framework/unitree_ws/install/ros2_unitree_legged_msgs/share/ros2_unitree_legged_msgs/package.dsv
[0.526s] -- Up-to-date: /home/giszterlab/USING/Framework/unitree_ws/install/ros2_unitree_legged_msgs/share/ament_index/resource_index/packages/ros2_unitree_legged_msgs
[0.526s] -- Up-to-date: /home/giszterlab/USING/Framework/unitree_ws/install/ros2_unitree_legged_msgs/share/ros2_unitree_legged_msgs/cmake/export_ros2_unitree_legged_msgs__rosidl_generator_cExport.cmake
[0.526s] -- Up-to-date: /home/giszterlab/USING/Framework/unitree_ws/install/ros2_unitree_legged_msgs/share/ros2_unitree_legged_msgs/cmake/export_ros2_unitree_legged_msgs__rosidl_generator_cExport-noconfig.cmake
[0.526s] -- Up-to-date: /home/giszterlab/USING/Framework/unitree_ws/install/ros2_unitree_legged_msgs/share/ros2_unitree_legged_msgs/cmake/export_ros2_unitree_legged_msgs__rosidl_typesupport_fastrtps_cExport.cmake
[0.527s] -- Up-to-date: /home/giszterlab/USING/Framework/unitree_ws/install/ros2_unitree_legged_msgs/share/ros2_unitree_legged_msgs/cmake/export_ros2_unitree_legged_msgs__rosidl_typesupport_fastrtps_cExport-noconfig.cmake
[0.527s] -- Up-to-date: /home/giszterlab/USING/Framework/unitree_ws/install/ros2_unitree_legged_msgs/share/ros2_unitree_legged_msgs/cmake/ros2_unitree_legged_msgs__rosidl_typesupport_introspection_cExport.cmake
[0.527s] -- Up-to-date: /home/giszterlab/USING/Framework/unitree_ws/install/ros2_unitree_legged_msgs/share/ros2_unitree_legged_msgs/cmake/ros2_unitree_legged_msgs__rosidl_typesupport_introspection_cExport-noconfig.cmake
[0.527s] -- Up-to-date: /home/giszterlab/USING/Framework/unitree_ws/install/ros2_unitree_legged_msgs/share/ros2_unitree_legged_msgs/cmake/ros2_unitree_legged_msgs__rosidl_typesupport_cExport.cmake
[0.527s] -- Up-to-date: /home/giszterlab/USING/Framework/unitree_ws/install/ros2_unitree_legged_msgs/share/ros2_unitree_legged_msgs/cmake/ros2_unitree_legged_msgs__rosidl_typesupport_cExport-noconfig.cmake
[0.527s] -- Up-to-date: /home/giszterlab/USING/Framework/unitree_ws/install/ros2_unitree_legged_msgs/share/ros2_unitree_legged_msgs/cmake/export_ros2_unitree_legged_msgs__rosidl_generator_cppExport.cmake
[0.528s] -- Up-to-date: /home/giszterlab/USING/Framework/unitree_ws/install/ros2_unitree_legged_msgs/share/ros2_unitree_legged_msgs/cmake/export_ros2_unitree_legged_msgs__rosidl_typesupport_fastrtps_cppExport.cmake
[0.528s] -- Up-to-date: /home/giszterlab/USING/Framework/unitree_ws/install/ros2_unitree_legged_msgs/share/ros2_unitree_legged_msgs/cmake/export_ros2_unitree_legged_msgs__rosidl_typesupport_fastrtps_cppExport-noconfig.cmake
[0.528s] -- Up-to-date: /home/giszterlab/USING/Framework/unitree_ws/install/ros2_unitree_legged_msgs/share/ros2_unitree_legged_msgs/cmake/ros2_unitree_legged_msgs__rosidl_typesupport_introspection_cppExport.cmake
[0.529s] -- Up-to-date: /home/giszterlab/USING/Framework/unitree_ws/install/ros2_unitree_legged_msgs/share/ros2_unitree_legged_msgs/cmake/ros2_unitree_legged_msgs__rosidl_typesupport_introspection_cppExport-noconfig.cmake
[0.529s] -- Up-to-date: /home/giszterlab/USING/Framework/unitree_ws/install/ros2_unitree_legged_msgs/share/ros2_unitree_legged_msgs/cmake/ros2_unitree_legged_msgs__rosidl_typesupport_cppExport.cmake
[0.529s] -- Up-to-date: /home/giszterlab/USING/Framework/unitree_ws/install/ros2_unitree_legged_msgs/share/ros2_unitree_legged_msgs/cmake/ros2_unitree_legged_msgs__rosidl_typesupport_cppExport-noconfig.cmake
[0.529s] -- Up-to-date: /home/giszterlab/USING/Framework/unitree_ws/install/ros2_unitree_legged_msgs/share/ros2_unitree_legged_msgs/cmake/export_ros2_unitree_legged_msgs__rosidl_generator_pyExport.cmake
[0.530s] -- Up-to-date: /home/giszterlab/USING/Framework/unitree_ws/install/ros2_unitree_legged_msgs/share/ros2_unitree_legged_msgs/cmake/export_ros2_unitree_legged_msgs__rosidl_generator_pyExport-noconfig.cmake
[0.530s] -- Up-to-date: /home/giszterlab/USING/Framework/unitree_ws/install/ros2_unitree_legged_msgs/share/ros2_unitree_legged_msgs/cmake/rosidl_cmake-extras.cmake
[0.530s] -- Up-to-date: /home/giszterlab/USING/Framework/unitree_ws/install/ros2_unitree_legged_msgs/share/ros2_unitree_legged_msgs/cmake/ament_cmake_export_include_directories-extras.cmake
[0.530s] -- Up-to-date: /home/giszterlab/USING/Framework/unitree_ws/install/ros2_unitree_legged_msgs/share/ros2_unitree_legged_msgs/cmake/ament_cmake_export_libraries-extras.cmake
[0.530s] -- Up-to-date: /home/giszterlab/USING/Framework/unitree_ws/install/ros2_unitree_legged_msgs/share/ros2_unitree_legged_msgs/cmake/ament_cmake_export_targets-extras.cmake
[0.530s] -- Up-to-date: /home/giszterlab/USING/Framework/unitree_ws/install/ros2_unitree_legged_msgs/share/ros2_unitree_legged_msgs/cmake/rosidl_cmake_export_typesupport_targets-extras.cmake
[0.530s] -- Up-to-date: /home/giszterlab/USING/Framework/unitree_ws/install/ros2_unitree_legged_msgs/share/ros2_unitree_legged_msgs/cmake/ament_cmake_export_dependencies-extras.cmake
[0.531s] -- Up-to-date: /home/giszterlab/USING/Framework/unitree_ws/install/ros2_unitree_legged_msgs/share/ros2_unitree_legged_msgs/cmake/rosidl_cmake_export_typesupport_libraries-extras.cmake
[0.532s] -- Up-to-date: /home/giszterlab/USING/Framework/unitree_ws/install/ros2_unitree_legged_msgs/share/ros2_unitree_legged_msgs/cmake/ros2_unitree_legged_msgsConfig.cmake
[0.532s] -- Up-to-date: /home/giszterlab/USING/Framework/unitree_ws/install/ros2_unitree_legged_msgs/share/ros2_unitree_legged_msgs/cmake/ros2_unitree_legged_msgsConfig-version.cmake
[0.532s] -- Up-to-date: /home/giszterlab/USING/Framework/unitree_ws/install/ros2_unitree_legged_msgs/share/ros2_unitree_legged_msgs/package.xml
[0.533s] Invoked command in '/home/giszterlab/USING/Framework/unitree_ws/build/ros2_unitree_legged_msgs' returned '0': CMAKE_PREFIX_PATH=${CMAKE_PREFIX_PATH}:/opt/ros/humble /usr/bin/cmake --install /home/giszterlab/USING/Framework/unitree_ws/build/ros2_unitree_legged_msgs
