[0.116s] DEBUG:colcon:Command line arguments: ['/usr/bin/colcon', 'build']
[0.116s] DEBUG:colcon:Parsed command line arguments: Namespace(log_base=None, log_level=None, verb_name='build', build_base='build', install_base='install', merge_install=False, symlink_install=False, test_result_base=None, continue_on_error=False, executor='parallel', parallel_workers=8, event_handlers=None, ignore_user_meta=False, metas=['./colcon.meta'], base_paths=['.'], packages_ignore=None, packages_ignore_regex=None, paths=None, packages_up_to=None, packages_up_to_regex=None, packages_above=None, packages_above_and_dependencies=None, packages_above_depth=None, packages_select_by_dep=None, packages_skip_by_dep=None, packages_skip_up_to=None, packages_select_build_failed=False, packages_skip_build_finished=False, packages_select_test_failures=False, packages_skip_test_passed=False, packages_select=None, packages_skip=None, packages_select_regex=None, packages_skip_regex=None, packages_start=None, packages_end=None, allow_overriding=[], cmake_args=None, cmake_target=None, cmake_target_skip_unavailable=False, cmake_clean_cache=False, cmake_clean_first=False, cmake_force_configure=False, ament_cmake_args=None, catkin_cmake_args=None, catkin_skip_building_tests=False, verb_parser=<colcon_defaults.argument_parser.defaults.DefaultArgumentsDecorator object at 0x7aa80e337d90>, verb_extension=<colcon_core.verb.build.BuildVerb object at 0x7aa80e481120>, main=<bound method BuildVerb.main of <colcon_core.verb.build.BuildVerb object at 0x7aa80e481120>>)
[0.309s] Level 1:colcon.colcon_core.package_discovery:discover_packages(colcon_meta) check parameters
[0.310s] Level 1:colcon.colcon_core.package_discovery:discover_packages(recursive) check parameters
[0.310s] Level 1:colcon.colcon_core.package_discovery:discover_packages(ignore) check parameters
[0.310s] Level 1:colcon.colcon_core.package_discovery:discover_packages(path) check parameters
[0.310s] Level 1:colcon.colcon_core.package_discovery:discover_packages(colcon_meta) discover
[0.310s] Level 1:colcon.colcon_core.package_discovery:discover_packages(recursive) discover
[0.310s] INFO:colcon.colcon_core.package_discovery:Crawling recursively for packages in '/home/giszterlab/USING/Framework/unitree_ws'
[0.310s] Level 1:colcon.colcon_core.package_identification:_identify(.) by extensions ['ignore', 'ignore_ament_install']
[0.310s] Level 1:colcon.colcon_core.package_identification:_identify(.) by extension 'ignore'
[0.310s] Level 1:colcon.colcon_core.package_identification:_identify(.) by extension 'ignore_ament_install'
[0.310s] Level 1:colcon.colcon_core.package_identification:_identify(.) by extensions ['colcon_pkg']
[0.310s] Level 1:colcon.colcon_core.package_identification:_identify(.) by extension 'colcon_pkg'
[0.310s] Level 1:colcon.colcon_core.package_identification:_identify(.) by extensions ['colcon_meta']
[0.310s] Level 1:colcon.colcon_core.package_identification:_identify(.) by extension 'colcon_meta'
[0.310s] Level 1:colcon.colcon_core.package_identification:_identify(.) by extensions ['ros']
[0.310s] Level 1:colcon.colcon_core.package_identification:_identify(.) by extension 'ros'
[0.323s] Level 1:colcon.colcon_core.package_identification:_identify(.) by extensions ['cmake', 'python']
[0.323s] Level 1:colcon.colcon_core.package_identification:_identify(.) by extension 'cmake'
[0.323s] Level 1:colcon.colcon_core.package_identification:_identify(.) by extension 'python'
[0.323s] Level 1:colcon.colcon_core.package_identification:_identify(.) by extensions ['python_setup_py']
[0.323s] Level 1:colcon.colcon_core.package_identification:_identify(.) by extension 'python_setup_py'
[0.323s] Level 1:colcon.colcon_core.package_identification:_identify(build) by extensions ['ignore', 'ignore_ament_install']
[0.323s] Level 1:colcon.colcon_core.package_identification:_identify(build) by extension 'ignore'
[0.323s] Level 1:colcon.colcon_core.package_identification:_identify(build) ignored
[0.323s] Level 1:colcon.colcon_core.package_identification:_identify(install) by extensions ['ignore', 'ignore_ament_install']
[0.323s] Level 1:colcon.colcon_core.package_identification:_identify(install) by extension 'ignore'
[0.323s] Level 1:colcon.colcon_core.package_identification:_identify(install) ignored
[0.324s] Level 1:colcon.colcon_core.package_identification:_identify(log) by extensions ['ignore', 'ignore_ament_install']
[0.324s] Level 1:colcon.colcon_core.package_identification:_identify(log) by extension 'ignore'
[0.324s] Level 1:colcon.colcon_core.package_identification:_identify(log) ignored
[0.324s] Level 1:colcon.colcon_core.package_identification:_identify(src) by extensions ['ignore', 'ignore_ament_install']
[0.324s] Level 1:colcon.colcon_core.package_identification:_identify(src) by extension 'ignore'
[0.324s] Level 1:colcon.colcon_core.package_identification:_identify(src) by extension 'ignore_ament_install'
[0.324s] Level 1:colcon.colcon_core.package_identification:_identify(src) by extensions ['colcon_pkg']
[0.324s] Level 1:colcon.colcon_core.package_identification:_identify(src) by extension 'colcon_pkg'
[0.324s] Level 1:colcon.colcon_core.package_identification:_identify(src) by extensions ['colcon_meta']
[0.324s] Level 1:colcon.colcon_core.package_identification:_identify(src) by extension 'colcon_meta'
[0.324s] Level 1:colcon.colcon_core.package_identification:_identify(src) by extensions ['ros']
[0.324s] Level 1:colcon.colcon_core.package_identification:_identify(src) by extension 'ros'
[0.324s] Level 1:colcon.colcon_core.package_identification:_identify(src) by extensions ['cmake', 'python']
[0.324s] Level 1:colcon.colcon_core.package_identification:_identify(src) by extension 'cmake'
[0.324s] Level 1:colcon.colcon_core.package_identification:_identify(src) by extension 'python'
[0.324s] Level 1:colcon.colcon_core.package_identification:_identify(src) by extensions ['python_setup_py']
[0.324s] Level 1:colcon.colcon_core.package_identification:_identify(src) by extension 'python_setup_py'
[0.325s] Level 1:colcon.colcon_core.package_identification:_identify(src/unitree_ros2) by extensions ['ignore', 'ignore_ament_install']
[0.325s] Level 1:colcon.colcon_core.package_identification:_identify(src/unitree_ros2) by extension 'ignore'
[0.325s] Level 1:colcon.colcon_core.package_identification:_identify(src/unitree_ros2) by extension 'ignore_ament_install'
[0.325s] Level 1:colcon.colcon_core.package_identification:_identify(src/unitree_ros2) by extensions ['colcon_pkg']
[0.325s] Level 1:colcon.colcon_core.package_identification:_identify(src/unitree_ros2) by extension 'colcon_pkg'
[0.325s] Level 1:colcon.colcon_core.package_identification:_identify(src/unitree_ros2) by extensions ['colcon_meta']
[0.325s] Level 1:colcon.colcon_core.package_identification:_identify(src/unitree_ros2) by extension 'colcon_meta'
[0.325s] Level 1:colcon.colcon_core.package_identification:_identify(src/unitree_ros2) by extensions ['ros']
[0.325s] Level 1:colcon.colcon_core.package_identification:_identify(src/unitree_ros2) by extension 'ros'
[0.325s] Level 1:colcon.colcon_core.package_identification:_identify(src/unitree_ros2) by extensions ['cmake', 'python']
[0.325s] Level 1:colcon.colcon_core.package_identification:_identify(src/unitree_ros2) by extension 'cmake'
[0.325s] Level 1:colcon.colcon_core.package_identification:_identify(src/unitree_ros2) by extension 'python'
[0.325s] Level 1:colcon.colcon_core.package_identification:_identify(src/unitree_ros2) by extensions ['python_setup_py']
[0.325s] Level 1:colcon.colcon_core.package_identification:_identify(src/unitree_ros2) by extension 'python_setup_py'
[0.325s] Level 1:colcon.colcon_core.package_identification:_identify(src/unitree_ros2/go1_description) by extensions ['ignore', 'ignore_ament_install']
[0.325s] Level 1:colcon.colcon_core.package_identification:_identify(src/unitree_ros2/go1_description) by extension 'ignore'
[0.326s] Level 1:colcon.colcon_core.package_identification:_identify(src/unitree_ros2/go1_description) by extension 'ignore_ament_install'
[0.326s] Level 1:colcon.colcon_core.package_identification:_identify(src/unitree_ros2/go1_description) by extensions ['colcon_pkg']
[0.326s] Level 1:colcon.colcon_core.package_identification:_identify(src/unitree_ros2/go1_description) by extension 'colcon_pkg'
[0.326s] Level 1:colcon.colcon_core.package_identification:_identify(src/unitree_ros2/go1_description) by extensions ['colcon_meta']
[0.326s] Level 1:colcon.colcon_core.package_identification:_identify(src/unitree_ros2/go1_description) by extension 'colcon_meta'
[0.326s] Level 1:colcon.colcon_core.package_identification:_identify(src/unitree_ros2/go1_description) by extensions ['ros']
[0.326s] Level 1:colcon.colcon_core.package_identification:_identify(src/unitree_ros2/go1_description) by extension 'ros'
[0.328s] DEBUG:colcon.colcon_core.package_identification:Package 'src/unitree_ros2/go1_description' with type 'ros.ament_cmake' and name 'go1_description'
[0.328s] Level 1:colcon.colcon_core.package_identification:_identify(src/unitree_ros2/ros2_unitree_legged_msgs) by extensions ['ignore', 'ignore_ament_install']
[0.328s] Level 1:colcon.colcon_core.package_identification:_identify(src/unitree_ros2/ros2_unitree_legged_msgs) by extension 'ignore'
[0.328s] Level 1:colcon.colcon_core.package_identification:_identify(src/unitree_ros2/ros2_unitree_legged_msgs) by extension 'ignore_ament_install'
[0.328s] Level 1:colcon.colcon_core.package_identification:_identify(src/unitree_ros2/ros2_unitree_legged_msgs) by extensions ['colcon_pkg']
[0.328s] Level 1:colcon.colcon_core.package_identification:_identify(src/unitree_ros2/ros2_unitree_legged_msgs) by extension 'colcon_pkg'
[0.329s] Level 1:colcon.colcon_core.package_identification:_identify(src/unitree_ros2/ros2_unitree_legged_msgs) by extensions ['colcon_meta']
[0.329s] Level 1:colcon.colcon_core.package_identification:_identify(src/unitree_ros2/ros2_unitree_legged_msgs) by extension 'colcon_meta'
[0.329s] Level 1:colcon.colcon_core.package_identification:_identify(src/unitree_ros2/ros2_unitree_legged_msgs) by extensions ['ros']
[0.329s] Level 1:colcon.colcon_core.package_identification:_identify(src/unitree_ros2/ros2_unitree_legged_msgs) by extension 'ros'
[0.329s] DEBUG:colcon.colcon_core.package_identification:Package 'src/unitree_ros2/ros2_unitree_legged_msgs' with type 'ros.ament_cmake' and name 'ros2_unitree_legged_msgs'
[0.329s] Level 1:colcon.colcon_core.package_identification:_identify(src/unitree_ros2/unitree_legged_real) by extensions ['ignore', 'ignore_ament_install']
[0.329s] Level 1:colcon.colcon_core.package_identification:_identify(src/unitree_ros2/unitree_legged_real) by extension 'ignore'
[0.329s] Level 1:colcon.colcon_core.package_identification:_identify(src/unitree_ros2/unitree_legged_real) by extension 'ignore_ament_install'
[0.330s] Level 1:colcon.colcon_core.package_identification:_identify(src/unitree_ros2/unitree_legged_real) by extensions ['colcon_pkg']
[0.330s] Level 1:colcon.colcon_core.package_identification:_identify(src/unitree_ros2/unitree_legged_real) by extension 'colcon_pkg'
[0.330s] Level 1:colcon.colcon_core.package_identification:_identify(src/unitree_ros2/unitree_legged_real) by extensions ['colcon_meta']
[0.330s] Level 1:colcon.colcon_core.package_identification:_identify(src/unitree_ros2/unitree_legged_real) by extension 'colcon_meta'
[0.330s] Level 1:colcon.colcon_core.package_identification:_identify(src/unitree_ros2/unitree_legged_real) by extensions ['ros']
[0.330s] Level 1:colcon.colcon_core.package_identification:_identify(src/unitree_ros2/unitree_legged_real) by extension 'ros'
[0.331s] DEBUG:colcon.colcon_core.package_identification:Package 'src/unitree_ros2/unitree_legged_real' with type 'ros.ament_cmake' and name 'unitree_legged_real'
[0.331s] Level 1:colcon.colcon_core.package_discovery:discover_packages(recursive) using defaults
[0.331s] Level 1:colcon.colcon_core.package_discovery:discover_packages(ignore) discover
[0.331s] Level 1:colcon.colcon_core.package_discovery:discover_packages(ignore) using defaults
[0.331s] Level 1:colcon.colcon_core.package_discovery:discover_packages(path) discover
[0.331s] Level 1:colcon.colcon_core.package_discovery:discover_packages(path) using defaults
[0.366s] Level 1:colcon.colcon_core.package_discovery:discover_packages(prefix_path) check parameters
[0.366s] Level 1:colcon.colcon_core.package_discovery:discover_packages(prefix_path) discover
[0.368s] DEBUG:colcon.colcon_installed_package_information.package_discovery:Found 3 installed packages in /home/giszterlab/USING/Framework/unitree_ws/install
[0.369s] DEBUG:colcon.colcon_installed_package_information.package_discovery:Found 323 installed packages in /opt/ros/humble
[0.371s] Level 1:colcon.colcon_core.package_discovery:discover_packages(prefix_path) using defaults
[0.428s] Level 5:colcon.colcon_core.verb:set package 'go1_description' build argument 'cmake_args' from command line to 'None'
[0.428s] Level 5:colcon.colcon_core.verb:set package 'go1_description' build argument 'cmake_target' from command line to 'None'
[0.428s] Level 5:colcon.colcon_core.verb:set package 'go1_description' build argument 'cmake_target_skip_unavailable' from command line to 'False'
[0.428s] Level 5:colcon.colcon_core.verb:set package 'go1_description' build argument 'cmake_clean_cache' from command line to 'False'
[0.428s] Level 5:colcon.colcon_core.verb:set package 'go1_description' build argument 'cmake_clean_first' from command line to 'False'
[0.428s] Level 5:colcon.colcon_core.verb:set package 'go1_description' build argument 'cmake_force_configure' from command line to 'False'
[0.428s] Level 5:colcon.colcon_core.verb:set package 'go1_description' build argument 'ament_cmake_args' from command line to 'None'
[0.428s] Level 5:colcon.colcon_core.verb:set package 'go1_description' build argument 'catkin_cmake_args' from command line to 'None'
[0.428s] Level 5:colcon.colcon_core.verb:set package 'go1_description' build argument 'catkin_skip_building_tests' from command line to 'False'
[0.428s] DEBUG:colcon.colcon_core.verb:Building package 'go1_description' with the following arguments: {'ament_cmake_args': None, 'build_base': '/home/giszterlab/USING/Framework/unitree_ws/build/go1_description', 'catkin_cmake_args': None, 'catkin_skip_building_tests': False, 'cmake_args': None, 'cmake_clean_cache': False, 'cmake_clean_first': False, 'cmake_force_configure': False, 'cmake_target': None, 'cmake_target_skip_unavailable': False, 'install_base': '/home/giszterlab/USING/Framework/unitree_ws/install/go1_description', 'merge_install': False, 'path': '/home/giszterlab/USING/Framework/unitree_ws/src/unitree_ros2/go1_description', 'symlink_install': False, 'test_result_base': None}
[0.429s] Level 5:colcon.colcon_core.verb:set package 'ros2_unitree_legged_msgs' build argument 'cmake_args' from command line to 'None'
[0.429s] Level 5:colcon.colcon_core.verb:set package 'ros2_unitree_legged_msgs' build argument 'cmake_target' from command line to 'None'
[0.429s] Level 5:colcon.colcon_core.verb:set package 'ros2_unitree_legged_msgs' build argument 'cmake_target_skip_unavailable' from command line to 'False'
[0.429s] Level 5:colcon.colcon_core.verb:set package 'ros2_unitree_legged_msgs' build argument 'cmake_clean_cache' from command line to 'False'
[0.429s] Level 5:colcon.colcon_core.verb:set package 'ros2_unitree_legged_msgs' build argument 'cmake_clean_first' from command line to 'False'
[0.429s] Level 5:colcon.colcon_core.verb:set package 'ros2_unitree_legged_msgs' build argument 'cmake_force_configure' from command line to 'False'
[0.429s] Level 5:colcon.colcon_core.verb:set package 'ros2_unitree_legged_msgs' build argument 'ament_cmake_args' from command line to 'None'
[0.429s] Level 5:colcon.colcon_core.verb:set package 'ros2_unitree_legged_msgs' build argument 'catkin_cmake_args' from command line to 'None'
[0.429s] Level 5:colcon.colcon_core.verb:set package 'ros2_unitree_legged_msgs' build argument 'catkin_skip_building_tests' from command line to 'False'
[0.429s] DEBUG:colcon.colcon_core.verb:Building package 'ros2_unitree_legged_msgs' with the following arguments: {'ament_cmake_args': None, 'build_base': '/home/giszterlab/USING/Framework/unitree_ws/build/ros2_unitree_legged_msgs', 'catkin_cmake_args': None, 'catkin_skip_building_tests': False, 'cmake_args': None, 'cmake_clean_cache': False, 'cmake_clean_first': False, 'cmake_force_configure': False, 'cmake_target': None, 'cmake_target_skip_unavailable': False, 'install_base': '/home/giszterlab/USING/Framework/unitree_ws/install/ros2_unitree_legged_msgs', 'merge_install': False, 'path': '/home/giszterlab/USING/Framework/unitree_ws/src/unitree_ros2/ros2_unitree_legged_msgs', 'symlink_install': False, 'test_result_base': None}
[0.429s] Level 5:colcon.colcon_core.verb:set package 'unitree_legged_real' build argument 'cmake_args' from command line to 'None'
[0.429s] Level 5:colcon.colcon_core.verb:set package 'unitree_legged_real' build argument 'cmake_target' from command line to 'None'
[0.430s] Level 5:colcon.colcon_core.verb:set package 'unitree_legged_real' build argument 'cmake_target_skip_unavailable' from command line to 'False'
[0.430s] Level 5:colcon.colcon_core.verb:set package 'unitree_legged_real' build argument 'cmake_clean_cache' from command line to 'False'
[0.430s] Level 5:colcon.colcon_core.verb:set package 'unitree_legged_real' build argument 'cmake_clean_first' from command line to 'False'
[0.430s] Level 5:colcon.colcon_core.verb:set package 'unitree_legged_real' build argument 'cmake_force_configure' from command line to 'False'
[0.430s] Level 5:colcon.colcon_core.verb:set package 'unitree_legged_real' build argument 'ament_cmake_args' from command line to 'None'
[0.430s] Level 5:colcon.colcon_core.verb:set package 'unitree_legged_real' build argument 'catkin_cmake_args' from command line to 'None'
[0.430s] Level 5:colcon.colcon_core.verb:set package 'unitree_legged_real' build argument 'catkin_skip_building_tests' from command line to 'False'
[0.430s] DEBUG:colcon.colcon_core.verb:Building package 'unitree_legged_real' with the following arguments: {'ament_cmake_args': None, 'build_base': '/home/giszterlab/USING/Framework/unitree_ws/build/unitree_legged_real', 'catkin_cmake_args': None, 'catkin_skip_building_tests': False, 'cmake_args': None, 'cmake_clean_cache': False, 'cmake_clean_first': False, 'cmake_force_configure': False, 'cmake_target': None, 'cmake_target_skip_unavailable': False, 'install_base': '/home/giszterlab/USING/Framework/unitree_ws/install/unitree_legged_real', 'merge_install': False, 'path': '/home/giszterlab/USING/Framework/unitree_ws/src/unitree_ros2/unitree_legged_real', 'symlink_install': False, 'test_result_base': None}
[0.430s] INFO:colcon.colcon_core.executor:Executing jobs using 'parallel' executor
[0.431s] DEBUG:colcon.colcon_parallel_executor.executor.parallel:run_until_complete
[0.431s] INFO:colcon.colcon_ros.task.ament_cmake.build:Building ROS package in '/home/giszterlab/USING/Framework/unitree_ws/src/unitree_ros2/ros2_unitree_legged_msgs' with build type 'ament_cmake'
[0.432s] INFO:colcon.colcon_cmake.task.cmake.build:Building CMake package in '/home/giszterlab/USING/Framework/unitree_ws/src/unitree_ros2/ros2_unitree_legged_msgs'
[0.434s] INFO:colcon.colcon_core.plugin_system:Skipping extension 'colcon_core.shell.bat': Not used on non-Windows systems
[0.434s] INFO:colcon.colcon_core.shell:Skip shell extension 'powershell' for command environment: Not usable outside of PowerShell
[0.434s] DEBUG:colcon.colcon_core.shell:Skip shell extension 'dsv' for command environment
[0.438s] INFO:colcon.colcon_ros.task.ament_cmake.build:Building ROS package in '/home/giszterlab/USING/Framework/unitree_ws/src/unitree_ros2/go1_description' with build type 'ament_cmake'
[0.438s] INFO:colcon.colcon_cmake.task.cmake.build:Building CMake package in '/home/giszterlab/USING/Framework/unitree_ws/src/unitree_ros2/go1_description'
[0.439s] INFO:colcon.colcon_core.shell:Skip shell extension 'powershell' for command environment: Not usable outside of PowerShell
[0.439s] DEBUG:colcon.colcon_core.shell:Skip shell extension 'dsv' for command environment
[0.448s] DEBUG:colcon.colcon_core.event_handler.log_command:Invoking command in '/home/giszterlab/USING/Framework/unitree_ws/build/ros2_unitree_legged_msgs': CMAKE_PREFIX_PATH=${CMAKE_PREFIX_PATH}:/opt/ros/humble /usr/bin/cmake --build /home/giszterlab/USING/Framework/unitree_ws/build/ros2_unitree_legged_msgs -- -j8 -l8
[0.451s] DEBUG:colcon.colcon_core.event_handler.log_command:Invoking command in '/home/giszterlab/USING/Framework/unitree_ws/build/go1_description': CMAKE_PREFIX_PATH=${CMAKE_PREFIX_PATH}:/opt/ros/humble /usr/bin/cmake --build /home/giszterlab/USING/Framework/unitree_ws/build/go1_description -- -j8 -l8
[0.489s] DEBUG:colcon.colcon_core.event_handler.log_command:Invoked command in '/home/giszterlab/USING/Framework/unitree_ws/build/go1_description' returned '0': CMAKE_PREFIX_PATH=${CMAKE_PREFIX_PATH}:/opt/ros/humble /usr/bin/cmake --build /home/giszterlab/USING/Framework/unitree_ws/build/go1_description -- -j8 -l8
[0.499s] DEBUG:colcon.colcon_core.event_handler.log_command:Invoking command in '/home/giszterlab/USING/Framework/unitree_ws/build/go1_description': CMAKE_PREFIX_PATH=${CMAKE_PREFIX_PATH}:/opt/ros/humble /usr/bin/cmake --install /home/giszterlab/USING/Framework/unitree_ws/build/go1_description
[0.518s] Level 1:colcon.colcon_core.environment:create_environment_scripts_only(go1_description)
[0.520s] DEBUG:colcon.colcon_core.event_handler.log_command:Invoked command in '/home/giszterlab/USING/Framework/unitree_ws/build/go1_description' returned '0': CMAKE_PREFIX_PATH=${CMAKE_PREFIX_PATH}:/opt/ros/humble /usr/bin/cmake --install /home/giszterlab/USING/Framework/unitree_ws/build/go1_description
[0.523s] Level 1:colcon.colcon_core.environment:checking '/home/giszterlab/USING/Framework/unitree_ws/install/go1_description' for CMake module files
[0.524s] Level 1:colcon.colcon_core.environment:checking '/home/giszterlab/USING/Framework/unitree_ws/install/go1_description' for CMake config files
[0.524s] Level 1:colcon.colcon_core.shell:create_environment_hook('go1_description', 'cmake_prefix_path')
[0.525s] INFO:colcon.colcon_core.shell:Creating environment hook '/home/giszterlab/USING/Framework/unitree_ws/install/go1_description/share/go1_description/hook/cmake_prefix_path.ps1'
[0.526s] INFO:colcon.colcon_core.shell:Creating environment descriptor '/home/giszterlab/USING/Framework/unitree_ws/install/go1_description/share/go1_description/hook/cmake_prefix_path.dsv'
[0.526s] INFO:colcon.colcon_core.shell:Creating environment hook '/home/giszterlab/USING/Framework/unitree_ws/install/go1_description/share/go1_description/hook/cmake_prefix_path.sh'
[0.528s] Level 1:colcon.colcon_core.environment:checking '/home/giszterlab/USING/Framework/unitree_ws/install/go1_description/bin'
[0.528s] Level 1:colcon.colcon_core.environment:checking '/home/giszterlab/USING/Framework/unitree_ws/install/go1_description/lib/pkgconfig/go1_description.pc'
[0.528s] Level 1:colcon.colcon_core.environment:checking '/home/giszterlab/USING/Framework/unitree_ws/install/go1_description/lib/python3.10/site-packages'
[0.529s] Level 1:colcon.colcon_core.environment:checking '/home/giszterlab/USING/Framework/unitree_ws/install/go1_description/bin'
[0.529s] INFO:colcon.colcon_core.shell:Creating package script '/home/giszterlab/USING/Framework/unitree_ws/install/go1_description/share/go1_description/package.ps1'
[0.531s] INFO:colcon.colcon_core.shell:Creating package descriptor '/home/giszterlab/USING/Framework/unitree_ws/install/go1_description/share/go1_description/package.dsv'
[0.533s] INFO:colcon.colcon_core.shell:Creating package script '/home/giszterlab/USING/Framework/unitree_ws/install/go1_description/share/go1_description/package.sh'
[0.535s] INFO:colcon.colcon_core.shell:Creating package script '/home/giszterlab/USING/Framework/unitree_ws/install/go1_description/share/go1_description/package.bash'
[0.536s] INFO:colcon.colcon_core.shell:Creating package script '/home/giszterlab/USING/Framework/unitree_ws/install/go1_description/share/go1_description/package.zsh'
[0.537s] Level 1:colcon.colcon_core.environment:create_file_with_runtime_dependencies(/home/giszterlab/USING/Framework/unitree_ws/install/go1_description/share/colcon-core/packages/go1_description)
[0.538s] Level 1:colcon.colcon_core.environment:create_environment_scripts_only(go1_description)
[0.539s] Level 1:colcon.colcon_core.environment:checking '/home/giszterlab/USING/Framework/unitree_ws/install/go1_description' for CMake module files
[0.539s] Level 1:colcon.colcon_core.environment:checking '/home/giszterlab/USING/Framework/unitree_ws/install/go1_description' for CMake config files
[0.540s] Level 1:colcon.colcon_core.shell:create_environment_hook('go1_description', 'cmake_prefix_path')
[0.540s] INFO:colcon.colcon_core.shell:Creating environment hook '/home/giszterlab/USING/Framework/unitree_ws/install/go1_description/share/go1_description/hook/cmake_prefix_path.ps1'
[0.541s] INFO:colcon.colcon_core.shell:Creating environment descriptor '/home/giszterlab/USING/Framework/unitree_ws/install/go1_description/share/go1_description/hook/cmake_prefix_path.dsv'
[0.542s] INFO:colcon.colcon_core.shell:Creating environment hook '/home/giszterlab/USING/Framework/unitree_ws/install/go1_description/share/go1_description/hook/cmake_prefix_path.sh'
[0.542s] Level 1:colcon.colcon_core.environment:checking '/home/giszterlab/USING/Framework/unitree_ws/install/go1_description/bin'
[0.542s] Level 1:colcon.colcon_core.environment:checking '/home/giszterlab/USING/Framework/unitree_ws/install/go1_description/lib/pkgconfig/go1_description.pc'
[0.543s] Level 1:colcon.colcon_core.environment:checking '/home/giszterlab/USING/Framework/unitree_ws/install/go1_description/lib/python3.10/site-packages'
[0.543s] Level 1:colcon.colcon_core.environment:checking '/home/giszterlab/USING/Framework/unitree_ws/install/go1_description/bin'
[0.544s] INFO:colcon.colcon_core.shell:Creating package script '/home/giszterlab/USING/Framework/unitree_ws/install/go1_description/share/go1_description/package.ps1'
[0.545s] INFO:colcon.colcon_core.shell:Creating package descriptor '/home/giszterlab/USING/Framework/unitree_ws/install/go1_description/share/go1_description/package.dsv'
[0.547s] INFO:colcon.colcon_core.shell:Creating package script '/home/giszterlab/USING/Framework/unitree_ws/install/go1_description/share/go1_description/package.sh'
[0.548s] INFO:colcon.colcon_core.shell:Creating package script '/home/giszterlab/USING/Framework/unitree_ws/install/go1_description/share/go1_description/package.bash'
[0.549s] INFO:colcon.colcon_core.shell:Creating package script '/home/giszterlab/USING/Framework/unitree_ws/install/go1_description/share/go1_description/package.zsh'
[0.550s] Level 1:colcon.colcon_core.environment:create_file_with_runtime_dependencies(/home/giszterlab/USING/Framework/unitree_ws/install/go1_description/share/colcon-core/packages/go1_description)
[0.857s] DEBUG:colcon.colcon_core.event_handler.log_command:Invoked command in '/home/giszterlab/USING/Framework/unitree_ws/build/ros2_unitree_legged_msgs' returned '0': CMAKE_PREFIX_PATH=${CMAKE_PREFIX_PATH}:/opt/ros/humble /usr/bin/cmake --build /home/giszterlab/USING/Framework/unitree_ws/build/ros2_unitree_legged_msgs -- -j8 -l8
[0.859s] DEBUG:colcon.colcon_core.event_handler.log_command:Invoking command in '/home/giszterlab/USING/Framework/unitree_ws/build/ros2_unitree_legged_msgs': CMAKE_PREFIX_PATH=${CMAKE_PREFIX_PATH}:/opt/ros/humble /usr/bin/cmake --install /home/giszterlab/USING/Framework/unitree_ws/build/ros2_unitree_legged_msgs
[0.928s] Level 1:colcon.colcon_core.environment:create_environment_scripts_only(ros2_unitree_legged_msgs)
[0.928s] Level 1:colcon.colcon_core.environment:checking '/home/giszterlab/USING/Framework/unitree_ws/install/ros2_unitree_legged_msgs' for CMake module files
[0.929s] DEBUG:colcon.colcon_core.event_handler.log_command:Invoked command in '/home/giszterlab/USING/Framework/unitree_ws/build/ros2_unitree_legged_msgs' returned '0': CMAKE_PREFIX_PATH=${CMAKE_PREFIX_PATH}:/opt/ros/humble /usr/bin/cmake --install /home/giszterlab/USING/Framework/unitree_ws/build/ros2_unitree_legged_msgs
[0.930s] Level 1:colcon.colcon_core.environment:checking '/home/giszterlab/USING/Framework/unitree_ws/install/ros2_unitree_legged_msgs' for CMake config files
[0.931s] Level 1:colcon.colcon_core.shell:create_environment_hook('ros2_unitree_legged_msgs', 'cmake_prefix_path')
[0.931s] INFO:colcon.colcon_core.shell:Creating environment hook '/home/giszterlab/USING/Framework/unitree_ws/install/ros2_unitree_legged_msgs/share/ros2_unitree_legged_msgs/hook/cmake_prefix_path.ps1'
[0.933s] INFO:colcon.colcon_core.shell:Creating environment descriptor '/home/giszterlab/USING/Framework/unitree_ws/install/ros2_unitree_legged_msgs/share/ros2_unitree_legged_msgs/hook/cmake_prefix_path.dsv'
[0.934s] INFO:colcon.colcon_core.shell:Creating environment hook '/home/giszterlab/USING/Framework/unitree_ws/install/ros2_unitree_legged_msgs/share/ros2_unitree_legged_msgs/hook/cmake_prefix_path.sh'
[0.935s] Level 1:colcon.colcon_core.environment:checking '/home/giszterlab/USING/Framework/unitree_ws/install/ros2_unitree_legged_msgs/lib'
[0.936s] Level 1:colcon.colcon_core.shell:create_environment_hook('ros2_unitree_legged_msgs', 'ld_library_path_lib')
[0.936s] INFO:colcon.colcon_core.shell:Creating environment hook '/home/giszterlab/USING/Framework/unitree_ws/install/ros2_unitree_legged_msgs/share/ros2_unitree_legged_msgs/hook/ld_library_path_lib.ps1'
[0.937s] INFO:colcon.colcon_core.shell:Creating environment descriptor '/home/giszterlab/USING/Framework/unitree_ws/install/ros2_unitree_legged_msgs/share/ros2_unitree_legged_msgs/hook/ld_library_path_lib.dsv'
[0.938s] INFO:colcon.colcon_core.shell:Creating environment hook '/home/giszterlab/USING/Framework/unitree_ws/install/ros2_unitree_legged_msgs/share/ros2_unitree_legged_msgs/hook/ld_library_path_lib.sh'
[0.939s] Level 1:colcon.colcon_core.environment:checking '/home/giszterlab/USING/Framework/unitree_ws/install/ros2_unitree_legged_msgs/bin'
[0.939s] Level 1:colcon.colcon_core.environment:checking '/home/giszterlab/USING/Framework/unitree_ws/install/ros2_unitree_legged_msgs/lib/pkgconfig/ros2_unitree_legged_msgs.pc'
[0.940s] Level 1:colcon.colcon_core.environment:checking '/home/giszterlab/USING/Framework/unitree_ws/install/ros2_unitree_legged_msgs/lib/python3.10/site-packages'
[0.940s] Level 1:colcon.colcon_core.environment:checking '/home/giszterlab/USING/Framework/unitree_ws/install/ros2_unitree_legged_msgs/bin'
[0.941s] INFO:colcon.colcon_core.shell:Creating package script '/home/giszterlab/USING/Framework/unitree_ws/install/ros2_unitree_legged_msgs/share/ros2_unitree_legged_msgs/package.ps1'
[0.942s] INFO:colcon.colcon_core.shell:Creating package descriptor '/home/giszterlab/USING/Framework/unitree_ws/install/ros2_unitree_legged_msgs/share/ros2_unitree_legged_msgs/package.dsv'
[0.943s] INFO:colcon.colcon_core.shell:Creating package script '/home/giszterlab/USING/Framework/unitree_ws/install/ros2_unitree_legged_msgs/share/ros2_unitree_legged_msgs/package.sh'
[0.944s] INFO:colcon.colcon_core.shell:Creating package script '/home/giszterlab/USING/Framework/unitree_ws/install/ros2_unitree_legged_msgs/share/ros2_unitree_legged_msgs/package.bash'
[0.944s] INFO:colcon.colcon_core.shell:Creating package script '/home/giszterlab/USING/Framework/unitree_ws/install/ros2_unitree_legged_msgs/share/ros2_unitree_legged_msgs/package.zsh'
[0.945s] Level 1:colcon.colcon_core.environment:create_file_with_runtime_dependencies(/home/giszterlab/USING/Framework/unitree_ws/install/ros2_unitree_legged_msgs/share/colcon-core/packages/ros2_unitree_legged_msgs)
[0.947s] Level 1:colcon.colcon_core.environment:create_environment_scripts_only(ros2_unitree_legged_msgs)
[0.948s] Level 1:colcon.colcon_core.environment:checking '/home/giszterlab/USING/Framework/unitree_ws/install/ros2_unitree_legged_msgs' for CMake module files
[0.949s] Level 1:colcon.colcon_core.environment:checking '/home/giszterlab/USING/Framework/unitree_ws/install/ros2_unitree_legged_msgs' for CMake config files
[0.950s] Level 1:colcon.colcon_core.shell:create_environment_hook('ros2_unitree_legged_msgs', 'cmake_prefix_path')
[0.951s] INFO:colcon.colcon_core.shell:Creating environment hook '/home/giszterlab/USING/Framework/unitree_ws/install/ros2_unitree_legged_msgs/share/ros2_unitree_legged_msgs/hook/cmake_prefix_path.ps1'
[0.953s] INFO:colcon.colcon_core.shell:Creating environment descriptor '/home/giszterlab/USING/Framework/unitree_ws/install/ros2_unitree_legged_msgs/share/ros2_unitree_legged_msgs/hook/cmake_prefix_path.dsv'
[0.954s] INFO:colcon.colcon_core.shell:Creating environment hook '/home/giszterlab/USING/Framework/unitree_ws/install/ros2_unitree_legged_msgs/share/ros2_unitree_legged_msgs/hook/cmake_prefix_path.sh'
[0.956s] Level 1:colcon.colcon_core.environment:checking '/home/giszterlab/USING/Framework/unitree_ws/install/ros2_unitree_legged_msgs/lib'
[0.956s] Level 1:colcon.colcon_core.shell:create_environment_hook('ros2_unitree_legged_msgs', 'ld_library_path_lib')
[0.957s] INFO:colcon.colcon_core.shell:Creating environment hook '/home/giszterlab/USING/Framework/unitree_ws/install/ros2_unitree_legged_msgs/share/ros2_unitree_legged_msgs/hook/ld_library_path_lib.ps1'
[0.959s] INFO:colcon.colcon_core.shell:Creating environment descriptor '/home/giszterlab/USING/Framework/unitree_ws/install/ros2_unitree_legged_msgs/share/ros2_unitree_legged_msgs/hook/ld_library_path_lib.dsv'
[0.961s] INFO:colcon.colcon_core.shell:Creating environment hook '/home/giszterlab/USING/Framework/unitree_ws/install/ros2_unitree_legged_msgs/share/ros2_unitree_legged_msgs/hook/ld_library_path_lib.sh'
[0.962s] Level 1:colcon.colcon_core.environment:checking '/home/giszterlab/USING/Framework/unitree_ws/install/ros2_unitree_legged_msgs/bin'
[0.962s] Level 1:colcon.colcon_core.environment:checking '/home/giszterlab/USING/Framework/unitree_ws/install/ros2_unitree_legged_msgs/lib/pkgconfig/ros2_unitree_legged_msgs.pc'
[0.963s] Level 1:colcon.colcon_core.environment:checking '/home/giszterlab/USING/Framework/unitree_ws/install/ros2_unitree_legged_msgs/lib/python3.10/site-packages'
[0.963s] Level 1:colcon.colcon_core.environment:checking '/home/giszterlab/USING/Framework/unitree_ws/install/ros2_unitree_legged_msgs/bin'
[0.964s] INFO:colcon.colcon_core.shell:Creating package script '/home/giszterlab/USING/Framework/unitree_ws/install/ros2_unitree_legged_msgs/share/ros2_unitree_legged_msgs/package.ps1'
[0.966s] INFO:colcon.colcon_core.shell:Creating package descriptor '/home/giszterlab/USING/Framework/unitree_ws/install/ros2_unitree_legged_msgs/share/ros2_unitree_legged_msgs/package.dsv'
[0.967s] INFO:colcon.colcon_core.shell:Creating package script '/home/giszterlab/USING/Framework/unitree_ws/install/ros2_unitree_legged_msgs/share/ros2_unitree_legged_msgs/package.sh'
[0.968s] INFO:colcon.colcon_core.shell:Creating package script '/home/giszterlab/USING/Framework/unitree_ws/install/ros2_unitree_legged_msgs/share/ros2_unitree_legged_msgs/package.bash'
[0.969s] INFO:colcon.colcon_core.shell:Creating package script '/home/giszterlab/USING/Framework/unitree_ws/install/ros2_unitree_legged_msgs/share/ros2_unitree_legged_msgs/package.zsh'
[0.970s] Level 1:colcon.colcon_core.environment:create_file_with_runtime_dependencies(/home/giszterlab/USING/Framework/unitree_ws/install/ros2_unitree_legged_msgs/share/colcon-core/packages/ros2_unitree_legged_msgs)
[0.971s] INFO:colcon.colcon_ros.task.ament_cmake.build:Building ROS package in '/home/giszterlab/USING/Framework/unitree_ws/src/unitree_ros2/unitree_legged_real' with build type 'ament_cmake'
[0.971s] INFO:colcon.colcon_cmake.task.cmake.build:Building CMake package in '/home/giszterlab/USING/Framework/unitree_ws/src/unitree_ros2/unitree_legged_real'
[0.972s] INFO:colcon.colcon_core.shell:Skip shell extension 'powershell' for command environment: Not usable outside of PowerShell
[0.972s] DEBUG:colcon.colcon_core.shell:Skip shell extension 'dsv' for command environment
[0.990s] DEBUG:colcon.colcon_core.event_handler.log_command:Invoking command in '/home/giszterlab/USING/Framework/unitree_ws/build/unitree_legged_real': CMAKE_PREFIX_PATH=/home/giszterlab/USING/Framework/unitree_ws/install/ros2_unitree_legged_msgs:/home/giszterlab/USING/Framework/unitree_ws/install/unitree_legged_real:/home/giszterlab/USING/Framework/unitree_ws/install/go1_description:/usr/local:/opt/ros/humble LD_LIBRARY_PATH=/home/giszterlab/USING/Framework/unitree_ws/install/ros2_unitree_legged_msgs/lib:/home/giszterlab/USING/Framework/unitree_ws/install/unitree_legged_real/lib:/usr/lib/x86_64-linux-gnu/gazebo-11/plugins:/opt/ros/humble/opt/rviz_ogre_vendor/lib:/opt/ros/humble/lib/x86_64-linux-gnu:/opt/ros/humble/lib /usr/bin/cmake --build /home/giszterlab/USING/Framework/unitree_ws/build/unitree_legged_real -- -j8 -l8
[7.801s] DEBUG:colcon.colcon_core.event_handler.log_command:Invoked command in '/home/giszterlab/USING/Framework/unitree_ws/build/unitree_legged_real' returned '2': CMAKE_PREFIX_PATH=/home/giszterlab/USING/Framework/unitree_ws/install/ros2_unitree_legged_msgs:/home/giszterlab/USING/Framework/unitree_ws/install/unitree_legged_real:/home/giszterlab/USING/Framework/unitree_ws/install/go1_description:/usr/local:/opt/ros/humble LD_LIBRARY_PATH=/home/giszterlab/USING/Framework/unitree_ws/install/ros2_unitree_legged_msgs/lib:/home/giszterlab/USING/Framework/unitree_ws/install/unitree_legged_real/lib:/usr/lib/x86_64-linux-gnu/gazebo-11/plugins:/opt/ros/humble/opt/rviz_ogre_vendor/lib:/opt/ros/humble/lib/x86_64-linux-gnu:/opt/ros/humble/lib /usr/bin/cmake --build /home/giszterlab/USING/Framework/unitree_ws/build/unitree_legged_real -- -j8 -l8
[7.802s] Level 1:colcon.colcon_core.environment:create_environment_scripts_only(unitree_legged_real)
[7.803s] Level 1:colcon.colcon_core.environment:checking '/home/giszterlab/USING/Framework/unitree_ws/install/unitree_legged_real' for CMake module files
[7.803s] Level 1:colcon.colcon_core.environment:checking '/home/giszterlab/USING/Framework/unitree_ws/install/unitree_legged_real' for CMake config files
[7.804s] Level 1:colcon.colcon_core.shell:create_environment_hook('unitree_legged_real', 'cmake_prefix_path')
[7.804s] INFO:colcon.colcon_core.shell:Creating environment hook '/home/giszterlab/USING/Framework/unitree_ws/install/unitree_legged_real/share/unitree_legged_real/hook/cmake_prefix_path.ps1'
[7.804s] INFO:colcon.colcon_core.shell:Creating environment descriptor '/home/giszterlab/USING/Framework/unitree_ws/install/unitree_legged_real/share/unitree_legged_real/hook/cmake_prefix_path.dsv'
[7.805s] INFO:colcon.colcon_core.shell:Creating environment hook '/home/giszterlab/USING/Framework/unitree_ws/install/unitree_legged_real/share/unitree_legged_real/hook/cmake_prefix_path.sh'
[7.806s] Level 1:colcon.colcon_core.environment:checking '/home/giszterlab/USING/Framework/unitree_ws/install/unitree_legged_real/lib'
[7.806s] Level 1:colcon.colcon_core.shell:create_environment_hook('unitree_legged_real', 'ld_library_path_lib')
[7.806s] INFO:colcon.colcon_core.shell:Creating environment hook '/home/giszterlab/USING/Framework/unitree_ws/install/unitree_legged_real/share/unitree_legged_real/hook/ld_library_path_lib.ps1'
[7.806s] INFO:colcon.colcon_core.shell:Creating environment descriptor '/home/giszterlab/USING/Framework/unitree_ws/install/unitree_legged_real/share/unitree_legged_real/hook/ld_library_path_lib.dsv'
[7.807s] INFO:colcon.colcon_core.shell:Creating environment hook '/home/giszterlab/USING/Framework/unitree_ws/install/unitree_legged_real/share/unitree_legged_real/hook/ld_library_path_lib.sh'
[7.807s] Level 1:colcon.colcon_core.environment:checking '/home/giszterlab/USING/Framework/unitree_ws/install/unitree_legged_real/bin'
[7.808s] Level 1:colcon.colcon_core.environment:checking '/home/giszterlab/USING/Framework/unitree_ws/install/unitree_legged_real/lib/pkgconfig/unitree_legged_real.pc'
[7.808s] Level 1:colcon.colcon_core.environment:checking '/home/giszterlab/USING/Framework/unitree_ws/install/unitree_legged_real/lib/python3.10/site-packages'
[7.808s] Level 1:colcon.colcon_core.environment:checking '/home/giszterlab/USING/Framework/unitree_ws/install/unitree_legged_real/bin'
[7.809s] INFO:colcon.colcon_core.shell:Creating package script '/home/giszterlab/USING/Framework/unitree_ws/install/unitree_legged_real/share/unitree_legged_real/package.ps1'
[7.809s] INFO:colcon.colcon_core.shell:Creating package descriptor '/home/giszterlab/USING/Framework/unitree_ws/install/unitree_legged_real/share/unitree_legged_real/package.dsv'
[7.810s] INFO:colcon.colcon_core.shell:Creating package script '/home/giszterlab/USING/Framework/unitree_ws/install/unitree_legged_real/share/unitree_legged_real/package.sh'
[7.811s] INFO:colcon.colcon_core.shell:Creating package script '/home/giszterlab/USING/Framework/unitree_ws/install/unitree_legged_real/share/unitree_legged_real/package.bash'
[7.811s] INFO:colcon.colcon_core.shell:Creating package script '/home/giszterlab/USING/Framework/unitree_ws/install/unitree_legged_real/share/unitree_legged_real/package.zsh'
[7.812s] Level 1:colcon.colcon_core.environment:create_file_with_runtime_dependencies(/home/giszterlab/USING/Framework/unitree_ws/install/unitree_legged_real/share/colcon-core/packages/unitree_legged_real)
[7.822s] DEBUG:colcon.colcon_parallel_executor.executor.parallel:closing loop
[7.822s] DEBUG:colcon.colcon_parallel_executor.executor.parallel:loop closed
[7.823s] DEBUG:colcon.colcon_parallel_executor.executor.parallel:run_until_complete finished with '2'
[7.823s] DEBUG:colcon.colcon_core.event_reactor:joining thread
[7.835s] INFO:colcon.colcon_core.plugin_system:Skipping extension 'colcon_notification.desktop_notification.terminal_notifier': Not used on non-Darwin systems
[7.835s] INFO:colcon.colcon_core.plugin_system:Skipping extension 'colcon_notification.desktop_notification.win32': Not used on non-Windows systems
[7.835s] INFO:colcon.colcon_notification.desktop_notification:Sending desktop notification using 'notify2'
[7.860s] DEBUG:colcon.colcon_core.event_reactor:joined thread
[7.861s] INFO:colcon.colcon_core.shell:Creating prefix script '/home/giszterlab/USING/Framework/unitree_ws/install/local_setup.ps1'
[7.862s] INFO:colcon.colcon_core.shell:Creating prefix util module '/home/giszterlab/USING/Framework/unitree_ws/install/_local_setup_util_ps1.py'
[7.863s] INFO:colcon.colcon_core.shell:Creating prefix chain script '/home/giszterlab/USING/Framework/unitree_ws/install/setup.ps1'
[7.864s] INFO:colcon.colcon_core.shell:Creating prefix script '/home/giszterlab/USING/Framework/unitree_ws/install/local_setup.sh'
[7.865s] INFO:colcon.colcon_core.shell:Creating prefix util module '/home/giszterlab/USING/Framework/unitree_ws/install/_local_setup_util_sh.py'
[7.865s] INFO:colcon.colcon_core.shell:Creating prefix chain script '/home/giszterlab/USING/Framework/unitree_ws/install/setup.sh'
[7.866s] INFO:colcon.colcon_core.shell:Creating prefix script '/home/giszterlab/USING/Framework/unitree_ws/install/local_setup.bash'
[7.867s] INFO:colcon.colcon_core.shell:Creating prefix chain script '/home/giszterlab/USING/Framework/unitree_ws/install/setup.bash'
[7.868s] INFO:colcon.colcon_core.shell:Creating prefix script '/home/giszterlab/USING/Framework/unitree_ws/install/local_setup.zsh'
[7.868s] INFO:colcon.colcon_core.shell:Creating prefix chain script '/home/giszterlab/USING/Framework/unitree_ws/install/setup.zsh'
