[0.011s] Invoking command in '/home/giszterlab/USING/Framework/go1_ws/build/joint_state_buffer_node': CMAKE_PREFIX_PATH=${CMAKE_PREFIX_PATH}:/opt/ros/humble /usr/bin/cmake --build /home/giszterlab/USING/Framework/go1_ws/build/joint_state_buffer_node -- -j8 -l8
[0.038s] -- Found ament_cmake: 1.3.11 (/opt/ros/humble/share/ament_cmake/cmake)
[0.175s] -- Found rclcpp: 16.0.12 (/opt/ros/humble/share/rclcpp/cmake)
[0.211s] -- Found rosidl_generator_c: 3.1.6 (/opt/ros/humble/share/rosidl_generator_c/cmake)
[0.214s] -- Found rosidl_adapter: 3.1.6 (/opt/ros/humble/share/rosidl_adapter/cmake)
[0.220s] -- Found rosidl_generator_cpp: 3.1.6 (/opt/ros/humble/share/rosidl_generator_cpp/cmake)
[0.231s] -- Using all available rosidl_typesupport_c: rosidl_typesupport_fastrtps_c;rosidl_typesupport_introspection_c
[0.245s] -- Using all available rosidl_typesupport_cpp: rosidl_typesupport_fastrtps_cpp;rosidl_typesupport_introspection_cpp
[0.279s] -- Found rmw_implementation_cmake: 6.1.2 (/opt/ros/humble/share/rmw_implementation_cmake/cmake)
[0.280s] -- Found rmw_fastrtps_cpp: 6.2.7 (/opt/ros/humble/share/rmw_fastrtps_cpp/cmake)
[0.379s] -- Using RMW implementation 'rmw_fastrtps_cpp' as default
[0.431s] -- Found sensor_msgs: 4.8.0 (/opt/ros/humble/share/sensor_msgs/cmake)
[0.543s] -- Configuring done
[0.555s] -- Generating done
[0.560s] -- Build files have been written to: /home/giszterlab/USING/Framework/go1_ws/build/joint_state_buffer_node
[0.587s] [35m[1mConsolidate compiler generated dependencies of target joint_state_buffer_node[0m
[0.587s] [35m[1mConsolidate compiler generated dependencies of target torque_command_node[0m
[0.605s] [ 25%] [32mBuilding CXX object CMakeFiles/torque_command_node.dir/src/ros2_command_node.cpp.o[0m
[0.606s] [ 50%] [32mBuilding CXX object CMakeFiles/joint_state_buffer_node.dir/src/ros2_buffer_node.cpp.o[0m
[5.159s] [ 75%] [32m[1mLinking CXX executable joint_state_buffer_node[0m
[5.365s] [ 75%] Built target joint_state_buffer_node
[9.137s] [100%] [32m[1mLinking CXX executable torque_command_node[0m
[9.530s] [100%] Built target torque_command_node
[9.542s] Invoked command in '/home/giszterlab/USING/Framework/go1_ws/build/joint_state_buffer_node' returned '0': CMAKE_PREFIX_PATH=${CMAKE_PREFIX_PATH}:/opt/ros/humble /usr/bin/cmake --build /home/giszterlab/USING/Framework/go1_ws/build/joint_state_buffer_node -- -j8 -l8
[9.553s] Invoking command in '/home/giszterlab/USING/Framework/go1_ws/build/joint_state_buffer_node': CMAKE_PREFIX_PATH=${CMAKE_PREFIX_PATH}:/opt/ros/humble /usr/bin/cmake --install /home/giszterlab/USING/Framework/go1_ws/build/joint_state_buffer_node
[9.560s] -- Install configuration: ""
[9.560s] -- Installing: /home/giszterlab/USING/Framework/go1_ws/install/joint_state_buffer_node/lib/joint_state_buffer_node/joint_state_buffer_node
[9.561s] -- Set runtime path of "/home/giszterlab/USING/Framework/go1_ws/install/joint_state_buffer_node/lib/joint_state_buffer_node/joint_state_buffer_node" to ""
[9.561s] -- Installing: /home/giszterlab/USING/Framework/go1_ws/install/joint_state_buffer_node/lib/joint_state_buffer_node/torque_command_node
[9.565s] -- Set runtime path of "/home/giszterlab/USING/Framework/go1_ws/install/joint_state_buffer_node/lib/joint_state_buffer_node/torque_command_node" to ""
[9.565s] -- Installing: /home/giszterlab/USING/Framework/go1_ws/install/joint_state_buffer_node/share/ament_index/resource_index/package_run_dependencies/joint_state_buffer_node
[9.566s] -- Installing: /home/giszterlab/USING/Framework/go1_ws/install/joint_state_buffer_node/share/ament_index/resource_index/parent_prefix_path/joint_state_buffer_node
[9.566s] -- Installing: /home/giszterlab/USING/Framework/go1_ws/install/joint_state_buffer_node/share/joint_state_buffer_node/environment/ament_prefix_path.sh
[9.566s] -- Installing: /home/giszterlab/USING/Framework/go1_ws/install/joint_state_buffer_node/share/joint_state_buffer_node/environment/ament_prefix_path.dsv
[9.566s] -- Installing: /home/giszterlab/USING/Framework/go1_ws/install/joint_state_buffer_node/share/joint_state_buffer_node/environment/path.sh
[9.567s] -- Installing: /home/giszterlab/USING/Framework/go1_ws/install/joint_state_buffer_node/share/joint_state_buffer_node/environment/path.dsv
[9.567s] -- Installing: /home/giszterlab/USING/Framework/go1_ws/install/joint_state_buffer_node/share/joint_state_buffer_node/local_setup.bash
[9.567s] -- Installing: /home/giszterlab/USING/Framework/go1_ws/install/joint_state_buffer_node/share/joint_state_buffer_node/local_setup.sh
[9.567s] -- Installing: /home/giszterlab/USING/Framework/go1_ws/install/joint_state_buffer_node/share/joint_state_buffer_node/local_setup.zsh
[9.567s] -- Installing: /home/giszterlab/USING/Framework/go1_ws/install/joint_state_buffer_node/share/joint_state_buffer_node/local_setup.dsv
[9.567s] -- Installing: /home/giszterlab/USING/Framework/go1_ws/install/joint_state_buffer_node/share/joint_state_buffer_node/package.dsv
[9.567s] -- Up-to-date: /home/giszterlab/USING/Framework/go1_ws/install/joint_state_buffer_node/share/ament_index/resource_index/packages/joint_state_buffer_node
[9.568s] -- Installing: /home/giszterlab/USING/Framework/go1_ws/install/joint_state_buffer_node/share/joint_state_buffer_node/cmake/joint_state_buffer_nodeConfig.cmake
[9.568s] -- Installing: /home/giszterlab/USING/Framework/go1_ws/install/joint_state_buffer_node/share/joint_state_buffer_node/cmake/joint_state_buffer_nodeConfig-version.cmake
[9.568s] -- Installing: /home/giszterlab/USING/Framework/go1_ws/install/joint_state_buffer_node/share/joint_state_buffer_node/package.xml
[9.569s] Invoked command in '/home/giszterlab/USING/Framework/go1_ws/build/joint_state_buffer_node' returned '0': CMAKE_PREFIX_PATH=${CMAKE_PREFIX_PATH}:/opt/ros/humble /usr/bin/cmake --install /home/giszterlab/USING/Framework/go1_ws/build/joint_state_buffer_node
