[0.012s] Invoking command in '/home/giszterlab/go1_ws/build/unitree_ros': AMENT_PREFIX_PATH=/home/giszterlab/go1_ws/install/unitree_legged_sdk:${AMENT_PREFIX_PATH} CMAKE_PREFIX_PATH=/home/giszterlab/go1_ws/install/unitree_legged_sdk:/usr/local:/opt/ros/humble PATH=/home/giszterlab/go1_ws/install/unitree_legged_sdk/bin:${PATH} /usr/bin/cmake /home/giszterlab/go1_ws/src/unitree_ros -DCMAKE_INSTALL_PREFIX=/home/giszterlab/go1_ws/install/unitree_ros
[0.074s] -- The C compiler identification is GNU 11.4.0
[0.141s] -- The CXX compiler identification is GNU 11.4.0
[0.150s] -- Detecting C compiler ABI info
[0.228s] -- Detecting C compiler ABI info - done
[0.237s] -- Check for working C compiler: /usr/bin/cc - skipped
[0.237s] -- Detecting C compile features
[0.237s] -- Detecting C compile features - done
[0.241s] -- Detecting CXX compiler ABI info
[0.326s] -- Detecting CXX compiler ABI info - done
[0.340s] -- Check for working CXX compiler: /usr/bin/c++ - skipped
[0.340s] -- Detecting CXX compile features
[0.341s] -- Detecting CXX compile features - done
[0.344s] -- Found rosidl_default_generators: 1.2.0 (/opt/ros/humble/share/rosidl_default_generators/cmake)
[0.346s] -- Found ament_cmake_core: 1.3.11 (/opt/ros/humble/share/ament_cmake_core/cmake)
[0.526s] -- Found Python3: /usr/bin/python3 (found version "3.10.12") found components: Interpreter 
[0.608s] -- Using all available rosidl_typesupport_c: rosidl_typesupport_fastrtps_c;rosidl_typesupport_introspection_c
[0.627s] -- Found rosidl_adapter: 3.1.6 (/opt/ros/humble/share/rosidl_adapter/cmake)
[0.725s] -- Using all available rosidl_typesupport_cpp: rosidl_typesupport_fastrtps_cpp;rosidl_typesupport_introspection_cpp
[0.764s] -- Found rclcpp: 16.0.12 (/opt/ros/humble/share/rclcpp/cmake)
[0.814s] -- Found rmw_implementation_cmake: 6.1.2 (/opt/ros/humble/share/rmw_implementation_cmake/cmake)
[0.816s] -- Found rmw_fastrtps_cpp: 6.2.7 (/opt/ros/humble/share/rmw_fastrtps_cpp/cmake)
[0.900s] -- Found OpenSSL: /usr/lib/x86_64-linux-gnu/libcrypto.so (found version "3.0.2")  
[0.922s] -- Found FastRTPS: /opt/ros/humble/include  
[0.957s] -- Using RMW implementation 'rmw_fastrtps_cpp' as default
[0.965s] -- Looking for pthread.h
[1.045s] -- Looking for pthread.h - found
[1.045s] -- Performing Test CMAKE_HAVE_LIBC_PTHREAD
[1.127s] -- Performing Test CMAKE_HAVE_LIBC_PTHREAD - Success
[1.128s] -- Found Threads: TRUE  
[1.190s] -- Found nav_msgs: 4.8.0 (/opt/ros/humble/share/nav_msgs/cmake)
[1.227s] -- Found sensor_msgs: 4.8.0 (/opt/ros/humble/share/sensor_msgs/cmake)
[1.247s] -- Found tf2: 0.25.12 (/opt/ros/humble/share/tf2/cmake)
[1.256s] -- Found tf2_ros: 0.25.12 (/opt/ros/humble/share/tf2_ros/cmake)
[1.776s] -- Found ament_cmake_ros: 0.10.0 (/opt/ros/humble/share/ament_cmake_ros/cmake)
[2.230s] -- Using all available rosidl_typesupport_c: rosidl_typesupport_fastrtps_c;rosidl_typesupport_introspection_c
[2.782s] -- Using all available rosidl_typesupport_cpp: rosidl_typesupport_fastrtps_cpp;rosidl_typesupport_introspection_cpp
[2.815s] -- Found PythonInterp: /usr/bin/python3 (found suitable version "3.10.12", minimum required is "3.6") 
[2.819s] -- Found python_cmake_module: 0.10.0 (/opt/ros/humble/share/python_cmake_module/cmake)
[2.862s] -- Found PythonLibs: /usr/lib/x86_64-linux-gnu/libpython3.10.so (found suitable version "3.10.12", minimum required is "3.5") 
[2.862s] -- Using PYTHON_EXECUTABLE: /usr/bin/python3
[2.862s] -- Using PYTHON_INCLUDE_DIRS: /usr/include/python3.10
[2.863s] -- Using PYTHON_LIBRARIES: /usr/lib/x86_64-linux-gnu/libpython3.10.so
[2.893s] -- Found PythonExtra: .so  
[3.047s] -- Found unitree_legged_sdk: 0.0.1 (/home/giszterlab/go1_ws/install/unitree_legged_sdk/share/unitree_legged_sdk/cmake)
[3.066s] -- Configuring done
[3.126s] -- Generating done
[3.145s] -- Build files have been written to: /home/giszterlab/go1_ws/build/unitree_ros
[3.159s] Invoked command in '/home/giszterlab/go1_ws/build/unitree_ros' returned '0': AMENT_PREFIX_PATH=/home/giszterlab/go1_ws/install/unitree_legged_sdk:${AMENT_PREFIX_PATH} CMAKE_PREFIX_PATH=/home/giszterlab/go1_ws/install/unitree_legged_sdk:/usr/local:/opt/ros/humble PATH=/home/giszterlab/go1_ws/install/unitree_legged_sdk/bin:${PATH} /usr/bin/cmake /home/giszterlab/go1_ws/src/unitree_ros -DCMAKE_INSTALL_PREFIX=/home/giszterlab/go1_ws/install/unitree_ros
[3.163s] Invoking command in '/home/giszterlab/go1_ws/build/unitree_ros': AMENT_PREFIX_PATH=/home/giszterlab/go1_ws/install/unitree_legged_sdk:${AMENT_PREFIX_PATH} CMAKE_PREFIX_PATH=/home/giszterlab/go1_ws/install/unitree_legged_sdk:/usr/local:/opt/ros/humble PATH=/home/giszterlab/go1_ws/install/unitree_legged_sdk/bin:${PATH} /usr/bin/cmake --build /home/giszterlab/go1_ws/build/unitree_ros -- -j8 -l8
[3.218s] [  2%] [34m[1mGenerating C code for ROS interfaces[0m
[3.227s] [  4%] [34m[1mGenerating C++ code for ROS interfaces[0m
[3.235s] [  4%] Built target ament_cmake_python_copy_unitree_ros
[3.505s] running egg_info
[3.506s] creating unitree_ros.egg-info
[3.506s] writing unitree_ros.egg-info/PKG-INFO
[3.506s] writing dependency_links to unitree_ros.egg-info/dependency_links.txt
[3.506s] writing top-level names to unitree_ros.egg-info/top_level.txt
[3.507s] writing manifest file 'unitree_ros.egg-info/SOURCES.txt'
[3.509s] reading manifest file 'unitree_ros.egg-info/SOURCES.txt'
[3.509s] writing manifest file 'unitree_ros.egg-info/SOURCES.txt'
[3.540s] [  4%] Built target ament_cmake_python_build_unitree_ros_egg
[3.628s] [  4%] Built target unitree_ros__cpp
[3.631s] [  9%] [32mBuilding C object CMakeFiles/unitree_ros__rosidl_generator_c.dir/rosidl_generator_c/unitree_ros/msg/detail/bms_state__functions.c.o[0m
[3.631s] [  9%] [32mBuilding C object CMakeFiles/unitree_ros__rosidl_generator_c.dir/rosidl_generator_c/unitree_ros/msg/detail/sensor_ranges__functions.c.o[0m
[3.638s] [ 11%] [34m[1mGenerating C++ type support for eProsima Fast-RTPS[0m
[3.639s] [ 13%] [34m[1mGenerating C++ introspection for ROS interfaces[0m
[3.641s] [ 15%] [34m[1mGenerating C++ type support dispatch for ROS interfaces[0m
[3.685s] [ 18%] [32m[1mLinking C shared library libunitree_ros__rosidl_generator_c.so[0m
[3.726s] [ 18%] Built target unitree_ros__rosidl_generator_c
[3.736s] [ 20%] [34m[1mGenerating C type support for eProsima Fast-RTPS[0m
[3.740s] [ 25%] [34m[1mGenerating C introspection for ROS interfaces[0m
[3.740s] [ 25%] [34m[1mGenerating C type support dispatch for ROS interfaces[0m
[3.994s] [ 27%] [32mBuilding CXX object CMakeFiles/unitree_ros__rosidl_typesupport_cpp.dir/rosidl_typesupport_cpp/unitree_ros/msg/sensor_ranges__type_support.cpp.o[0m
[3.997s] [ 29%] [32mBuilding CXX object CMakeFiles/unitree_ros__rosidl_typesupport_cpp.dir/rosidl_typesupport_cpp/unitree_ros/msg/bms_state__type_support.cpp.o[0m
[4.065s] [ 31%] [32mBuilding CXX object CMakeFiles/unitree_ros__rosidl_typesupport_fastrtps_cpp.dir/rosidl_typesupport_fastrtps_cpp/unitree_ros/msg/detail/dds_fastrtps/sensor_ranges__type_support.cpp.o[0m
[4.065s] [ 34%] [32mBuilding CXX object CMakeFiles/unitree_ros__rosidl_typesupport_fastrtps_cpp.dir/rosidl_typesupport_fastrtps_cpp/unitree_ros/msg/detail/dds_fastrtps/bms_state__type_support.cpp.o[0m
[4.228s] [ 36%] [32mBuilding CXX object CMakeFiles/unitree_ros__rosidl_typesupport_introspection_cpp.dir/rosidl_typesupport_introspection_cpp/unitree_ros/msg/detail/bms_state__type_support.cpp.o[0m
[4.329s] [ 38%] [32mBuilding CXX object CMakeFiles/unitree_ros__rosidl_typesupport_c.dir/rosidl_typesupport_c/unitree_ros/msg/bms_state__type_support.cpp.o[0m
[4.374s] [ 40%] [32mBuilding CXX object CMakeFiles/unitree_ros__rosidl_typesupport_c.dir/rosidl_typesupport_c/unitree_ros/msg/sensor_ranges__type_support.cpp.o[0m
[4.391s] [ 43%] [32mBuilding C object CMakeFiles/unitree_ros__rosidl_typesupport_introspection_c.dir/rosidl_typesupport_introspection_c/unitree_ros/msg/detail/bms_state__type_support.c.o[0m
[4.410s] [ 45%] [32mBuilding CXX object CMakeFiles/unitree_ros__rosidl_typesupport_fastrtps_c.dir/rosidl_typesupport_fastrtps_c/unitree_ros/msg/detail/bms_state__type_support_c.cpp.o[0m
[4.418s] [ 47%] [32m[1mLinking CXX shared library libunitree_ros__rosidl_typesupport_c.so[0m
[4.453s] [ 50%] [32mBuilding C object CMakeFiles/unitree_ros__rosidl_typesupport_introspection_c.dir/rosidl_typesupport_introspection_c/unitree_ros/msg/detail/sensor_ranges__type_support.c.o[0m
[4.454s] [ 52%] [32mBuilding CXX object CMakeFiles/unitree_ros__rosidl_typesupport_fastrtps_c.dir/rosidl_typesupport_fastrtps_c/unitree_ros/msg/detail/sensor_ranges__type_support_c.cpp.o[0m
[4.458s] [ 54%] [32m[1mLinking CXX shared library libunitree_ros__rosidl_typesupport_cpp.so[0m
[4.485s] [ 54%] Built target unitree_ros__rosidl_typesupport_c
[4.499s] [ 56%] [32mBuilding CXX object CMakeFiles/unitree_ros__rosidl_typesupport_introspection_cpp.dir/rosidl_typesupport_introspection_cpp/unitree_ros/msg/detail/sensor_ranges__type_support.cpp.o[0m
[4.506s] [ 59%] [32m[1mLinking C shared library libunitree_ros__rosidl_typesupport_introspection_c.so[0m
[4.523s] [ 59%] Built target unitree_ros__rosidl_typesupport_cpp
[4.553s] [ 61%] [32mBuilding CXX object CMakeFiles/unitree_driver.dir/src/unitree_ros_node.cpp.o[0m
[4.559s] [ 61%] Built target unitree_ros__rosidl_typesupport_introspection_c
[4.574s] [ 63%] [32mBuilding CXX object CMakeFiles/unitree_driver.dir/src/unitree_ros.cpp.o[0m
[4.772s] [ 65%] [32mBuilding CXX object CMakeFiles/unitree_driver.dir/src/unitree_driver.cpp.o[0m
[4.778s] [ 68%] [32m[1mLinking CXX shared library libunitree_ros__rosidl_typesupport_fastrtps_cpp.so[0m
[4.918s] [ 68%] Built target unitree_ros__rosidl_typesupport_fastrtps_cpp
[4.925s] [ 70%] [32mBuilding CXX object CMakeFiles/unitree_driver.dir/src/serializers.cpp.o[0m
[4.939s] In file included from [01m[K/home/giszterlab/go1_ws/src/unitree_ros/src/unitree_driver.cpp:36[m[K:
[4.939s] [01m[K/home/giszterlab/go1_ws/src/unitree_ros/include/unitree_ros/unitree_driver.hpp:34:10:[m[K [01;31m[Kfatal error: [m[Kunitree_legged_sdk/unitree_legged_sdk.h: No such file or directory
[4.939s]    34 | #include [01;31m[K<unitree_legged_sdk/unitree_legged_sdk.h>[m[K
[4.940s]       |          [01;31m[K^~~~~~~~~~~~~~~~~~~~~~~~~~~~~~~~~~~~~~~~~[m[K
[4.940s] compilation terminated.
[4.940s] gmake[2]: *** [CMakeFiles/unitree_driver.dir/build.make:104: CMakeFiles/unitree_driver.dir/src/unitree_driver.cpp.o] Error 1
[4.940s] gmake[2]: *** Waiting for unfinished jobs....
[5.022s] In file included from [01m[K/home/giszterlab/go1_ws/src/unitree_ros/src/serializers.cpp:31[m[K:
[5.023s] [01m[K/home/giszterlab/go1_ws/src/unitree_ros/include/unitree_ros/serializers.hpp:33:10:[m[K [01;31m[Kfatal error: [m[Kunitree_legged_sdk/comm.h: No such file or directory
[5.023s]    33 | #include [01;31m[K<unitree_legged_sdk/comm.h>[m[K
[5.023s]       |          [01;31m[K^~~~~~~~~~~~~~~~~~~~~~~~~~~[m[K
[5.023s] compilation terminated.
[5.023s] [ 72%] [32m[1mLinking CXX shared library libunitree_ros__rosidl_typesupport_fastrtps_c.so[0m
[5.023s] gmake[2]: *** [CMakeFiles/unitree_driver.dir/build.make:118: CMakeFiles/unitree_driver.dir/src/serializers.cpp.o] Error 1
[5.062s] [ 75%] [32m[1mLinking CXX shared library libunitree_ros__rosidl_typesupport_introspection_cpp.so[0m
[5.063s] In file included from [01m[K/home/giszterlab/go1_ws/src/unitree_ros/include/unitree_ros/unitree_ros.hpp:49[m[K,
[5.063s]                  from [01m[K/home/giszterlab/go1_ws/src/unitree_ros/src/unitree_ros.cpp:36[m[K:
[5.063s] [01m[K/home/giszterlab/go1_ws/src/unitree_ros/include/unitree_ros/unitree_driver.hpp:34:10:[m[K [01;31m[Kfatal error: [m[Kunitree_legged_sdk/unitree_legged_sdk.h: No such file or directory
[5.063s]    34 | #include [01;31m[K<unitree_legged_sdk/unitree_legged_sdk.h>[m[K
[5.063s]       |          [01;31m[K^~~~~~~~~~~~~~~~~~~~~~~~~~~~~~~~~~~~~~~~~[m[K
[5.063s] compilation terminated.
[5.063s] In file included from [01m[K/home/giszterlab/go1_ws/src/unitree_ros/include/unitree_ros/unitree_ros.hpp:49[m[K,
[5.063s]                  from [01m[K/home/giszterlab/go1_ws/src/unitree_ros/src/unitree_ros_node.cpp:32[m[K:
[5.064s] [01m[K/home/giszterlab/go1_ws/src/unitree_ros/include/unitree_ros/unitree_driver.hpp:34:10:[m[K [01;31m[Kfatal error: [m[Kunitree_legged_sdk/unitree_legged_sdk.h: No such file or directory
[5.064s]    34 | #include [01;31m[K<unitree_legged_sdk/unitree_legged_sdk.h>[m[K
[5.064s]       |          [01;31m[K^~~~~~~~~~~~~~~~~~~~~~~~~~~~~~~~~~~~~~~~~[m[K
[5.064s] compilation terminated.
[5.065s] gmake[2]: *** [CMakeFiles/unitree_driver.dir/build.make:90: CMakeFiles/unitree_driver.dir/src/unitree_ros.cpp.o] Error 1
[5.065s] gmake[2]: *** [CMakeFiles/unitree_driver.dir/build.make:76: CMakeFiles/unitree_driver.dir/src/unitree_ros_node.cpp.o] Error 1
[5.066s] gmake[1]: *** [CMakeFiles/Makefile2:593: CMakeFiles/unitree_driver.dir/all] Error 2
[5.066s] gmake[1]: *** Waiting for unfinished jobs....
[5.109s] [ 75%] Built target unitree_ros__rosidl_typesupport_fastrtps_c
[5.139s] [ 75%] Built target unitree_ros__rosidl_typesupport_introspection_cpp
[5.141s] gmake: *** [Makefile:146: all] Error 2
[5.143s] Invoked command in '/home/giszterlab/go1_ws/build/unitree_ros' returned '2': AMENT_PREFIX_PATH=/home/giszterlab/go1_ws/install/unitree_legged_sdk:${AMENT_PREFIX_PATH} CMAKE_PREFIX_PATH=/home/giszterlab/go1_ws/install/unitree_legged_sdk:/usr/local:/opt/ros/humble PATH=/home/giszterlab/go1_ws/install/unitree_legged_sdk/bin:${PATH} /usr/bin/cmake --build /home/giszterlab/go1_ws/build/unitree_ros -- -j8 -l8
