[0.116s] DEBUG:colcon:Command line arguments: ['/usr/bin/colcon', 'build']
[0.116s] DEBUG:colcon:Parsed command line arguments: Namespace(log_base=None, log_level=None, verb_name='build', build_base='build', install_base='install', merge_install=False, symlink_install=False, test_result_base=None, continue_on_error=False, executor='parallel', parallel_workers=8, event_handlers=None, ignore_user_meta=False, metas=['./colcon.meta'], base_paths=['.'], packages_ignore=None, packages_ignore_regex=None, paths=None, packages_up_to=None, packages_up_to_regex=None, packages_above=None, packages_above_and_dependencies=None, packages_above_depth=None, packages_select_by_dep=None, packages_skip_by_dep=None, packages_skip_up_to=None, packages_select_build_failed=False, packages_skip_build_finished=False, packages_select_test_failures=False, packages_skip_test_passed=False, packages_select=None, packages_skip=None, packages_select_regex=None, packages_skip_regex=None, packages_start=None, packages_end=None, allow_overriding=[], cmake_args=None, cmake_target=None, cmake_target_skip_unavailable=False, cmake_clean_cache=False, cmake_clean_first=False, cmake_force_configure=False, ament_cmake_args=None, catkin_cmake_args=None, catkin_skip_building_tests=False, verb_parser=<colcon_defaults.argument_parser.defaults.DefaultArgumentsDecorator object at 0x7b6c61ea2fb0>, verb_extension=<colcon_core.verb.build.BuildVerb object at 0x7b6c61fe8460>, main=<bound method BuildVerb.main of <colcon_core.verb.build.BuildVerb object at 0x7b6c61fe8460>>)
[0.300s] Level 1:colcon.colcon_core.package_discovery:discover_packages(colcon_meta) check parameters
[0.300s] Level 1:colcon.colcon_core.package_discovery:discover_packages(recursive) check parameters
[0.300s] Level 1:colcon.colcon_core.package_discovery:discover_packages(ignore) check parameters
[0.300s] Level 1:colcon.colcon_core.package_discovery:discover_packages(path) check parameters
[0.300s] Level 1:colcon.colcon_core.package_discovery:discover_packages(colcon_meta) discover
[0.300s] Level 1:colcon.colcon_core.package_discovery:discover_packages(recursive) discover
[0.301s] INFO:colcon.colcon_core.package_discovery:Crawling recursively for packages in '/home/giszterlab/ros2_ws'
[0.301s] Level 1:colcon.colcon_core.package_identification:_identify(.) by extensions ['ignore', 'ignore_ament_install']
[0.301s] Level 1:colcon.colcon_core.package_identification:_identify(.) by extension 'ignore'
[0.301s] Level 1:colcon.colcon_core.package_identification:_identify(.) by extension 'ignore_ament_install'
[0.301s] Level 1:colcon.colcon_core.package_identification:_identify(.) by extensions ['colcon_pkg']
[0.301s] Level 1:colcon.colcon_core.package_identification:_identify(.) by extension 'colcon_pkg'
[0.301s] Level 1:colcon.colcon_core.package_identification:_identify(.) by extensions ['colcon_meta']
[0.301s] Level 1:colcon.colcon_core.package_identification:_identify(.) by extension 'colcon_meta'
[0.301s] Level 1:colcon.colcon_core.package_identification:_identify(.) by extensions ['ros']
[0.301s] Level 1:colcon.colcon_core.package_identification:_identify(.) by extension 'ros'
[0.313s] Level 1:colcon.colcon_core.package_identification:_identify(.) by extensions ['cmake', 'python']
[0.313s] Level 1:colcon.colcon_core.package_identification:_identify(.) by extension 'cmake'
[0.313s] Level 1:colcon.colcon_core.package_identification:_identify(.) by extension 'python'
[0.313s] Level 1:colcon.colcon_core.package_identification:_identify(.) by extensions ['python_setup_py']
[0.313s] Level 1:colcon.colcon_core.package_identification:_identify(.) by extension 'python_setup_py'
[0.313s] Level 1:colcon.colcon_core.package_identification:_identify(build) by extensions ['ignore', 'ignore_ament_install']
[0.313s] Level 1:colcon.colcon_core.package_identification:_identify(build) by extension 'ignore'
[0.313s] Level 1:colcon.colcon_core.package_identification:_identify(build) ignored
[0.313s] Level 1:colcon.colcon_core.package_identification:_identify(install) by extensions ['ignore', 'ignore_ament_install']
[0.314s] Level 1:colcon.colcon_core.package_identification:_identify(install) by extension 'ignore'
[0.314s] Level 1:colcon.colcon_core.package_identification:_identify(install) ignored
[0.314s] Level 1:colcon.colcon_core.package_identification:_identify(log) by extensions ['ignore', 'ignore_ament_install']
[0.314s] Level 1:colcon.colcon_core.package_identification:_identify(log) by extension 'ignore'
[0.314s] Level 1:colcon.colcon_core.package_identification:_identify(log) ignored
[0.314s] Level 1:colcon.colcon_core.package_identification:_identify(src) by extensions ['ignore', 'ignore_ament_install']
[0.314s] Level 1:colcon.colcon_core.package_identification:_identify(src) by extension 'ignore'
[0.314s] Level 1:colcon.colcon_core.package_identification:_identify(src) by extension 'ignore_ament_install'
[0.314s] Level 1:colcon.colcon_core.package_identification:_identify(src) by extensions ['colcon_pkg']
[0.314s] Level 1:colcon.colcon_core.package_identification:_identify(src) by extension 'colcon_pkg'
[0.314s] Level 1:colcon.colcon_core.package_identification:_identify(src) by extensions ['colcon_meta']
[0.314s] Level 1:colcon.colcon_core.package_identification:_identify(src) by extension 'colcon_meta'
[0.314s] Level 1:colcon.colcon_core.package_identification:_identify(src) by extensions ['ros']
[0.314s] Level 1:colcon.colcon_core.package_identification:_identify(src) by extension 'ros'
[0.315s] Level 1:colcon.colcon_core.package_identification:_identify(src) by extensions ['cmake', 'python']
[0.315s] Level 1:colcon.colcon_core.package_identification:_identify(src) by extension 'cmake'
[0.315s] Level 1:colcon.colcon_core.package_identification:_identify(src) by extension 'python'
[0.315s] Level 1:colcon.colcon_core.package_identification:_identify(src) by extensions ['python_setup_py']
[0.315s] Level 1:colcon.colcon_core.package_identification:_identify(src) by extension 'python_setup_py'
[0.315s] Level 1:colcon.colcon_core.package_identification:_identify(src/ros2_unitree_legged_msgs) by extensions ['ignore', 'ignore_ament_install']
[0.315s] Level 1:colcon.colcon_core.package_identification:_identify(src/ros2_unitree_legged_msgs) by extension 'ignore'
[0.315s] Level 1:colcon.colcon_core.package_identification:_identify(src/ros2_unitree_legged_msgs) by extension 'ignore_ament_install'
[0.315s] Level 1:colcon.colcon_core.package_identification:_identify(src/ros2_unitree_legged_msgs) by extensions ['colcon_pkg']
[0.315s] Level 1:colcon.colcon_core.package_identification:_identify(src/ros2_unitree_legged_msgs) by extension 'colcon_pkg'
[0.315s] Level 1:colcon.colcon_core.package_identification:_identify(src/ros2_unitree_legged_msgs) by extensions ['colcon_meta']
[0.315s] Level 1:colcon.colcon_core.package_identification:_identify(src/ros2_unitree_legged_msgs) by extension 'colcon_meta'
[0.315s] Level 1:colcon.colcon_core.package_identification:_identify(src/ros2_unitree_legged_msgs) by extensions ['ros']
[0.315s] Level 1:colcon.colcon_core.package_identification:_identify(src/ros2_unitree_legged_msgs) by extension 'ros'
[0.318s] DEBUG:colcon.colcon_core.package_identification:Package 'src/ros2_unitree_legged_msgs' with type 'ros.ament_cmake' and name 'ros2_unitree_legged_msgs'
[0.318s] Level 1:colcon.colcon_core.package_identification:_identify(src/unitree_ros2_to_real) by extensions ['ignore', 'ignore_ament_install']
[0.318s] Level 1:colcon.colcon_core.package_identification:_identify(src/unitree_ros2_to_real) by extension 'ignore'
[0.318s] Level 1:colcon.colcon_core.package_identification:_identify(src/unitree_ros2_to_real) by extension 'ignore_ament_install'
[0.318s] Level 1:colcon.colcon_core.package_identification:_identify(src/unitree_ros2_to_real) by extensions ['colcon_pkg']
[0.318s] Level 1:colcon.colcon_core.package_identification:_identify(src/unitree_ros2_to_real) by extension 'colcon_pkg'
[0.318s] Level 1:colcon.colcon_core.package_identification:_identify(src/unitree_ros2_to_real) by extensions ['colcon_meta']
[0.318s] Level 1:colcon.colcon_core.package_identification:_identify(src/unitree_ros2_to_real) by extension 'colcon_meta'
[0.318s] Level 1:colcon.colcon_core.package_identification:_identify(src/unitree_ros2_to_real) by extensions ['ros']
[0.318s] Level 1:colcon.colcon_core.package_identification:_identify(src/unitree_ros2_to_real) by extension 'ros'
[0.319s] DEBUG:colcon.colcon_core.package_identification:Package 'src/unitree_ros2_to_real' with type 'ros.ament_cmake' and name 'unitree_legged_real'
[0.319s] Level 1:colcon.colcon_core.package_discovery:discover_packages(recursive) using defaults
[0.319s] Level 1:colcon.colcon_core.package_discovery:discover_packages(ignore) discover
[0.319s] Level 1:colcon.colcon_core.package_discovery:discover_packages(ignore) using defaults
[0.319s] Level 1:colcon.colcon_core.package_discovery:discover_packages(path) discover
[0.319s] Level 1:colcon.colcon_core.package_discovery:discover_packages(path) using defaults
[0.339s] Level 1:colcon.colcon_core.package_discovery:discover_packages(prefix_path) check parameters
[0.339s] Level 1:colcon.colcon_core.package_discovery:discover_packages(prefix_path) discover
[0.342s] DEBUG:colcon.colcon_installed_package_information.package_discovery:Found 272 installed packages in /opt/ros/humble
[0.344s] Level 1:colcon.colcon_core.package_discovery:discover_packages(prefix_path) using defaults
[0.398s] Level 5:colcon.colcon_core.verb:set package 'ros2_unitree_legged_msgs' build argument 'cmake_args' from command line to 'None'
[0.398s] Level 5:colcon.colcon_core.verb:set package 'ros2_unitree_legged_msgs' build argument 'cmake_target' from command line to 'None'
[0.398s] Level 5:colcon.colcon_core.verb:set package 'ros2_unitree_legged_msgs' build argument 'cmake_target_skip_unavailable' from command line to 'False'
[0.398s] Level 5:colcon.colcon_core.verb:set package 'ros2_unitree_legged_msgs' build argument 'cmake_clean_cache' from command line to 'False'
[0.398s] Level 5:colcon.colcon_core.verb:set package 'ros2_unitree_legged_msgs' build argument 'cmake_clean_first' from command line to 'False'
[0.398s] Level 5:colcon.colcon_core.verb:set package 'ros2_unitree_legged_msgs' build argument 'cmake_force_configure' from command line to 'False'
[0.398s] Level 5:colcon.colcon_core.verb:set package 'ros2_unitree_legged_msgs' build argument 'ament_cmake_args' from command line to 'None'
[0.398s] Level 5:colcon.colcon_core.verb:set package 'ros2_unitree_legged_msgs' build argument 'catkin_cmake_args' from command line to 'None'
[0.398s] Level 5:colcon.colcon_core.verb:set package 'ros2_unitree_legged_msgs' build argument 'catkin_skip_building_tests' from command line to 'False'
[0.398s] DEBUG:colcon.colcon_core.verb:Building package 'ros2_unitree_legged_msgs' with the following arguments: {'ament_cmake_args': None, 'build_base': '/home/giszterlab/ros2_ws/build/ros2_unitree_legged_msgs', 'catkin_cmake_args': None, 'catkin_skip_building_tests': False, 'cmake_args': None, 'cmake_clean_cache': False, 'cmake_clean_first': False, 'cmake_force_configure': False, 'cmake_target': None, 'cmake_target_skip_unavailable': False, 'install_base': '/home/giszterlab/ros2_ws/install/ros2_unitree_legged_msgs', 'merge_install': False, 'path': '/home/giszterlab/ros2_ws/src/ros2_unitree_legged_msgs', 'symlink_install': False, 'test_result_base': None}
[0.398s] Level 5:colcon.colcon_core.verb:set package 'unitree_legged_real' build argument 'cmake_args' from command line to 'None'
[0.398s] Level 5:colcon.colcon_core.verb:set package 'unitree_legged_real' build argument 'cmake_target' from command line to 'None'
[0.399s] Level 5:colcon.colcon_core.verb:set package 'unitree_legged_real' build argument 'cmake_target_skip_unavailable' from command line to 'False'
[0.399s] Level 5:colcon.colcon_core.verb:set package 'unitree_legged_real' build argument 'cmake_clean_cache' from command line to 'False'
[0.399s] Level 5:colcon.colcon_core.verb:set package 'unitree_legged_real' build argument 'cmake_clean_first' from command line to 'False'
[0.399s] Level 5:colcon.colcon_core.verb:set package 'unitree_legged_real' build argument 'cmake_force_configure' from command line to 'False'
[0.399s] Level 5:colcon.colcon_core.verb:set package 'unitree_legged_real' build argument 'ament_cmake_args' from command line to 'None'
[0.399s] Level 5:colcon.colcon_core.verb:set package 'unitree_legged_real' build argument 'catkin_cmake_args' from command line to 'None'
[0.399s] Level 5:colcon.colcon_core.verb:set package 'unitree_legged_real' build argument 'catkin_skip_building_tests' from command line to 'False'
[0.399s] DEBUG:colcon.colcon_core.verb:Building package 'unitree_legged_real' with the following arguments: {'ament_cmake_args': None, 'build_base': '/home/giszterlab/ros2_ws/build/unitree_legged_real', 'catkin_cmake_args': None, 'catkin_skip_building_tests': False, 'cmake_args': None, 'cmake_clean_cache': False, 'cmake_clean_first': False, 'cmake_force_configure': False, 'cmake_target': None, 'cmake_target_skip_unavailable': False, 'install_base': '/home/giszterlab/ros2_ws/install/unitree_legged_real', 'merge_install': False, 'path': '/home/giszterlab/ros2_ws/src/unitree_ros2_to_real', 'symlink_install': False, 'test_result_base': None}
[0.399s] INFO:colcon.colcon_core.executor:Executing jobs using 'parallel' executor
[0.400s] DEBUG:colcon.colcon_parallel_executor.executor.parallel:run_until_complete
[0.400s] INFO:colcon.colcon_ros.task.ament_cmake.build:Building ROS package in '/home/giszterlab/ros2_ws/src/ros2_unitree_legged_msgs' with build type 'ament_cmake'
[0.400s] INFO:colcon.colcon_cmake.task.cmake.build:Building CMake package in '/home/giszterlab/ros2_ws/src/ros2_unitree_legged_msgs'
[0.403s] INFO:colcon.colcon_core.plugin_system:Skipping extension 'colcon_core.shell.bat': Not used on non-Windows systems
[0.403s] INFO:colcon.colcon_core.shell:Skip shell extension 'powershell' for command environment: Not usable outside of PowerShell
[0.403s] DEBUG:colcon.colcon_core.shell:Skip shell extension 'dsv' for command environment
[0.412s] DEBUG:colcon.colcon_core.event_handler.log_command:Invoking command in '/home/giszterlab/ros2_ws/build/ros2_unitree_legged_msgs': CMAKE_PREFIX_PATH=${CMAKE_PREFIX_PATH}:/opt/ros/humble /usr/bin/cmake /home/giszterlab/ros2_ws/src/ros2_unitree_legged_msgs -DCMAKE_INSTALL_PREFIX=/home/giszterlab/ros2_ws/install/ros2_unitree_legged_msgs
[2.561s] DEBUG:colcon.colcon_core.event_handler.log_command:Invoked command in '/home/giszterlab/ros2_ws/build/ros2_unitree_legged_msgs' returned '0': CMAKE_PREFIX_PATH=${CMAKE_PREFIX_PATH}:/opt/ros/humble /usr/bin/cmake /home/giszterlab/ros2_ws/src/ros2_unitree_legged_msgs -DCMAKE_INSTALL_PREFIX=/home/giszterlab/ros2_ws/install/ros2_unitree_legged_msgs
[2.566s] DEBUG:colcon.colcon_core.event_handler.log_command:Invoking command in '/home/giszterlab/ros2_ws/build/ros2_unitree_legged_msgs': CMAKE_PREFIX_PATH=${CMAKE_PREFIX_PATH}:/opt/ros/humble /usr/bin/cmake --build /home/giszterlab/ros2_ws/build/ros2_unitree_legged_msgs -- -j8 -l8
[12.739s] DEBUG:colcon.colcon_core.event_handler.log_command:Invoked command in '/home/giszterlab/ros2_ws/build/ros2_unitree_legged_msgs' returned '0': CMAKE_PREFIX_PATH=${CMAKE_PREFIX_PATH}:/opt/ros/humble /usr/bin/cmake --build /home/giszterlab/ros2_ws/build/ros2_unitree_legged_msgs -- -j8 -l8
[12.747s] DEBUG:colcon.colcon_core.event_handler.log_command:Invoking command in '/home/giszterlab/ros2_ws/build/ros2_unitree_legged_msgs': CMAKE_PREFIX_PATH=${CMAKE_PREFIX_PATH}:/opt/ros/humble /usr/bin/cmake --install /home/giszterlab/ros2_ws/build/ros2_unitree_legged_msgs
[12.868s] Level 1:colcon.colcon_core.environment:create_environment_scripts_only(ros2_unitree_legged_msgs)
[12.869s] DEBUG:colcon.colcon_core.event_handler.log_command:Invoked command in '/home/giszterlab/ros2_ws/build/ros2_unitree_legged_msgs' returned '0': CMAKE_PREFIX_PATH=${CMAKE_PREFIX_PATH}:/opt/ros/humble /usr/bin/cmake --install /home/giszterlab/ros2_ws/build/ros2_unitree_legged_msgs
[12.875s] Level 1:colcon.colcon_core.environment:checking '/home/giszterlab/ros2_ws/install/ros2_unitree_legged_msgs' for CMake module files
[12.877s] Level 1:colcon.colcon_core.environment:checking '/home/giszterlab/ros2_ws/install/ros2_unitree_legged_msgs' for CMake config files
[12.878s] Level 1:colcon.colcon_core.shell:create_environment_hook('ros2_unitree_legged_msgs', 'cmake_prefix_path')
[12.878s] INFO:colcon.colcon_core.shell:Creating environment hook '/home/giszterlab/ros2_ws/install/ros2_unitree_legged_msgs/share/ros2_unitree_legged_msgs/hook/cmake_prefix_path.ps1'
[12.880s] INFO:colcon.colcon_core.shell:Creating environment descriptor '/home/giszterlab/ros2_ws/install/ros2_unitree_legged_msgs/share/ros2_unitree_legged_msgs/hook/cmake_prefix_path.dsv'
[12.881s] INFO:colcon.colcon_core.shell:Creating environment hook '/home/giszterlab/ros2_ws/install/ros2_unitree_legged_msgs/share/ros2_unitree_legged_msgs/hook/cmake_prefix_path.sh'
[12.883s] Level 1:colcon.colcon_core.environment:checking '/home/giszterlab/ros2_ws/install/ros2_unitree_legged_msgs/lib'
[12.883s] Level 1:colcon.colcon_core.shell:create_environment_hook('ros2_unitree_legged_msgs', 'ld_library_path_lib')
[12.884s] INFO:colcon.colcon_core.shell:Creating environment hook '/home/giszterlab/ros2_ws/install/ros2_unitree_legged_msgs/share/ros2_unitree_legged_msgs/hook/ld_library_path_lib.ps1'
[12.885s] INFO:colcon.colcon_core.shell:Creating environment descriptor '/home/giszterlab/ros2_ws/install/ros2_unitree_legged_msgs/share/ros2_unitree_legged_msgs/hook/ld_library_path_lib.dsv'
[12.886s] INFO:colcon.colcon_core.shell:Creating environment hook '/home/giszterlab/ros2_ws/install/ros2_unitree_legged_msgs/share/ros2_unitree_legged_msgs/hook/ld_library_path_lib.sh'
[12.887s] Level 1:colcon.colcon_core.environment:checking '/home/giszterlab/ros2_ws/install/ros2_unitree_legged_msgs/bin'
[12.887s] Level 1:colcon.colcon_core.environment:checking '/home/giszterlab/ros2_ws/install/ros2_unitree_legged_msgs/lib/pkgconfig/ros2_unitree_legged_msgs.pc'
[12.888s] Level 1:colcon.colcon_core.environment:checking '/home/giszterlab/ros2_ws/install/ros2_unitree_legged_msgs/lib/python3.10/site-packages'
[12.888s] Level 1:colcon.colcon_core.environment:checking '/home/giszterlab/ros2_ws/install/ros2_unitree_legged_msgs/bin'
[12.889s] INFO:colcon.colcon_core.shell:Creating package script '/home/giszterlab/ros2_ws/install/ros2_unitree_legged_msgs/share/ros2_unitree_legged_msgs/package.ps1'
[12.891s] INFO:colcon.colcon_core.shell:Creating package descriptor '/home/giszterlab/ros2_ws/install/ros2_unitree_legged_msgs/share/ros2_unitree_legged_msgs/package.dsv'
[12.893s] INFO:colcon.colcon_core.shell:Creating package script '/home/giszterlab/ros2_ws/install/ros2_unitree_legged_msgs/share/ros2_unitree_legged_msgs/package.sh'
[12.895s] INFO:colcon.colcon_core.shell:Creating package script '/home/giszterlab/ros2_ws/install/ros2_unitree_legged_msgs/share/ros2_unitree_legged_msgs/package.bash'
[12.896s] INFO:colcon.colcon_core.shell:Creating package script '/home/giszterlab/ros2_ws/install/ros2_unitree_legged_msgs/share/ros2_unitree_legged_msgs/package.zsh'
[12.898s] Level 1:colcon.colcon_core.environment:create_file_with_runtime_dependencies(/home/giszterlab/ros2_ws/install/ros2_unitree_legged_msgs/share/colcon-core/packages/ros2_unitree_legged_msgs)
[12.900s] Level 1:colcon.colcon_core.environment:create_environment_scripts_only(ros2_unitree_legged_msgs)
[12.901s] Level 1:colcon.colcon_core.environment:checking '/home/giszterlab/ros2_ws/install/ros2_unitree_legged_msgs' for CMake module files
[12.902s] Level 1:colcon.colcon_core.environment:checking '/home/giszterlab/ros2_ws/install/ros2_unitree_legged_msgs' for CMake config files
[12.903s] Level 1:colcon.colcon_core.shell:create_environment_hook('ros2_unitree_legged_msgs', 'cmake_prefix_path')
[12.904s] INFO:colcon.colcon_core.shell:Creating environment hook '/home/giszterlab/ros2_ws/install/ros2_unitree_legged_msgs/share/ros2_unitree_legged_msgs/hook/cmake_prefix_path.ps1'
[12.904s] INFO:colcon.colcon_core.shell:Creating environment descriptor '/home/giszterlab/ros2_ws/install/ros2_unitree_legged_msgs/share/ros2_unitree_legged_msgs/hook/cmake_prefix_path.dsv'
[12.905s] INFO:colcon.colcon_core.shell:Creating environment hook '/home/giszterlab/ros2_ws/install/ros2_unitree_legged_msgs/share/ros2_unitree_legged_msgs/hook/cmake_prefix_path.sh'
[12.907s] Level 1:colcon.colcon_core.environment:checking '/home/giszterlab/ros2_ws/install/ros2_unitree_legged_msgs/lib'
[12.907s] Level 1:colcon.colcon_core.shell:create_environment_hook('ros2_unitree_legged_msgs', 'ld_library_path_lib')
[12.907s] INFO:colcon.colcon_core.shell:Creating environment hook '/home/giszterlab/ros2_ws/install/ros2_unitree_legged_msgs/share/ros2_unitree_legged_msgs/hook/ld_library_path_lib.ps1'
[12.908s] INFO:colcon.colcon_core.shell:Creating environment descriptor '/home/giszterlab/ros2_ws/install/ros2_unitree_legged_msgs/share/ros2_unitree_legged_msgs/hook/ld_library_path_lib.dsv'
[12.909s] INFO:colcon.colcon_core.shell:Creating environment hook '/home/giszterlab/ros2_ws/install/ros2_unitree_legged_msgs/share/ros2_unitree_legged_msgs/hook/ld_library_path_lib.sh'
[12.910s] Level 1:colcon.colcon_core.environment:checking '/home/giszterlab/ros2_ws/install/ros2_unitree_legged_msgs/bin'
[12.910s] Level 1:colcon.colcon_core.environment:checking '/home/giszterlab/ros2_ws/install/ros2_unitree_legged_msgs/lib/pkgconfig/ros2_unitree_legged_msgs.pc'
[12.911s] Level 1:colcon.colcon_core.environment:checking '/home/giszterlab/ros2_ws/install/ros2_unitree_legged_msgs/lib/python3.10/site-packages'
[12.912s] Level 1:colcon.colcon_core.environment:checking '/home/giszterlab/ros2_ws/install/ros2_unitree_legged_msgs/bin'
[12.913s] INFO:colcon.colcon_core.shell:Creating package script '/home/giszterlab/ros2_ws/install/ros2_unitree_legged_msgs/share/ros2_unitree_legged_msgs/package.ps1'
[12.915s] INFO:colcon.colcon_core.shell:Creating package descriptor '/home/giszterlab/ros2_ws/install/ros2_unitree_legged_msgs/share/ros2_unitree_legged_msgs/package.dsv'
[12.916s] INFO:colcon.colcon_core.shell:Creating package script '/home/giszterlab/ros2_ws/install/ros2_unitree_legged_msgs/share/ros2_unitree_legged_msgs/package.sh'
[12.917s] INFO:colcon.colcon_core.shell:Creating package script '/home/giszterlab/ros2_ws/install/ros2_unitree_legged_msgs/share/ros2_unitree_legged_msgs/package.bash'
[12.917s] INFO:colcon.colcon_core.shell:Creating package script '/home/giszterlab/ros2_ws/install/ros2_unitree_legged_msgs/share/ros2_unitree_legged_msgs/package.zsh'
[12.918s] Level 1:colcon.colcon_core.environment:create_file_with_runtime_dependencies(/home/giszterlab/ros2_ws/install/ros2_unitree_legged_msgs/share/colcon-core/packages/ros2_unitree_legged_msgs)
[12.919s] INFO:colcon.colcon_ros.task.ament_cmake.build:Building ROS package in '/home/giszterlab/ros2_ws/src/unitree_ros2_to_real' with build type 'ament_cmake'
[12.919s] INFO:colcon.colcon_cmake.task.cmake.build:Building CMake package in '/home/giszterlab/ros2_ws/src/unitree_ros2_to_real'
[12.920s] INFO:colcon.colcon_core.shell:Skip shell extension 'powershell' for command environment: Not usable outside of PowerShell
[12.920s] DEBUG:colcon.colcon_core.shell:Skip shell extension 'dsv' for command environment
[12.935s] DEBUG:colcon.colcon_core.event_handler.log_command:Invoking command in '/home/giszterlab/ros2_ws/build/unitree_legged_real': AMENT_PREFIX_PATH=/home/giszterlab/ros2_ws/install/ros2_unitree_legged_msgs:${AMENT_PREFIX_PATH} CMAKE_PREFIX_PATH=/home/giszterlab/ros2_ws/install/ros2_unitree_legged_msgs:/usr/local:/opt/ros/humble LD_LIBRARY_PATH=/home/giszterlab/ros2_ws/install/ros2_unitree_legged_msgs/lib:${LD_LIBRARY_PATH} PYTHONPATH=/home/giszterlab/ros2_ws/install/ros2_unitree_legged_msgs/local/lib/python3.10/dist-packages:${PYTHONPATH} /usr/bin/cmake /home/giszterlab/ros2_ws/src/unitree_ros2_to_real -DCMAKE_INSTALL_PREFIX=/home/giszterlab/ros2_ws/install/unitree_legged_real
[14.320s] DEBUG:colcon.colcon_core.event_handler.log_command:Invoked command in '/home/giszterlab/ros2_ws/build/unitree_legged_real' returned '0': AMENT_PREFIX_PATH=/home/giszterlab/ros2_ws/install/ros2_unitree_legged_msgs:${AMENT_PREFIX_PATH} CMAKE_PREFIX_PATH=/home/giszterlab/ros2_ws/install/ros2_unitree_legged_msgs:/usr/local:/opt/ros/humble LD_LIBRARY_PATH=/home/giszterlab/ros2_ws/install/ros2_unitree_legged_msgs/lib:${LD_LIBRARY_PATH} PYTHONPATH=/home/giszterlab/ros2_ws/install/ros2_unitree_legged_msgs/local/lib/python3.10/dist-packages:${PYTHONPATH} /usr/bin/cmake /home/giszterlab/ros2_ws/src/unitree_ros2_to_real -DCMAKE_INSTALL_PREFIX=/home/giszterlab/ros2_ws/install/unitree_legged_real
[14.323s] DEBUG:colcon.colcon_core.event_handler.log_command:Invoking command in '/home/giszterlab/ros2_ws/build/unitree_legged_real': AMENT_PREFIX_PATH=/home/giszterlab/ros2_ws/install/ros2_unitree_legged_msgs:${AMENT_PREFIX_PATH} CMAKE_PREFIX_PATH=/home/giszterlab/ros2_ws/install/ros2_unitree_legged_msgs:/usr/local:/opt/ros/humble LD_LIBRARY_PATH=/home/giszterlab/ros2_ws/install/ros2_unitree_legged_msgs/lib:${LD_LIBRARY_PATH} PYTHONPATH=/home/giszterlab/ros2_ws/install/ros2_unitree_legged_msgs/local/lib/python3.10/dist-packages:${PYTHONPATH} /usr/bin/cmake --build /home/giszterlab/ros2_ws/build/unitree_legged_real -- -j8 -l8
[30.145s] DEBUG:colcon.colcon_core.event_handler.log_command:Invoked command in '/home/giszterlab/ros2_ws/build/unitree_legged_real' returned '0': AMENT_PREFIX_PATH=/home/giszterlab/ros2_ws/install/ros2_unitree_legged_msgs:${AMENT_PREFIX_PATH} CMAKE_PREFIX_PATH=/home/giszterlab/ros2_ws/install/ros2_unitree_legged_msgs:/usr/local:/opt/ros/humble LD_LIBRARY_PATH=/home/giszterlab/ros2_ws/install/ros2_unitree_legged_msgs/lib:${LD_LIBRARY_PATH} PYTHONPATH=/home/giszterlab/ros2_ws/install/ros2_unitree_legged_msgs/local/lib/python3.10/dist-packages:${PYTHONPATH} /usr/bin/cmake --build /home/giszterlab/ros2_ws/build/unitree_legged_real -- -j8 -l8
[30.147s] DEBUG:colcon.colcon_core.event_handler.log_command:Invoking command in '/home/giszterlab/ros2_ws/build/unitree_legged_real': AMENT_PREFIX_PATH=/home/giszterlab/ros2_ws/install/ros2_unitree_legged_msgs:${AMENT_PREFIX_PATH} CMAKE_PREFIX_PATH=/home/giszterlab/ros2_ws/install/ros2_unitree_legged_msgs:/usr/local:/opt/ros/humble LD_LIBRARY_PATH=/home/giszterlab/ros2_ws/install/ros2_unitree_legged_msgs/lib:${LD_LIBRARY_PATH} PYTHONPATH=/home/giszterlab/ros2_ws/install/ros2_unitree_legged_msgs/local/lib/python3.10/dist-packages:${PYTHONPATH} /usr/bin/cmake --install /home/giszterlab/ros2_ws/build/unitree_legged_real
[30.165s] Level 1:colcon.colcon_core.environment:create_environment_scripts_only(unitree_legged_real)
[30.166s] Level 1:colcon.colcon_core.environment:checking '/home/giszterlab/ros2_ws/install/unitree_legged_real' for CMake module files
[30.166s] DEBUG:colcon.colcon_core.event_handler.log_command:Invoked command in '/home/giszterlab/ros2_ws/build/unitree_legged_real' returned '0': AMENT_PREFIX_PATH=/home/giszterlab/ros2_ws/install/ros2_unitree_legged_msgs:${AMENT_PREFIX_PATH} CMAKE_PREFIX_PATH=/home/giszterlab/ros2_ws/install/ros2_unitree_legged_msgs:/usr/local:/opt/ros/humble LD_LIBRARY_PATH=/home/giszterlab/ros2_ws/install/ros2_unitree_legged_msgs/lib:${LD_LIBRARY_PATH} PYTHONPATH=/home/giszterlab/ros2_ws/install/ros2_unitree_legged_msgs/local/lib/python3.10/dist-packages:${PYTHONPATH} /usr/bin/cmake --install /home/giszterlab/ros2_ws/build/unitree_legged_real
[30.167s] Level 1:colcon.colcon_core.environment:checking '/home/giszterlab/ros2_ws/install/unitree_legged_real' for CMake config files
[30.168s] Level 1:colcon.colcon_core.shell:create_environment_hook('unitree_legged_real', 'cmake_prefix_path')
[30.169s] INFO:colcon.colcon_core.shell:Creating environment hook '/home/giszterlab/ros2_ws/install/unitree_legged_real/share/unitree_legged_real/hook/cmake_prefix_path.ps1'
[30.170s] INFO:colcon.colcon_core.shell:Creating environment descriptor '/home/giszterlab/ros2_ws/install/unitree_legged_real/share/unitree_legged_real/hook/cmake_prefix_path.dsv'
[30.171s] INFO:colcon.colcon_core.shell:Creating environment hook '/home/giszterlab/ros2_ws/install/unitree_legged_real/share/unitree_legged_real/hook/cmake_prefix_path.sh'
[30.172s] Level 1:colcon.colcon_core.environment:checking '/home/giszterlab/ros2_ws/install/unitree_legged_real/lib'
[30.172s] Level 1:colcon.colcon_core.environment:checking '/home/giszterlab/ros2_ws/install/unitree_legged_real/bin'
[30.172s] Level 1:colcon.colcon_core.environment:checking '/home/giszterlab/ros2_ws/install/unitree_legged_real/lib/pkgconfig/unitree_legged_real.pc'
[30.173s] Level 1:colcon.colcon_core.environment:checking '/home/giszterlab/ros2_ws/install/unitree_legged_real/lib/python3.10/site-packages'
[30.174s] Level 1:colcon.colcon_core.environment:checking '/home/giszterlab/ros2_ws/install/unitree_legged_real/bin'
[30.175s] INFO:colcon.colcon_core.shell:Creating package script '/home/giszterlab/ros2_ws/install/unitree_legged_real/share/unitree_legged_real/package.ps1'
[30.176s] INFO:colcon.colcon_core.shell:Creating package descriptor '/home/giszterlab/ros2_ws/install/unitree_legged_real/share/unitree_legged_real/package.dsv'
[30.177s] INFO:colcon.colcon_core.shell:Creating package script '/home/giszterlab/ros2_ws/install/unitree_legged_real/share/unitree_legged_real/package.sh'
[30.178s] INFO:colcon.colcon_core.shell:Creating package script '/home/giszterlab/ros2_ws/install/unitree_legged_real/share/unitree_legged_real/package.bash'
[30.179s] INFO:colcon.colcon_core.shell:Creating package script '/home/giszterlab/ros2_ws/install/unitree_legged_real/share/unitree_legged_real/package.zsh'
[30.180s] Level 1:colcon.colcon_core.environment:create_file_with_runtime_dependencies(/home/giszterlab/ros2_ws/install/unitree_legged_real/share/colcon-core/packages/unitree_legged_real)
[30.181s] Level 1:colcon.colcon_core.environment:create_environment_scripts_only(unitree_legged_real)
[30.182s] Level 1:colcon.colcon_core.environment:checking '/home/giszterlab/ros2_ws/install/unitree_legged_real' for CMake module files
[30.183s] Level 1:colcon.colcon_core.environment:checking '/home/giszterlab/ros2_ws/install/unitree_legged_real' for CMake config files
[30.184s] Level 1:colcon.colcon_core.shell:create_environment_hook('unitree_legged_real', 'cmake_prefix_path')
[30.184s] INFO:colcon.colcon_core.shell:Creating environment hook '/home/giszterlab/ros2_ws/install/unitree_legged_real/share/unitree_legged_real/hook/cmake_prefix_path.ps1'
[30.185s] INFO:colcon.colcon_core.shell:Creating environment descriptor '/home/giszterlab/ros2_ws/install/unitree_legged_real/share/unitree_legged_real/hook/cmake_prefix_path.dsv'
[30.186s] INFO:colcon.colcon_core.shell:Creating environment hook '/home/giszterlab/ros2_ws/install/unitree_legged_real/share/unitree_legged_real/hook/cmake_prefix_path.sh'
[30.187s] Level 1:colcon.colcon_core.environment:checking '/home/giszterlab/ros2_ws/install/unitree_legged_real/lib'
[30.188s] Level 1:colcon.colcon_core.environment:checking '/home/giszterlab/ros2_ws/install/unitree_legged_real/bin'
[30.188s] Level 1:colcon.colcon_core.environment:checking '/home/giszterlab/ros2_ws/install/unitree_legged_real/lib/pkgconfig/unitree_legged_real.pc'
[30.189s] Level 1:colcon.colcon_core.environment:checking '/home/giszterlab/ros2_ws/install/unitree_legged_real/lib/python3.10/site-packages'
[30.189s] Level 1:colcon.colcon_core.environment:checking '/home/giszterlab/ros2_ws/install/unitree_legged_real/bin'
[30.190s] INFO:colcon.colcon_core.shell:Creating package script '/home/giszterlab/ros2_ws/install/unitree_legged_real/share/unitree_legged_real/package.ps1'
[30.191s] INFO:colcon.colcon_core.shell:Creating package descriptor '/home/giszterlab/ros2_ws/install/unitree_legged_real/share/unitree_legged_real/package.dsv'
[30.192s] INFO:colcon.colcon_core.shell:Creating package script '/home/giszterlab/ros2_ws/install/unitree_legged_real/share/unitree_legged_real/package.sh'
[30.194s] INFO:colcon.colcon_core.shell:Creating package script '/home/giszterlab/ros2_ws/install/unitree_legged_real/share/unitree_legged_real/package.bash'
[30.195s] INFO:colcon.colcon_core.shell:Creating package script '/home/giszterlab/ros2_ws/install/unitree_legged_real/share/unitree_legged_real/package.zsh'
[30.196s] Level 1:colcon.colcon_core.environment:create_file_with_runtime_dependencies(/home/giszterlab/ros2_ws/install/unitree_legged_real/share/colcon-core/packages/unitree_legged_real)
[30.196s] DEBUG:colcon.colcon_parallel_executor.executor.parallel:closing loop
[30.197s] DEBUG:colcon.colcon_parallel_executor.executor.parallel:loop closed
[30.197s] DEBUG:colcon.colcon_parallel_executor.executor.parallel:run_until_complete finished with '0'
[30.197s] DEBUG:colcon.colcon_core.event_reactor:joining thread
[30.210s] INFO:colcon.colcon_core.plugin_system:Skipping extension 'colcon_notification.desktop_notification.terminal_notifier': Not used on non-Darwin systems
[30.211s] INFO:colcon.colcon_core.plugin_system:Skipping extension 'colcon_notification.desktop_notification.win32': Not used on non-Windows systems
[30.211s] INFO:colcon.colcon_notification.desktop_notification:Sending desktop notification using 'notify2'
[30.240s] DEBUG:colcon.colcon_core.event_reactor:joined thread
[30.241s] INFO:colcon.colcon_core.shell:Creating prefix script '/home/giszterlab/ros2_ws/install/local_setup.ps1'
[30.244s] INFO:colcon.colcon_core.shell:Creating prefix util module '/home/giszterlab/ros2_ws/install/_local_setup_util_ps1.py'
[30.248s] INFO:colcon.colcon_core.shell:Creating prefix chain script '/home/giszterlab/ros2_ws/install/setup.ps1'
[30.251s] INFO:colcon.colcon_core.shell:Creating prefix script '/home/giszterlab/ros2_ws/install/local_setup.sh'
[30.254s] INFO:colcon.colcon_core.shell:Creating prefix util module '/home/giszterlab/ros2_ws/install/_local_setup_util_sh.py'
[30.256s] INFO:colcon.colcon_core.shell:Creating prefix chain script '/home/giszterlab/ros2_ws/install/setup.sh'
[30.260s] INFO:colcon.colcon_core.shell:Creating prefix script '/home/giszterlab/ros2_ws/install/local_setup.bash'
[30.262s] INFO:colcon.colcon_core.shell:Creating prefix chain script '/home/giszterlab/ros2_ws/install/setup.bash'
[30.265s] INFO:colcon.colcon_core.shell:Creating prefix script '/home/giszterlab/ros2_ws/install/local_setup.zsh'
[30.267s] INFO:colcon.colcon_core.shell:Creating prefix chain script '/home/giszterlab/ros2_ws/install/setup.zsh'
