[0.117s] DEBUG:colcon:Command line arguments: ['/usr/bin/colcon', 'build', '--packages-select', 'impedance_controller_framework']
[0.117s] DEBUG:colcon:Parsed command line arguments: Namespace(log_base=None, log_level=None, verb_name='build', build_base='build', install_base='install', merge_install=False, symlink_install=False, test_result_base=None, continue_on_error=False, executor='parallel', parallel_workers=8, event_handlers=None, ignore_user_meta=False, metas=['./colcon.meta'], base_paths=['.'], packages_ignore=None, packages_ignore_regex=None, paths=None, packages_up_to=None, packages_up_to_regex=None, packages_above=None, packages_above_and_dependencies=None, packages_above_depth=None, packages_select_by_dep=None, packages_skip_by_dep=None, packages_skip_up_to=None, packages_select_build_failed=False, packages_skip_build_finished=False, packages_select_test_failures=False, packages_skip_test_passed=False, packages_select=['impedance_controller_framework'], packages_skip=None, packages_select_regex=None, packages_skip_regex=None, packages_start=None, packages_end=None, allow_overriding=[], cmake_args=None, cmake_target=None, cmake_target_skip_unavailable=False, cmake_clean_cache=False, cmake_clean_first=False, cmake_force_configure=False, ament_cmake_args=None, catkin_cmake_args=None, catkin_skip_building_tests=False, verb_parser=<colcon_defaults.argument_parser.defaults.DefaultArgumentsDecorator object at 0x7942b243b6a0>, verb_extension=<colcon_core.verb.build.BuildVerb object at 0x7942b2584a30>, main=<bound method BuildVerb.main of <colcon_core.verb.build.BuildVerb object at 0x7942b2584a30>>)
[0.304s] Level 1:colcon.colcon_core.package_discovery:discover_packages(colcon_meta) check parameters
[0.305s] Level 1:colcon.colcon_core.package_discovery:discover_packages(recursive) check parameters
[0.305s] Level 1:colcon.colcon_core.package_discovery:discover_packages(ignore) check parameters
[0.305s] Level 1:colcon.colcon_core.package_discovery:discover_packages(path) check parameters
[0.305s] Level 1:colcon.colcon_core.package_discovery:discover_packages(colcon_meta) discover
[0.305s] Level 1:colcon.colcon_core.package_discovery:discover_packages(recursive) discover
[0.305s] INFO:colcon.colcon_core.package_discovery:Crawling recursively for packages in '/home/giszterlab/Co-op3/Framework/go1_ws'
[0.305s] Level 1:colcon.colcon_core.package_identification:_identify(.) by extensions ['ignore', 'ignore_ament_install']
[0.305s] Level 1:colcon.colcon_core.package_identification:_identify(.) by extension 'ignore'
[0.305s] Level 1:colcon.colcon_core.package_identification:_identify(.) by extension 'ignore_ament_install'
[0.305s] Level 1:colcon.colcon_core.package_identification:_identify(.) by extensions ['colcon_pkg']
[0.305s] Level 1:colcon.colcon_core.package_identification:_identify(.) by extension 'colcon_pkg'
[0.305s] Level 1:colcon.colcon_core.package_identification:_identify(.) by extensions ['colcon_meta']
[0.305s] Level 1:colcon.colcon_core.package_identification:_identify(.) by extension 'colcon_meta'
[0.305s] Level 1:colcon.colcon_core.package_identification:_identify(.) by extensions ['ros']
[0.305s] Level 1:colcon.colcon_core.package_identification:_identify(.) by extension 'ros'
[0.317s] Level 1:colcon.colcon_core.package_identification:_identify(.) by extensions ['cmake', 'python']
[0.317s] Level 1:colcon.colcon_core.package_identification:_identify(.) by extension 'cmake'
[0.317s] Level 1:colcon.colcon_core.package_identification:_identify(.) by extension 'python'
[0.317s] Level 1:colcon.colcon_core.package_identification:_identify(.) by extensions ['python_setup_py']
[0.317s] Level 1:colcon.colcon_core.package_identification:_identify(.) by extension 'python_setup_py'
[0.317s] Level 1:colcon.colcon_core.package_identification:_identify(build) by extensions ['ignore', 'ignore_ament_install']
[0.317s] Level 1:colcon.colcon_core.package_identification:_identify(build) by extension 'ignore'
[0.318s] Level 1:colcon.colcon_core.package_identification:_identify(build) ignored
[0.318s] Level 1:colcon.colcon_core.package_identification:_identify(install) by extensions ['ignore', 'ignore_ament_install']
[0.318s] Level 1:colcon.colcon_core.package_identification:_identify(install) by extension 'ignore'
[0.318s] Level 1:colcon.colcon_core.package_identification:_identify(install) ignored
[0.318s] Level 1:colcon.colcon_core.package_identification:_identify(log) by extensions ['ignore', 'ignore_ament_install']
[0.318s] Level 1:colcon.colcon_core.package_identification:_identify(log) by extension 'ignore'
[0.318s] Level 1:colcon.colcon_core.package_identification:_identify(log) ignored
[0.318s] Level 1:colcon.colcon_core.package_identification:_identify(msg) by extensions ['ignore', 'ignore_ament_install']
[0.318s] Level 1:colcon.colcon_core.package_identification:_identify(msg) by extension 'ignore'
[0.318s] Level 1:colcon.colcon_core.package_identification:_identify(msg) by extension 'ignore_ament_install'
[0.318s] Level 1:colcon.colcon_core.package_identification:_identify(msg) by extensions ['colcon_pkg']
[0.318s] Level 1:colcon.colcon_core.package_identification:_identify(msg) by extension 'colcon_pkg'
[0.319s] Level 1:colcon.colcon_core.package_identification:_identify(msg) by extensions ['colcon_meta']
[0.319s] Level 1:colcon.colcon_core.package_identification:_identify(msg) by extension 'colcon_meta'
[0.319s] Level 1:colcon.colcon_core.package_identification:_identify(msg) by extensions ['ros']
[0.319s] Level 1:colcon.colcon_core.package_identification:_identify(msg) by extension 'ros'
[0.319s] Level 1:colcon.colcon_core.package_identification:_identify(msg) by extensions ['cmake', 'python']
[0.319s] Level 1:colcon.colcon_core.package_identification:_identify(msg) by extension 'cmake'
[0.319s] Level 1:colcon.colcon_core.package_identification:_identify(msg) by extension 'python'
[0.319s] Level 1:colcon.colcon_core.package_identification:_identify(msg) by extensions ['python_setup_py']
[0.319s] Level 1:colcon.colcon_core.package_identification:_identify(msg) by extension 'python_setup_py'
[0.319s] Level 1:colcon.colcon_core.package_identification:_identify(src) by extensions ['ignore', 'ignore_ament_install']
[0.319s] Level 1:colcon.colcon_core.package_identification:_identify(src) by extension 'ignore'
[0.319s] Level 1:colcon.colcon_core.package_identification:_identify(src) by extension 'ignore_ament_install'
[0.319s] Level 1:colcon.colcon_core.package_identification:_identify(src) by extensions ['colcon_pkg']
[0.319s] Level 1:colcon.colcon_core.package_identification:_identify(src) by extension 'colcon_pkg'
[0.319s] Level 1:colcon.colcon_core.package_identification:_identify(src) by extensions ['colcon_meta']
[0.319s] Level 1:colcon.colcon_core.package_identification:_identify(src) by extension 'colcon_meta'
[0.319s] Level 1:colcon.colcon_core.package_identification:_identify(src) by extensions ['ros']
[0.320s] Level 1:colcon.colcon_core.package_identification:_identify(src) by extension 'ros'
[0.320s] Level 1:colcon.colcon_core.package_identification:_identify(src) by extensions ['cmake', 'python']
[0.320s] Level 1:colcon.colcon_core.package_identification:_identify(src) by extension 'cmake'
[0.320s] Level 1:colcon.colcon_core.package_identification:_identify(src) by extension 'python'
[0.320s] Level 1:colcon.colcon_core.package_identification:_identify(src) by extensions ['python_setup_py']
[0.320s] Level 1:colcon.colcon_core.package_identification:_identify(src) by extension 'python_setup_py'
[0.320s] Level 1:colcon.colcon_core.package_identification:_identify(src/impedance_controller_framework) by extensions ['ignore', 'ignore_ament_install']
[0.320s] Level 1:colcon.colcon_core.package_identification:_identify(src/impedance_controller_framework) by extension 'ignore'
[0.320s] Level 1:colcon.colcon_core.package_identification:_identify(src/impedance_controller_framework) by extension 'ignore_ament_install'
[0.320s] Level 1:colcon.colcon_core.package_identification:_identify(src/impedance_controller_framework) by extensions ['colcon_pkg']
[0.320s] Level 1:colcon.colcon_core.package_identification:_identify(src/impedance_controller_framework) by extension 'colcon_pkg'
[0.320s] Level 1:colcon.colcon_core.package_identification:_identify(src/impedance_controller_framework) by extensions ['colcon_meta']
[0.320s] Level 1:colcon.colcon_core.package_identification:_identify(src/impedance_controller_framework) by extension 'colcon_meta'
[0.320s] Level 1:colcon.colcon_core.package_identification:_identify(src/impedance_controller_framework) by extensions ['ros']
[0.320s] Level 1:colcon.colcon_core.package_identification:_identify(src/impedance_controller_framework) by extension 'ros'
[0.323s] DEBUG:colcon.colcon_core.package_identification:Package 'src/impedance_controller_framework' with type 'ros.ament_cmake' and name 'impedance_controller_framework'
[0.323s] Level 1:colcon.colcon_core.package_identification:_identify(unitree_legged_sdk) by extensions ['ignore', 'ignore_ament_install']
[0.323s] Level 1:colcon.colcon_core.package_identification:_identify(unitree_legged_sdk) by extension 'ignore'
[0.323s] Level 1:colcon.colcon_core.package_identification:_identify(unitree_legged_sdk) by extension 'ignore_ament_install'
[0.323s] Level 1:colcon.colcon_core.package_identification:_identify(unitree_legged_sdk) by extensions ['colcon_pkg']
[0.323s] Level 1:colcon.colcon_core.package_identification:_identify(unitree_legged_sdk) by extension 'colcon_pkg'
[0.323s] Level 1:colcon.colcon_core.package_identification:_identify(unitree_legged_sdk) by extensions ['colcon_meta']
[0.323s] Level 1:colcon.colcon_core.package_identification:_identify(unitree_legged_sdk) by extension 'colcon_meta'
[0.323s] Level 1:colcon.colcon_core.package_identification:_identify(unitree_legged_sdk) by extensions ['ros']
[0.323s] Level 1:colcon.colcon_core.package_identification:_identify(unitree_legged_sdk) by extension 'ros'
[0.324s] DEBUG:colcon.colcon_core.package_identification:Package 'unitree_legged_sdk' with type 'ros.catkin' and name 'unitree_legged_sdk'
[0.324s] Level 1:colcon.colcon_core.package_identification:_identify(unitree_ws) by extensions ['ignore', 'ignore_ament_install']
[0.324s] Level 1:colcon.colcon_core.package_identification:_identify(unitree_ws) by extension 'ignore'
[0.324s] Level 1:colcon.colcon_core.package_identification:_identify(unitree_ws) by extension 'ignore_ament_install'
[0.324s] Level 1:colcon.colcon_core.package_identification:_identify(unitree_ws) by extensions ['colcon_pkg']
[0.324s] Level 1:colcon.colcon_core.package_identification:_identify(unitree_ws) by extension 'colcon_pkg'
[0.324s] Level 1:colcon.colcon_core.package_identification:_identify(unitree_ws) by extensions ['colcon_meta']
[0.324s] Level 1:colcon.colcon_core.package_identification:_identify(unitree_ws) by extension 'colcon_meta'
[0.324s] Level 1:colcon.colcon_core.package_identification:_identify(unitree_ws) by extensions ['ros']
[0.324s] Level 1:colcon.colcon_core.package_identification:_identify(unitree_ws) by extension 'ros'
[0.324s] Level 1:colcon.colcon_core.package_identification:_identify(unitree_ws) by extensions ['cmake', 'python']
[0.324s] Level 1:colcon.colcon_core.package_identification:_identify(unitree_ws) by extension 'cmake'
[0.325s] Level 1:colcon.colcon_core.package_identification:_identify(unitree_ws) by extension 'python'
[0.325s] Level 1:colcon.colcon_core.package_identification:_identify(unitree_ws) by extensions ['python_setup_py']
[0.325s] Level 1:colcon.colcon_core.package_identification:_identify(unitree_ws) by extension 'python_setup_py'
[0.325s] Level 1:colcon.colcon_core.package_identification:_identify(unitree_ws/build) by extensions ['ignore', 'ignore_ament_install']
[0.325s] Level 1:colcon.colcon_core.package_identification:_identify(unitree_ws/build) by extension 'ignore'
[0.325s] Level 1:colcon.colcon_core.package_identification:_identify(unitree_ws/build) ignored
[0.325s] Level 1:colcon.colcon_core.package_identification:_identify(unitree_ws/install) by extensions ['ignore', 'ignore_ament_install']
[0.325s] Level 1:colcon.colcon_core.package_identification:_identify(unitree_ws/install) by extension 'ignore'
[0.325s] Level 1:colcon.colcon_core.package_identification:_identify(unitree_ws/install) ignored
[0.325s] Level 1:colcon.colcon_core.package_identification:_identify(unitree_ws/log) by extensions ['ignore', 'ignore_ament_install']
[0.325s] Level 1:colcon.colcon_core.package_identification:_identify(unitree_ws/log) by extension 'ignore'
[0.325s] Level 1:colcon.colcon_core.package_identification:_identify(unitree_ws/log) ignored
[0.326s] Level 1:colcon.colcon_core.package_identification:_identify(unitree_ws/src) by extensions ['ignore', 'ignore_ament_install']
[0.326s] Level 1:colcon.colcon_core.package_identification:_identify(unitree_ws/src) by extension 'ignore'
[0.326s] Level 1:colcon.colcon_core.package_identification:_identify(unitree_ws/src) by extension 'ignore_ament_install'
[0.326s] Level 1:colcon.colcon_core.package_identification:_identify(unitree_ws/src) by extensions ['colcon_pkg']
[0.326s] Level 1:colcon.colcon_core.package_identification:_identify(unitree_ws/src) by extension 'colcon_pkg'
[0.326s] Level 1:colcon.colcon_core.package_identification:_identify(unitree_ws/src) by extensions ['colcon_meta']
[0.326s] Level 1:colcon.colcon_core.package_identification:_identify(unitree_ws/src) by extension 'colcon_meta'
[0.326s] Level 1:colcon.colcon_core.package_identification:_identify(unitree_ws/src) by extensions ['ros']
[0.326s] Level 1:colcon.colcon_core.package_identification:_identify(unitree_ws/src) by extension 'ros'
[0.326s] Level 1:colcon.colcon_core.package_identification:_identify(unitree_ws/src) by extensions ['cmake', 'python']
[0.326s] Level 1:colcon.colcon_core.package_identification:_identify(unitree_ws/src) by extension 'cmake'
[0.326s] Level 1:colcon.colcon_core.package_identification:_identify(unitree_ws/src) by extension 'python'
[0.326s] Level 1:colcon.colcon_core.package_identification:_identify(unitree_ws/src) by extensions ['python_setup_py']
[0.326s] Level 1:colcon.colcon_core.package_identification:_identify(unitree_ws/src) by extension 'python_setup_py'
[0.326s] Level 1:colcon.colcon_core.package_identification:_identify(unitree_ws/src/unitree_ros2) by extensions ['ignore', 'ignore_ament_install']
[0.326s] Level 1:colcon.colcon_core.package_identification:_identify(unitree_ws/src/unitree_ros2) by extension 'ignore'
[0.327s] Level 1:colcon.colcon_core.package_identification:_identify(unitree_ws/src/unitree_ros2) by extension 'ignore_ament_install'
[0.327s] Level 1:colcon.colcon_core.package_identification:_identify(unitree_ws/src/unitree_ros2) by extensions ['colcon_pkg']
[0.327s] Level 1:colcon.colcon_core.package_identification:_identify(unitree_ws/src/unitree_ros2) by extension 'colcon_pkg'
[0.327s] Level 1:colcon.colcon_core.package_identification:_identify(unitree_ws/src/unitree_ros2) by extensions ['colcon_meta']
[0.327s] Level 1:colcon.colcon_core.package_identification:_identify(unitree_ws/src/unitree_ros2) by extension 'colcon_meta'
[0.327s] Level 1:colcon.colcon_core.package_identification:_identify(unitree_ws/src/unitree_ros2) by extensions ['ros']
[0.327s] Level 1:colcon.colcon_core.package_identification:_identify(unitree_ws/src/unitree_ros2) by extension 'ros'
[0.327s] Level 1:colcon.colcon_core.package_identification:_identify(unitree_ws/src/unitree_ros2) by extensions ['cmake', 'python']
[0.327s] Level 1:colcon.colcon_core.package_identification:_identify(unitree_ws/src/unitree_ros2) by extension 'cmake'
[0.327s] Level 1:colcon.colcon_core.package_identification:_identify(unitree_ws/src/unitree_ros2) by extension 'python'
[0.327s] Level 1:colcon.colcon_core.package_identification:_identify(unitree_ws/src/unitree_ros2) by extensions ['python_setup_py']
[0.327s] Level 1:colcon.colcon_core.package_identification:_identify(unitree_ws/src/unitree_ros2) by extension 'python_setup_py'
[0.327s] Level 1:colcon.colcon_core.package_identification:_identify(unitree_ws/src/unitree_ros2/go1_description) by extensions ['ignore', 'ignore_ament_install']
[0.327s] Level 1:colcon.colcon_core.package_identification:_identify(unitree_ws/src/unitree_ros2/go1_description) by extension 'ignore'
[0.327s] Level 1:colcon.colcon_core.package_identification:_identify(unitree_ws/src/unitree_ros2/go1_description) by extension 'ignore_ament_install'
[0.327s] Level 1:colcon.colcon_core.package_identification:_identify(unitree_ws/src/unitree_ros2/go1_description) by extensions ['colcon_pkg']
[0.327s] Level 1:colcon.colcon_core.package_identification:_identify(unitree_ws/src/unitree_ros2/go1_description) by extension 'colcon_pkg'
[0.328s] Level 1:colcon.colcon_core.package_identification:_identify(unitree_ws/src/unitree_ros2/go1_description) by extensions ['colcon_meta']
[0.328s] Level 1:colcon.colcon_core.package_identification:_identify(unitree_ws/src/unitree_ros2/go1_description) by extension 'colcon_meta'
[0.328s] Level 1:colcon.colcon_core.package_identification:_identify(unitree_ws/src/unitree_ros2/go1_description) by extensions ['ros']
[0.328s] Level 1:colcon.colcon_core.package_identification:_identify(unitree_ws/src/unitree_ros2/go1_description) by extension 'ros'
[0.328s] DEBUG:colcon.colcon_core.package_identification:Package 'unitree_ws/src/unitree_ros2/go1_description' with type 'ros.ament_cmake' and name 'go1_description'
[0.328s] Level 1:colcon.colcon_core.package_identification:_identify(unitree_ws/src/unitree_ros2/ros2_unitree_legged_msgs) by extensions ['ignore', 'ignore_ament_install']
[0.329s] Level 1:colcon.colcon_core.package_identification:_identify(unitree_ws/src/unitree_ros2/ros2_unitree_legged_msgs) by extension 'ignore'
[0.329s] Level 1:colcon.colcon_core.package_identification:_identify(unitree_ws/src/unitree_ros2/ros2_unitree_legged_msgs) by extension 'ignore_ament_install'
[0.329s] Level 1:colcon.colcon_core.package_identification:_identify(unitree_ws/src/unitree_ros2/ros2_unitree_legged_msgs) by extensions ['colcon_pkg']
[0.329s] Level 1:colcon.colcon_core.package_identification:_identify(unitree_ws/src/unitree_ros2/ros2_unitree_legged_msgs) by extension 'colcon_pkg'
[0.329s] Level 1:colcon.colcon_core.package_identification:_identify(unitree_ws/src/unitree_ros2/ros2_unitree_legged_msgs) by extensions ['colcon_meta']
[0.329s] Level 1:colcon.colcon_core.package_identification:_identify(unitree_ws/src/unitree_ros2/ros2_unitree_legged_msgs) by extension 'colcon_meta'
[0.329s] Level 1:colcon.colcon_core.package_identification:_identify(unitree_ws/src/unitree_ros2/ros2_unitree_legged_msgs) by extensions ['ros']
[0.329s] Level 1:colcon.colcon_core.package_identification:_identify(unitree_ws/src/unitree_ros2/ros2_unitree_legged_msgs) by extension 'ros'
[0.329s] DEBUG:colcon.colcon_core.package_identification:Package 'unitree_ws/src/unitree_ros2/ros2_unitree_legged_msgs' with type 'ros.ament_cmake' and name 'ros2_unitree_legged_msgs'
[0.330s] Level 1:colcon.colcon_core.package_identification:_identify(unitree_ws/src/unitree_ros2/unitree_legged_real) by extensions ['ignore', 'ignore_ament_install']
[0.330s] Level 1:colcon.colcon_core.package_identification:_identify(unitree_ws/src/unitree_ros2/unitree_legged_real) by extension 'ignore'
[0.330s] Level 1:colcon.colcon_core.package_identification:_identify(unitree_ws/src/unitree_ros2/unitree_legged_real) by extension 'ignore_ament_install'
[0.330s] Level 1:colcon.colcon_core.package_identification:_identify(unitree_ws/src/unitree_ros2/unitree_legged_real) by extensions ['colcon_pkg']
[0.330s] Level 1:colcon.colcon_core.package_identification:_identify(unitree_ws/src/unitree_ros2/unitree_legged_real) by extension 'colcon_pkg'
[0.330s] Level 1:colcon.colcon_core.package_identification:_identify(unitree_ws/src/unitree_ros2/unitree_legged_real) by extensions ['colcon_meta']
[0.330s] Level 1:colcon.colcon_core.package_identification:_identify(unitree_ws/src/unitree_ros2/unitree_legged_real) by extension 'colcon_meta'
[0.330s] Level 1:colcon.colcon_core.package_identification:_identify(unitree_ws/src/unitree_ros2/unitree_legged_real) by extensions ['ros']
[0.330s] Level 1:colcon.colcon_core.package_identification:_identify(unitree_ws/src/unitree_ros2/unitree_legged_real) by extension 'ros'
[0.331s] DEBUG:colcon.colcon_core.package_identification:Package 'unitree_ws/src/unitree_ros2/unitree_legged_real' with type 'ros.ament_cmake' and name 'unitree_legged_real'
[0.331s] Level 1:colcon.colcon_core.package_discovery:discover_packages(recursive) using defaults
[0.331s] Level 1:colcon.colcon_core.package_discovery:discover_packages(ignore) discover
[0.331s] Level 1:colcon.colcon_core.package_discovery:discover_packages(ignore) using defaults
[0.331s] Level 1:colcon.colcon_core.package_discovery:discover_packages(path) discover
[0.331s] Level 1:colcon.colcon_core.package_discovery:discover_packages(path) using defaults
[0.361s] INFO:colcon.colcon_core.package_selection:Skipping not selected package 'go1_description' in 'unitree_ws/src/unitree_ros2/go1_description'
[0.361s] INFO:colcon.colcon_core.package_selection:Skipping not selected package 'ros2_unitree_legged_msgs' in 'unitree_ws/src/unitree_ros2/ros2_unitree_legged_msgs'
[0.361s] INFO:colcon.colcon_core.package_selection:Skipping not selected package 'unitree_legged_sdk' in 'unitree_legged_sdk'
[0.361s] INFO:colcon.colcon_core.package_selection:Skipping not selected package 'unitree_legged_real' in 'unitree_ws/src/unitree_ros2/unitree_legged_real'
[0.362s] Level 1:colcon.colcon_core.package_discovery:discover_packages(prefix_path) check parameters
[0.362s] Level 1:colcon.colcon_core.package_discovery:discover_packages(prefix_path) discover
[0.364s] DEBUG:colcon.colcon_installed_package_information.package_discovery:Found 323 installed packages in /opt/ros/humble
[0.366s] Level 1:colcon.colcon_core.package_discovery:discover_packages(prefix_path) using defaults
[0.411s] Level 5:colcon.colcon_core.verb:set package 'impedance_controller_framework' build argument 'cmake_args' from command line to 'None'
[0.411s] Level 5:colcon.colcon_core.verb:set package 'impedance_controller_framework' build argument 'cmake_target' from command line to 'None'
[0.411s] Level 5:colcon.colcon_core.verb:set package 'impedance_controller_framework' build argument 'cmake_target_skip_unavailable' from command line to 'False'
[0.411s] Level 5:colcon.colcon_core.verb:set package 'impedance_controller_framework' build argument 'cmake_clean_cache' from command line to 'False'
[0.411s] Level 5:colcon.colcon_core.verb:set package 'impedance_controller_framework' build argument 'cmake_clean_first' from command line to 'False'
[0.412s] Level 5:colcon.colcon_core.verb:set package 'impedance_controller_framework' build argument 'cmake_force_configure' from command line to 'False'
[0.412s] Level 5:colcon.colcon_core.verb:set package 'impedance_controller_framework' build argument 'ament_cmake_args' from command line to 'None'
[0.412s] Level 5:colcon.colcon_core.verb:set package 'impedance_controller_framework' build argument 'catkin_cmake_args' from command line to 'None'
[0.412s] Level 5:colcon.colcon_core.verb:set package 'impedance_controller_framework' build argument 'catkin_skip_building_tests' from command line to 'False'
[0.412s] DEBUG:colcon.colcon_core.verb:Building package 'impedance_controller_framework' with the following arguments: {'ament_cmake_args': None, 'build_base': '/home/giszterlab/Co-op3/Framework/go1_ws/build/impedance_controller_framework', 'catkin_cmake_args': None, 'catkin_skip_building_tests': False, 'cmake_args': None, 'cmake_clean_cache': False, 'cmake_clean_first': False, 'cmake_force_configure': False, 'cmake_target': None, 'cmake_target_skip_unavailable': False, 'install_base': '/home/giszterlab/Co-op3/Framework/go1_ws/install/impedance_controller_framework', 'merge_install': False, 'path': '/home/giszterlab/Co-op3/Framework/go1_ws/src/impedance_controller_framework', 'symlink_install': False, 'test_result_base': None}
[0.412s] INFO:colcon.colcon_core.executor:Executing jobs using 'parallel' executor
[0.413s] DEBUG:colcon.colcon_parallel_executor.executor.parallel:run_until_complete
[0.413s] INFO:colcon.colcon_ros.task.ament_cmake.build:Building ROS package in '/home/giszterlab/Co-op3/Framework/go1_ws/src/impedance_controller_framework' with build type 'ament_cmake'
[0.413s] INFO:colcon.colcon_cmake.task.cmake.build:Building CMake package in '/home/giszterlab/Co-op3/Framework/go1_ws/src/impedance_controller_framework'
[0.415s] INFO:colcon.colcon_core.plugin_system:Skipping extension 'colcon_core.shell.bat': Not used on non-Windows systems
[0.416s] INFO:colcon.colcon_core.shell:Skip shell extension 'powershell' for command environment: Not usable outside of PowerShell
[0.416s] DEBUG:colcon.colcon_core.shell:Skip shell extension 'dsv' for command environment
[0.424s] DEBUG:colcon.colcon_core.event_handler.log_command:Invoking command in '/home/giszterlab/Co-op3/Framework/go1_ws/build/impedance_controller_framework': CMAKE_PREFIX_PATH=${CMAKE_PREFIX_PATH}:/opt/ros/humble /usr/bin/cmake /home/giszterlab/Co-op3/Framework/go1_ws/src/impedance_controller_framework -DCMAKE_INSTALL_PREFIX=/home/giszterlab/Co-op3/Framework/go1_ws/install/impedance_controller_framework
[1.024s] DEBUG:colcon.colcon_core.event_handler.log_command:Invoked command in '/home/giszterlab/Co-op3/Framework/go1_ws/build/impedance_controller_framework' returned '0': CMAKE_PREFIX_PATH=${CMAKE_PREFIX_PATH}:/opt/ros/humble /usr/bin/cmake /home/giszterlab/Co-op3/Framework/go1_ws/src/impedance_controller_framework -DCMAKE_INSTALL_PREFIX=/home/giszterlab/Co-op3/Framework/go1_ws/install/impedance_controller_framework
[1.026s] DEBUG:colcon.colcon_core.event_handler.log_command:Invoking command in '/home/giszterlab/Co-op3/Framework/go1_ws/build/impedance_controller_framework': CMAKE_PREFIX_PATH=${CMAKE_PREFIX_PATH}:/opt/ros/humble /usr/bin/cmake --build /home/giszterlab/Co-op3/Framework/go1_ws/build/impedance_controller_framework -- -j8 -l8
[1.106s] DEBUG:colcon.colcon_core.event_handler.log_command:Invoked command in '/home/giszterlab/Co-op3/Framework/go1_ws/build/impedance_controller_framework' returned '2': CMAKE_PREFIX_PATH=${CMAKE_PREFIX_PATH}:/opt/ros/humble /usr/bin/cmake --build /home/giszterlab/Co-op3/Framework/go1_ws/build/impedance_controller_framework -- -j8 -l8
[1.107s] Level 1:colcon.colcon_core.environment:create_environment_scripts_only(impedance_controller_framework)
[1.114s] Level 1:colcon.colcon_core.environment:checking '/home/giszterlab/Co-op3/Framework/go1_ws/install/impedance_controller_framework' for CMake module files
[1.115s] Level 1:colcon.colcon_core.environment:checking '/home/giszterlab/Co-op3/Framework/go1_ws/install/impedance_controller_framework' for CMake config files
[1.115s] Level 1:colcon.colcon_core.environment:checking '/home/giszterlab/Co-op3/Framework/go1_ws/install/impedance_controller_framework/bin'
[1.115s] Level 1:colcon.colcon_core.environment:checking '/home/giszterlab/Co-op3/Framework/go1_ws/install/impedance_controller_framework/lib/pkgconfig/impedance_controller_framework.pc'
[1.116s] Level 1:colcon.colcon_core.environment:checking '/home/giszterlab/Co-op3/Framework/go1_ws/install/impedance_controller_framework/lib/python3.10/site-packages'
[1.116s] Level 1:colcon.colcon_core.environment:checking '/home/giszterlab/Co-op3/Framework/go1_ws/install/impedance_controller_framework/bin'
[1.116s] INFO:colcon.colcon_core.shell:Creating package script '/home/giszterlab/Co-op3/Framework/go1_ws/install/impedance_controller_framework/share/impedance_controller_framework/package.ps1'
[1.117s] INFO:colcon.colcon_core.shell:Creating package descriptor '/home/giszterlab/Co-op3/Framework/go1_ws/install/impedance_controller_framework/share/impedance_controller_framework/package.dsv'
[1.118s] INFO:colcon.colcon_core.shell:Creating package script '/home/giszterlab/Co-op3/Framework/go1_ws/install/impedance_controller_framework/share/impedance_controller_framework/package.sh'
[1.119s] INFO:colcon.colcon_core.shell:Creating package script '/home/giszterlab/Co-op3/Framework/go1_ws/install/impedance_controller_framework/share/impedance_controller_framework/package.bash'
[1.121s] INFO:colcon.colcon_core.shell:Creating package script '/home/giszterlab/Co-op3/Framework/go1_ws/install/impedance_controller_framework/share/impedance_controller_framework/package.zsh'
[1.124s] Level 1:colcon.colcon_core.environment:create_file_with_runtime_dependencies(/home/giszterlab/Co-op3/Framework/go1_ws/install/impedance_controller_framework/share/colcon-core/packages/impedance_controller_framework)
[1.135s] DEBUG:colcon.colcon_parallel_executor.executor.parallel:closing loop
[1.135s] DEBUG:colcon.colcon_parallel_executor.executor.parallel:loop closed
[1.135s] DEBUG:colcon.colcon_parallel_executor.executor.parallel:run_until_complete finished with '2'
[1.136s] DEBUG:colcon.colcon_core.event_reactor:joining thread
[1.147s] INFO:colcon.colcon_core.plugin_system:Skipping extension 'colcon_notification.desktop_notification.terminal_notifier': Not used on non-Darwin systems
[1.147s] INFO:colcon.colcon_core.plugin_system:Skipping extension 'colcon_notification.desktop_notification.win32': Not used on non-Windows systems
[1.147s] INFO:colcon.colcon_notification.desktop_notification:Sending desktop notification using 'notify2'
[1.164s] DEBUG:colcon.colcon_core.event_reactor:joined thread
[1.164s] INFO:colcon.colcon_core.shell:Creating prefix script '/home/giszterlab/Co-op3/Framework/go1_ws/install/local_setup.ps1'
[1.167s] INFO:colcon.colcon_core.shell:Creating prefix util module '/home/giszterlab/Co-op3/Framework/go1_ws/install/_local_setup_util_ps1.py'
[1.171s] INFO:colcon.colcon_core.shell:Creating prefix chain script '/home/giszterlab/Co-op3/Framework/go1_ws/install/setup.ps1'
[1.173s] INFO:colcon.colcon_core.shell:Creating prefix script '/home/giszterlab/Co-op3/Framework/go1_ws/install/local_setup.sh'
[1.175s] INFO:colcon.colcon_core.shell:Creating prefix util module '/home/giszterlab/Co-op3/Framework/go1_ws/install/_local_setup_util_sh.py'
[1.176s] INFO:colcon.colcon_core.shell:Creating prefix chain script '/home/giszterlab/Co-op3/Framework/go1_ws/install/setup.sh'
[1.179s] INFO:colcon.colcon_core.shell:Creating prefix script '/home/giszterlab/Co-op3/Framework/go1_ws/install/local_setup.bash'
[1.180s] INFO:colcon.colcon_core.shell:Creating prefix chain script '/home/giszterlab/Co-op3/Framework/go1_ws/install/setup.bash'
[1.183s] INFO:colcon.colcon_core.shell:Creating prefix script '/home/giszterlab/Co-op3/Framework/go1_ws/install/local_setup.zsh'
[1.184s] INFO:colcon.colcon_core.shell:Creating prefix chain script '/home/giszterlab/Co-op3/Framework/go1_ws/install/setup.zsh'
