[0.118s] DEBUG:colcon:Command line arguments: ['/usr/bin/colcon', 'build']
[0.118s] DEBUG:colcon:Parsed command line arguments: Namespace(log_base=None, log_level=None, verb_name='build', build_base='build', install_base='install', merge_install=False, symlink_install=False, test_result_base=None, continue_on_error=False, executor='parallel', parallel_workers=8, event_handlers=None, ignore_user_meta=False, metas=['./colcon.meta'], base_paths=['.'], packages_ignore=None, packages_ignore_regex=None, paths=None, packages_up_to=None, packages_up_to_regex=None, packages_above=None, packages_above_and_dependencies=None, packages_above_depth=None, packages_select_by_dep=None, packages_skip_by_dep=None, packages_skip_up_to=None, packages_select_build_failed=False, packages_skip_build_finished=False, packages_select_test_failures=False, packages_skip_test_passed=False, packages_select=None, packages_skip=None, packages_select_regex=None, packages_skip_regex=None, packages_start=None, packages_end=None, allow_overriding=[], cmake_args=None, cmake_target=None, cmake_target_skip_unavailable=False, cmake_clean_cache=False, cmake_clean_first=False, cmake_force_configure=False, ament_cmake_args=None, catkin_cmake_args=None, catkin_skip_building_tests=False, verb_parser=<colcon_defaults.argument_parser.defaults.DefaultArgumentsDecorator object at 0x7c5577e37bb0>, verb_extension=<colcon_core.verb.build.BuildVerb object at 0x7c5577f80f40>, main=<bound method BuildVerb.main of <colcon_core.verb.build.BuildVerb object at 0x7c5577f80f40>>)
[0.311s] Level 1:colcon.colcon_core.package_discovery:discover_packages(colcon_meta) check parameters
[0.311s] Level 1:colcon.colcon_core.package_discovery:discover_packages(recursive) check parameters
[0.311s] Level 1:colcon.colcon_core.package_discovery:discover_packages(ignore) check parameters
[0.311s] Level 1:colcon.colcon_core.package_discovery:discover_packages(path) check parameters
[0.311s] Level 1:colcon.colcon_core.package_discovery:discover_packages(colcon_meta) discover
[0.311s] Level 1:colcon.colcon_core.package_discovery:discover_packages(recursive) discover
[0.312s] INFO:colcon.colcon_core.package_discovery:Crawling recursively for packages in '/home/giszterlab/USING/Framework/unitree_ws'
[0.312s] Level 1:colcon.colcon_core.package_identification:_identify(.) by extensions ['ignore', 'ignore_ament_install']
[0.312s] Level 1:colcon.colcon_core.package_identification:_identify(.) by extension 'ignore'
[0.312s] Level 1:colcon.colcon_core.package_identification:_identify(.) by extension 'ignore_ament_install'
[0.312s] Level 1:colcon.colcon_core.package_identification:_identify(.) by extensions ['colcon_pkg']
[0.312s] Level 1:colcon.colcon_core.package_identification:_identify(.) by extension 'colcon_pkg'
[0.312s] Level 1:colcon.colcon_core.package_identification:_identify(.) by extensions ['colcon_meta']
[0.312s] Level 1:colcon.colcon_core.package_identification:_identify(.) by extension 'colcon_meta'
[0.312s] Level 1:colcon.colcon_core.package_identification:_identify(.) by extensions ['ros']
[0.312s] Level 1:colcon.colcon_core.package_identification:_identify(.) by extension 'ros'
[0.324s] Level 1:colcon.colcon_core.package_identification:_identify(.) by extensions ['cmake', 'python']
[0.324s] Level 1:colcon.colcon_core.package_identification:_identify(.) by extension 'cmake'
[0.324s] Level 1:colcon.colcon_core.package_identification:_identify(.) by extension 'python'
[0.324s] Level 1:colcon.colcon_core.package_identification:_identify(.) by extensions ['python_setup_py']
[0.324s] Level 1:colcon.colcon_core.package_identification:_identify(.) by extension 'python_setup_py'
[0.324s] Level 1:colcon.colcon_core.package_identification:_identify(build) by extensions ['ignore', 'ignore_ament_install']
[0.324s] Level 1:colcon.colcon_core.package_identification:_identify(build) by extension 'ignore'
[0.324s] Level 1:colcon.colcon_core.package_identification:_identify(build) ignored
[0.324s] Level 1:colcon.colcon_core.package_identification:_identify(install) by extensions ['ignore', 'ignore_ament_install']
[0.325s] Level 1:colcon.colcon_core.package_identification:_identify(install) by extension 'ignore'
[0.325s] Level 1:colcon.colcon_core.package_identification:_identify(install) ignored
[0.325s] Level 1:colcon.colcon_core.package_identification:_identify(log) by extensions ['ignore', 'ignore_ament_install']
[0.325s] Level 1:colcon.colcon_core.package_identification:_identify(log) by extension 'ignore'
[0.325s] Level 1:colcon.colcon_core.package_identification:_identify(log) ignored
[0.325s] Level 1:colcon.colcon_core.package_identification:_identify(src) by extensions ['ignore', 'ignore_ament_install']
[0.325s] Level 1:colcon.colcon_core.package_identification:_identify(src) by extension 'ignore'
[0.325s] Level 1:colcon.colcon_core.package_identification:_identify(src) by extension 'ignore_ament_install'
[0.325s] Level 1:colcon.colcon_core.package_identification:_identify(src) by extensions ['colcon_pkg']
[0.325s] Level 1:colcon.colcon_core.package_identification:_identify(src) by extension 'colcon_pkg'
[0.325s] Level 1:colcon.colcon_core.package_identification:_identify(src) by extensions ['colcon_meta']
[0.325s] Level 1:colcon.colcon_core.package_identification:_identify(src) by extension 'colcon_meta'
[0.325s] Level 1:colcon.colcon_core.package_identification:_identify(src) by extensions ['ros']
[0.325s] Level 1:colcon.colcon_core.package_identification:_identify(src) by extension 'ros'
[0.325s] Level 1:colcon.colcon_core.package_identification:_identify(src) by extensions ['cmake', 'python']
[0.326s] Level 1:colcon.colcon_core.package_identification:_identify(src) by extension 'cmake'
[0.326s] Level 1:colcon.colcon_core.package_identification:_identify(src) by extension 'python'
[0.326s] Level 1:colcon.colcon_core.package_identification:_identify(src) by extensions ['python_setup_py']
[0.326s] Level 1:colcon.colcon_core.package_identification:_identify(src) by extension 'python_setup_py'
[0.326s] Level 1:colcon.colcon_core.package_identification:_identify(src/unitree_ros2) by extensions ['ignore', 'ignore_ament_install']
[0.326s] Level 1:colcon.colcon_core.package_identification:_identify(src/unitree_ros2) by extension 'ignore'
[0.326s] Level 1:colcon.colcon_core.package_identification:_identify(src/unitree_ros2) by extension 'ignore_ament_install'
[0.326s] Level 1:colcon.colcon_core.package_identification:_identify(src/unitree_ros2) by extensions ['colcon_pkg']
[0.326s] Level 1:colcon.colcon_core.package_identification:_identify(src/unitree_ros2) by extension 'colcon_pkg'
[0.326s] Level 1:colcon.colcon_core.package_identification:_identify(src/unitree_ros2) by extensions ['colcon_meta']
[0.326s] Level 1:colcon.colcon_core.package_identification:_identify(src/unitree_ros2) by extension 'colcon_meta'
[0.326s] Level 1:colcon.colcon_core.package_identification:_identify(src/unitree_ros2) by extensions ['ros']
[0.326s] Level 1:colcon.colcon_core.package_identification:_identify(src/unitree_ros2) by extension 'ros'
[0.326s] Level 1:colcon.colcon_core.package_identification:_identify(src/unitree_ros2) by extensions ['cmake', 'python']
[0.326s] Level 1:colcon.colcon_core.package_identification:_identify(src/unitree_ros2) by extension 'cmake'
[0.326s] Level 1:colcon.colcon_core.package_identification:_identify(src/unitree_ros2) by extension 'python'
[0.326s] Level 1:colcon.colcon_core.package_identification:_identify(src/unitree_ros2) by extensions ['python_setup_py']
[0.326s] Level 1:colcon.colcon_core.package_identification:_identify(src/unitree_ros2) by extension 'python_setup_py'
[0.327s] Level 1:colcon.colcon_core.package_identification:_identify(src/unitree_ros2/go1_description) by extensions ['ignore', 'ignore_ament_install']
[0.327s] Level 1:colcon.colcon_core.package_identification:_identify(src/unitree_ros2/go1_description) by extension 'ignore'
[0.327s] Level 1:colcon.colcon_core.package_identification:_identify(src/unitree_ros2/go1_description) by extension 'ignore_ament_install'
[0.327s] Level 1:colcon.colcon_core.package_identification:_identify(src/unitree_ros2/go1_description) by extensions ['colcon_pkg']
[0.327s] Level 1:colcon.colcon_core.package_identification:_identify(src/unitree_ros2/go1_description) by extension 'colcon_pkg'
[0.327s] Level 1:colcon.colcon_core.package_identification:_identify(src/unitree_ros2/go1_description) by extensions ['colcon_meta']
[0.327s] Level 1:colcon.colcon_core.package_identification:_identify(src/unitree_ros2/go1_description) by extension 'colcon_meta'
[0.327s] Level 1:colcon.colcon_core.package_identification:_identify(src/unitree_ros2/go1_description) by extensions ['ros']
[0.327s] Level 1:colcon.colcon_core.package_identification:_identify(src/unitree_ros2/go1_description) by extension 'ros'
[0.329s] DEBUG:colcon.colcon_core.package_identification:Package 'src/unitree_ros2/go1_description' with type 'ros.ament_cmake' and name 'go1_description'
[0.329s] Level 1:colcon.colcon_core.package_identification:_identify(src/unitree_ros2/ros2_unitree_legged_msgs) by extensions ['ignore', 'ignore_ament_install']
[0.330s] Level 1:colcon.colcon_core.package_identification:_identify(src/unitree_ros2/ros2_unitree_legged_msgs) by extension 'ignore'
[0.330s] Level 1:colcon.colcon_core.package_identification:_identify(src/unitree_ros2/ros2_unitree_legged_msgs) by extension 'ignore_ament_install'
[0.330s] Level 1:colcon.colcon_core.package_identification:_identify(src/unitree_ros2/ros2_unitree_legged_msgs) by extensions ['colcon_pkg']
[0.330s] Level 1:colcon.colcon_core.package_identification:_identify(src/unitree_ros2/ros2_unitree_legged_msgs) by extension 'colcon_pkg'
[0.330s] Level 1:colcon.colcon_core.package_identification:_identify(src/unitree_ros2/ros2_unitree_legged_msgs) by extensions ['colcon_meta']
[0.330s] Level 1:colcon.colcon_core.package_identification:_identify(src/unitree_ros2/ros2_unitree_legged_msgs) by extension 'colcon_meta'
[0.330s] Level 1:colcon.colcon_core.package_identification:_identify(src/unitree_ros2/ros2_unitree_legged_msgs) by extensions ['ros']
[0.330s] Level 1:colcon.colcon_core.package_identification:_identify(src/unitree_ros2/ros2_unitree_legged_msgs) by extension 'ros'
[0.331s] DEBUG:colcon.colcon_core.package_identification:Package 'src/unitree_ros2/ros2_unitree_legged_msgs' with type 'ros.ament_cmake' and name 'ros2_unitree_legged_msgs'
[0.331s] Level 1:colcon.colcon_core.package_identification:_identify(src/unitree_ros2/unitree_legged_real) by extensions ['ignore', 'ignore_ament_install']
[0.331s] Level 1:colcon.colcon_core.package_identification:_identify(src/unitree_ros2/unitree_legged_real) by extension 'ignore'
[0.331s] Level 1:colcon.colcon_core.package_identification:_identify(src/unitree_ros2/unitree_legged_real) by extension 'ignore_ament_install'
[0.331s] Level 1:colcon.colcon_core.package_identification:_identify(src/unitree_ros2/unitree_legged_real) by extensions ['colcon_pkg']
[0.331s] Level 1:colcon.colcon_core.package_identification:_identify(src/unitree_ros2/unitree_legged_real) by extension 'colcon_pkg'
[0.331s] Level 1:colcon.colcon_core.package_identification:_identify(src/unitree_ros2/unitree_legged_real) by extensions ['colcon_meta']
[0.331s] Level 1:colcon.colcon_core.package_identification:_identify(src/unitree_ros2/unitree_legged_real) by extension 'colcon_meta'
[0.331s] Level 1:colcon.colcon_core.package_identification:_identify(src/unitree_ros2/unitree_legged_real) by extensions ['ros']
[0.331s] Level 1:colcon.colcon_core.package_identification:_identify(src/unitree_ros2/unitree_legged_real) by extension 'ros'
[0.332s] DEBUG:colcon.colcon_core.package_identification:Package 'src/unitree_ros2/unitree_legged_real' with type 'ros.ament_cmake' and name 'unitree_legged_real'
[0.332s] Level 1:colcon.colcon_core.package_discovery:discover_packages(recursive) using defaults
[0.332s] Level 1:colcon.colcon_core.package_discovery:discover_packages(ignore) discover
[0.332s] Level 1:colcon.colcon_core.package_discovery:discover_packages(ignore) using defaults
[0.332s] Level 1:colcon.colcon_core.package_discovery:discover_packages(path) discover
[0.332s] Level 1:colcon.colcon_core.package_discovery:discover_packages(path) using defaults
[0.367s] Level 1:colcon.colcon_core.package_discovery:discover_packages(prefix_path) check parameters
[0.367s] Level 1:colcon.colcon_core.package_discovery:discover_packages(prefix_path) discover
[0.370s] DEBUG:colcon.colcon_installed_package_information.package_discovery:Found 323 installed packages in /opt/ros/humble
[0.371s] Level 1:colcon.colcon_core.package_discovery:discover_packages(prefix_path) using defaults
[0.424s] Level 5:colcon.colcon_core.verb:set package 'go1_description' build argument 'cmake_args' from command line to 'None'
[0.424s] Level 5:colcon.colcon_core.verb:set package 'go1_description' build argument 'cmake_target' from command line to 'None'
[0.424s] Level 5:colcon.colcon_core.verb:set package 'go1_description' build argument 'cmake_target_skip_unavailable' from command line to 'False'
[0.424s] Level 5:colcon.colcon_core.verb:set package 'go1_description' build argument 'cmake_clean_cache' from command line to 'False'
[0.424s] Level 5:colcon.colcon_core.verb:set package 'go1_description' build argument 'cmake_clean_first' from command line to 'False'
[0.424s] Level 5:colcon.colcon_core.verb:set package 'go1_description' build argument 'cmake_force_configure' from command line to 'False'
[0.424s] Level 5:colcon.colcon_core.verb:set package 'go1_description' build argument 'ament_cmake_args' from command line to 'None'
[0.424s] Level 5:colcon.colcon_core.verb:set package 'go1_description' build argument 'catkin_cmake_args' from command line to 'None'
[0.424s] Level 5:colcon.colcon_core.verb:set package 'go1_description' build argument 'catkin_skip_building_tests' from command line to 'False'
[0.424s] DEBUG:colcon.colcon_core.verb:Building package 'go1_description' with the following arguments: {'ament_cmake_args': None, 'build_base': '/home/giszterlab/USING/Framework/unitree_ws/build/go1_description', 'catkin_cmake_args': None, 'catkin_skip_building_tests': False, 'cmake_args': None, 'cmake_clean_cache': False, 'cmake_clean_first': False, 'cmake_force_configure': False, 'cmake_target': None, 'cmake_target_skip_unavailable': False, 'install_base': '/home/giszterlab/USING/Framework/unitree_ws/install/go1_description', 'merge_install': False, 'path': '/home/giszterlab/USING/Framework/unitree_ws/src/unitree_ros2/go1_description', 'symlink_install': False, 'test_result_base': None}
[0.425s] Level 5:colcon.colcon_core.verb:set package 'ros2_unitree_legged_msgs' build argument 'cmake_args' from command line to 'None'
[0.425s] Level 5:colcon.colcon_core.verb:set package 'ros2_unitree_legged_msgs' build argument 'cmake_target' from command line to 'None'
[0.425s] Level 5:colcon.colcon_core.verb:set package 'ros2_unitree_legged_msgs' build argument 'cmake_target_skip_unavailable' from command line to 'False'
[0.425s] Level 5:colcon.colcon_core.verb:set package 'ros2_unitree_legged_msgs' build argument 'cmake_clean_cache' from command line to 'False'
[0.425s] Level 5:colcon.colcon_core.verb:set package 'ros2_unitree_legged_msgs' build argument 'cmake_clean_first' from command line to 'False'
[0.425s] Level 5:colcon.colcon_core.verb:set package 'ros2_unitree_legged_msgs' build argument 'cmake_force_configure' from command line to 'False'
[0.425s] Level 5:colcon.colcon_core.verb:set package 'ros2_unitree_legged_msgs' build argument 'ament_cmake_args' from command line to 'None'
[0.425s] Level 5:colcon.colcon_core.verb:set package 'ros2_unitree_legged_msgs' build argument 'catkin_cmake_args' from command line to 'None'
[0.425s] Level 5:colcon.colcon_core.verb:set package 'ros2_unitree_legged_msgs' build argument 'catkin_skip_building_tests' from command line to 'False'
[0.425s] DEBUG:colcon.colcon_core.verb:Building package 'ros2_unitree_legged_msgs' with the following arguments: {'ament_cmake_args': None, 'build_base': '/home/giszterlab/USING/Framework/unitree_ws/build/ros2_unitree_legged_msgs', 'catkin_cmake_args': None, 'catkin_skip_building_tests': False, 'cmake_args': None, 'cmake_clean_cache': False, 'cmake_clean_first': False, 'cmake_force_configure': False, 'cmake_target': None, 'cmake_target_skip_unavailable': False, 'install_base': '/home/giszterlab/USING/Framework/unitree_ws/install/ros2_unitree_legged_msgs', 'merge_install': False, 'path': '/home/giszterlab/USING/Framework/unitree_ws/src/unitree_ros2/ros2_unitree_legged_msgs', 'symlink_install': False, 'test_result_base': None}
[0.425s] Level 5:colcon.colcon_core.verb:set package 'unitree_legged_real' build argument 'cmake_args' from command line to 'None'
[0.425s] Level 5:colcon.colcon_core.verb:set package 'unitree_legged_real' build argument 'cmake_target' from command line to 'None'
[0.426s] Level 5:colcon.colcon_core.verb:set package 'unitree_legged_real' build argument 'cmake_target_skip_unavailable' from command line to 'False'
[0.426s] Level 5:colcon.colcon_core.verb:set package 'unitree_legged_real' build argument 'cmake_clean_cache' from command line to 'False'
[0.426s] Level 5:colcon.colcon_core.verb:set package 'unitree_legged_real' build argument 'cmake_clean_first' from command line to 'False'
[0.426s] Level 5:colcon.colcon_core.verb:set package 'unitree_legged_real' build argument 'cmake_force_configure' from command line to 'False'
[0.426s] Level 5:colcon.colcon_core.verb:set package 'unitree_legged_real' build argument 'ament_cmake_args' from command line to 'None'
[0.426s] Level 5:colcon.colcon_core.verb:set package 'unitree_legged_real' build argument 'catkin_cmake_args' from command line to 'None'
[0.426s] Level 5:colcon.colcon_core.verb:set package 'unitree_legged_real' build argument 'catkin_skip_building_tests' from command line to 'False'
[0.426s] DEBUG:colcon.colcon_core.verb:Building package 'unitree_legged_real' with the following arguments: {'ament_cmake_args': None, 'build_base': '/home/giszterlab/USING/Framework/unitree_ws/build/unitree_legged_real', 'catkin_cmake_args': None, 'catkin_skip_building_tests': False, 'cmake_args': None, 'cmake_clean_cache': False, 'cmake_clean_first': False, 'cmake_force_configure': False, 'cmake_target': None, 'cmake_target_skip_unavailable': False, 'install_base': '/home/giszterlab/USING/Framework/unitree_ws/install/unitree_legged_real', 'merge_install': False, 'path': '/home/giszterlab/USING/Framework/unitree_ws/src/unitree_ros2/unitree_legged_real', 'symlink_install': False, 'test_result_base': None}
[0.426s] INFO:colcon.colcon_core.executor:Executing jobs using 'parallel' executor
[0.427s] DEBUG:colcon.colcon_parallel_executor.executor.parallel:run_until_complete
[0.427s] INFO:colcon.colcon_ros.task.ament_cmake.build:Building ROS package in '/home/giszterlab/USING/Framework/unitree_ws/src/unitree_ros2/ros2_unitree_legged_msgs' with build type 'ament_cmake'
[0.427s] INFO:colcon.colcon_cmake.task.cmake.build:Building CMake package in '/home/giszterlab/USING/Framework/unitree_ws/src/unitree_ros2/ros2_unitree_legged_msgs'
[0.430s] INFO:colcon.colcon_core.plugin_system:Skipping extension 'colcon_core.shell.bat': Not used on non-Windows systems
[0.430s] INFO:colcon.colcon_core.shell:Skip shell extension 'powershell' for command environment: Not usable outside of PowerShell
[0.430s] DEBUG:colcon.colcon_core.shell:Skip shell extension 'dsv' for command environment
[0.433s] INFO:colcon.colcon_ros.task.ament_cmake.build:Building ROS package in '/home/giszterlab/USING/Framework/unitree_ws/src/unitree_ros2/go1_description' with build type 'ament_cmake'
[0.433s] INFO:colcon.colcon_cmake.task.cmake.build:Building CMake package in '/home/giszterlab/USING/Framework/unitree_ws/src/unitree_ros2/go1_description'
[0.434s] INFO:colcon.colcon_core.shell:Skip shell extension 'powershell' for command environment: Not usable outside of PowerShell
[0.434s] DEBUG:colcon.colcon_core.shell:Skip shell extension 'dsv' for command environment
[0.441s] DEBUG:colcon.colcon_core.event_handler.log_command:Invoking command in '/home/giszterlab/USING/Framework/unitree_ws/build/ros2_unitree_legged_msgs': CMAKE_PREFIX_PATH=${CMAKE_PREFIX_PATH}:/opt/ros/humble /usr/bin/cmake /home/giszterlab/USING/Framework/unitree_ws/src/unitree_ros2/ros2_unitree_legged_msgs -DCMAKE_INSTALL_PREFIX=/home/giszterlab/USING/Framework/unitree_ws/install/ros2_unitree_legged_msgs
[0.444s] DEBUG:colcon.colcon_core.event_handler.log_command:Invoking command in '/home/giszterlab/USING/Framework/unitree_ws/build/go1_description': CMAKE_PREFIX_PATH=${CMAKE_PREFIX_PATH}:/opt/ros/humble /usr/bin/cmake /home/giszterlab/USING/Framework/unitree_ws/src/unitree_ros2/go1_description -DCMAKE_INSTALL_PREFIX=/home/giszterlab/USING/Framework/unitree_ws/install/go1_description
[1.210s] DEBUG:colcon.colcon_core.event_handler.log_command:Invoked command in '/home/giszterlab/USING/Framework/unitree_ws/build/go1_description' returned '0': CMAKE_PREFIX_PATH=${CMAKE_PREFIX_PATH}:/opt/ros/humble /usr/bin/cmake /home/giszterlab/USING/Framework/unitree_ws/src/unitree_ros2/go1_description -DCMAKE_INSTALL_PREFIX=/home/giszterlab/USING/Framework/unitree_ws/install/go1_description
[1.212s] DEBUG:colcon.colcon_core.event_handler.log_command:Invoking command in '/home/giszterlab/USING/Framework/unitree_ws/build/go1_description': CMAKE_PREFIX_PATH=${CMAKE_PREFIX_PATH}:/opt/ros/humble /usr/bin/cmake --build /home/giszterlab/USING/Framework/unitree_ws/build/go1_description -- -j8 -l8
[1.260s] DEBUG:colcon.colcon_core.event_handler.log_command:Invoked command in '/home/giszterlab/USING/Framework/unitree_ws/build/go1_description' returned '0': CMAKE_PREFIX_PATH=${CMAKE_PREFIX_PATH}:/opt/ros/humble /usr/bin/cmake --build /home/giszterlab/USING/Framework/unitree_ws/build/go1_description -- -j8 -l8
[1.274s] DEBUG:colcon.colcon_core.event_handler.log_command:Invoking command in '/home/giszterlab/USING/Framework/unitree_ws/build/go1_description': CMAKE_PREFIX_PATH=${CMAKE_PREFIX_PATH}:/opt/ros/humble /usr/bin/cmake --install /home/giszterlab/USING/Framework/unitree_ws/build/go1_description
[1.352s] Level 1:colcon.colcon_core.environment:create_environment_scripts_only(go1_description)
[1.353s] DEBUG:colcon.colcon_core.event_handler.log_command:Invoked command in '/home/giszterlab/USING/Framework/unitree_ws/build/go1_description' returned '0': CMAKE_PREFIX_PATH=${CMAKE_PREFIX_PATH}:/opt/ros/humble /usr/bin/cmake --install /home/giszterlab/USING/Framework/unitree_ws/build/go1_description
[1.357s] Level 1:colcon.colcon_core.environment:checking '/home/giszterlab/USING/Framework/unitree_ws/install/go1_description' for CMake module files
[1.357s] Level 1:colcon.colcon_core.environment:checking '/home/giszterlab/USING/Framework/unitree_ws/install/go1_description' for CMake config files
[1.358s] Level 1:colcon.colcon_core.shell:create_environment_hook('go1_description', 'cmake_prefix_path')
[1.358s] INFO:colcon.colcon_core.shell:Creating environment hook '/home/giszterlab/USING/Framework/unitree_ws/install/go1_description/share/go1_description/hook/cmake_prefix_path.ps1'
[1.359s] INFO:colcon.colcon_core.shell:Creating environment descriptor '/home/giszterlab/USING/Framework/unitree_ws/install/go1_description/share/go1_description/hook/cmake_prefix_path.dsv'
[1.360s] INFO:colcon.colcon_core.shell:Creating environment hook '/home/giszterlab/USING/Framework/unitree_ws/install/go1_description/share/go1_description/hook/cmake_prefix_path.sh'
[1.361s] Level 1:colcon.colcon_core.environment:checking '/home/giszterlab/USING/Framework/unitree_ws/install/go1_description/bin'
[1.362s] Level 1:colcon.colcon_core.environment:checking '/home/giszterlab/USING/Framework/unitree_ws/install/go1_description/lib/pkgconfig/go1_description.pc'
[1.362s] Level 1:colcon.colcon_core.environment:checking '/home/giszterlab/USING/Framework/unitree_ws/install/go1_description/lib/python3.10/site-packages'
[1.362s] Level 1:colcon.colcon_core.environment:checking '/home/giszterlab/USING/Framework/unitree_ws/install/go1_description/bin'
[1.363s] INFO:colcon.colcon_core.shell:Creating package script '/home/giszterlab/USING/Framework/unitree_ws/install/go1_description/share/go1_description/package.ps1'
[1.364s] INFO:colcon.colcon_core.shell:Creating package descriptor '/home/giszterlab/USING/Framework/unitree_ws/install/go1_description/share/go1_description/package.dsv'
[1.365s] INFO:colcon.colcon_core.shell:Creating package script '/home/giszterlab/USING/Framework/unitree_ws/install/go1_description/share/go1_description/package.sh'
[1.367s] INFO:colcon.colcon_core.shell:Creating package script '/home/giszterlab/USING/Framework/unitree_ws/install/go1_description/share/go1_description/package.bash'
[1.368s] INFO:colcon.colcon_core.shell:Creating package script '/home/giszterlab/USING/Framework/unitree_ws/install/go1_description/share/go1_description/package.zsh'
[1.370s] Level 1:colcon.colcon_core.environment:create_file_with_runtime_dependencies(/home/giszterlab/USING/Framework/unitree_ws/install/go1_description/share/colcon-core/packages/go1_description)
[1.371s] Level 1:colcon.colcon_core.environment:create_environment_scripts_only(go1_description)
[1.371s] Level 1:colcon.colcon_core.environment:checking '/home/giszterlab/USING/Framework/unitree_ws/install/go1_description' for CMake module files
[1.372s] Level 1:colcon.colcon_core.environment:checking '/home/giszterlab/USING/Framework/unitree_ws/install/go1_description' for CMake config files
[1.373s] Level 1:colcon.colcon_core.shell:create_environment_hook('go1_description', 'cmake_prefix_path')
[1.373s] INFO:colcon.colcon_core.shell:Creating environment hook '/home/giszterlab/USING/Framework/unitree_ws/install/go1_description/share/go1_description/hook/cmake_prefix_path.ps1'
[1.374s] INFO:colcon.colcon_core.shell:Creating environment descriptor '/home/giszterlab/USING/Framework/unitree_ws/install/go1_description/share/go1_description/hook/cmake_prefix_path.dsv'
[1.374s] INFO:colcon.colcon_core.shell:Creating environment hook '/home/giszterlab/USING/Framework/unitree_ws/install/go1_description/share/go1_description/hook/cmake_prefix_path.sh'
[1.375s] Level 1:colcon.colcon_core.environment:checking '/home/giszterlab/USING/Framework/unitree_ws/install/go1_description/bin'
[1.375s] Level 1:colcon.colcon_core.environment:checking '/home/giszterlab/USING/Framework/unitree_ws/install/go1_description/lib/pkgconfig/go1_description.pc'
[1.376s] Level 1:colcon.colcon_core.environment:checking '/home/giszterlab/USING/Framework/unitree_ws/install/go1_description/lib/python3.10/site-packages'
[1.376s] Level 1:colcon.colcon_core.environment:checking '/home/giszterlab/USING/Framework/unitree_ws/install/go1_description/bin'
[1.377s] INFO:colcon.colcon_core.shell:Creating package script '/home/giszterlab/USING/Framework/unitree_ws/install/go1_description/share/go1_description/package.ps1'
[1.377s] INFO:colcon.colcon_core.shell:Creating package descriptor '/home/giszterlab/USING/Framework/unitree_ws/install/go1_description/share/go1_description/package.dsv'
[1.378s] INFO:colcon.colcon_core.shell:Creating package script '/home/giszterlab/USING/Framework/unitree_ws/install/go1_description/share/go1_description/package.sh'
[1.379s] INFO:colcon.colcon_core.shell:Creating package script '/home/giszterlab/USING/Framework/unitree_ws/install/go1_description/share/go1_description/package.bash'
[1.380s] INFO:colcon.colcon_core.shell:Creating package script '/home/giszterlab/USING/Framework/unitree_ws/install/go1_description/share/go1_description/package.zsh'
[1.380s] Level 1:colcon.colcon_core.environment:create_file_with_runtime_dependencies(/home/giszterlab/USING/Framework/unitree_ws/install/go1_description/share/colcon-core/packages/go1_description)
[2.515s] DEBUG:colcon.colcon_core.event_handler.log_command:Invoked command in '/home/giszterlab/USING/Framework/unitree_ws/build/ros2_unitree_legged_msgs' returned '0': CMAKE_PREFIX_PATH=${CMAKE_PREFIX_PATH}:/opt/ros/humble /usr/bin/cmake /home/giszterlab/USING/Framework/unitree_ws/src/unitree_ros2/ros2_unitree_legged_msgs -DCMAKE_INSTALL_PREFIX=/home/giszterlab/USING/Framework/unitree_ws/install/ros2_unitree_legged_msgs
[2.516s] DEBUG:colcon.colcon_core.event_handler.log_command:Invoking command in '/home/giszterlab/USING/Framework/unitree_ws/build/ros2_unitree_legged_msgs': CMAKE_PREFIX_PATH=${CMAKE_PREFIX_PATH}:/opt/ros/humble /usr/bin/cmake --build /home/giszterlab/USING/Framework/unitree_ws/build/ros2_unitree_legged_msgs -- -j8 -l8
[13.848s] DEBUG:colcon.colcon_core.event_handler.log_command:Invoked command in '/home/giszterlab/USING/Framework/unitree_ws/build/ros2_unitree_legged_msgs' returned '0': CMAKE_PREFIX_PATH=${CMAKE_PREFIX_PATH}:/opt/ros/humble /usr/bin/cmake --build /home/giszterlab/USING/Framework/unitree_ws/build/ros2_unitree_legged_msgs -- -j8 -l8
[13.849s] DEBUG:colcon.colcon_core.event_handler.log_command:Invoking command in '/home/giszterlab/USING/Framework/unitree_ws/build/ros2_unitree_legged_msgs': CMAKE_PREFIX_PATH=${CMAKE_PREFIX_PATH}:/opt/ros/humble /usr/bin/cmake --install /home/giszterlab/USING/Framework/unitree_ws/build/ros2_unitree_legged_msgs
[13.972s] Level 1:colcon.colcon_core.environment:create_environment_scripts_only(ros2_unitree_legged_msgs)
[13.973s] Level 1:colcon.colcon_core.environment:checking '/home/giszterlab/USING/Framework/unitree_ws/install/ros2_unitree_legged_msgs' for CMake module files
[13.973s] DEBUG:colcon.colcon_core.event_handler.log_command:Invoked command in '/home/giszterlab/USING/Framework/unitree_ws/build/ros2_unitree_legged_msgs' returned '0': CMAKE_PREFIX_PATH=${CMAKE_PREFIX_PATH}:/opt/ros/humble /usr/bin/cmake --install /home/giszterlab/USING/Framework/unitree_ws/build/ros2_unitree_legged_msgs
[13.974s] Level 1:colcon.colcon_core.environment:checking '/home/giszterlab/USING/Framework/unitree_ws/install/ros2_unitree_legged_msgs' for CMake config files
[13.975s] Level 1:colcon.colcon_core.shell:create_environment_hook('ros2_unitree_legged_msgs', 'cmake_prefix_path')
[13.975s] INFO:colcon.colcon_core.shell:Creating environment hook '/home/giszterlab/USING/Framework/unitree_ws/install/ros2_unitree_legged_msgs/share/ros2_unitree_legged_msgs/hook/cmake_prefix_path.ps1'
[13.976s] INFO:colcon.colcon_core.shell:Creating environment descriptor '/home/giszterlab/USING/Framework/unitree_ws/install/ros2_unitree_legged_msgs/share/ros2_unitree_legged_msgs/hook/cmake_prefix_path.dsv'
[13.976s] INFO:colcon.colcon_core.shell:Creating environment hook '/home/giszterlab/USING/Framework/unitree_ws/install/ros2_unitree_legged_msgs/share/ros2_unitree_legged_msgs/hook/cmake_prefix_path.sh'
[13.977s] Level 1:colcon.colcon_core.environment:checking '/home/giszterlab/USING/Framework/unitree_ws/install/ros2_unitree_legged_msgs/lib'
[13.977s] Level 1:colcon.colcon_core.shell:create_environment_hook('ros2_unitree_legged_msgs', 'ld_library_path_lib')
[13.978s] INFO:colcon.colcon_core.shell:Creating environment hook '/home/giszterlab/USING/Framework/unitree_ws/install/ros2_unitree_legged_msgs/share/ros2_unitree_legged_msgs/hook/ld_library_path_lib.ps1'
[13.978s] INFO:colcon.colcon_core.shell:Creating environment descriptor '/home/giszterlab/USING/Framework/unitree_ws/install/ros2_unitree_legged_msgs/share/ros2_unitree_legged_msgs/hook/ld_library_path_lib.dsv'
[13.979s] INFO:colcon.colcon_core.shell:Creating environment hook '/home/giszterlab/USING/Framework/unitree_ws/install/ros2_unitree_legged_msgs/share/ros2_unitree_legged_msgs/hook/ld_library_path_lib.sh'
[13.979s] Level 1:colcon.colcon_core.environment:checking '/home/giszterlab/USING/Framework/unitree_ws/install/ros2_unitree_legged_msgs/bin'
[13.980s] Level 1:colcon.colcon_core.environment:checking '/home/giszterlab/USING/Framework/unitree_ws/install/ros2_unitree_legged_msgs/lib/pkgconfig/ros2_unitree_legged_msgs.pc'
[13.980s] Level 1:colcon.colcon_core.environment:checking '/home/giszterlab/USING/Framework/unitree_ws/install/ros2_unitree_legged_msgs/lib/python3.10/site-packages'
[13.980s] Level 1:colcon.colcon_core.environment:checking '/home/giszterlab/USING/Framework/unitree_ws/install/ros2_unitree_legged_msgs/bin'
[13.981s] INFO:colcon.colcon_core.shell:Creating package script '/home/giszterlab/USING/Framework/unitree_ws/install/ros2_unitree_legged_msgs/share/ros2_unitree_legged_msgs/package.ps1'
[13.982s] INFO:colcon.colcon_core.shell:Creating package descriptor '/home/giszterlab/USING/Framework/unitree_ws/install/ros2_unitree_legged_msgs/share/ros2_unitree_legged_msgs/package.dsv'
[13.983s] INFO:colcon.colcon_core.shell:Creating package script '/home/giszterlab/USING/Framework/unitree_ws/install/ros2_unitree_legged_msgs/share/ros2_unitree_legged_msgs/package.sh'
[13.984s] INFO:colcon.colcon_core.shell:Creating package script '/home/giszterlab/USING/Framework/unitree_ws/install/ros2_unitree_legged_msgs/share/ros2_unitree_legged_msgs/package.bash'
[13.984s] INFO:colcon.colcon_core.shell:Creating package script '/home/giszterlab/USING/Framework/unitree_ws/install/ros2_unitree_legged_msgs/share/ros2_unitree_legged_msgs/package.zsh'
[13.985s] Level 1:colcon.colcon_core.environment:create_file_with_runtime_dependencies(/home/giszterlab/USING/Framework/unitree_ws/install/ros2_unitree_legged_msgs/share/colcon-core/packages/ros2_unitree_legged_msgs)
[13.986s] Level 1:colcon.colcon_core.environment:create_environment_scripts_only(ros2_unitree_legged_msgs)
[13.986s] Level 1:colcon.colcon_core.environment:checking '/home/giszterlab/USING/Framework/unitree_ws/install/ros2_unitree_legged_msgs' for CMake module files
[13.988s] Level 1:colcon.colcon_core.environment:checking '/home/giszterlab/USING/Framework/unitree_ws/install/ros2_unitree_legged_msgs' for CMake config files
[13.989s] Level 1:colcon.colcon_core.shell:create_environment_hook('ros2_unitree_legged_msgs', 'cmake_prefix_path')
[13.989s] INFO:colcon.colcon_core.shell:Creating environment hook '/home/giszterlab/USING/Framework/unitree_ws/install/ros2_unitree_legged_msgs/share/ros2_unitree_legged_msgs/hook/cmake_prefix_path.ps1'
[13.990s] INFO:colcon.colcon_core.shell:Creating environment descriptor '/home/giszterlab/USING/Framework/unitree_ws/install/ros2_unitree_legged_msgs/share/ros2_unitree_legged_msgs/hook/cmake_prefix_path.dsv'
[13.990s] INFO:colcon.colcon_core.shell:Creating environment hook '/home/giszterlab/USING/Framework/unitree_ws/install/ros2_unitree_legged_msgs/share/ros2_unitree_legged_msgs/hook/cmake_prefix_path.sh'
[13.991s] Level 1:colcon.colcon_core.environment:checking '/home/giszterlab/USING/Framework/unitree_ws/install/ros2_unitree_legged_msgs/lib'
[13.991s] Level 1:colcon.colcon_core.shell:create_environment_hook('ros2_unitree_legged_msgs', 'ld_library_path_lib')
[13.991s] INFO:colcon.colcon_core.shell:Creating environment hook '/home/giszterlab/USING/Framework/unitree_ws/install/ros2_unitree_legged_msgs/share/ros2_unitree_legged_msgs/hook/ld_library_path_lib.ps1'
[13.992s] INFO:colcon.colcon_core.shell:Creating environment descriptor '/home/giszterlab/USING/Framework/unitree_ws/install/ros2_unitree_legged_msgs/share/ros2_unitree_legged_msgs/hook/ld_library_path_lib.dsv'
[13.993s] INFO:colcon.colcon_core.shell:Creating environment hook '/home/giszterlab/USING/Framework/unitree_ws/install/ros2_unitree_legged_msgs/share/ros2_unitree_legged_msgs/hook/ld_library_path_lib.sh'
[13.993s] Level 1:colcon.colcon_core.environment:checking '/home/giszterlab/USING/Framework/unitree_ws/install/ros2_unitree_legged_msgs/bin'
[13.993s] Level 1:colcon.colcon_core.environment:checking '/home/giszterlab/USING/Framework/unitree_ws/install/ros2_unitree_legged_msgs/lib/pkgconfig/ros2_unitree_legged_msgs.pc'
[13.994s] Level 1:colcon.colcon_core.environment:checking '/home/giszterlab/USING/Framework/unitree_ws/install/ros2_unitree_legged_msgs/lib/python3.10/site-packages'
[13.994s] Level 1:colcon.colcon_core.environment:checking '/home/giszterlab/USING/Framework/unitree_ws/install/ros2_unitree_legged_msgs/bin'
[13.994s] INFO:colcon.colcon_core.shell:Creating package script '/home/giszterlab/USING/Framework/unitree_ws/install/ros2_unitree_legged_msgs/share/ros2_unitree_legged_msgs/package.ps1'
[13.995s] INFO:colcon.colcon_core.shell:Creating package descriptor '/home/giszterlab/USING/Framework/unitree_ws/install/ros2_unitree_legged_msgs/share/ros2_unitree_legged_msgs/package.dsv'
[13.996s] INFO:colcon.colcon_core.shell:Creating package script '/home/giszterlab/USING/Framework/unitree_ws/install/ros2_unitree_legged_msgs/share/ros2_unitree_legged_msgs/package.sh'
[13.997s] INFO:colcon.colcon_core.shell:Creating package script '/home/giszterlab/USING/Framework/unitree_ws/install/ros2_unitree_legged_msgs/share/ros2_unitree_legged_msgs/package.bash'
[13.998s] INFO:colcon.colcon_core.shell:Creating package script '/home/giszterlab/USING/Framework/unitree_ws/install/ros2_unitree_legged_msgs/share/ros2_unitree_legged_msgs/package.zsh'
[13.999s] Level 1:colcon.colcon_core.environment:create_file_with_runtime_dependencies(/home/giszterlab/USING/Framework/unitree_ws/install/ros2_unitree_legged_msgs/share/colcon-core/packages/ros2_unitree_legged_msgs)
[14.000s] INFO:colcon.colcon_ros.task.ament_cmake.build:Building ROS package in '/home/giszterlab/USING/Framework/unitree_ws/src/unitree_ros2/unitree_legged_real' with build type 'ament_cmake'
[14.000s] INFO:colcon.colcon_cmake.task.cmake.build:Building CMake package in '/home/giszterlab/USING/Framework/unitree_ws/src/unitree_ros2/unitree_legged_real'
[14.001s] INFO:colcon.colcon_core.shell:Skip shell extension 'powershell' for command environment: Not usable outside of PowerShell
[14.001s] DEBUG:colcon.colcon_core.shell:Skip shell extension 'dsv' for command environment
[14.012s] DEBUG:colcon.colcon_core.event_handler.log_command:Invoking command in '/home/giszterlab/USING/Framework/unitree_ws/build/unitree_legged_real': AMENT_PREFIX_PATH=/home/giszterlab/USING/Framework/unitree_ws/install/ros2_unitree_legged_msgs:${AMENT_PREFIX_PATH} CMAKE_PREFIX_PATH=/home/giszterlab/USING/Framework/unitree_ws/install/ros2_unitree_legged_msgs:/usr/local:/opt/ros/humble LD_LIBRARY_PATH=/home/giszterlab/USING/Framework/unitree_ws/install/ros2_unitree_legged_msgs/lib:${LD_LIBRARY_PATH} PYTHONPATH=/home/giszterlab/USING/Framework/unitree_ws/install/ros2_unitree_legged_msgs/local/lib/python3.10/dist-packages:${PYTHONPATH} /usr/bin/cmake /home/giszterlab/USING/Framework/unitree_ws/src/unitree_ros2/unitree_legged_real -DCMAKE_INSTALL_PREFIX=/home/giszterlab/USING/Framework/unitree_ws/install/unitree_legged_real
[15.376s] DEBUG:colcon.colcon_core.event_handler.log_command:Invoked command in '/home/giszterlab/USING/Framework/unitree_ws/build/unitree_legged_real' returned '0': AMENT_PREFIX_PATH=/home/giszterlab/USING/Framework/unitree_ws/install/ros2_unitree_legged_msgs:${AMENT_PREFIX_PATH} CMAKE_PREFIX_PATH=/home/giszterlab/USING/Framework/unitree_ws/install/ros2_unitree_legged_msgs:/usr/local:/opt/ros/humble LD_LIBRARY_PATH=/home/giszterlab/USING/Framework/unitree_ws/install/ros2_unitree_legged_msgs/lib:${LD_LIBRARY_PATH} PYTHONPATH=/home/giszterlab/USING/Framework/unitree_ws/install/ros2_unitree_legged_msgs/local/lib/python3.10/dist-packages:${PYTHONPATH} /usr/bin/cmake /home/giszterlab/USING/Framework/unitree_ws/src/unitree_ros2/unitree_legged_real -DCMAKE_INSTALL_PREFIX=/home/giszterlab/USING/Framework/unitree_ws/install/unitree_legged_real
[15.379s] DEBUG:colcon.colcon_core.event_handler.log_command:Invoking command in '/home/giszterlab/USING/Framework/unitree_ws/build/unitree_legged_real': AMENT_PREFIX_PATH=/home/giszterlab/USING/Framework/unitree_ws/install/ros2_unitree_legged_msgs:${AMENT_PREFIX_PATH} CMAKE_PREFIX_PATH=/home/giszterlab/USING/Framework/unitree_ws/install/ros2_unitree_legged_msgs:/usr/local:/opt/ros/humble LD_LIBRARY_PATH=/home/giszterlab/USING/Framework/unitree_ws/install/ros2_unitree_legged_msgs/lib:${LD_LIBRARY_PATH} PYTHONPATH=/home/giszterlab/USING/Framework/unitree_ws/install/ros2_unitree_legged_msgs/local/lib/python3.10/dist-packages:${PYTHONPATH} /usr/bin/cmake --build /home/giszterlab/USING/Framework/unitree_ws/build/unitree_legged_real -- -j8 -l8
[38.040s] DEBUG:colcon.colcon_core.event_handler.log_command:Invoked command in '/home/giszterlab/USING/Framework/unitree_ws/build/unitree_legged_real' returned '0': AMENT_PREFIX_PATH=/home/giszterlab/USING/Framework/unitree_ws/install/ros2_unitree_legged_msgs:${AMENT_PREFIX_PATH} CMAKE_PREFIX_PATH=/home/giszterlab/USING/Framework/unitree_ws/install/ros2_unitree_legged_msgs:/usr/local:/opt/ros/humble LD_LIBRARY_PATH=/home/giszterlab/USING/Framework/unitree_ws/install/ros2_unitree_legged_msgs/lib:${LD_LIBRARY_PATH} PYTHONPATH=/home/giszterlab/USING/Framework/unitree_ws/install/ros2_unitree_legged_msgs/local/lib/python3.10/dist-packages:${PYTHONPATH} /usr/bin/cmake --build /home/giszterlab/USING/Framework/unitree_ws/build/unitree_legged_real -- -j8 -l8
[38.042s] DEBUG:colcon.colcon_core.event_handler.log_command:Invoking command in '/home/giszterlab/USING/Framework/unitree_ws/build/unitree_legged_real': AMENT_PREFIX_PATH=/home/giszterlab/USING/Framework/unitree_ws/install/ros2_unitree_legged_msgs:${AMENT_PREFIX_PATH} CMAKE_PREFIX_PATH=/home/giszterlab/USING/Framework/unitree_ws/install/ros2_unitree_legged_msgs:/usr/local:/opt/ros/humble LD_LIBRARY_PATH=/home/giszterlab/USING/Framework/unitree_ws/install/ros2_unitree_legged_msgs/lib:${LD_LIBRARY_PATH} PYTHONPATH=/home/giszterlab/USING/Framework/unitree_ws/install/ros2_unitree_legged_msgs/local/lib/python3.10/dist-packages:${PYTHONPATH} /usr/bin/cmake --install /home/giszterlab/USING/Framework/unitree_ws/build/unitree_legged_real
[38.068s] Level 1:colcon.colcon_core.environment:create_environment_scripts_only(unitree_legged_real)
[38.069s] Level 1:colcon.colcon_core.environment:checking '/home/giszterlab/USING/Framework/unitree_ws/install/unitree_legged_real' for CMake module files
[38.070s] DEBUG:colcon.colcon_core.event_handler.log_command:Invoked command in '/home/giszterlab/USING/Framework/unitree_ws/build/unitree_legged_real' returned '0': AMENT_PREFIX_PATH=/home/giszterlab/USING/Framework/unitree_ws/install/ros2_unitree_legged_msgs:${AMENT_PREFIX_PATH} CMAKE_PREFIX_PATH=/home/giszterlab/USING/Framework/unitree_ws/install/ros2_unitree_legged_msgs:/usr/local:/opt/ros/humble LD_LIBRARY_PATH=/home/giszterlab/USING/Framework/unitree_ws/install/ros2_unitree_legged_msgs/lib:${LD_LIBRARY_PATH} PYTHONPATH=/home/giszterlab/USING/Framework/unitree_ws/install/ros2_unitree_legged_msgs/local/lib/python3.10/dist-packages:${PYTHONPATH} /usr/bin/cmake --install /home/giszterlab/USING/Framework/unitree_ws/build/unitree_legged_real
[38.071s] Level 1:colcon.colcon_core.environment:checking '/home/giszterlab/USING/Framework/unitree_ws/install/unitree_legged_real' for CMake config files
[38.072s] Level 1:colcon.colcon_core.shell:create_environment_hook('unitree_legged_real', 'cmake_prefix_path')
[38.072s] INFO:colcon.colcon_core.shell:Creating environment hook '/home/giszterlab/USING/Framework/unitree_ws/install/unitree_legged_real/share/unitree_legged_real/hook/cmake_prefix_path.ps1'
[38.074s] INFO:colcon.colcon_core.shell:Creating environment descriptor '/home/giszterlab/USING/Framework/unitree_ws/install/unitree_legged_real/share/unitree_legged_real/hook/cmake_prefix_path.dsv'
[38.074s] INFO:colcon.colcon_core.shell:Creating environment hook '/home/giszterlab/USING/Framework/unitree_ws/install/unitree_legged_real/share/unitree_legged_real/hook/cmake_prefix_path.sh'
[38.076s] Level 1:colcon.colcon_core.environment:checking '/home/giszterlab/USING/Framework/unitree_ws/install/unitree_legged_real/lib'
[38.076s] Level 1:colcon.colcon_core.shell:create_environment_hook('unitree_legged_real', 'ld_library_path_lib')
[38.077s] INFO:colcon.colcon_core.shell:Creating environment hook '/home/giszterlab/USING/Framework/unitree_ws/install/unitree_legged_real/share/unitree_legged_real/hook/ld_library_path_lib.ps1'
[38.077s] INFO:colcon.colcon_core.shell:Creating environment descriptor '/home/giszterlab/USING/Framework/unitree_ws/install/unitree_legged_real/share/unitree_legged_real/hook/ld_library_path_lib.dsv'
[38.078s] INFO:colcon.colcon_core.shell:Creating environment hook '/home/giszterlab/USING/Framework/unitree_ws/install/unitree_legged_real/share/unitree_legged_real/hook/ld_library_path_lib.sh'
[38.079s] Level 1:colcon.colcon_core.environment:checking '/home/giszterlab/USING/Framework/unitree_ws/install/unitree_legged_real/bin'
[38.080s] Level 1:colcon.colcon_core.environment:checking '/home/giszterlab/USING/Framework/unitree_ws/install/unitree_legged_real/lib/pkgconfig/unitree_legged_real.pc'
[38.080s] Level 1:colcon.colcon_core.environment:checking '/home/giszterlab/USING/Framework/unitree_ws/install/unitree_legged_real/lib/python3.10/site-packages'
[38.081s] Level 1:colcon.colcon_core.environment:checking '/home/giszterlab/USING/Framework/unitree_ws/install/unitree_legged_real/bin'
[38.082s] INFO:colcon.colcon_core.shell:Creating package script '/home/giszterlab/USING/Framework/unitree_ws/install/unitree_legged_real/share/unitree_legged_real/package.ps1'
[38.083s] INFO:colcon.colcon_core.shell:Creating package descriptor '/home/giszterlab/USING/Framework/unitree_ws/install/unitree_legged_real/share/unitree_legged_real/package.dsv'
[38.084s] INFO:colcon.colcon_core.shell:Creating package script '/home/giszterlab/USING/Framework/unitree_ws/install/unitree_legged_real/share/unitree_legged_real/package.sh'
[38.085s] INFO:colcon.colcon_core.shell:Creating package script '/home/giszterlab/USING/Framework/unitree_ws/install/unitree_legged_real/share/unitree_legged_real/package.bash'
[38.086s] INFO:colcon.colcon_core.shell:Creating package script '/home/giszterlab/USING/Framework/unitree_ws/install/unitree_legged_real/share/unitree_legged_real/package.zsh'
[38.087s] Level 1:colcon.colcon_core.environment:create_file_with_runtime_dependencies(/home/giszterlab/USING/Framework/unitree_ws/install/unitree_legged_real/share/colcon-core/packages/unitree_legged_real)
[38.089s] Level 1:colcon.colcon_core.environment:create_environment_scripts_only(unitree_legged_real)
[38.089s] Level 1:colcon.colcon_core.environment:checking '/home/giszterlab/USING/Framework/unitree_ws/install/unitree_legged_real' for CMake module files
[38.091s] Level 1:colcon.colcon_core.environment:checking '/home/giszterlab/USING/Framework/unitree_ws/install/unitree_legged_real' for CMake config files
[38.091s] Level 1:colcon.colcon_core.shell:create_environment_hook('unitree_legged_real', 'cmake_prefix_path')
[38.092s] INFO:colcon.colcon_core.shell:Creating environment hook '/home/giszterlab/USING/Framework/unitree_ws/install/unitree_legged_real/share/unitree_legged_real/hook/cmake_prefix_path.ps1'
[38.093s] INFO:colcon.colcon_core.shell:Creating environment descriptor '/home/giszterlab/USING/Framework/unitree_ws/install/unitree_legged_real/share/unitree_legged_real/hook/cmake_prefix_path.dsv'
[38.094s] INFO:colcon.colcon_core.shell:Creating environment hook '/home/giszterlab/USING/Framework/unitree_ws/install/unitree_legged_real/share/unitree_legged_real/hook/cmake_prefix_path.sh'
[38.096s] Level 1:colcon.colcon_core.environment:checking '/home/giszterlab/USING/Framework/unitree_ws/install/unitree_legged_real/lib'
[38.096s] Level 1:colcon.colcon_core.shell:create_environment_hook('unitree_legged_real', 'ld_library_path_lib')
[38.096s] INFO:colcon.colcon_core.shell:Creating environment hook '/home/giszterlab/USING/Framework/unitree_ws/install/unitree_legged_real/share/unitree_legged_real/hook/ld_library_path_lib.ps1'
[38.097s] INFO:colcon.colcon_core.shell:Creating environment descriptor '/home/giszterlab/USING/Framework/unitree_ws/install/unitree_legged_real/share/unitree_legged_real/hook/ld_library_path_lib.dsv'
[38.098s] INFO:colcon.colcon_core.shell:Creating environment hook '/home/giszterlab/USING/Framework/unitree_ws/install/unitree_legged_real/share/unitree_legged_real/hook/ld_library_path_lib.sh'
[38.099s] Level 1:colcon.colcon_core.environment:checking '/home/giszterlab/USING/Framework/unitree_ws/install/unitree_legged_real/bin'
[38.100s] Level 1:colcon.colcon_core.environment:checking '/home/giszterlab/USING/Framework/unitree_ws/install/unitree_legged_real/lib/pkgconfig/unitree_legged_real.pc'
[38.100s] Level 1:colcon.colcon_core.environment:checking '/home/giszterlab/USING/Framework/unitree_ws/install/unitree_legged_real/lib/python3.10/site-packages'
[38.101s] Level 1:colcon.colcon_core.environment:checking '/home/giszterlab/USING/Framework/unitree_ws/install/unitree_legged_real/bin'
[38.102s] INFO:colcon.colcon_core.shell:Creating package script '/home/giszterlab/USING/Framework/unitree_ws/install/unitree_legged_real/share/unitree_legged_real/package.ps1'
[38.103s] INFO:colcon.colcon_core.shell:Creating package descriptor '/home/giszterlab/USING/Framework/unitree_ws/install/unitree_legged_real/share/unitree_legged_real/package.dsv'
[38.104s] INFO:colcon.colcon_core.shell:Creating package script '/home/giszterlab/USING/Framework/unitree_ws/install/unitree_legged_real/share/unitree_legged_real/package.sh'
[38.106s] INFO:colcon.colcon_core.shell:Creating package script '/home/giszterlab/USING/Framework/unitree_ws/install/unitree_legged_real/share/unitree_legged_real/package.bash'
[38.107s] INFO:colcon.colcon_core.shell:Creating package script '/home/giszterlab/USING/Framework/unitree_ws/install/unitree_legged_real/share/unitree_legged_real/package.zsh'
[38.108s] Level 1:colcon.colcon_core.environment:create_file_with_runtime_dependencies(/home/giszterlab/USING/Framework/unitree_ws/install/unitree_legged_real/share/colcon-core/packages/unitree_legged_real)
[38.108s] DEBUG:colcon.colcon_parallel_executor.executor.parallel:closing loop
[38.109s] DEBUG:colcon.colcon_parallel_executor.executor.parallel:loop closed
[38.109s] DEBUG:colcon.colcon_parallel_executor.executor.parallel:run_until_complete finished with '0'
[38.109s] DEBUG:colcon.colcon_core.event_reactor:joining thread
[38.122s] INFO:colcon.colcon_core.plugin_system:Skipping extension 'colcon_notification.desktop_notification.terminal_notifier': Not used on non-Darwin systems
[38.122s] INFO:colcon.colcon_core.plugin_system:Skipping extension 'colcon_notification.desktop_notification.win32': Not used on non-Windows systems
[38.122s] INFO:colcon.colcon_notification.desktop_notification:Sending desktop notification using 'notify2'
[38.151s] DEBUG:colcon.colcon_core.event_reactor:joined thread
[38.152s] INFO:colcon.colcon_core.shell:Creating prefix script '/home/giszterlab/USING/Framework/unitree_ws/install/local_setup.ps1'
[38.154s] INFO:colcon.colcon_core.shell:Creating prefix util module '/home/giszterlab/USING/Framework/unitree_ws/install/_local_setup_util_ps1.py'
[38.158s] INFO:colcon.colcon_core.shell:Creating prefix chain script '/home/giszterlab/USING/Framework/unitree_ws/install/setup.ps1'
[38.161s] INFO:colcon.colcon_core.shell:Creating prefix script '/home/giszterlab/USING/Framework/unitree_ws/install/local_setup.sh'
[38.162s] INFO:colcon.colcon_core.shell:Creating prefix util module '/home/giszterlab/USING/Framework/unitree_ws/install/_local_setup_util_sh.py'
[38.164s] INFO:colcon.colcon_core.shell:Creating prefix chain script '/home/giszterlab/USING/Framework/unitree_ws/install/setup.sh'
[38.166s] INFO:colcon.colcon_core.shell:Creating prefix script '/home/giszterlab/USING/Framework/unitree_ws/install/local_setup.bash'
[38.168s] INFO:colcon.colcon_core.shell:Creating prefix chain script '/home/giszterlab/USING/Framework/unitree_ws/install/setup.bash'
[38.170s] INFO:colcon.colcon_core.shell:Creating prefix script '/home/giszterlab/USING/Framework/unitree_ws/install/local_setup.zsh'
[38.171s] INFO:colcon.colcon_core.shell:Creating prefix chain script '/home/giszterlab/USING/Framework/unitree_ws/install/setup.zsh'
