-- The C compiler identification is GNU 11.4.0
-- The CXX compiler identification is GNU 11.4.0
-- Detecting C compiler ABI info
-- Detecting C compiler ABI info - done
-- Check for working C compiler: /usr/bin/cc - skipped
-- Detecting C compile features
-- Detecting C compile features - done
-- Detecting CXX compiler ABI info
-- Detecting CXX compiler ABI info - done
-- Check for working CXX compiler: /usr/bin/c++ - skipped
-- Detecting CXX compile features
-- Detecting CXX compile features - done
-- Found rosidl_default_generators: 1.2.0 (/opt/ros/humble/share/rosidl_default_generators/cmake)
-- Found ament_cmake_core: 1.3.11 (/opt/ros/humble/share/ament_cmake_core/cmake)
-- Found Python3: /usr/bin/python3 (found version "3.10.12") found components: Interpreter 
-- Using all available rosidl_typesupport_c: rosidl_typesupport_fastrtps_c;rosidl_typesupport_introspection_c
-- Found rosidl_adapter: 3.1.6 (/opt/ros/humble/share/rosidl_adapter/cmake)
-- Using all available rosidl_typesupport_cpp: rosidl_typesupport_fastrtps_cpp;rosidl_typesupport_introspection_cpp
-- Found rclcpp: 16.0.12 (/opt/ros/humble/share/rclcpp/cmake)
-- Found rmw_implementation_cmake: 6.1.2 (/opt/ros/humble/share/rmw_implementation_cmake/cmake)
-- Found rmw_fastrtps_cpp: 6.2.7 (/opt/ros/humble/share/rmw_fastrtps_cpp/cmake)
-- Found OpenSSL: /usr/lib/x86_64-linux-gnu/libcrypto.so (found version "3.0.2")  
-- Found FastRTPS: /opt/ros/humble/include  
-- Using RMW implementation 'rmw_fastrtps_cpp' as default
-- Looking for pthread.h
-- Looking for pthread.h - found
-- Performing Test CMAKE_HAVE_LIBC_PTHREAD
-- Performing Test CMAKE_HAVE_LIBC_PTHREAD - Success
-- Found Threads: TRUE  
-- Found nav_msgs: 4.8.0 (/opt/ros/humble/share/nav_msgs/cmake)
-- Found sensor_msgs: 4.8.0 (/opt/ros/humble/share/sensor_msgs/cmake)
-- Found tf2: 0.25.12 (/opt/ros/humble/share/tf2/cmake)
-- Found tf2_ros: 0.25.12 (/opt/ros/humble/share/tf2_ros/cmake)
-- Found ament_cmake_ros: 0.10.0 (/opt/ros/humble/share/ament_cmake_ros/cmake)
-- Using all available rosidl_typesupport_c: rosidl_typesupport_fastrtps_c;rosidl_typesupport_introspection_c
-- Using all available rosidl_typesupport_cpp: rosidl_typesupport_fastrtps_cpp;rosidl_typesupport_introspection_cpp
-- Found PythonInterp: /usr/bin/python3 (found suitable version "3.10.12", minimum required is "3.6") 
-- Found python_cmake_module: 0.10.0 (/opt/ros/humble/share/python_cmake_module/cmake)
-- Found PythonLibs: /usr/lib/x86_64-linux-gnu/libpython3.10.so (found suitable version "3.10.12", minimum required is "3.5") 
-- Using PYTHON_EXECUTABLE: /usr/bin/python3
-- Using PYTHON_INCLUDE_DIRS: /usr/include/python3.10
-- Using PYTHON_LIBRARIES: /usr/lib/x86_64-linux-gnu/libpython3.10.so
-- Found PythonExtra: .so  
-- Configuring done
-- Generating done
-- Build files have been written to: /home/giszterlab/unitree_ws/build/unitree_ros
[  2%] [34m[1mGenerating C code for ROS interfaces[0m
[  6%] [34m[1mGenerating C++ code for ROS interfaces[0m
[  6%] [32mBuilding CXX object CMakeFiles/teleop_node.dir/src/teleop_node.cpp.o[0m
[  6%] Built target ament_cmake_python_copy_unitree_ros
running egg_info
creating unitree_ros.egg-info
writing unitree_ros.egg-info/PKG-INFO
writing dependency_links to unitree_ros.egg-info/dependency_links.txt
writing top-level names to unitree_ros.egg-info/top_level.txt
writing manifest file 'unitree_ros.egg-info/SOURCES.txt'
reading manifest file 'unitree_ros.egg-info/SOURCES.txt'
writing manifest file 'unitree_ros.egg-info/SOURCES.txt'
[  6%] Built target ament_cmake_python_build_unitree_ros_egg
[  6%] Built target unitree_ros__cpp
[ 10%] [32mBuilding C object CMakeFiles/unitree_ros__rosidl_generator_c.dir/rosidl_generator_c/unitree_ros/msg/detail/sensor_ranges__functions.c.o[0m
[ 10%] [32mBuilding C object CMakeFiles/unitree_ros__rosidl_generator_c.dir/rosidl_generator_c/unitree_ros/msg/detail/bms_state__functions.c.o[0m
[ 15%] [34m[1mGenerating C++ introspection for ROS interfaces[0m
[ 15%] [34m[1mGenerating C++ type support dispatch for ROS interfaces[0m
[ 17%] [34m[1mGenerating C++ type support for eProsima Fast-RTPS[0m
[ 19%] [32m[1mLinking C shared library libunitree_ros__rosidl_generator_c.so[0m
[ 19%] Built target unitree_ros__rosidl_generator_c
[ 23%] [34m[1mGenerating C introspection for ROS interfaces[0m
[ 23%] [34m[1mGenerating C type support dispatch for ROS interfaces[0m
[ 26%] [34m[1mGenerating C type support for eProsima Fast-RTPS[0m
[ 28%] [32mBuilding CXX object CMakeFiles/unitree_ros__rosidl_typesupport_cpp.dir/rosidl_typesupport_cpp/unitree_ros/msg/bms_state__type_support.cpp.o[0m
[ 30%] [32mBuilding CXX object CMakeFiles/unitree_ros__rosidl_typesupport_cpp.dir/rosidl_typesupport_cpp/unitree_ros/msg/sensor_ranges__type_support.cpp.o[0m
[ 32%] [32mBuilding CXX object CMakeFiles/unitree_ros__rosidl_typesupport_introspection_cpp.dir/rosidl_typesupport_introspection_cpp/unitree_ros/msg/detail/bms_state__type_support.cpp.o[0m
[ 34%] [32mBuilding CXX object CMakeFiles/unitree_ros__rosidl_typesupport_fastrtps_cpp.dir/rosidl_typesupport_fastrtps_cpp/unitree_ros/msg/detail/dds_fastrtps/bms_state__type_support.cpp.o[0m
[ 36%] [32mBuilding CXX object CMakeFiles/unitree_ros__rosidl_typesupport_c.dir/rosidl_typesupport_c/unitree_ros/msg/bms_state__type_support.cpp.o[0m
[ 39%] [32mBuilding C object CMakeFiles/unitree_ros__rosidl_typesupport_introspection_c.dir/rosidl_typesupport_introspection_c/unitree_ros/msg/detail/bms_state__type_support.c.o[0m
[ 41%] [32mBuilding CXX object CMakeFiles/unitree_ros__rosidl_typesupport_c.dir/rosidl_typesupport_c/unitree_ros/msg/sensor_ranges__type_support.cpp.o[0m
[ 43%] [32m[1mLinking CXX shared library libunitree_ros__rosidl_typesupport_c.so[0m
[ 45%] [32mBuilding C object CMakeFiles/unitree_ros__rosidl_typesupport_introspection_c.dir/rosidl_typesupport_introspection_c/unitree_ros/msg/detail/sensor_ranges__type_support.c.o[0m
[ 47%] [32mBuilding CXX object CMakeFiles/unitree_ros__rosidl_typesupport_fastrtps_c.dir/rosidl_typesupport_fastrtps_c/unitree_ros/msg/detail/bms_state__type_support_c.cpp.o[0m
[ 50%] Built target unitree_ros__rosidl_typesupport_c
[ 50%] [32m[1mLinking C shared library libunitree_ros__rosidl_typesupport_introspection_c.so[0m
[ 52%] [32mBuilding CXX object CMakeFiles/unitree_ros__rosidl_typesupport_fastrtps_c.dir/rosidl_typesupport_fastrtps_c/unitree_ros/msg/detail/sensor_ranges__type_support_c.cpp.o[0m
[ 52%] Built target unitree_ros__rosidl_typesupport_introspection_c
[ 54%] [32mBuilding CXX object CMakeFiles/unitree_ros__rosidl_typesupport_introspection_cpp.dir/rosidl_typesupport_introspection_cpp/unitree_ros/msg/detail/sensor_ranges__type_support.cpp.o[0m
[ 56%] [32mBuilding CXX object CMakeFiles/unitree_ros__rosidl_typesupport_fastrtps_cpp.dir/rosidl_typesupport_fastrtps_cpp/unitree_ros/msg/detail/dds_fastrtps/sensor_ranges__type_support.cpp.o[0m
[ 58%] [32m[1mLinking CXX shared library libunitree_ros__rosidl_typesupport_cpp.so[0m
[ 58%] Built target unitree_ros__rosidl_typesupport_cpp
[ 60%] [32mBuilding CXX object CMakeFiles/unitree_driver.dir/src/unitree_ros_node.cpp.o[0m
[ 63%] [32mBuilding CXX object CMakeFiles/unitree_driver.dir/src/unitree_ros.cpp.o[0m
[ 65%] [32mBuilding CXX object CMakeFiles/unitree_driver.dir/src/unitree_driver.cpp.o[0m
[ 67%] [32mBuilding CXX object CMakeFiles/unitree_driver.dir/src/serializers.cpp.o[0m
[ 69%] [32m[1mLinking CXX shared library libunitree_ros__rosidl_typesupport_fastrtps_c.so[0m
[ 71%] [32m[1mLinking CXX shared library libunitree_ros__rosidl_typesupport_introspection_cpp.so[0m
[ 71%] Built target unitree_ros__rosidl_typesupport_fastrtps_c
[ 73%] [32m[1mLinking CXX shared library libunitree_ros__rosidl_typesupport_fastrtps_cpp.so[0m
[ 73%] Built target unitree_ros__rosidl_typesupport_introspection_cpp
[ 73%] Built target unitree_ros__rosidl_typesupport_fastrtps_cpp
[ 73%] Built target unitree_ros
[ 76%] [34m[1mGenerating Python code for ROS interfaces[0m
[ 76%] Built target unitree_ros__py
[ 80%] [32mBuilding C object CMakeFiles/unitree_ros__rosidl_generator_py.dir/rosidl_generator_py/unitree_ros/msg/_bms_state_s.c.o[0m
[ 80%] [32mBuilding C object CMakeFiles/unitree_ros__rosidl_generator_py.dir/rosidl_generator_py/unitree_ros/msg/_sensor_ranges_s.c.o[0m
[ 82%] [32m[1mLinking C shared library rosidl_generator_py/unitree_ros/libunitree_ros__rosidl_generator_py.so[0m
[ 82%] Built target unitree_ros__rosidl_generator_py
[ 84%] [32mBuilding C object CMakeFiles/unitree_ros__rosidl_typesupport_introspection_c__pyext.dir/rosidl_generator_py/unitree_ros/_unitree_ros_s.ep.rosidl_typesupport_introspection_c.c.o[0m
[ 86%] [32mBuilding C object CMakeFiles/unitree_ros__rosidl_typesupport_fastrtps_c__pyext.dir/rosidl_generator_py/unitree_ros/_unitree_ros_s.ep.rosidl_typesupport_fastrtps_c.c.o[0m
[ 89%] [32mBuilding C object CMakeFiles/unitree_ros__rosidl_typesupport_c__pyext.dir/rosidl_generator_py/unitree_ros/_unitree_ros_s.ep.rosidl_typesupport_c.c.o[0m
[ 91%] [32m[1mLinking C shared library rosidl_generator_py/unitree_ros/unitree_ros_s__rosidl_typesupport_introspection_c.cpython-310-x86_64-linux-gnu.so[0m
[ 93%] [32m[1mLinking C shared library rosidl_generator_py/unitree_ros/unitree_ros_s__rosidl_typesupport_fastrtps_c.cpython-310-x86_64-linux-gnu.so[0m
[ 93%] Built target unitree_ros__rosidl_typesupport_introspection_c__pyext
[ 95%] [32m[1mLinking C shared library rosidl_generator_py/unitree_ros/unitree_ros_s__rosidl_typesupport_c.cpython-310-x86_64-linux-gnu.so[0m
[ 95%] Built target unitree_ros__rosidl_typesupport_fastrtps_c__pyext
[ 95%] Built target unitree_ros__rosidl_typesupport_c__pyext
[ 97%] [32m[1mLinking CXX executable teleop_node[0m
[ 97%] Built target teleop_node
[100%] [32m[1mLinking CXX executable unitree_driver[0m
[100%] Built target unitree_driver
-- Install configuration: ""
-- Installing: /home/giszterlab/unitree_ws/install/unitree_ros/share/ament_index/resource_index/rosidl_interfaces/unitree_ros
-- Installing: /home/giszterlab/unitree_ws/install/unitree_ros/include/unitree_ros/unitree_ros
-- Installing: /home/giszterlab/unitree_ws/install/unitree_ros/include/unitree_ros/unitree_ros/msg
-- Installing: /home/giszterlab/unitree_ws/install/unitree_ros/include/unitree_ros/unitree_ros/msg/rosidl_generator_c__visibility_control.h
-- Installing: /home/giszterlab/unitree_ws/install/unitree_ros/include/unitree_ros/unitree_ros/msg/sensor_ranges.h
-- Installing: /home/giszterlab/unitree_ws/install/unitree_ros/include/unitree_ros/unitree_ros/msg/bms_state.h
-- Installing: /home/giszterlab/unitree_ws/install/unitree_ros/include/unitree_ros/unitree_ros/msg/detail
-- Installing: /home/giszterlab/unitree_ws/install/unitree_ros/include/unitree_ros/unitree_ros/msg/detail/sensor_ranges__type_support.h
-- Installing: /home/giszterlab/unitree_ws/install/unitree_ros/include/unitree_ros/unitree_ros/msg/detail/sensor_ranges__functions.c
-- Installing: /home/giszterlab/unitree_ws/install/unitree_ros/include/unitree_ros/unitree_ros/msg/detail/bms_state__type_support.h
-- Installing: /home/giszterlab/unitree_ws/install/unitree_ros/include/unitree_ros/unitree_ros/msg/detail/sensor_ranges__functions.h
-- Installing: /home/giszterlab/unitree_ws/install/unitree_ros/include/unitree_ros/unitree_ros/msg/detail/bms_state__struct.h
-- Installing: /home/giszterlab/unitree_ws/install/unitree_ros/include/unitree_ros/unitree_ros/msg/detail/bms_state__functions.c
-- Installing: /home/giszterlab/unitree_ws/install/unitree_ros/include/unitree_ros/unitree_ros/msg/detail/sensor_ranges__struct.h
-- Installing: /home/giszterlab/unitree_ws/install/unitree_ros/include/unitree_ros/unitree_ros/msg/detail/bms_state__functions.h
-- Installing: /home/giszterlab/unitree_ws/install/unitree_ros/share/unitree_ros/environment/library_path.sh
-- Installing: /home/giszterlab/unitree_ws/install/unitree_ros/share/unitree_ros/environment/library_path.dsv
-- Installing: /home/giszterlab/unitree_ws/install/unitree_ros/lib/libunitree_ros__rosidl_generator_c.so
-- Set runtime path of "/home/giszterlab/unitree_ws/install/unitree_ros/lib/libunitree_ros__rosidl_generator_c.so" to ""
-- Up-to-date: /home/giszterlab/unitree_ws/install/unitree_ros/include/unitree_ros/unitree_ros
-- Up-to-date: /home/giszterlab/unitree_ws/install/unitree_ros/include/unitree_ros/unitree_ros/msg
-- Installing: /home/giszterlab/unitree_ws/install/unitree_ros/include/unitree_ros/unitree_ros/msg/rosidl_typesupport_fastrtps_c__visibility_control.h
-- Up-to-date: /home/giszterlab/unitree_ws/install/unitree_ros/include/unitree_ros/unitree_ros/msg/detail
-- Installing: /home/giszterlab/unitree_ws/install/unitree_ros/include/unitree_ros/unitree_ros/msg/detail/sensor_ranges__rosidl_typesupport_fastrtps_c.h
-- Installing: /home/giszterlab/unitree_ws/install/unitree_ros/include/unitree_ros/unitree_ros/msg/detail/bms_state__rosidl_typesupport_fastrtps_c.h
-- Installing: /home/giszterlab/unitree_ws/install/unitree_ros/lib/libunitree_ros__rosidl_typesupport_fastrtps_c.so
-- Set runtime path of "/home/giszterlab/unitree_ws/install/unitree_ros/lib/libunitree_ros__rosidl_typesupport_fastrtps_c.so" to ""
-- Up-to-date: /home/giszterlab/unitree_ws/install/unitree_ros/include/unitree_ros/unitree_ros
-- Up-to-date: /home/giszterlab/unitree_ws/install/unitree_ros/include/unitree_ros/unitree_ros/msg
-- Installing: /home/giszterlab/unitree_ws/install/unitree_ros/include/unitree_ros/unitree_ros/msg/rosidl_typesupport_introspection_c__visibility_control.h
-- Up-to-date: /home/giszterlab/unitree_ws/install/unitree_ros/include/unitree_ros/unitree_ros/msg/detail
-- Installing: /home/giszterlab/unitree_ws/install/unitree_ros/include/unitree_ros/unitree_ros/msg/detail/sensor_ranges__rosidl_typesupport_introspection_c.h
-- Installing: /home/giszterlab/unitree_ws/install/unitree_ros/include/unitree_ros/unitree_ros/msg/detail/bms_state__type_support.c
-- Installing: /home/giszterlab/unitree_ws/install/unitree_ros/include/unitree_ros/unitree_ros/msg/detail/bms_state__rosidl_typesupport_introspection_c.h
-- Installing: /home/giszterlab/unitree_ws/install/unitree_ros/include/unitree_ros/unitree_ros/msg/detail/sensor_ranges__type_support.c
-- Installing: /home/giszterlab/unitree_ws/install/unitree_ros/lib/libunitree_ros__rosidl_typesupport_introspection_c.so
-- Set runtime path of "/home/giszterlab/unitree_ws/install/unitree_ros/lib/libunitree_ros__rosidl_typesupport_introspection_c.so" to ""
-- Installing: /home/giszterlab/unitree_ws/install/unitree_ros/lib/libunitree_ros__rosidl_typesupport_c.so
-- Set runtime path of "/home/giszterlab/unitree_ws/install/unitree_ros/lib/libunitree_ros__rosidl_typesupport_c.so" to ""
-- Up-to-date: /home/giszterlab/unitree_ws/install/unitree_ros/include/unitree_ros/unitree_ros
-- Up-to-date: /home/giszterlab/unitree_ws/install/unitree_ros/include/unitree_ros/unitree_ros/msg
-- Installing: /home/giszterlab/unitree_ws/install/unitree_ros/include/unitree_ros/unitree_ros/msg/rosidl_generator_cpp__visibility_control.hpp
-- Up-to-date: /home/giszterlab/unitree_ws/install/unitree_ros/include/unitree_ros/unitree_ros/msg/detail
-- Installing: /home/giszterlab/unitree_ws/install/unitree_ros/include/unitree_ros/unitree_ros/msg/detail/bms_state__struct.hpp
-- Installing: /home/giszterlab/unitree_ws/install/unitree_ros/include/unitree_ros/unitree_ros/msg/detail/sensor_ranges__traits.hpp
-- Installing: /home/giszterlab/unitree_ws/install/unitree_ros/include/unitree_ros/unitree_ros/msg/detail/bms_state__traits.hpp
-- Installing: /home/giszterlab/unitree_ws/install/unitree_ros/include/unitree_ros/unitree_ros/msg/detail/sensor_ranges__builder.hpp
-- Installing: /home/giszterlab/unitree_ws/install/unitree_ros/include/unitree_ros/unitree_ros/msg/detail/sensor_ranges__struct.hpp
-- Installing: /home/giszterlab/unitree_ws/install/unitree_ros/include/unitree_ros/unitree_ros/msg/detail/sensor_ranges__type_support.hpp
-- Installing: /home/giszterlab/unitree_ws/install/unitree_ros/include/unitree_ros/unitree_ros/msg/detail/bms_state__builder.hpp
-- Installing: /home/giszterlab/unitree_ws/install/unitree_ros/include/unitree_ros/unitree_ros/msg/detail/bms_state__type_support.hpp
-- Installing: /home/giszterlab/unitree_ws/install/unitree_ros/include/unitree_ros/unitree_ros/msg/bms_state.hpp
-- Installing: /home/giszterlab/unitree_ws/install/unitree_ros/include/unitree_ros/unitree_ros/msg/sensor_ranges.hpp
-- Up-to-date: /home/giszterlab/unitree_ws/install/unitree_ros/include/unitree_ros/unitree_ros
-- Up-to-date: /home/giszterlab/unitree_ws/install/unitree_ros/include/unitree_ros/unitree_ros/msg
-- Installing: /home/giszterlab/unitree_ws/install/unitree_ros/include/unitree_ros/unitree_ros/msg/rosidl_typesupport_fastrtps_cpp__visibility_control.h
-- Up-to-date: /home/giszterlab/unitree_ws/install/unitree_ros/include/unitree_ros/unitree_ros/msg/detail
-- Installing: /home/giszterlab/unitree_ws/install/unitree_ros/include/unitree_ros/unitree_ros/msg/detail/sensor_ranges__rosidl_typesupport_fastrtps_cpp.hpp
-- Installing: /home/giszterlab/unitree_ws/install/unitree_ros/include/unitree_ros/unitree_ros/msg/detail/bms_state__rosidl_typesupport_fastrtps_cpp.hpp
-- Installing: /home/giszterlab/unitree_ws/install/unitree_ros/include/unitree_ros/unitree_ros/msg/detail/dds_fastrtps
-- Installing: /home/giszterlab/unitree_ws/install/unitree_ros/lib/libunitree_ros__rosidl_typesupport_fastrtps_cpp.so
-- Set runtime path of "/home/giszterlab/unitree_ws/install/unitree_ros/lib/libunitree_ros__rosidl_typesupport_fastrtps_cpp.so" to ""
-- Up-to-date: /home/giszterlab/unitree_ws/install/unitree_ros/include/unitree_ros/unitree_ros
-- Up-to-date: /home/giszterlab/unitree_ws/install/unitree_ros/include/unitree_ros/unitree_ros/msg
-- Up-to-date: /home/giszterlab/unitree_ws/install/unitree_ros/include/unitree_ros/unitree_ros/msg/detail
-- Installing: /home/giszterlab/unitree_ws/install/unitree_ros/include/unitree_ros/unitree_ros/msg/detail/sensor_ranges__type_support.cpp
-- Installing: /home/giszterlab/unitree_ws/install/unitree_ros/include/unitree_ros/unitree_ros/msg/detail/bms_state__type_support.cpp
-- Installing: /home/giszterlab/unitree_ws/install/unitree_ros/include/unitree_ros/unitree_ros/msg/detail/bms_state__rosidl_typesupport_introspection_cpp.hpp
-- Installing: /home/giszterlab/unitree_ws/install/unitree_ros/include/unitree_ros/unitree_ros/msg/detail/sensor_ranges__rosidl_typesupport_introspection_cpp.hpp
-- Installing: /home/giszterlab/unitree_ws/install/unitree_ros/lib/libunitree_ros__rosidl_typesupport_introspection_cpp.so
-- Set runtime path of "/home/giszterlab/unitree_ws/install/unitree_ros/lib/libunitree_ros__rosidl_typesupport_introspection_cpp.so" to ""
-- Installing: /home/giszterlab/unitree_ws/install/unitree_ros/lib/libunitree_ros__rosidl_typesupport_cpp.so
-- Set runtime path of "/home/giszterlab/unitree_ws/install/unitree_ros/lib/libunitree_ros__rosidl_typesupport_cpp.so" to ""
-- Installing: /home/giszterlab/unitree_ws/install/unitree_ros/share/unitree_ros/environment/pythonpath.sh
-- Installing: /home/giszterlab/unitree_ws/install/unitree_ros/share/unitree_ros/environment/pythonpath.dsv
-- Installing: /home/giszterlab/unitree_ws/install/unitree_ros/local/lib/python3.10/dist-packages/unitree_ros-1.2.0-py3.10.egg-info
-- Installing: /home/giszterlab/unitree_ws/install/unitree_ros/local/lib/python3.10/dist-packages/unitree_ros-1.2.0-py3.10.egg-info/PKG-INFO
-- Installing: /home/giszterlab/unitree_ws/install/unitree_ros/local/lib/python3.10/dist-packages/unitree_ros-1.2.0-py3.10.egg-info/top_level.txt
-- Installing: /home/giszterlab/unitree_ws/install/unitree_ros/local/lib/python3.10/dist-packages/unitree_ros-1.2.0-py3.10.egg-info/SOURCES.txt
-- Installing: /home/giszterlab/unitree_ws/install/unitree_ros/local/lib/python3.10/dist-packages/unitree_ros-1.2.0-py3.10.egg-info/dependency_links.txt
-- Installing: /home/giszterlab/unitree_ws/install/unitree_ros/local/lib/python3.10/dist-packages/unitree_ros
-- Installing: /home/giszterlab/unitree_ws/install/unitree_ros/local/lib/python3.10/dist-packages/unitree_ros/unitree_ros_s__rosidl_typesupport_introspection_c.cpython-310-x86_64-linux-gnu.so
-- Installing: /home/giszterlab/unitree_ws/install/unitree_ros/local/lib/python3.10/dist-packages/unitree_ros/_unitree_ros_s.ep.rosidl_typesupport_introspection_c.c
-- Installing: /home/giszterlab/unitree_ws/install/unitree_ros/local/lib/python3.10/dist-packages/unitree_ros/__init__.py
-- Installing: /home/giszterlab/unitree_ws/install/unitree_ros/local/lib/python3.10/dist-packages/unitree_ros/_unitree_ros_s.ep.rosidl_typesupport_c.c
-- Installing: /home/giszterlab/unitree_ws/install/unitree_ros/local/lib/python3.10/dist-packages/unitree_ros/libunitree_ros__rosidl_generator_py.so
-- Installing: /home/giszterlab/unitree_ws/install/unitree_ros/local/lib/python3.10/dist-packages/unitree_ros/msg
-- Installing: /home/giszterlab/unitree_ws/install/unitree_ros/local/lib/python3.10/dist-packages/unitree_ros/msg/_bms_state_s.c
-- Installing: /home/giszterlab/unitree_ws/install/unitree_ros/local/lib/python3.10/dist-packages/unitree_ros/msg/__init__.py
-- Installing: /home/giszterlab/unitree_ws/install/unitree_ros/local/lib/python3.10/dist-packages/unitree_ros/msg/_sensor_ranges.py
-- Installing: /home/giszterlab/unitree_ws/install/unitree_ros/local/lib/python3.10/dist-packages/unitree_ros/msg/_sensor_ranges_s.c
-- Installing: /home/giszterlab/unitree_ws/install/unitree_ros/local/lib/python3.10/dist-packages/unitree_ros/msg/_bms_state.py
-- Installing: /home/giszterlab/unitree_ws/install/unitree_ros/local/lib/python3.10/dist-packages/unitree_ros/unitree_ros_s__rosidl_typesupport_fastrtps_c.cpython-310-x86_64-linux-gnu.so
-- Installing: /home/giszterlab/unitree_ws/install/unitree_ros/local/lib/python3.10/dist-packages/unitree_ros/unitree_ros_s__rosidl_typesupport_c.cpython-310-x86_64-linux-gnu.so
-- Installing: /home/giszterlab/unitree_ws/install/unitree_ros/local/lib/python3.10/dist-packages/unitree_ros/_unitree_ros_s.ep.rosidl_typesupport_fastrtps_c.c
Listing '/home/giszterlab/unitree_ws/install/unitree_ros/local/lib/python3.10/dist-packages/unitree_ros'...
Compiling '/home/giszterlab/unitree_ws/install/unitree_ros/local/lib/python3.10/dist-packages/unitree_ros/__init__.py'...
Listing '/home/giszterlab/unitree_ws/install/unitree_ros/local/lib/python3.10/dist-packages/unitree_ros/msg'...
Compiling '/home/giszterlab/unitree_ws/install/unitree_ros/local/lib/python3.10/dist-packages/unitree_ros/msg/__init__.py'...
Compiling '/home/giszterlab/unitree_ws/install/unitree_ros/local/lib/python3.10/dist-packages/unitree_ros/msg/_bms_state.py'...
Compiling '/home/giszterlab/unitree_ws/install/unitree_ros/local/lib/python3.10/dist-packages/unitree_ros/msg/_sensor_ranges.py'...
-- Installing: /home/giszterlab/unitree_ws/install/unitree_ros/local/lib/python3.10/dist-packages/unitree_ros/unitree_ros_s__rosidl_typesupport_fastrtps_c.cpython-310-x86_64-linux-gnu.so
-- Set runtime path of "/home/giszterlab/unitree_ws/install/unitree_ros/local/lib/python3.10/dist-packages/unitree_ros/unitree_ros_s__rosidl_typesupport_fastrtps_c.cpython-310-x86_64-linux-gnu.so" to ""
-- Installing: /home/giszterlab/unitree_ws/install/unitree_ros/local/lib/python3.10/dist-packages/unitree_ros/unitree_ros_s__rosidl_typesupport_introspection_c.cpython-310-x86_64-linux-gnu.so
-- Set runtime path of "/home/giszterlab/unitree_ws/install/unitree_ros/local/lib/python3.10/dist-packages/unitree_ros/unitree_ros_s__rosidl_typesupport_introspection_c.cpython-310-x86_64-linux-gnu.so" to ""
-- Installing: /home/giszterlab/unitree_ws/install/unitree_ros/local/lib/python3.10/dist-packages/unitree_ros/unitree_ros_s__rosidl_typesupport_c.cpython-310-x86_64-linux-gnu.so
-- Set runtime path of "/home/giszterlab/unitree_ws/install/unitree_ros/local/lib/python3.10/dist-packages/unitree_ros/unitree_ros_s__rosidl_typesupport_c.cpython-310-x86_64-linux-gnu.so" to ""
-- Installing: /home/giszterlab/unitree_ws/install/unitree_ros/lib/libunitree_ros__rosidl_generator_py.so
-- Set runtime path of "/home/giszterlab/unitree_ws/install/unitree_ros/lib/libunitree_ros__rosidl_generator_py.so" to ""
-- Installing: /home/giszterlab/unitree_ws/install/unitree_ros/share/unitree_ros/msg/BmsState.idl
-- Installing: /home/giszterlab/unitree_ws/install/unitree_ros/share/unitree_ros/msg/SensorRanges.idl
-- Installing: /home/giszterlab/unitree_ws/install/unitree_ros/share/unitree_ros/msg/BmsState.msg
-- Installing: /home/giszterlab/unitree_ws/install/unitree_ros/share/unitree_ros/msg/SensorRanges.msg
-- Installing: /home/giszterlab/unitree_ws/install/unitree_ros/lib/unitree_ros/teleop_node
-- Set runtime path of "/home/giszterlab/unitree_ws/install/unitree_ros/lib/unitree_ros/teleop_node" to ""
-- Installing: /home/giszterlab/unitree_ws/install/unitree_ros/include/include
-- Installing: /home/giszterlab/unitree_ws/install/unitree_ros/include/include/unitree_ros
-- Installing: /home/giszterlab/unitree_ws/install/unitree_ros/include/include/unitree_ros/common_defines.hpp
-- Installing: /home/giszterlab/unitree_ws/install/unitree_ros/include/include/unitree_ros/serializers.hpp
-- Installing: /home/giszterlab/unitree_ws/install/unitree_ros/include/include/unitree_ros/unitree_driver.hpp
-- Installing: /home/giszterlab/unitree_ws/install/unitree_ros/include/include/unitree_ros/unitree_ros.hpp
-- Up-to-date: /home/giszterlab/unitree_ws/install/unitree_ros/include/include
-- Installing: /home/giszterlab/unitree_ws/install/unitree_ros/include/include/unitree_legged_sdk
-- Installing: /home/giszterlab/unitree_ws/install/unitree_ros/include/include/unitree_legged_sdk/a1_const.h
-- Installing: /home/giszterlab/unitree_ws/install/unitree_ros/include/include/unitree_legged_sdk/aliengo_const.h
-- Installing: /home/giszterlab/unitree_ws/install/unitree_ros/include/include/unitree_legged_sdk/joystick.h
-- Installing: /home/giszterlab/unitree_ws/install/unitree_ros/include/include/unitree_legged_sdk/go1_const.h
-- Installing: /home/giszterlab/unitree_ws/install/unitree_ros/include/include/unitree_legged_sdk/unitree_legged_sdk.h
-- Installing: /home/giszterlab/unitree_ws/install/unitree_ros/include/include/unitree_legged_sdk/quadruped.h
-- Installing: /home/giszterlab/unitree_ws/install/unitree_ros/include/include/unitree_legged_sdk/b1_const.h
-- Installing: /home/giszterlab/unitree_ws/install/unitree_ros/include/include/unitree_legged_sdk/comm.h
-- Installing: /home/giszterlab/unitree_ws/install/unitree_ros/include/include/unitree_legged_sdk/safety.h
-- Installing: /home/giszterlab/unitree_ws/install/unitree_ros/include/include/unitree_legged_sdk/udp.h
-- Installing: /home/giszterlab/unitree_ws/install/unitree_ros/include/include/unitree_legged_sdk/loop.h
-- Up-to-date: /home/giszterlab/unitree_ws/install/unitree_ros/include/include
-- Installing: /home/giszterlab/unitree_ws/install/unitree_ros/include/include/LEDPixel.h
-- Installing: /home/giszterlab/unitree_ws/install/unitree_ros/include/include/FaceLightClient.h
-- Installing: /home/giszterlab/unitree_ws/install/unitree_ros/share/unitree_ros/config
-- Installing: /home/giszterlab/unitree_ws/install/unitree_ros/share/unitree_ros/config/params.yaml
-- Installing: /home/giszterlab/unitree_ws/install/unitree_ros/share/unitree_ros/launch
-- Installing: /home/giszterlab/unitree_ws/install/unitree_ros/share/unitree_ros/launch/unitree_driver_launch.py
-- Installing: /home/giszterlab/unitree_ws/install/unitree_ros/lib/unitree_ros/unitree_driver
-- Set runtime path of "/home/giszterlab/unitree_ws/install/unitree_ros/lib/unitree_ros/unitree_driver" to ""
-- Installing: /home/giszterlab/unitree_ws/install/unitree_ros/lib/libfaceLight_SDK_amd64.so
-- Installing: /home/giszterlab/unitree_ws/install/unitree_ros/share/ament_index/resource_index/package_run_dependencies/unitree_ros
-- Installing: /home/giszterlab/unitree_ws/install/unitree_ros/share/ament_index/resource_index/parent_prefix_path/unitree_ros
-- Installing: /home/giszterlab/unitree_ws/install/unitree_ros/share/unitree_ros/environment/ament_prefix_path.sh
-- Installing: /home/giszterlab/unitree_ws/install/unitree_ros/share/unitree_ros/environment/ament_prefix_path.dsv
-- Installing: /home/giszterlab/unitree_ws/install/unitree_ros/share/unitree_ros/environment/path.sh
-- Installing: /home/giszterlab/unitree_ws/install/unitree_ros/share/unitree_ros/environment/path.dsv
-- Installing: /home/giszterlab/unitree_ws/install/unitree_ros/share/unitree_ros/local_setup.bash
-- Installing: /home/giszterlab/unitree_ws/install/unitree_ros/share/unitree_ros/local_setup.sh
-- Installing: /home/giszterlab/unitree_ws/install/unitree_ros/share/unitree_ros/local_setup.zsh
-- Installing: /home/giszterlab/unitree_ws/install/unitree_ros/share/unitree_ros/local_setup.dsv
-- Installing: /home/giszterlab/unitree_ws/install/unitree_ros/share/unitree_ros/package.dsv
-- Installing: /home/giszterlab/unitree_ws/install/unitree_ros/share/ament_index/resource_index/packages/unitree_ros
-- Installing: /home/giszterlab/unitree_ws/install/unitree_ros/share/unitree_ros/cmake/export_unitree_ros__rosidl_generator_cExport.cmake
-- Installing: /home/giszterlab/unitree_ws/install/unitree_ros/share/unitree_ros/cmake/export_unitree_ros__rosidl_generator_cExport-noconfig.cmake
-- Installing: /home/giszterlab/unitree_ws/install/unitree_ros/share/unitree_ros/cmake/export_unitree_ros__rosidl_typesupport_fastrtps_cExport.cmake
-- Installing: /home/giszterlab/unitree_ws/install/unitree_ros/share/unitree_ros/cmake/export_unitree_ros__rosidl_typesupport_fastrtps_cExport-noconfig.cmake
-- Installing: /home/giszterlab/unitree_ws/install/unitree_ros/share/unitree_ros/cmake/unitree_ros__rosidl_typesupport_introspection_cExport.cmake
-- Installing: /home/giszterlab/unitree_ws/install/unitree_ros/share/unitree_ros/cmake/unitree_ros__rosidl_typesupport_introspection_cExport-noconfig.cmake
-- Installing: /home/giszterlab/unitree_ws/install/unitree_ros/share/unitree_ros/cmake/unitree_ros__rosidl_typesupport_cExport.cmake
-- Installing: /home/giszterlab/unitree_ws/install/unitree_ros/share/unitree_ros/cmake/unitree_ros__rosidl_typesupport_cExport-noconfig.cmake
-- Installing: /home/giszterlab/unitree_ws/install/unitree_ros/share/unitree_ros/cmake/export_unitree_ros__rosidl_generator_cppExport.cmake
-- Installing: /home/giszterlab/unitree_ws/install/unitree_ros/share/unitree_ros/cmake/export_unitree_ros__rosidl_typesupport_fastrtps_cppExport.cmake
-- Installing: /home/giszterlab/unitree_ws/install/unitree_ros/share/unitree_ros/cmake/export_unitree_ros__rosidl_typesupport_fastrtps_cppExport-noconfig.cmake
-- Installing: /home/giszterlab/unitree_ws/install/unitree_ros/share/unitree_ros/cmake/unitree_ros__rosidl_typesupport_introspection_cppExport.cmake
-- Installing: /home/giszterlab/unitree_ws/install/unitree_ros/share/unitree_ros/cmake/unitree_ros__rosidl_typesupport_introspection_cppExport-noconfig.cmake
-- Installing: /home/giszterlab/unitree_ws/install/unitree_ros/share/unitree_ros/cmake/unitree_ros__rosidl_typesupport_cppExport.cmake
-- Installing: /home/giszterlab/unitree_ws/install/unitree_ros/share/unitree_ros/cmake/unitree_ros__rosidl_typesupport_cppExport-noconfig.cmake
-- Installing: /home/giszterlab/unitree_ws/install/unitree_ros/share/unitree_ros/cmake/export_unitree_ros__rosidl_generator_pyExport.cmake
-- Installing: /home/giszterlab/unitree_ws/install/unitree_ros/share/unitree_ros/cmake/export_unitree_ros__rosidl_generator_pyExport-noconfig.cmake
-- Installing: /home/giszterlab/unitree_ws/install/unitree_ros/share/unitree_ros/cmake/rosidl_cmake-extras.cmake
-- Installing: /home/giszterlab/unitree_ws/install/unitree_ros/share/unitree_ros/cmake/ament_cmake_export_dependencies-extras.cmake
-- Installing: /home/giszterlab/unitree_ws/install/unitree_ros/share/unitree_ros/cmake/ament_cmake_export_include_directories-extras.cmake
-- Installing: /home/giszterlab/unitree_ws/install/unitree_ros/share/unitree_ros/cmake/ament_cmake_export_libraries-extras.cmake
-- Installing: /home/giszterlab/unitree_ws/install/unitree_ros/share/unitree_ros/cmake/ament_cmake_export_targets-extras.cmake
-- Installing: /home/giszterlab/unitree_ws/install/unitree_ros/share/unitree_ros/cmake/rosidl_cmake_export_typesupport_targets-extras.cmake
-- Installing: /home/giszterlab/unitree_ws/install/unitree_ros/share/unitree_ros/cmake/rosidl_cmake_export_typesupport_libraries-extras.cmake
-- Installing: /home/giszterlab/unitree_ws/install/unitree_ros/share/unitree_ros/cmake/unitree_rosConfig.cmake
-- Installing: /home/giszterlab/unitree_ws/install/unitree_ros/share/unitree_ros/cmake/unitree_rosConfig-version.cmake
-- Installing: /home/giszterlab/unitree_ws/install/unitree_ros/share/unitree_ros/package.xml
