/home/giszterlab/USING/unitree_ros2_sim/install/go1_navigation/lib/python3.10/site-packages/go1_navigation/__init__.py
/home/giszterlab/USING/unitree_ros2_sim/install/go1_navigation/lib/python3.10/site-packages/go1_navigation/static_map_publisher.py
/home/giszterlab/USING/unitree_ros2_sim/install/go1_navigation/lib/python3.10/site-packages/go1_navigation/tf_publisher.py
/home/giszterlab/USING/unitree_ros2_sim/install/go1_navigation/lib/python3.10/site-packages/go1_navigation/__pycache__/__init__.cpython-310.pyc
/home/giszterlab/USING/unitree_ros2_sim/install/go1_navigation/lib/python3.10/site-packages/go1_navigation/__pycache__/static_map_publisher.cpython-310.pyc
/home/giszterlab/USING/unitree_ros2_sim/install/go1_navigation/lib/python3.10/site-packages/go1_navigation/__pycache__/tf_publisher.cpython-310.pyc
/home/giszterlab/USING/unitree_ros2_sim/install/go1_navigation/share/ament_index/resource_index/packages/go1_navigation
/home/giszterlab/USING/unitree_ros2_sim/install/go1_navigation/share/go1_navigation/package.xml
/home/giszterlab/USING/unitree_ros2_sim/install/go1_navigation/share/go1_navigation/navigation.launch.py
/home/giszterlab/USING/unitree_ros2_sim/install/go1_navigation/share/go1_navigation/params/nav2_params.yaml
/home/giszterlab/USING/unitree_ros2_sim/install/go1_navigation/share/go1_navigation/xml/go1_bt.xml
/home/giszterlab/USING/unitree_ros2_sim/install/go1_navigation/share/go1_navigation/map/map.yaml
/home/giszterlab/USING/unitree_ros2_sim/install/go1_navigation/share/go1_navigation/map/map.pgm
/home/giszterlab/USING/unitree_ros2_sim/install/go1_navigation/lib/python3.10/site-packages/go1_navigation-0.0.0-py3.10.egg-info/requires.txt
/home/giszterlab/USING/unitree_ros2_sim/install/go1_navigation/lib/python3.10/site-packages/go1_navigation-0.0.0-py3.10.egg-info/PKG-INFO
/home/giszterlab/USING/unitree_ros2_sim/install/go1_navigation/lib/python3.10/site-packages/go1_navigation-0.0.0-py3.10.egg-info/top_level.txt
/home/giszterlab/USING/unitree_ros2_sim/install/go1_navigation/lib/python3.10/site-packages/go1_navigation-0.0.0-py3.10.egg-info/SOURCES.txt
/home/giszterlab/USING/unitree_ros2_sim/install/go1_navigation/lib/python3.10/site-packages/go1_navigation-0.0.0-py3.10.egg-info/dependency_links.txt
/home/giszterlab/USING/unitree_ros2_sim/install/go1_navigation/lib/python3.10/site-packages/go1_navigation-0.0.0-py3.10.egg-info/zip-safe
/home/giszterlab/USING/unitree_ros2_sim/install/go1_navigation/lib/python3.10/site-packages/go1_navigation-0.0.0-py3.10.egg-info/entry_points.txt
/home/giszterlab/USING/unitree_ros2_sim/install/go1_navigation/lib/go1_navigation/nav_tf_publisher
/home/giszterlab/USING/unitree_ros2_sim/install/go1_navigation/lib/go1_navigation/static_map_publisher
