[0.015s] Invoking command in '/home/giszterlab/USING/Framework/unitree_ws/build/unitree_legged_real': AMENT_PREFIX_PATH=/home/giszterlab/USING/Framework/unitree_ws/install/ros2_unitree_legged_msgs:${AMENT_PREFIX_PATH} CMAKE_PREFIX_PATH=/home/giszterlab/USING/Framework/unitree_ws/install/ros2_unitree_legged_msgs:/usr/local:/opt/ros/humble LD_LIBRARY_PATH=/home/giszterlab/USING/Framework/unitree_ws/install/ros2_unitree_legged_msgs/lib:${LD_LIBRARY_PATH} PYTHONPATH=/home/giszterlab/USING/Framework/unitree_ws/install/ros2_unitree_legged_msgs/local/lib/python3.10/dist-packages:${PYTHONPATH} /usr/bin/cmake --build /home/giszterlab/USING/Framework/unitree_ws/build/unitree_legged_real -- -j8 -l8
[0.076s] [35m[1mConsolidate compiler generated dependencies of target ros2_udp[0m
[0.091s] [ 12%] Built target custom_gait
[0.092s] [ 25%] Built target jsp_high
[0.099s] [ 37%] Built target ros2_walk_example
[0.099s] [ 50%] Built target udp_low
[0.099s] [ 62%] Built target jsp_low
[0.104s] [ 68%] [32mBuilding CXX object CMakeFiles/ros2_udp.dir/src/ros2_udp.cpp.o[0m
[0.104s] [ 81%] Built target ros2_position_example
[0.104s] [ 93%] Built target udp_high
[2.965s] [01m[K/home/giszterlab/USING/Framework/unitree_ws/src/unitree_ros2/unitree_legged_real/src/ros2_udp.cpp:90:1:[m[K [01;31m[Kerror: [m[K‘[01m[Kcustom[m[K’ does not name a type; did you mean ‘[01m[KCustom[m[K’?
[2.965s]    90 | [01;31m[Kcustom[m[K::void highCmdCallback(const ros2_unitree_legged_msgs::msg::HighCmd::SharedPtr msg)
[2.965s]       | [01;31m[K^~~~~~[m[K
[2.966s]       | [32m[KCustom[m[K
[2.966s] [01m[K/home/giszterlab/USING/Framework/unitree_ws/src/unitree_ros2/unitree_legged_real/src/ros2_udp.cpp:111:1:[m[K [01;31m[Kerror: [m[K‘[01m[Kcustom[m[K’ does not name a type; did you mean ‘[01m[KCustom[m[K’?
[2.966s]   111 | [01;31m[Kcustom[m[K::void lowCmdCallback(const ros2_unitree_legged_msgs::msg::LowCmd::SharedPtr msg)
[2.966s]       | [01;31m[K^~~~~~[m[K
[2.966s]       | [32m[KCustom[m[K
[2.976s] [01m[K/home/giszterlab/USING/Framework/unitree_ws/src/unitree_ros2/unitree_legged_real/src/ros2_udp.cpp:[m[K In lambda function:
[2.976s] [01m[K/home/giszterlab/USING/Framework/unitree_ws/src/unitree_ros2/unitree_legged_real/src/ros2_udp.cpp:146:23:[m[K [01;31m[Kerror: [m[K‘[01m[Klowcmd_tracker[m[K’ was not declared in this scope
[2.976s]   146 |         double freq = [01;31m[Klowcmd_tracker[m[K.get_frequency_hz();
[2.977s]       |                       [01;31m[K^~~~~~~~~~~~~~[m[K
[2.992s] [01m[K/home/giszterlab/USING/Framework/unitree_ws/src/unitree_ros2/unitree_legged_real/src/ros2_udp.cpp:[m[K In function ‘[01m[Kint main(int, char**)[m[K’:
[2.992s] [01m[K/home/giszterlab/USING/Framework/unitree_ws/src/unitree_ros2/unitree_legged_real/src/ros2_udp.cpp:156:98:[m[K [01;31m[Kerror: [m[K‘[01m[KlowCmdCallback[m[K’ was not declared in this scope
[2.992s]   156 | _subscription<ros2_unitree_legged_msgs::msg::LowCmd>("low_cmd", 1, [01;31m[KlowCmdCallback[m[K);
[2.992s]       |                                                                    [01;31m[K^~~~~~~~~~~~~~[m[K
[2.992s] 
[3.000s] [01m[K/home/giszterlab/USING/Framework/unitree_ws/src/unitree_ros2/unitree_legged_real/src/ros2_udp.cpp:165:101:[m[K [01;31m[Kerror: [m[K‘[01m[KhighCmdCallback[m[K’ was not declared in this scope
[3.000s]   165 | ubscription<ros2_unitree_legged_msgs::msg::HighCmd>("high_cmd", 1, [01;31m[KhighCmdCallback[m[K);
[3.000s]       |                                                                    [01;31m[K^~~~~~~~~~~~~~~[m[K
[3.000s] 
[3.840s] gmake[2]: *** [CMakeFiles/ros2_udp.dir/build.make:76: CMakeFiles/ros2_udp.dir/src/ros2_udp.cpp.o] Error 1
[3.840s] gmake[1]: *** [CMakeFiles/Makefile2:151: CMakeFiles/ros2_udp.dir/all] Error 2
[3.841s] gmake: *** [Makefile:146: all] Error 2
[3.843s] Invoked command in '/home/giszterlab/USING/Framework/unitree_ws/build/unitree_legged_real' returned '2': AMENT_PREFIX_PATH=/home/giszterlab/USING/Framework/unitree_ws/install/ros2_unitree_legged_msgs:${AMENT_PREFIX_PATH} CMAKE_PREFIX_PATH=/home/giszterlab/USING/Framework/unitree_ws/install/ros2_unitree_legged_msgs:/usr/local:/opt/ros/humble LD_LIBRARY_PATH=/home/giszterlab/USING/Framework/unitree_ws/install/ros2_unitree_legged_msgs/lib:${LD_LIBRARY_PATH} PYTHONPATH=/home/giszterlab/USING/Framework/unitree_ws/install/ros2_unitree_legged_msgs/local/lib/python3.10/dist-packages:${PYTHONPATH} /usr/bin/cmake --build /home/giszterlab/USING/Framework/unitree_ws/build/unitree_legged_real -- -j8 -l8
