[0.033s] Invoking command in '/home/giszterlab/USING/unitree_ros2_sim/build/ros2_unitree_legged_msgs': CMAKE_PREFIX_PATH=${CMAKE_PREFIX_PATH}:/home/giszterlab/USING/unitree_ros2_sim/install/go1_navigation:/opt/ros/humble /usr/bin/cmake --build /home/giszterlab/USING/unitree_ros2_sim/build/ros2_unitree_legged_msgs -- -j8 -l8
[0.472s] [  0%] Built target ros2_unitree_legged_msgs__cpp
[0.473s] [ 12%] Built target ros2_unitree_legged_msgs__rosidl_generator_c
[0.473s] [ 12%] Built target ament_cmake_python_copy_ros2_unitree_legged_msgs
[0.475s] [ 24%] Built target ros2_unitree_legged_msgs__rosidl_typesupport_cpp
[0.475s] [ 36%] Built target ros2_unitree_legged_msgs__rosidl_typesupport_fastrtps_c
[0.475s] [ 60%] Built target ros2_unitree_legged_msgs__rosidl_typesupport_introspection_cpp
[0.476s] [ 60%] Built target ros2_unitree_legged_msgs__rosidl_typesupport_c
[0.476s] [ 72%] Built target ros2_unitree_legged_msgs__rosidl_typesupport_introspection_c
[0.476s] [ 83%] Built target ros2_unitree_legged_msgs__rosidl_typesupport_fastrtps_cpp
[0.476s] [ 83%] Built target ros2_unitree_legged_msgs
[0.476s] [ 84%] Built target ros2_unitree_legged_msgs__py
[0.476s] [ 95%] Built target ros2_unitree_legged_msgs__rosidl_generator_py
[0.476s] [ 96%] Built target ros2_unitree_legged_msgs__rosidl_typesupport_c__pyext
[0.477s] [ 99%] Built target ros2_unitree_legged_msgs__rosidl_typesupport_fastrtps_c__pyext
[0.477s] [100%] Built target ros2_unitree_legged_msgs__rosidl_typesupport_introspection_c__pyext
[0.564s] running egg_info
[0.565s] writing ros2_unitree_legged_msgs.egg-info/PKG-INFO
[0.565s] writing dependency_links to ros2_unitree_legged_msgs.egg-info/dependency_links.txt
[0.566s] writing top-level names to ros2_unitree_legged_msgs.egg-info/top_level.txt
[0.570s] reading manifest file 'ros2_unitree_legged_msgs.egg-info/SOURCES.txt'
[0.571s] writing manifest file 'ros2_unitree_legged_msgs.egg-info/SOURCES.txt'
[0.623s] [100%] Built target ament_cmake_python_build_ros2_unitree_legged_msgs_egg
[0.645s] Invoked command in '/home/giszterlab/USING/unitree_ros2_sim/build/ros2_unitree_legged_msgs' returned '0': CMAKE_PREFIX_PATH=${CMAKE_PREFIX_PATH}:/home/giszterlab/USING/unitree_ros2_sim/install/go1_navigation:/opt/ros/humble /usr/bin/cmake --build /home/giszterlab/USING/unitree_ros2_sim/build/ros2_unitree_legged_msgs -- -j8 -l8
[0.647s] Invoking command in '/home/giszterlab/USING/unitree_ros2_sim/build/ros2_unitree_legged_msgs': CMAKE_PREFIX_PATH=${CMAKE_PREFIX_PATH}:/home/giszterlab/USING/unitree_ros2_sim/install/go1_navigation:/opt/ros/humble /usr/bin/cmake --install /home/giszterlab/USING/unitree_ros2_sim/build/ros2_unitree_legged_msgs
[0.657s] -- Install configuration: ""
[0.657s] -- Up-to-date: /home/giszterlab/USING/unitree_ros2_sim/install/ros2_unitree_legged_msgs/share/ament_index/resource_index/rosidl_interfaces/ros2_unitree_legged_msgs
[0.657s] -- Up-to-date: /home/giszterlab/USING/unitree_ros2_sim/install/ros2_unitree_legged_msgs/include/ros2_unitree_legged_msgs/ros2_unitree_legged_msgs
[0.657s] -- Up-to-date: /home/giszterlab/USING/unitree_ros2_sim/install/ros2_unitree_legged_msgs/include/ros2_unitree_legged_msgs/ros2_unitree_legged_msgs/msg
[0.658s] -- Up-to-date: /home/giszterlab/USING/unitree_ros2_sim/install/ros2_unitree_legged_msgs/include/ros2_unitree_legged_msgs/ros2_unitree_legged_msgs/msg/high_state.h
[0.658s] -- Up-to-date: /home/giszterlab/USING/unitree_ros2_sim/install/ros2_unitree_legged_msgs/include/ros2_unitree_legged_msgs/ros2_unitree_legged_msgs/msg/rosidl_generator_c__visibility_control.h
[0.658s] -- Up-to-date: /home/giszterlab/USING/unitree_ros2_sim/install/ros2_unitree_legged_msgs/include/ros2_unitree_legged_msgs/ros2_unitree_legged_msgs/msg/cartesian.h
[0.658s] -- Up-to-date: /home/giszterlab/USING/unitree_ros2_sim/install/ros2_unitree_legged_msgs/include/ros2_unitree_legged_msgs/ros2_unitree_legged_msgs/msg/high_cmd.h
[0.659s] -- Up-to-date: /home/giszterlab/USING/unitree_ros2_sim/install/ros2_unitree_legged_msgs/include/ros2_unitree_legged_msgs/ros2_unitree_legged_msgs/msg/bms_state.h
[0.659s] -- Up-to-date: /home/giszterlab/USING/unitree_ros2_sim/install/ros2_unitree_legged_msgs/include/ros2_unitree_legged_msgs/ros2_unitree_legged_msgs/msg/led.h
[0.659s] -- Up-to-date: /home/giszterlab/USING/unitree_ros2_sim/install/ros2_unitree_legged_msgs/include/ros2_unitree_legged_msgs/ros2_unitree_legged_msgs/msg/detail
[0.659s] -- Up-to-date: /home/giszterlab/USING/unitree_ros2_sim/install/ros2_unitree_legged_msgs/include/ros2_unitree_legged_msgs/ros2_unitree_legged_msgs/msg/detail/motor_state__functions.h
[0.659s] -- Up-to-date: /home/giszterlab/USING/unitree_ros2_sim/install/ros2_unitree_legged_msgs/include/ros2_unitree_legged_msgs/ros2_unitree_legged_msgs/msg/detail/low_cmd__struct.h
[0.659s] -- Up-to-date: /home/giszterlab/USING/unitree_ros2_sim/install/ros2_unitree_legged_msgs/include/ros2_unitree_legged_msgs/ros2_unitree_legged_msgs/msg/detail/high_state__type_support.h
[0.660s] -- Up-to-date: /home/giszterlab/USING/unitree_ros2_sim/install/ros2_unitree_legged_msgs/include/ros2_unitree_legged_msgs/ros2_unitree_legged_msgs/msg/detail/motor_cmd__type_support.h
[0.660s] -- Up-to-date: /home/giszterlab/USING/unitree_ros2_sim/install/ros2_unitree_legged_msgs/include/ros2_unitree_legged_msgs/ros2_unitree_legged_msgs/msg/detail/low_state__type_support.h
[0.660s] -- Up-to-date: /home/giszterlab/USING/unitree_ros2_sim/install/ros2_unitree_legged_msgs/include/ros2_unitree_legged_msgs/ros2_unitree_legged_msgs/msg/detail/motor_cmd__functions.h
[0.660s] -- Up-to-date: /home/giszterlab/USING/unitree_ros2_sim/install/ros2_unitree_legged_msgs/include/ros2_unitree_legged_msgs/ros2_unitree_legged_msgs/msg/detail/imu__functions.h
[0.660s] -- Up-to-date: /home/giszterlab/USING/unitree_ros2_sim/install/ros2_unitree_legged_msgs/include/ros2_unitree_legged_msgs/ros2_unitree_legged_msgs/msg/detail/low_cmd__functions.c
[0.661s] -- Up-to-date: /home/giszterlab/USING/unitree_ros2_sim/install/ros2_unitree_legged_msgs/include/ros2_unitree_legged_msgs/ros2_unitree_legged_msgs/msg/detail/motor_cmd__struct.h
[0.661s] -- Up-to-date: /home/giszterlab/USING/unitree_ros2_sim/install/ros2_unitree_legged_msgs/include/ros2_unitree_legged_msgs/ros2_unitree_legged_msgs/msg/detail/bms_cmd__functions.h
[0.661s] -- Up-to-date: /home/giszterlab/USING/unitree_ros2_sim/install/ros2_unitree_legged_msgs/include/ros2_unitree_legged_msgs/ros2_unitree_legged_msgs/msg/detail/led__type_support.h
[0.661s] -- Up-to-date: /home/giszterlab/USING/unitree_ros2_sim/install/ros2_unitree_legged_msgs/include/ros2_unitree_legged_msgs/ros2_unitree_legged_msgs/msg/detail/led__struct.h
[0.661s] -- Up-to-date: /home/giszterlab/USING/unitree_ros2_sim/install/ros2_unitree_legged_msgs/include/ros2_unitree_legged_msgs/ros2_unitree_legged_msgs/msg/detail/high_state__functions.h
[0.662s] -- Up-to-date: /home/giszterlab/USING/unitree_ros2_sim/install/ros2_unitree_legged_msgs/include/ros2_unitree_legged_msgs/ros2_unitree_legged_msgs/msg/detail/imu__struct.h
[0.662s] -- Up-to-date: /home/giszterlab/USING/unitree_ros2_sim/install/ros2_unitree_legged_msgs/include/ros2_unitree_legged_msgs/ros2_unitree_legged_msgs/msg/detail/bms_cmd__struct.h
[0.662s] -- Up-to-date: /home/giszterlab/USING/unitree_ros2_sim/install/ros2_unitree_legged_msgs/include/ros2_unitree_legged_msgs/ros2_unitree_legged_msgs/msg/detail/high_cmd__struct.h
[0.662s] -- Up-to-date: /home/giszterlab/USING/unitree_ros2_sim/install/ros2_unitree_legged_msgs/include/ros2_unitree_legged_msgs/ros2_unitree_legged_msgs/msg/detail/low_cmd__functions.h
[0.662s] -- Up-to-date: /home/giszterlab/USING/unitree_ros2_sim/install/ros2_unitree_legged_msgs/include/ros2_unitree_legged_msgs/ros2_unitree_legged_msgs/msg/detail/imu__functions.c
[0.662s] -- Up-to-date: /home/giszterlab/USING/unitree_ros2_sim/install/ros2_unitree_legged_msgs/include/ros2_unitree_legged_msgs/ros2_unitree_legged_msgs/msg/detail/bms_state__type_support.h
[0.663s] -- Up-to-date: /home/giszterlab/USING/unitree_ros2_sim/install/ros2_unitree_legged_msgs/include/ros2_unitree_legged_msgs/ros2_unitree_legged_msgs/msg/detail/high_state__struct.h
[0.663s] -- Up-to-date: /home/giszterlab/USING/unitree_ros2_sim/install/ros2_unitree_legged_msgs/include/ros2_unitree_legged_msgs/ros2_unitree_legged_msgs/msg/detail/cartesian__functions.h
[0.663s] -- Up-to-date: /home/giszterlab/USING/unitree_ros2_sim/install/ros2_unitree_legged_msgs/include/ros2_unitree_legged_msgs/ros2_unitree_legged_msgs/msg/detail/bms_cmd__functions.c
[0.663s] -- Up-to-date: /home/giszterlab/USING/unitree_ros2_sim/install/ros2_unitree_legged_msgs/include/ros2_unitree_legged_msgs/ros2_unitree_legged_msgs/msg/detail/high_cmd__functions.h
[0.663s] -- Up-to-date: /home/giszterlab/USING/unitree_ros2_sim/install/ros2_unitree_legged_msgs/include/ros2_unitree_legged_msgs/ros2_unitree_legged_msgs/msg/detail/low_cmd__type_support.h
[0.663s] -- Up-to-date: /home/giszterlab/USING/unitree_ros2_sim/install/ros2_unitree_legged_msgs/include/ros2_unitree_legged_msgs/ros2_unitree_legged_msgs/msg/detail/motor_state__functions.c
[0.663s] -- Up-to-date: /home/giszterlab/USING/unitree_ros2_sim/install/ros2_unitree_legged_msgs/include/ros2_unitree_legged_msgs/ros2_unitree_legged_msgs/msg/detail/bms_cmd__type_support.h
[0.664s] -- Up-to-date: /home/giszterlab/USING/unitree_ros2_sim/install/ros2_unitree_legged_msgs/include/ros2_unitree_legged_msgs/ros2_unitree_legged_msgs/msg/detail/cartesian__functions.c
[0.664s] -- Up-to-date: /home/giszterlab/USING/unitree_ros2_sim/install/ros2_unitree_legged_msgs/include/ros2_unitree_legged_msgs/ros2_unitree_legged_msgs/msg/detail/high_cmd__functions.c
[0.664s] -- Up-to-date: /home/giszterlab/USING/unitree_ros2_sim/install/ros2_unitree_legged_msgs/include/ros2_unitree_legged_msgs/ros2_unitree_legged_msgs/msg/detail/led__functions.h
[0.664s] -- Up-to-date: /home/giszterlab/USING/unitree_ros2_sim/install/ros2_unitree_legged_msgs/include/ros2_unitree_legged_msgs/ros2_unitree_legged_msgs/msg/detail/high_cmd__type_support.h
[0.664s] -- Up-to-date: /home/giszterlab/USING/unitree_ros2_sim/install/ros2_unitree_legged_msgs/include/ros2_unitree_legged_msgs/ros2_unitree_legged_msgs/msg/detail/high_state__functions.c
[0.664s] -- Up-to-date: /home/giszterlab/USING/unitree_ros2_sim/install/ros2_unitree_legged_msgs/include/ros2_unitree_legged_msgs/ros2_unitree_legged_msgs/msg/detail/bms_state__struct.h
[0.664s] -- Up-to-date: /home/giszterlab/USING/unitree_ros2_sim/install/ros2_unitree_legged_msgs/include/ros2_unitree_legged_msgs/ros2_unitree_legged_msgs/msg/detail/led__functions.c
[0.665s] -- Up-to-date: /home/giszterlab/USING/unitree_ros2_sim/install/ros2_unitree_legged_msgs/include/ros2_unitree_legged_msgs/ros2_unitree_legged_msgs/msg/detail/bms_state__functions.c
[0.665s] -- Up-to-date: /home/giszterlab/USING/unitree_ros2_sim/install/ros2_unitree_legged_msgs/include/ros2_unitree_legged_msgs/ros2_unitree_legged_msgs/msg/detail/motor_cmd__functions.c
[0.665s] -- Up-to-date: /home/giszterlab/USING/unitree_ros2_sim/install/ros2_unitree_legged_msgs/include/ros2_unitree_legged_msgs/ros2_unitree_legged_msgs/msg/detail/low_state__functions.h
[0.665s] -- Up-to-date: /home/giszterlab/USING/unitree_ros2_sim/install/ros2_unitree_legged_msgs/include/ros2_unitree_legged_msgs/ros2_unitree_legged_msgs/msg/detail/cartesian__struct.h
[0.665s] -- Up-to-date: /home/giszterlab/USING/unitree_ros2_sim/install/ros2_unitree_legged_msgs/include/ros2_unitree_legged_msgs/ros2_unitree_legged_msgs/msg/detail/cartesian__type_support.h
[0.665s] -- Up-to-date: /home/giszterlab/USING/unitree_ros2_sim/install/ros2_unitree_legged_msgs/include/ros2_unitree_legged_msgs/ros2_unitree_legged_msgs/msg/detail/low_state__struct.h
[0.666s] -- Up-to-date: /home/giszterlab/USING/unitree_ros2_sim/install/ros2_unitree_legged_msgs/include/ros2_unitree_legged_msgs/ros2_unitree_legged_msgs/msg/detail/imu__type_support.h
[0.666s] -- Up-to-date: /home/giszterlab/USING/unitree_ros2_sim/install/ros2_unitree_legged_msgs/include/ros2_unitree_legged_msgs/ros2_unitree_legged_msgs/msg/detail/bms_state__functions.h
[0.666s] -- Up-to-date: /home/giszterlab/USING/unitree_ros2_sim/install/ros2_unitree_legged_msgs/include/ros2_unitree_legged_msgs/ros2_unitree_legged_msgs/msg/detail/motor_state__struct.h
[0.666s] -- Up-to-date: /home/giszterlab/USING/unitree_ros2_sim/install/ros2_unitree_legged_msgs/include/ros2_unitree_legged_msgs/ros2_unitree_legged_msgs/msg/detail/motor_state__type_support.h
[0.667s] -- Up-to-date: /home/giszterlab/USING/unitree_ros2_sim/install/ros2_unitree_legged_msgs/include/ros2_unitree_legged_msgs/ros2_unitree_legged_msgs/msg/detail/low_state__functions.c
[0.667s] -- Up-to-date: /home/giszterlab/USING/unitree_ros2_sim/install/ros2_unitree_legged_msgs/include/ros2_unitree_legged_msgs/ros2_unitree_legged_msgs/msg/bms_cmd.h
[0.667s] -- Up-to-date: /home/giszterlab/USING/unitree_ros2_sim/install/ros2_unitree_legged_msgs/include/ros2_unitree_legged_msgs/ros2_unitree_legged_msgs/msg/motor_cmd.h
[0.667s] -- Up-to-date: /home/giszterlab/USING/unitree_ros2_sim/install/ros2_unitree_legged_msgs/include/ros2_unitree_legged_msgs/ros2_unitree_legged_msgs/msg/low_state.h
[0.667s] -- Up-to-date: /home/giszterlab/USING/unitree_ros2_sim/install/ros2_unitree_legged_msgs/include/ros2_unitree_legged_msgs/ros2_unitree_legged_msgs/msg/low_cmd.h
[0.668s] -- Up-to-date: /home/giszterlab/USING/unitree_ros2_sim/install/ros2_unitree_legged_msgs/include/ros2_unitree_legged_msgs/ros2_unitree_legged_msgs/msg/imu.h
[0.668s] -- Up-to-date: /home/giszterlab/USING/unitree_ros2_sim/install/ros2_unitree_legged_msgs/include/ros2_unitree_legged_msgs/ros2_unitree_legged_msgs/msg/motor_state.h
[0.668s] -- Up-to-date: /home/giszterlab/USING/unitree_ros2_sim/install/ros2_unitree_legged_msgs/share/ros2_unitree_legged_msgs/environment/library_path.sh
[0.668s] -- Up-to-date: /home/giszterlab/USING/unitree_ros2_sim/install/ros2_unitree_legged_msgs/share/ros2_unitree_legged_msgs/environment/library_path.dsv
[0.668s] -- Up-to-date: /home/giszterlab/USING/unitree_ros2_sim/install/ros2_unitree_legged_msgs/lib/libros2_unitree_legged_msgs__rosidl_generator_c.so
[0.669s] -- Up-to-date: /home/giszterlab/USING/unitree_ros2_sim/install/ros2_unitree_legged_msgs/include/ros2_unitree_legged_msgs/ros2_unitree_legged_msgs
[0.669s] -- Up-to-date: /home/giszterlab/USING/unitree_ros2_sim/install/ros2_unitree_legged_msgs/include/ros2_unitree_legged_msgs/ros2_unitree_legged_msgs/msg
[0.669s] -- Up-to-date: /home/giszterlab/USING/unitree_ros2_sim/install/ros2_unitree_legged_msgs/include/ros2_unitree_legged_msgs/ros2_unitree_legged_msgs/msg/rosidl_typesupport_fastrtps_c__visibility_control.h
[0.669s] -- Up-to-date: /home/giszterlab/USING/unitree_ros2_sim/install/ros2_unitree_legged_msgs/include/ros2_unitree_legged_msgs/ros2_unitree_legged_msgs/msg/detail
[0.670s] -- Up-to-date: /home/giszterlab/USING/unitree_ros2_sim/install/ros2_unitree_legged_msgs/include/ros2_unitree_legged_msgs/ros2_unitree_legged_msgs/msg/detail/imu__rosidl_typesupport_fastrtps_c.h
[0.670s] -- Up-to-date: /home/giszterlab/USING/unitree_ros2_sim/install/ros2_unitree_legged_msgs/include/ros2_unitree_legged_msgs/ros2_unitree_legged_msgs/msg/detail/high_cmd__rosidl_typesupport_fastrtps_c.h
[0.670s] -- Up-to-date: /home/giszterlab/USING/unitree_ros2_sim/install/ros2_unitree_legged_msgs/include/ros2_unitree_legged_msgs/ros2_unitree_legged_msgs/msg/detail/cartesian__rosidl_typesupport_fastrtps_c.h
[0.670s] -- Up-to-date: /home/giszterlab/USING/unitree_ros2_sim/install/ros2_unitree_legged_msgs/include/ros2_unitree_legged_msgs/ros2_unitree_legged_msgs/msg/detail/bms_state__rosidl_typesupport_fastrtps_c.h
[0.670s] -- Up-to-date: /home/giszterlab/USING/unitree_ros2_sim/install/ros2_unitree_legged_msgs/include/ros2_unitree_legged_msgs/ros2_unitree_legged_msgs/msg/detail/low_state__rosidl_typesupport_fastrtps_c.h
[0.671s] -- Up-to-date: /home/giszterlab/USING/unitree_ros2_sim/install/ros2_unitree_legged_msgs/include/ros2_unitree_legged_msgs/ros2_unitree_legged_msgs/msg/detail/high_state__rosidl_typesupport_fastrtps_c.h
[0.671s] -- Up-to-date: /home/giszterlab/USING/unitree_ros2_sim/install/ros2_unitree_legged_msgs/include/ros2_unitree_legged_msgs/ros2_unitree_legged_msgs/msg/detail/motor_state__rosidl_typesupport_fastrtps_c.h
[0.671s] -- Up-to-date: /home/giszterlab/USING/unitree_ros2_sim/install/ros2_unitree_legged_msgs/include/ros2_unitree_legged_msgs/ros2_unitree_legged_msgs/msg/detail/led__rosidl_typesupport_fastrtps_c.h
[0.671s] -- Up-to-date: /home/giszterlab/USING/unitree_ros2_sim/install/ros2_unitree_legged_msgs/include/ros2_unitree_legged_msgs/ros2_unitree_legged_msgs/msg/detail/low_cmd__rosidl_typesupport_fastrtps_c.h
[0.671s] -- Up-to-date: /home/giszterlab/USING/unitree_ros2_sim/install/ros2_unitree_legged_msgs/include/ros2_unitree_legged_msgs/ros2_unitree_legged_msgs/msg/detail/bms_cmd__rosidl_typesupport_fastrtps_c.h
[0.672s] -- Up-to-date: /home/giszterlab/USING/unitree_ros2_sim/install/ros2_unitree_legged_msgs/include/ros2_unitree_legged_msgs/ros2_unitree_legged_msgs/msg/detail/motor_cmd__rosidl_typesupport_fastrtps_c.h
[0.672s] -- Up-to-date: /home/giszterlab/USING/unitree_ros2_sim/install/ros2_unitree_legged_msgs/lib/libros2_unitree_legged_msgs__rosidl_typesupport_fastrtps_c.so
[0.672s] -- Up-to-date: /home/giszterlab/USING/unitree_ros2_sim/install/ros2_unitree_legged_msgs/include/ros2_unitree_legged_msgs/ros2_unitree_legged_msgs
[0.672s] -- Up-to-date: /home/giszterlab/USING/unitree_ros2_sim/install/ros2_unitree_legged_msgs/include/ros2_unitree_legged_msgs/ros2_unitree_legged_msgs/msg
[0.672s] -- Up-to-date: /home/giszterlab/USING/unitree_ros2_sim/install/ros2_unitree_legged_msgs/include/ros2_unitree_legged_msgs/ros2_unitree_legged_msgs/msg/rosidl_typesupport_introspection_c__visibility_control.h
[0.672s] -- Up-to-date: /home/giszterlab/USING/unitree_ros2_sim/install/ros2_unitree_legged_msgs/include/ros2_unitree_legged_msgs/ros2_unitree_legged_msgs/msg/detail
[0.672s] -- Up-to-date: /home/giszterlab/USING/unitree_ros2_sim/install/ros2_unitree_legged_msgs/include/ros2_unitree_legged_msgs/ros2_unitree_legged_msgs/msg/detail/low_state__rosidl_typesupport_introspection_c.h
[0.672s] -- Up-to-date: /home/giszterlab/USING/unitree_ros2_sim/install/ros2_unitree_legged_msgs/include/ros2_unitree_legged_msgs/ros2_unitree_legged_msgs/msg/detail/motor_state__type_support.c
[0.673s] -- Up-to-date: /home/giszterlab/USING/unitree_ros2_sim/install/ros2_unitree_legged_msgs/include/ros2_unitree_legged_msgs/ros2_unitree_legged_msgs/msg/detail/low_cmd__type_support.c
[0.673s] -- Up-to-date: /home/giszterlab/USING/unitree_ros2_sim/install/ros2_unitree_legged_msgs/include/ros2_unitree_legged_msgs/ros2_unitree_legged_msgs/msg/detail/led__type_support.c
[0.673s] -- Up-to-date: /home/giszterlab/USING/unitree_ros2_sim/install/ros2_unitree_legged_msgs/include/ros2_unitree_legged_msgs/ros2_unitree_legged_msgs/msg/detail/high_state__rosidl_typesupport_introspection_c.h
[0.673s] -- Up-to-date: /home/giszterlab/USING/unitree_ros2_sim/install/ros2_unitree_legged_msgs/include/ros2_unitree_legged_msgs/ros2_unitree_legged_msgs/msg/detail/high_cmd__type_support.c
[0.673s] -- Up-to-date: /home/giszterlab/USING/unitree_ros2_sim/install/ros2_unitree_legged_msgs/include/ros2_unitree_legged_msgs/ros2_unitree_legged_msgs/msg/detail/cartesian__rosidl_typesupport_introspection_c.h
[0.673s] -- Up-to-date: /home/giszterlab/USING/unitree_ros2_sim/install/ros2_unitree_legged_msgs/include/ros2_unitree_legged_msgs/ros2_unitree_legged_msgs/msg/detail/motor_state__rosidl_typesupport_introspection_c.h
[0.673s] -- Up-to-date: /home/giszterlab/USING/unitree_ros2_sim/install/ros2_unitree_legged_msgs/include/ros2_unitree_legged_msgs/ros2_unitree_legged_msgs/msg/detail/imu__rosidl_typesupport_introspection_c.h
[0.673s] -- Up-to-date: /home/giszterlab/USING/unitree_ros2_sim/install/ros2_unitree_legged_msgs/include/ros2_unitree_legged_msgs/ros2_unitree_legged_msgs/msg/detail/low_state__type_support.c
[0.673s] -- Up-to-date: /home/giszterlab/USING/unitree_ros2_sim/install/ros2_unitree_legged_msgs/include/ros2_unitree_legged_msgs/ros2_unitree_legged_msgs/msg/detail/high_state__type_support.c
[0.673s] -- Up-to-date: /home/giszterlab/USING/unitree_ros2_sim/install/ros2_unitree_legged_msgs/include/ros2_unitree_legged_msgs/ros2_unitree_legged_msgs/msg/detail/imu__type_support.c
[0.673s] -- Up-to-date: /home/giszterlab/USING/unitree_ros2_sim/install/ros2_unitree_legged_msgs/include/ros2_unitree_legged_msgs/ros2_unitree_legged_msgs/msg/detail/motor_cmd__type_support.c
[0.673s] -- Up-to-date: /home/giszterlab/USING/unitree_ros2_sim/install/ros2_unitree_legged_msgs/include/ros2_unitree_legged_msgs/ros2_unitree_legged_msgs/msg/detail/motor_cmd__rosidl_typesupport_introspection_c.h
[0.673s] -- Up-to-date: /home/giszterlab/USING/unitree_ros2_sim/install/ros2_unitree_legged_msgs/include/ros2_unitree_legged_msgs/ros2_unitree_legged_msgs/msg/detail/bms_state__type_support.c
[0.673s] -- Up-to-date: /home/giszterlab/USING/unitree_ros2_sim/install/ros2_unitree_legged_msgs/include/ros2_unitree_legged_msgs/ros2_unitree_legged_msgs/msg/detail/bms_state__rosidl_typesupport_introspection_c.h
[0.673s] -- Up-to-date: /home/giszterlab/USING/unitree_ros2_sim/install/ros2_unitree_legged_msgs/include/ros2_unitree_legged_msgs/ros2_unitree_legged_msgs/msg/detail/low_cmd__rosidl_typesupport_introspection_c.h
[0.673s] -- Up-to-date: /home/giszterlab/USING/unitree_ros2_sim/install/ros2_unitree_legged_msgs/include/ros2_unitree_legged_msgs/ros2_unitree_legged_msgs/msg/detail/high_cmd__rosidl_typesupport_introspection_c.h
[0.674s] -- Up-to-date: /home/giszterlab/USING/unitree_ros2_sim/install/ros2_unitree_legged_msgs/include/ros2_unitree_legged_msgs/ros2_unitree_legged_msgs/msg/detail/bms_cmd__rosidl_typesupport_introspection_c.h
[0.674s] -- Up-to-date: /home/giszterlab/USING/unitree_ros2_sim/install/ros2_unitree_legged_msgs/include/ros2_unitree_legged_msgs/ros2_unitree_legged_msgs/msg/detail/led__rosidl_typesupport_introspection_c.h
[0.674s] -- Up-to-date: /home/giszterlab/USING/unitree_ros2_sim/install/ros2_unitree_legged_msgs/include/ros2_unitree_legged_msgs/ros2_unitree_legged_msgs/msg/detail/bms_cmd__type_support.c
[0.674s] -- Up-to-date: /home/giszterlab/USING/unitree_ros2_sim/install/ros2_unitree_legged_msgs/include/ros2_unitree_legged_msgs/ros2_unitree_legged_msgs/msg/detail/cartesian__type_support.c
[0.674s] -- Up-to-date: /home/giszterlab/USING/unitree_ros2_sim/install/ros2_unitree_legged_msgs/lib/libros2_unitree_legged_msgs__rosidl_typesupport_introspection_c.so
[0.674s] -- Up-to-date: /home/giszterlab/USING/unitree_ros2_sim/install/ros2_unitree_legged_msgs/lib/libros2_unitree_legged_msgs__rosidl_typesupport_c.so
[0.674s] -- Up-to-date: /home/giszterlab/USING/unitree_ros2_sim/install/ros2_unitree_legged_msgs/include/ros2_unitree_legged_msgs/ros2_unitree_legged_msgs
[0.674s] -- Up-to-date: /home/giszterlab/USING/unitree_ros2_sim/install/ros2_unitree_legged_msgs/include/ros2_unitree_legged_msgs/ros2_unitree_legged_msgs/msg
[0.674s] -- Up-to-date: /home/giszterlab/USING/unitree_ros2_sim/install/ros2_unitree_legged_msgs/include/ros2_unitree_legged_msgs/ros2_unitree_legged_msgs/msg/led.hpp
[0.674s] -- Up-to-date: /home/giszterlab/USING/unitree_ros2_sim/install/ros2_unitree_legged_msgs/include/ros2_unitree_legged_msgs/ros2_unitree_legged_msgs/msg/high_cmd.hpp
[0.674s] -- Up-to-date: /home/giszterlab/USING/unitree_ros2_sim/install/ros2_unitree_legged_msgs/include/ros2_unitree_legged_msgs/ros2_unitree_legged_msgs/msg/low_state.hpp
[0.674s] -- Up-to-date: /home/giszterlab/USING/unitree_ros2_sim/install/ros2_unitree_legged_msgs/include/ros2_unitree_legged_msgs/ros2_unitree_legged_msgs/msg/cartesian.hpp
[0.674s] -- Up-to-date: /home/giszterlab/USING/unitree_ros2_sim/install/ros2_unitree_legged_msgs/include/ros2_unitree_legged_msgs/ros2_unitree_legged_msgs/msg/motor_cmd.hpp
[0.674s] -- Up-to-date: /home/giszterlab/USING/unitree_ros2_sim/install/ros2_unitree_legged_msgs/include/ros2_unitree_legged_msgs/ros2_unitree_legged_msgs/msg/imu.hpp
[0.674s] -- Up-to-date: /home/giszterlab/USING/unitree_ros2_sim/install/ros2_unitree_legged_msgs/include/ros2_unitree_legged_msgs/ros2_unitree_legged_msgs/msg/high_state.hpp
[0.674s] -- Up-to-date: /home/giszterlab/USING/unitree_ros2_sim/install/ros2_unitree_legged_msgs/include/ros2_unitree_legged_msgs/ros2_unitree_legged_msgs/msg/rosidl_generator_cpp__visibility_control.hpp
[0.675s] -- Up-to-date: /home/giszterlab/USING/unitree_ros2_sim/install/ros2_unitree_legged_msgs/include/ros2_unitree_legged_msgs/ros2_unitree_legged_msgs/msg/detail
[0.675s] -- Up-to-date: /home/giszterlab/USING/unitree_ros2_sim/install/ros2_unitree_legged_msgs/include/ros2_unitree_legged_msgs/ros2_unitree_legged_msgs/msg/detail/led__builder.hpp
[0.675s] -- Up-to-date: /home/giszterlab/USING/unitree_ros2_sim/install/ros2_unitree_legged_msgs/include/ros2_unitree_legged_msgs/ros2_unitree_legged_msgs/msg/detail/cartesian__builder.hpp
[0.675s] -- Up-to-date: /home/giszterlab/USING/unitree_ros2_sim/install/ros2_unitree_legged_msgs/include/ros2_unitree_legged_msgs/ros2_unitree_legged_msgs/msg/detail/high_cmd__traits.hpp
[0.675s] -- Up-to-date: /home/giszterlab/USING/unitree_ros2_sim/install/ros2_unitree_legged_msgs/include/ros2_unitree_legged_msgs/ros2_unitree_legged_msgs/msg/detail/high_state__builder.hpp
[0.675s] -- Up-to-date: /home/giszterlab/USING/unitree_ros2_sim/install/ros2_unitree_legged_msgs/include/ros2_unitree_legged_msgs/ros2_unitree_legged_msgs/msg/detail/bms_state__struct.hpp
[0.675s] -- Up-to-date: /home/giszterlab/USING/unitree_ros2_sim/install/ros2_unitree_legged_msgs/include/ros2_unitree_legged_msgs/ros2_unitree_legged_msgs/msg/detail/cartesian__traits.hpp
[0.675s] -- Up-to-date: /home/giszterlab/USING/unitree_ros2_sim/install/ros2_unitree_legged_msgs/include/ros2_unitree_legged_msgs/ros2_unitree_legged_msgs/msg/detail/motor_state__struct.hpp
[0.675s] -- Up-to-date: /home/giszterlab/USING/unitree_ros2_sim/install/ros2_unitree_legged_msgs/include/ros2_unitree_legged_msgs/ros2_unitree_legged_msgs/msg/detail/bms_state__traits.hpp
[0.675s] -- Up-to-date: /home/giszterlab/USING/unitree_ros2_sim/install/ros2_unitree_legged_msgs/include/ros2_unitree_legged_msgs/ros2_unitree_legged_msgs/msg/detail/cartesian__type_support.hpp
[0.675s] -- Up-to-date: /home/giszterlab/USING/unitree_ros2_sim/install/ros2_unitree_legged_msgs/include/ros2_unitree_legged_msgs/ros2_unitree_legged_msgs/msg/detail/low_cmd__traits.hpp
[0.675s] -- Up-to-date: /home/giszterlab/USING/unitree_ros2_sim/install/ros2_unitree_legged_msgs/include/ros2_unitree_legged_msgs/ros2_unitree_legged_msgs/msg/detail/low_state__traits.hpp
[0.675s] -- Up-to-date: /home/giszterlab/USING/unitree_ros2_sim/install/ros2_unitree_legged_msgs/include/ros2_unitree_legged_msgs/ros2_unitree_legged_msgs/msg/detail/high_cmd__builder.hpp
[0.675s] -- Up-to-date: /home/giszterlab/USING/unitree_ros2_sim/install/ros2_unitree_legged_msgs/include/ros2_unitree_legged_msgs/ros2_unitree_legged_msgs/msg/detail/motor_state__type_support.hpp
[0.675s] -- Up-to-date: /home/giszterlab/USING/unitree_ros2_sim/install/ros2_unitree_legged_msgs/include/ros2_unitree_legged_msgs/ros2_unitree_legged_msgs/msg/detail/low_cmd__builder.hpp
[0.676s] -- Up-to-date: /home/giszterlab/USING/unitree_ros2_sim/install/ros2_unitree_legged_msgs/include/ros2_unitree_legged_msgs/ros2_unitree_legged_msgs/msg/detail/imu__type_support.hpp
[0.676s] -- Up-to-date: /home/giszterlab/USING/unitree_ros2_sim/install/ros2_unitree_legged_msgs/include/ros2_unitree_legged_msgs/ros2_unitree_legged_msgs/msg/detail/motor_state__traits.hpp
[0.676s] -- Up-to-date: /home/giszterlab/USING/unitree_ros2_sim/install/ros2_unitree_legged_msgs/include/ros2_unitree_legged_msgs/ros2_unitree_legged_msgs/msg/detail/high_state__type_support.hpp
[0.676s] -- Up-to-date: /home/giszterlab/USING/unitree_ros2_sim/install/ros2_unitree_legged_msgs/include/ros2_unitree_legged_msgs/ros2_unitree_legged_msgs/msg/detail/high_state__traits.hpp
[0.676s] -- Up-to-date: /home/giszterlab/USING/unitree_ros2_sim/install/ros2_unitree_legged_msgs/include/ros2_unitree_legged_msgs/ros2_unitree_legged_msgs/msg/detail/low_state__struct.hpp
[0.676s] -- Up-to-date: /home/giszterlab/USING/unitree_ros2_sim/install/ros2_unitree_legged_msgs/include/ros2_unitree_legged_msgs/ros2_unitree_legged_msgs/msg/detail/motor_cmd__traits.hpp
[0.676s] -- Up-to-date: /home/giszterlab/USING/unitree_ros2_sim/install/ros2_unitree_legged_msgs/include/ros2_unitree_legged_msgs/ros2_unitree_legged_msgs/msg/detail/led__type_support.hpp
[0.676s] -- Up-to-date: /home/giszterlab/USING/unitree_ros2_sim/install/ros2_unitree_legged_msgs/include/ros2_unitree_legged_msgs/ros2_unitree_legged_msgs/msg/detail/motor_cmd__type_support.hpp
[0.676s] -- Up-to-date: /home/giszterlab/USING/unitree_ros2_sim/install/ros2_unitree_legged_msgs/include/ros2_unitree_legged_msgs/ros2_unitree_legged_msgs/msg/detail/low_state__builder.hpp
[0.676s] -- Up-to-date: /home/giszterlab/USING/unitree_ros2_sim/install/ros2_unitree_legged_msgs/include/ros2_unitree_legged_msgs/ros2_unitree_legged_msgs/msg/detail/low_cmd__type_support.hpp
[0.676s] -- Up-to-date: /home/giszterlab/USING/unitree_ros2_sim/install/ros2_unitree_legged_msgs/include/ros2_unitree_legged_msgs/ros2_unitree_legged_msgs/msg/detail/bms_state__builder.hpp
[0.676s] -- Up-to-date: /home/giszterlab/USING/unitree_ros2_sim/install/ros2_unitree_legged_msgs/include/ros2_unitree_legged_msgs/ros2_unitree_legged_msgs/msg/detail/bms_cmd__type_support.hpp
[0.676s] -- Up-to-date: /home/giszterlab/USING/unitree_ros2_sim/install/ros2_unitree_legged_msgs/include/ros2_unitree_legged_msgs/ros2_unitree_legged_msgs/msg/detail/high_state__struct.hpp
[0.676s] -- Up-to-date: /home/giszterlab/USING/unitree_ros2_sim/install/ros2_unitree_legged_msgs/include/ros2_unitree_legged_msgs/ros2_unitree_legged_msgs/msg/detail/motor_state__builder.hpp
[0.676s] -- Up-to-date: /home/giszterlab/USING/unitree_ros2_sim/install/ros2_unitree_legged_msgs/include/ros2_unitree_legged_msgs/ros2_unitree_legged_msgs/msg/detail/bms_cmd__struct.hpp
[0.676s] -- Up-to-date: /home/giszterlab/USING/unitree_ros2_sim/install/ros2_unitree_legged_msgs/include/ros2_unitree_legged_msgs/ros2_unitree_legged_msgs/msg/detail/led__struct.hpp
[0.677s] -- Up-to-date: /home/giszterlab/USING/unitree_ros2_sim/install/ros2_unitree_legged_msgs/include/ros2_unitree_legged_msgs/ros2_unitree_legged_msgs/msg/detail/cartesian__struct.hpp
[0.677s] -- Up-to-date: /home/giszterlab/USING/unitree_ros2_sim/install/ros2_unitree_legged_msgs/include/ros2_unitree_legged_msgs/ros2_unitree_legged_msgs/msg/detail/high_cmd__struct.hpp
[0.677s] -- Up-to-date: /home/giszterlab/USING/unitree_ros2_sim/install/ros2_unitree_legged_msgs/include/ros2_unitree_legged_msgs/ros2_unitree_legged_msgs/msg/detail/low_state__type_support.hpp
[0.677s] -- Up-to-date: /home/giszterlab/USING/unitree_ros2_sim/install/ros2_unitree_legged_msgs/include/ros2_unitree_legged_msgs/ros2_unitree_legged_msgs/msg/detail/motor_cmd__struct.hpp
[0.677s] -- Up-to-date: /home/giszterlab/USING/unitree_ros2_sim/install/ros2_unitree_legged_msgs/include/ros2_unitree_legged_msgs/ros2_unitree_legged_msgs/msg/detail/high_cmd__type_support.hpp
[0.677s] -- Up-to-date: /home/giszterlab/USING/unitree_ros2_sim/install/ros2_unitree_legged_msgs/include/ros2_unitree_legged_msgs/ros2_unitree_legged_msgs/msg/detail/low_cmd__struct.hpp
[0.677s] -- Up-to-date: /home/giszterlab/USING/unitree_ros2_sim/install/ros2_unitree_legged_msgs/include/ros2_unitree_legged_msgs/ros2_unitree_legged_msgs/msg/detail/bms_cmd__traits.hpp
[0.677s] -- Up-to-date: /home/giszterlab/USING/unitree_ros2_sim/install/ros2_unitree_legged_msgs/include/ros2_unitree_legged_msgs/ros2_unitree_legged_msgs/msg/detail/led__traits.hpp
[0.677s] -- Up-to-date: /home/giszterlab/USING/unitree_ros2_sim/install/ros2_unitree_legged_msgs/include/ros2_unitree_legged_msgs/ros2_unitree_legged_msgs/msg/detail/motor_cmd__builder.hpp
[0.677s] -- Up-to-date: /home/giszterlab/USING/unitree_ros2_sim/install/ros2_unitree_legged_msgs/include/ros2_unitree_legged_msgs/ros2_unitree_legged_msgs/msg/detail/imu__builder.hpp
[0.677s] -- Up-to-date: /home/giszterlab/USING/unitree_ros2_sim/install/ros2_unitree_legged_msgs/include/ros2_unitree_legged_msgs/ros2_unitree_legged_msgs/msg/detail/bms_cmd__builder.hpp
[0.677s] -- Up-to-date: /home/giszterlab/USING/unitree_ros2_sim/install/ros2_unitree_legged_msgs/include/ros2_unitree_legged_msgs/ros2_unitree_legged_msgs/msg/detail/imu__struct.hpp
[0.677s] -- Up-to-date: /home/giszterlab/USING/unitree_ros2_sim/install/ros2_unitree_legged_msgs/include/ros2_unitree_legged_msgs/ros2_unitree_legged_msgs/msg/detail/imu__traits.hpp
[0.677s] -- Up-to-date: /home/giszterlab/USING/unitree_ros2_sim/install/ros2_unitree_legged_msgs/include/ros2_unitree_legged_msgs/ros2_unitree_legged_msgs/msg/detail/bms_state__type_support.hpp
[0.677s] -- Up-to-date: /home/giszterlab/USING/unitree_ros2_sim/install/ros2_unitree_legged_msgs/include/ros2_unitree_legged_msgs/ros2_unitree_legged_msgs/msg/bms_cmd.hpp
[0.677s] -- Up-to-date: /home/giszterlab/USING/unitree_ros2_sim/install/ros2_unitree_legged_msgs/include/ros2_unitree_legged_msgs/ros2_unitree_legged_msgs/msg/bms_state.hpp
[0.678s] -- Up-to-date: /home/giszterlab/USING/unitree_ros2_sim/install/ros2_unitree_legged_msgs/include/ros2_unitree_legged_msgs/ros2_unitree_legged_msgs/msg/motor_state.hpp
[0.678s] -- Up-to-date: /home/giszterlab/USING/unitree_ros2_sim/install/ros2_unitree_legged_msgs/include/ros2_unitree_legged_msgs/ros2_unitree_legged_msgs/msg/low_cmd.hpp
[0.678s] -- Up-to-date: /home/giszterlab/USING/unitree_ros2_sim/install/ros2_unitree_legged_msgs/include/ros2_unitree_legged_msgs/ros2_unitree_legged_msgs
[0.678s] -- Up-to-date: /home/giszterlab/USING/unitree_ros2_sim/install/ros2_unitree_legged_msgs/include/ros2_unitree_legged_msgs/ros2_unitree_legged_msgs/msg
[0.678s] -- Up-to-date: /home/giszterlab/USING/unitree_ros2_sim/install/ros2_unitree_legged_msgs/include/ros2_unitree_legged_msgs/ros2_unitree_legged_msgs/msg/rosidl_typesupport_fastrtps_cpp__visibility_control.h
[0.678s] -- Up-to-date: /home/giszterlab/USING/unitree_ros2_sim/install/ros2_unitree_legged_msgs/include/ros2_unitree_legged_msgs/ros2_unitree_legged_msgs/msg/detail
[0.678s] -- Up-to-date: /home/giszterlab/USING/unitree_ros2_sim/install/ros2_unitree_legged_msgs/include/ros2_unitree_legged_msgs/ros2_unitree_legged_msgs/msg/detail/cartesian__rosidl_typesupport_fastrtps_cpp.hpp
[0.678s] -- Up-to-date: /home/giszterlab/USING/unitree_ros2_sim/install/ros2_unitree_legged_msgs/include/ros2_unitree_legged_msgs/ros2_unitree_legged_msgs/msg/detail/low_state__rosidl_typesupport_fastrtps_cpp.hpp
[0.678s] -- Up-to-date: /home/giszterlab/USING/unitree_ros2_sim/install/ros2_unitree_legged_msgs/include/ros2_unitree_legged_msgs/ros2_unitree_legged_msgs/msg/detail/high_cmd__rosidl_typesupport_fastrtps_cpp.hpp
[0.678s] -- Up-to-date: /home/giszterlab/USING/unitree_ros2_sim/install/ros2_unitree_legged_msgs/include/ros2_unitree_legged_msgs/ros2_unitree_legged_msgs/msg/detail/motor_state__rosidl_typesupport_fastrtps_cpp.hpp
[0.678s] -- Up-to-date: /home/giszterlab/USING/unitree_ros2_sim/install/ros2_unitree_legged_msgs/include/ros2_unitree_legged_msgs/ros2_unitree_legged_msgs/msg/detail/low_cmd__rosidl_typesupport_fastrtps_cpp.hpp
[0.678s] -- Up-to-date: /home/giszterlab/USING/unitree_ros2_sim/install/ros2_unitree_legged_msgs/include/ros2_unitree_legged_msgs/ros2_unitree_legged_msgs/msg/detail/motor_cmd__rosidl_typesupport_fastrtps_cpp.hpp
[0.678s] -- Up-to-date: /home/giszterlab/USING/unitree_ros2_sim/install/ros2_unitree_legged_msgs/include/ros2_unitree_legged_msgs/ros2_unitree_legged_msgs/msg/detail/imu__rosidl_typesupport_fastrtps_cpp.hpp
[0.678s] -- Up-to-date: /home/giszterlab/USING/unitree_ros2_sim/install/ros2_unitree_legged_msgs/include/ros2_unitree_legged_msgs/ros2_unitree_legged_msgs/msg/detail/bms_state__rosidl_typesupport_fastrtps_cpp.hpp
[0.678s] -- Up-to-date: /home/giszterlab/USING/unitree_ros2_sim/install/ros2_unitree_legged_msgs/include/ros2_unitree_legged_msgs/ros2_unitree_legged_msgs/msg/detail/dds_fastrtps
[0.678s] -- Up-to-date: /home/giszterlab/USING/unitree_ros2_sim/install/ros2_unitree_legged_msgs/include/ros2_unitree_legged_msgs/ros2_unitree_legged_msgs/msg/detail/bms_cmd__rosidl_typesupport_fastrtps_cpp.hpp
[0.679s] -- Up-to-date: /home/giszterlab/USING/unitree_ros2_sim/install/ros2_unitree_legged_msgs/include/ros2_unitree_legged_msgs/ros2_unitree_legged_msgs/msg/detail/led__rosidl_typesupport_fastrtps_cpp.hpp
[0.679s] -- Up-to-date: /home/giszterlab/USING/unitree_ros2_sim/install/ros2_unitree_legged_msgs/include/ros2_unitree_legged_msgs/ros2_unitree_legged_msgs/msg/detail/high_state__rosidl_typesupport_fastrtps_cpp.hpp
[0.679s] -- Up-to-date: /home/giszterlab/USING/unitree_ros2_sim/install/ros2_unitree_legged_msgs/lib/libros2_unitree_legged_msgs__rosidl_typesupport_fastrtps_cpp.so
[0.679s] -- Up-to-date: /home/giszterlab/USING/unitree_ros2_sim/install/ros2_unitree_legged_msgs/include/ros2_unitree_legged_msgs/ros2_unitree_legged_msgs
[0.679s] -- Up-to-date: /home/giszterlab/USING/unitree_ros2_sim/install/ros2_unitree_legged_msgs/include/ros2_unitree_legged_msgs/ros2_unitree_legged_msgs/msg
[0.679s] -- Up-to-date: /home/giszterlab/USING/unitree_ros2_sim/install/ros2_unitree_legged_msgs/include/ros2_unitree_legged_msgs/ros2_unitree_legged_msgs/msg/detail
[0.679s] -- Up-to-date: /home/giszterlab/USING/unitree_ros2_sim/install/ros2_unitree_legged_msgs/include/ros2_unitree_legged_msgs/ros2_unitree_legged_msgs/msg/detail/bms_cmd__type_support.cpp
[0.679s] -- Up-to-date: /home/giszterlab/USING/unitree_ros2_sim/install/ros2_unitree_legged_msgs/include/ros2_unitree_legged_msgs/ros2_unitree_legged_msgs/msg/detail/low_state__rosidl_typesupport_introspection_cpp.hpp
[0.679s] -- Up-to-date: /home/giszterlab/USING/unitree_ros2_sim/install/ros2_unitree_legged_msgs/include/ros2_unitree_legged_msgs/ros2_unitree_legged_msgs/msg/detail/bms_state__type_support.cpp
[0.679s] -- Up-to-date: /home/giszterlab/USING/unitree_ros2_sim/install/ros2_unitree_legged_msgs/include/ros2_unitree_legged_msgs/ros2_unitree_legged_msgs/msg/detail/bms_state__rosidl_typesupport_introspection_cpp.hpp
[0.679s] -- Up-to-date: /home/giszterlab/USING/unitree_ros2_sim/install/ros2_unitree_legged_msgs/include/ros2_unitree_legged_msgs/ros2_unitree_legged_msgs/msg/detail/motor_cmd__type_support.cpp
[0.679s] -- Up-to-date: /home/giszterlab/USING/unitree_ros2_sim/install/ros2_unitree_legged_msgs/include/ros2_unitree_legged_msgs/ros2_unitree_legged_msgs/msg/detail/motor_state__type_support.cpp
[0.679s] -- Up-to-date: /home/giszterlab/USING/unitree_ros2_sim/install/ros2_unitree_legged_msgs/include/ros2_unitree_legged_msgs/ros2_unitree_legged_msgs/msg/detail/led__type_support.cpp
[0.679s] -- Up-to-date: /home/giszterlab/USING/unitree_ros2_sim/install/ros2_unitree_legged_msgs/include/ros2_unitree_legged_msgs/ros2_unitree_legged_msgs/msg/detail/cartesian__rosidl_typesupport_introspection_cpp.hpp
[0.679s] -- Up-to-date: /home/giszterlab/USING/unitree_ros2_sim/install/ros2_unitree_legged_msgs/include/ros2_unitree_legged_msgs/ros2_unitree_legged_msgs/msg/detail/bms_cmd__rosidl_typesupport_introspection_cpp.hpp
[0.679s] -- Up-to-date: /home/giszterlab/USING/unitree_ros2_sim/install/ros2_unitree_legged_msgs/include/ros2_unitree_legged_msgs/ros2_unitree_legged_msgs/msg/detail/low_cmd__type_support.cpp
[0.680s] -- Up-to-date: /home/giszterlab/USING/unitree_ros2_sim/install/ros2_unitree_legged_msgs/include/ros2_unitree_legged_msgs/ros2_unitree_legged_msgs/msg/detail/high_state__type_support.cpp
[0.680s] -- Up-to-date: /home/giszterlab/USING/unitree_ros2_sim/install/ros2_unitree_legged_msgs/include/ros2_unitree_legged_msgs/ros2_unitree_legged_msgs/msg/detail/low_cmd__rosidl_typesupport_introspection_cpp.hpp
[0.680s] -- Up-to-date: /home/giszterlab/USING/unitree_ros2_sim/install/ros2_unitree_legged_msgs/include/ros2_unitree_legged_msgs/ros2_unitree_legged_msgs/msg/detail/high_cmd__rosidl_typesupport_introspection_cpp.hpp
[0.680s] -- Up-to-date: /home/giszterlab/USING/unitree_ros2_sim/install/ros2_unitree_legged_msgs/include/ros2_unitree_legged_msgs/ros2_unitree_legged_msgs/msg/detail/high_state__rosidl_typesupport_introspection_cpp.hpp
[0.680s] -- Up-to-date: /home/giszterlab/USING/unitree_ros2_sim/install/ros2_unitree_legged_msgs/include/ros2_unitree_legged_msgs/ros2_unitree_legged_msgs/msg/detail/imu__rosidl_typesupport_introspection_cpp.hpp
[0.680s] -- Up-to-date: /home/giszterlab/USING/unitree_ros2_sim/install/ros2_unitree_legged_msgs/include/ros2_unitree_legged_msgs/ros2_unitree_legged_msgs/msg/detail/low_state__type_support.cpp
[0.680s] -- Up-to-date: /home/giszterlab/USING/unitree_ros2_sim/install/ros2_unitree_legged_msgs/include/ros2_unitree_legged_msgs/ros2_unitree_legged_msgs/msg/detail/led__rosidl_typesupport_introspection_cpp.hpp
[0.680s] -- Up-to-date: /home/giszterlab/USING/unitree_ros2_sim/install/ros2_unitree_legged_msgs/include/ros2_unitree_legged_msgs/ros2_unitree_legged_msgs/msg/detail/motor_state__rosidl_typesupport_introspection_cpp.hpp
[0.680s] -- Up-to-date: /home/giszterlab/USING/unitree_ros2_sim/install/ros2_unitree_legged_msgs/include/ros2_unitree_legged_msgs/ros2_unitree_legged_msgs/msg/detail/imu__type_support.cpp
[0.680s] -- Up-to-date: /home/giszterlab/USING/unitree_ros2_sim/install/ros2_unitree_legged_msgs/include/ros2_unitree_legged_msgs/ros2_unitree_legged_msgs/msg/detail/high_cmd__type_support.cpp
[0.680s] -- Up-to-date: /home/giszterlab/USING/unitree_ros2_sim/install/ros2_unitree_legged_msgs/include/ros2_unitree_legged_msgs/ros2_unitree_legged_msgs/msg/detail/motor_cmd__rosidl_typesupport_introspection_cpp.hpp
[0.680s] -- Up-to-date: /home/giszterlab/USING/unitree_ros2_sim/install/ros2_unitree_legged_msgs/include/ros2_unitree_legged_msgs/ros2_unitree_legged_msgs/msg/detail/cartesian__type_support.cpp
[0.680s] -- Up-to-date: /home/giszterlab/USING/unitree_ros2_sim/install/ros2_unitree_legged_msgs/lib/libros2_unitree_legged_msgs__rosidl_typesupport_introspection_cpp.so
[0.680s] -- Up-to-date: /home/giszterlab/USING/unitree_ros2_sim/install/ros2_unitree_legged_msgs/lib/libros2_unitree_legged_msgs__rosidl_typesupport_cpp.so
[0.680s] -- Up-to-date: /home/giszterlab/USING/unitree_ros2_sim/install/ros2_unitree_legged_msgs/share/ros2_unitree_legged_msgs/environment/pythonpath.sh
[0.681s] -- Up-to-date: /home/giszterlab/USING/unitree_ros2_sim/install/ros2_unitree_legged_msgs/share/ros2_unitree_legged_msgs/environment/pythonpath.dsv
[0.681s] -- Up-to-date: /home/giszterlab/USING/unitree_ros2_sim/install/ros2_unitree_legged_msgs/local/lib/python3.10/dist-packages/ros2_unitree_legged_msgs-0.4.0-py3.10.egg-info
[0.681s] -- Installing: /home/giszterlab/USING/unitree_ros2_sim/install/ros2_unitree_legged_msgs/local/lib/python3.10/dist-packages/ros2_unitree_legged_msgs-0.4.0-py3.10.egg-info/PKG-INFO
[0.681s] -- Installing: /home/giszterlab/USING/unitree_ros2_sim/install/ros2_unitree_legged_msgs/local/lib/python3.10/dist-packages/ros2_unitree_legged_msgs-0.4.0-py3.10.egg-info/top_level.txt
[0.681s] -- Installing: /home/giszterlab/USING/unitree_ros2_sim/install/ros2_unitree_legged_msgs/local/lib/python3.10/dist-packages/ros2_unitree_legged_msgs-0.4.0-py3.10.egg-info/SOURCES.txt
[0.681s] -- Installing: /home/giszterlab/USING/unitree_ros2_sim/install/ros2_unitree_legged_msgs/local/lib/python3.10/dist-packages/ros2_unitree_legged_msgs-0.4.0-py3.10.egg-info/dependency_links.txt
[0.681s] -- Up-to-date: /home/giszterlab/USING/unitree_ros2_sim/install/ros2_unitree_legged_msgs/local/lib/python3.10/dist-packages/ros2_unitree_legged_msgs
[0.681s] -- Up-to-date: /home/giszterlab/USING/unitree_ros2_sim/install/ros2_unitree_legged_msgs/local/lib/python3.10/dist-packages/ros2_unitree_legged_msgs/__init__.py
[0.681s] -- Up-to-date: /home/giszterlab/USING/unitree_ros2_sim/install/ros2_unitree_legged_msgs/local/lib/python3.10/dist-packages/ros2_unitree_legged_msgs/ros2_unitree_legged_msgs_s__rosidl_typesupport_c.cpython-310-x86_64-linux-gnu.so
[0.681s] -- Up-to-date: /home/giszterlab/USING/unitree_ros2_sim/install/ros2_unitree_legged_msgs/local/lib/python3.10/dist-packages/ros2_unitree_legged_msgs/ros2_unitree_legged_msgs_s__rosidl_typesupport_fastrtps_c.cpython-310-x86_64-linux-gnu.so
[0.681s] -- Up-to-date: /home/giszterlab/USING/unitree_ros2_sim/install/ros2_unitree_legged_msgs/local/lib/python3.10/dist-packages/ros2_unitree_legged_msgs/_ros2_unitree_legged_msgs_s.ep.rosidl_typesupport_fastrtps_c.c
[0.681s] -- Up-to-date: /home/giszterlab/USING/unitree_ros2_sim/install/ros2_unitree_legged_msgs/local/lib/python3.10/dist-packages/ros2_unitree_legged_msgs/_ros2_unitree_legged_msgs_s.ep.rosidl_typesupport_c.c
[0.682s] -- Up-to-date: /home/giszterlab/USING/unitree_ros2_sim/install/ros2_unitree_legged_msgs/local/lib/python3.10/dist-packages/ros2_unitree_legged_msgs/_ros2_unitree_legged_msgs_s.ep.rosidl_typesupport_introspection_c.c
[0.682s] -- Up-to-date: /home/giszterlab/USING/unitree_ros2_sim/install/ros2_unitree_legged_msgs/local/lib/python3.10/dist-packages/ros2_unitree_legged_msgs/msg
[0.682s] -- Up-to-date: /home/giszterlab/USING/unitree_ros2_sim/install/ros2_unitree_legged_msgs/local/lib/python3.10/dist-packages/ros2_unitree_legged_msgs/msg/_motor_cmd.py
[0.682s] -- Up-to-date: /home/giszterlab/USING/unitree_ros2_sim/install/ros2_unitree_legged_msgs/local/lib/python3.10/dist-packages/ros2_unitree_legged_msgs/msg/_low_state_s.c
[0.682s] -- Up-to-date: /home/giszterlab/USING/unitree_ros2_sim/install/ros2_unitree_legged_msgs/local/lib/python3.10/dist-packages/ros2_unitree_legged_msgs/msg/_bms_state_s.c
[0.682s] -- Up-to-date: /home/giszterlab/USING/unitree_ros2_sim/install/ros2_unitree_legged_msgs/local/lib/python3.10/dist-packages/ros2_unitree_legged_msgs/msg/_imu_s.c
[0.682s] -- Up-to-date: /home/giszterlab/USING/unitree_ros2_sim/install/ros2_unitree_legged_msgs/local/lib/python3.10/dist-packages/ros2_unitree_legged_msgs/msg/_imu.py
[0.682s] -- Up-to-date: /home/giszterlab/USING/unitree_ros2_sim/install/ros2_unitree_legged_msgs/local/lib/python3.10/dist-packages/ros2_unitree_legged_msgs/msg/__init__.py
[0.682s] -- Up-to-date: /home/giszterlab/USING/unitree_ros2_sim/install/ros2_unitree_legged_msgs/local/lib/python3.10/dist-packages/ros2_unitree_legged_msgs/msg/_low_cmd.py
[0.682s] -- Up-to-date: /home/giszterlab/USING/unitree_ros2_sim/install/ros2_unitree_legged_msgs/local/lib/python3.10/dist-packages/ros2_unitree_legged_msgs/msg/_motor_cmd_s.c
[0.683s] -- Up-to-date: /home/giszterlab/USING/unitree_ros2_sim/install/ros2_unitree_legged_msgs/local/lib/python3.10/dist-packages/ros2_unitree_legged_msgs/msg/_cartesian.py
[0.683s] -- Up-to-date: /home/giszterlab/USING/unitree_ros2_sim/install/ros2_unitree_legged_msgs/local/lib/python3.10/dist-packages/ros2_unitree_legged_msgs/msg/_low_state.py
[0.683s] -- Up-to-date: /home/giszterlab/USING/unitree_ros2_sim/install/ros2_unitree_legged_msgs/local/lib/python3.10/dist-packages/ros2_unitree_legged_msgs/msg/_high_cmd_s.c
[0.683s] -- Up-to-date: /home/giszterlab/USING/unitree_ros2_sim/install/ros2_unitree_legged_msgs/local/lib/python3.10/dist-packages/ros2_unitree_legged_msgs/msg/_high_state.py
[0.683s] -- Up-to-date: /home/giszterlab/USING/unitree_ros2_sim/install/ros2_unitree_legged_msgs/local/lib/python3.10/dist-packages/ros2_unitree_legged_msgs/msg/_low_cmd_s.c
[0.683s] -- Up-to-date: /home/giszterlab/USING/unitree_ros2_sim/install/ros2_unitree_legged_msgs/local/lib/python3.10/dist-packages/ros2_unitree_legged_msgs/msg/_bms_cmd_s.c
[0.683s] -- Up-to-date: /home/giszterlab/USING/unitree_ros2_sim/install/ros2_unitree_legged_msgs/local/lib/python3.10/dist-packages/ros2_unitree_legged_msgs/msg/_high_state_s.c
[0.683s] -- Up-to-date: /home/giszterlab/USING/unitree_ros2_sim/install/ros2_unitree_legged_msgs/local/lib/python3.10/dist-packages/ros2_unitree_legged_msgs/msg/_bms_cmd.py
[0.683s] -- Up-to-date: /home/giszterlab/USING/unitree_ros2_sim/install/ros2_unitree_legged_msgs/local/lib/python3.10/dist-packages/ros2_unitree_legged_msgs/msg/_led_s.c
[0.683s] -- Up-to-date: /home/giszterlab/USING/unitree_ros2_sim/install/ros2_unitree_legged_msgs/local/lib/python3.10/dist-packages/ros2_unitree_legged_msgs/msg/_cartesian_s.c
[0.683s] -- Up-to-date: /home/giszterlab/USING/unitree_ros2_sim/install/ros2_unitree_legged_msgs/local/lib/python3.10/dist-packages/ros2_unitree_legged_msgs/msg/_led.py
[0.683s] -- Up-to-date: /home/giszterlab/USING/unitree_ros2_sim/install/ros2_unitree_legged_msgs/local/lib/python3.10/dist-packages/ros2_unitree_legged_msgs/msg/_motor_state.py
[0.684s] -- Up-to-date: /home/giszterlab/USING/unitree_ros2_sim/install/ros2_unitree_legged_msgs/local/lib/python3.10/dist-packages/ros2_unitree_legged_msgs/msg/_bms_state.py
[0.684s] -- Up-to-date: /home/giszterlab/USING/unitree_ros2_sim/install/ros2_unitree_legged_msgs/local/lib/python3.10/dist-packages/ros2_unitree_legged_msgs/msg/_high_cmd.py
[0.684s] -- Up-to-date: /home/giszterlab/USING/unitree_ros2_sim/install/ros2_unitree_legged_msgs/local/lib/python3.10/dist-packages/ros2_unitree_legged_msgs/msg/_motor_state_s.c
[0.684s] -- Up-to-date: /home/giszterlab/USING/unitree_ros2_sim/install/ros2_unitree_legged_msgs/local/lib/python3.10/dist-packages/ros2_unitree_legged_msgs/libros2_unitree_legged_msgs__rosidl_generator_py.so
[0.684s] -- Up-to-date: /home/giszterlab/USING/unitree_ros2_sim/install/ros2_unitree_legged_msgs/local/lib/python3.10/dist-packages/ros2_unitree_legged_msgs/ros2_unitree_legged_msgs_s__rosidl_typesupport_introspection_c.cpython-310-x86_64-linux-gnu.so
[0.710s] Listing '/home/giszterlab/USING/unitree_ros2_sim/install/ros2_unitree_legged_msgs/local/lib/python3.10/dist-packages/ros2_unitree_legged_msgs'...
[0.711s] Listing '/home/giszterlab/USING/unitree_ros2_sim/install/ros2_unitree_legged_msgs/local/lib/python3.10/dist-packages/ros2_unitree_legged_msgs/msg'...
[0.718s] -- Up-to-date: /home/giszterlab/USING/unitree_ros2_sim/install/ros2_unitree_legged_msgs/local/lib/python3.10/dist-packages/ros2_unitree_legged_msgs/ros2_unitree_legged_msgs_s__rosidl_typesupport_fastrtps_c.cpython-310-x86_64-linux-gnu.so
[0.719s] -- Up-to-date: /home/giszterlab/USING/unitree_ros2_sim/install/ros2_unitree_legged_msgs/local/lib/python3.10/dist-packages/ros2_unitree_legged_msgs/ros2_unitree_legged_msgs_s__rosidl_typesupport_introspection_c.cpython-310-x86_64-linux-gnu.so
[0.719s] -- Up-to-date: /home/giszterlab/USING/unitree_ros2_sim/install/ros2_unitree_legged_msgs/local/lib/python3.10/dist-packages/ros2_unitree_legged_msgs/ros2_unitree_legged_msgs_s__rosidl_typesupport_c.cpython-310-x86_64-linux-gnu.so
[0.719s] -- Up-to-date: /home/giszterlab/USING/unitree_ros2_sim/install/ros2_unitree_legged_msgs/lib/libros2_unitree_legged_msgs__rosidl_generator_py.so
[0.719s] -- Up-to-date: /home/giszterlab/USING/unitree_ros2_sim/install/ros2_unitree_legged_msgs/share/ros2_unitree_legged_msgs/msg/MotorCmd.idl
[0.719s] -- Up-to-date: /home/giszterlab/USING/unitree_ros2_sim/install/ros2_unitree_legged_msgs/share/ros2_unitree_legged_msgs/msg/MotorState.idl
[0.719s] -- Up-to-date: /home/giszterlab/USING/unitree_ros2_sim/install/ros2_unitree_legged_msgs/share/ros2_unitree_legged_msgs/msg/BmsCmd.idl
[0.719s] -- Up-to-date: /home/giszterlab/USING/unitree_ros2_sim/install/ros2_unitree_legged_msgs/share/ros2_unitree_legged_msgs/msg/BmsState.idl
[0.720s] -- Up-to-date: /home/giszterlab/USING/unitree_ros2_sim/install/ros2_unitree_legged_msgs/share/ros2_unitree_legged_msgs/msg/Cartesian.idl
[0.720s] -- Up-to-date: /home/giszterlab/USING/unitree_ros2_sim/install/ros2_unitree_legged_msgs/share/ros2_unitree_legged_msgs/msg/IMU.idl
[0.720s] -- Up-to-date: /home/giszterlab/USING/unitree_ros2_sim/install/ros2_unitree_legged_msgs/share/ros2_unitree_legged_msgs/msg/LED.idl
[0.720s] -- Up-to-date: /home/giszterlab/USING/unitree_ros2_sim/install/ros2_unitree_legged_msgs/share/ros2_unitree_legged_msgs/msg/LowCmd.idl
[0.720s] -- Up-to-date: /home/giszterlab/USING/unitree_ros2_sim/install/ros2_unitree_legged_msgs/share/ros2_unitree_legged_msgs/msg/LowState.idl
[0.720s] -- Up-to-date: /home/giszterlab/USING/unitree_ros2_sim/install/ros2_unitree_legged_msgs/share/ros2_unitree_legged_msgs/msg/HighCmd.idl
[0.720s] -- Up-to-date: /home/giszterlab/USING/unitree_ros2_sim/install/ros2_unitree_legged_msgs/share/ros2_unitree_legged_msgs/msg/HighState.idl
[0.720s] -- Up-to-date: /home/giszterlab/USING/unitree_ros2_sim/install/ros2_unitree_legged_msgs/share/ros2_unitree_legged_msgs/msg/MotorCmd.msg
[0.720s] -- Up-to-date: /home/giszterlab/USING/unitree_ros2_sim/install/ros2_unitree_legged_msgs/share/ros2_unitree_legged_msgs/msg/MotorState.msg
[0.720s] -- Up-to-date: /home/giszterlab/USING/unitree_ros2_sim/install/ros2_unitree_legged_msgs/share/ros2_unitree_legged_msgs/msg/BmsCmd.msg
[0.721s] -- Up-to-date: /home/giszterlab/USING/unitree_ros2_sim/install/ros2_unitree_legged_msgs/share/ros2_unitree_legged_msgs/msg/BmsState.msg
[0.721s] -- Up-to-date: /home/giszterlab/USING/unitree_ros2_sim/install/ros2_unitree_legged_msgs/share/ros2_unitree_legged_msgs/msg/Cartesian.msg
[0.721s] -- Up-to-date: /home/giszterlab/USING/unitree_ros2_sim/install/ros2_unitree_legged_msgs/share/ros2_unitree_legged_msgs/msg/IMU.msg
[0.721s] -- Up-to-date: /home/giszterlab/USING/unitree_ros2_sim/install/ros2_unitree_legged_msgs/share/ros2_unitree_legged_msgs/msg/LED.msg
[0.721s] -- Up-to-date: /home/giszterlab/USING/unitree_ros2_sim/install/ros2_unitree_legged_msgs/share/ros2_unitree_legged_msgs/msg/LowCmd.msg
[0.721s] -- Up-to-date: /home/giszterlab/USING/unitree_ros2_sim/install/ros2_unitree_legged_msgs/share/ros2_unitree_legged_msgs/msg/LowState.msg
[0.721s] -- Up-to-date: /home/giszterlab/USING/unitree_ros2_sim/install/ros2_unitree_legged_msgs/share/ros2_unitree_legged_msgs/msg/HighCmd.msg
[0.721s] -- Up-to-date: /home/giszterlab/USING/unitree_ros2_sim/install/ros2_unitree_legged_msgs/share/ros2_unitree_legged_msgs/msg/HighState.msg
[0.721s] -- Up-to-date: /home/giszterlab/USING/unitree_ros2_sim/install/ros2_unitree_legged_msgs/share/ament_index/resource_index/package_run_dependencies/ros2_unitree_legged_msgs
[0.721s] -- Up-to-date: /home/giszterlab/USING/unitree_ros2_sim/install/ros2_unitree_legged_msgs/share/ament_index/resource_index/parent_prefix_path/ros2_unitree_legged_msgs
[0.721s] -- Up-to-date: /home/giszterlab/USING/unitree_ros2_sim/install/ros2_unitree_legged_msgs/share/ros2_unitree_legged_msgs/environment/ament_prefix_path.sh
[0.721s] -- Up-to-date: /home/giszterlab/USING/unitree_ros2_sim/install/ros2_unitree_legged_msgs/share/ros2_unitree_legged_msgs/environment/ament_prefix_path.dsv
[0.722s] -- Up-to-date: /home/giszterlab/USING/unitree_ros2_sim/install/ros2_unitree_legged_msgs/share/ros2_unitree_legged_msgs/environment/path.sh
[0.722s] -- Up-to-date: /home/giszterlab/USING/unitree_ros2_sim/install/ros2_unitree_legged_msgs/share/ros2_unitree_legged_msgs/environment/path.dsv
[0.722s] -- Up-to-date: /home/giszterlab/USING/unitree_ros2_sim/install/ros2_unitree_legged_msgs/share/ros2_unitree_legged_msgs/local_setup.bash
[0.722s] -- Up-to-date: /home/giszterlab/USING/unitree_ros2_sim/install/ros2_unitree_legged_msgs/share/ros2_unitree_legged_msgs/local_setup.sh
[0.722s] -- Up-to-date: /home/giszterlab/USING/unitree_ros2_sim/install/ros2_unitree_legged_msgs/share/ros2_unitree_legged_msgs/local_setup.zsh
[0.722s] -- Up-to-date: /home/giszterlab/USING/unitree_ros2_sim/install/ros2_unitree_legged_msgs/share/ros2_unitree_legged_msgs/local_setup.dsv
[0.722s] -- Installing: /home/giszterlab/USING/unitree_ros2_sim/install/ros2_unitree_legged_msgs/share/ros2_unitree_legged_msgs/package.dsv
[0.722s] -- Up-to-date: /home/giszterlab/USING/unitree_ros2_sim/install/ros2_unitree_legged_msgs/share/ament_index/resource_index/packages/ros2_unitree_legged_msgs
[0.722s] -- Up-to-date: /home/giszterlab/USING/unitree_ros2_sim/install/ros2_unitree_legged_msgs/share/ros2_unitree_legged_msgs/cmake/export_ros2_unitree_legged_msgs__rosidl_generator_cExport.cmake
[0.722s] -- Up-to-date: /home/giszterlab/USING/unitree_ros2_sim/install/ros2_unitree_legged_msgs/share/ros2_unitree_legged_msgs/cmake/export_ros2_unitree_legged_msgs__rosidl_generator_cExport-noconfig.cmake
[0.722s] -- Up-to-date: /home/giszterlab/USING/unitree_ros2_sim/install/ros2_unitree_legged_msgs/share/ros2_unitree_legged_msgs/cmake/export_ros2_unitree_legged_msgs__rosidl_typesupport_fastrtps_cExport.cmake
[0.722s] -- Up-to-date: /home/giszterlab/USING/unitree_ros2_sim/install/ros2_unitree_legged_msgs/share/ros2_unitree_legged_msgs/cmake/export_ros2_unitree_legged_msgs__rosidl_typesupport_fastrtps_cExport-noconfig.cmake
[0.723s] -- Up-to-date: /home/giszterlab/USING/unitree_ros2_sim/install/ros2_unitree_legged_msgs/share/ros2_unitree_legged_msgs/cmake/ros2_unitree_legged_msgs__rosidl_typesupport_introspection_cExport.cmake
[0.723s] -- Up-to-date: /home/giszterlab/USING/unitree_ros2_sim/install/ros2_unitree_legged_msgs/share/ros2_unitree_legged_msgs/cmake/ros2_unitree_legged_msgs__rosidl_typesupport_introspection_cExport-noconfig.cmake
[0.723s] -- Up-to-date: /home/giszterlab/USING/unitree_ros2_sim/install/ros2_unitree_legged_msgs/share/ros2_unitree_legged_msgs/cmake/ros2_unitree_legged_msgs__rosidl_typesupport_cExport.cmake
[0.723s] -- Up-to-date: /home/giszterlab/USING/unitree_ros2_sim/install/ros2_unitree_legged_msgs/share/ros2_unitree_legged_msgs/cmake/ros2_unitree_legged_msgs__rosidl_typesupport_cExport-noconfig.cmake
[0.723s] -- Up-to-date: /home/giszterlab/USING/unitree_ros2_sim/install/ros2_unitree_legged_msgs/share/ros2_unitree_legged_msgs/cmake/export_ros2_unitree_legged_msgs__rosidl_generator_cppExport.cmake
[0.723s] -- Up-to-date: /home/giszterlab/USING/unitree_ros2_sim/install/ros2_unitree_legged_msgs/share/ros2_unitree_legged_msgs/cmake/export_ros2_unitree_legged_msgs__rosidl_typesupport_fastrtps_cppExport.cmake
[0.723s] -- Up-to-date: /home/giszterlab/USING/unitree_ros2_sim/install/ros2_unitree_legged_msgs/share/ros2_unitree_legged_msgs/cmake/export_ros2_unitree_legged_msgs__rosidl_typesupport_fastrtps_cppExport-noconfig.cmake
[0.723s] -- Up-to-date: /home/giszterlab/USING/unitree_ros2_sim/install/ros2_unitree_legged_msgs/share/ros2_unitree_legged_msgs/cmake/ros2_unitree_legged_msgs__rosidl_typesupport_introspection_cppExport.cmake
[0.723s] -- Up-to-date: /home/giszterlab/USING/unitree_ros2_sim/install/ros2_unitree_legged_msgs/share/ros2_unitree_legged_msgs/cmake/ros2_unitree_legged_msgs__rosidl_typesupport_introspection_cppExport-noconfig.cmake
[0.723s] -- Up-to-date: /home/giszterlab/USING/unitree_ros2_sim/install/ros2_unitree_legged_msgs/share/ros2_unitree_legged_msgs/cmake/ros2_unitree_legged_msgs__rosidl_typesupport_cppExport.cmake
[0.724s] -- Up-to-date: /home/giszterlab/USING/unitree_ros2_sim/install/ros2_unitree_legged_msgs/share/ros2_unitree_legged_msgs/cmake/ros2_unitree_legged_msgs__rosidl_typesupport_cppExport-noconfig.cmake
[0.724s] -- Up-to-date: /home/giszterlab/USING/unitree_ros2_sim/install/ros2_unitree_legged_msgs/share/ros2_unitree_legged_msgs/cmake/export_ros2_unitree_legged_msgs__rosidl_generator_pyExport.cmake
[0.724s] -- Up-to-date: /home/giszterlab/USING/unitree_ros2_sim/install/ros2_unitree_legged_msgs/share/ros2_unitree_legged_msgs/cmake/export_ros2_unitree_legged_msgs__rosidl_generator_pyExport-noconfig.cmake
[0.724s] -- Up-to-date: /home/giszterlab/USING/unitree_ros2_sim/install/ros2_unitree_legged_msgs/share/ros2_unitree_legged_msgs/cmake/rosidl_cmake-extras.cmake
[0.724s] -- Up-to-date: /home/giszterlab/USING/unitree_ros2_sim/install/ros2_unitree_legged_msgs/share/ros2_unitree_legged_msgs/cmake/ament_cmake_export_include_directories-extras.cmake
[0.724s] -- Up-to-date: /home/giszterlab/USING/unitree_ros2_sim/install/ros2_unitree_legged_msgs/share/ros2_unitree_legged_msgs/cmake/ament_cmake_export_libraries-extras.cmake
[0.724s] -- Up-to-date: /home/giszterlab/USING/unitree_ros2_sim/install/ros2_unitree_legged_msgs/share/ros2_unitree_legged_msgs/cmake/ament_cmake_export_targets-extras.cmake
[0.724s] -- Up-to-date: /home/giszterlab/USING/unitree_ros2_sim/install/ros2_unitree_legged_msgs/share/ros2_unitree_legged_msgs/cmake/rosidl_cmake_export_typesupport_targets-extras.cmake
[0.724s] -- Up-to-date: /home/giszterlab/USING/unitree_ros2_sim/install/ros2_unitree_legged_msgs/share/ros2_unitree_legged_msgs/cmake/ament_cmake_export_dependencies-extras.cmake
[0.725s] -- Up-to-date: /home/giszterlab/USING/unitree_ros2_sim/install/ros2_unitree_legged_msgs/share/ros2_unitree_legged_msgs/cmake/rosidl_cmake_export_typesupport_libraries-extras.cmake
[0.725s] -- Up-to-date: /home/giszterlab/USING/unitree_ros2_sim/install/ros2_unitree_legged_msgs/share/ros2_unitree_legged_msgs/cmake/ros2_unitree_legged_msgsConfig.cmake
[0.725s] -- Up-to-date: /home/giszterlab/USING/unitree_ros2_sim/install/ros2_unitree_legged_msgs/share/ros2_unitree_legged_msgs/cmake/ros2_unitree_legged_msgsConfig-version.cmake
[0.725s] -- Up-to-date: /home/giszterlab/USING/unitree_ros2_sim/install/ros2_unitree_legged_msgs/share/ros2_unitree_legged_msgs/package.xml
[0.727s] Invoked command in '/home/giszterlab/USING/unitree_ros2_sim/build/ros2_unitree_legged_msgs' returned '0': CMAKE_PREFIX_PATH=${CMAKE_PREFIX_PATH}:/home/giszterlab/USING/unitree_ros2_sim/install/go1_navigation:/opt/ros/humble /usr/bin/cmake --install /home/giszterlab/USING/unitree_ros2_sim/build/ros2_unitree_legged_msgs
