[0.011s] Invoking command in '/home/giszterlab/USING/Framework/go1_ws/build/joint_state_buffer_node': CMAKE_PREFIX_PATH=${CMAKE_PREFIX_PATH}:/opt/ros/humble /usr/bin/cmake --build /home/giszterlab/USING/Framework/go1_ws/build/joint_state_buffer_node -- -j8 -l8
[0.037s] -- Found ament_cmake: 1.3.11 (/opt/ros/humble/share/ament_cmake/cmake)
[0.193s] -- Found rclcpp: 16.0.12 (/opt/ros/humble/share/rclcpp/cmake)
[0.253s] -- Found rosidl_generator_c: 3.1.6 (/opt/ros/humble/share/rosidl_generator_c/cmake)
[0.257s] -- Found rosidl_adapter: 3.1.6 (/opt/ros/humble/share/rosidl_adapter/cmake)
[0.265s] -- Found rosidl_generator_cpp: 3.1.6 (/opt/ros/humble/share/rosidl_generator_cpp/cmake)
[0.278s] -- Using all available rosidl_typesupport_c: rosidl_typesupport_fastrtps_c;rosidl_typesupport_introspection_c
[0.293s] -- Using all available rosidl_typesupport_cpp: rosidl_typesupport_fastrtps_cpp;rosidl_typesupport_introspection_cpp
[0.329s] -- Found rmw_implementation_cmake: 6.1.2 (/opt/ros/humble/share/rmw_implementation_cmake/cmake)
[0.331s] -- Found rmw_fastrtps_cpp: 6.2.7 (/opt/ros/humble/share/rmw_fastrtps_cpp/cmake)
[0.432s] -- Using RMW implementation 'rmw_fastrtps_cpp' as default
[0.488s] -- Found sensor_msgs: 4.8.0 (/opt/ros/humble/share/sensor_msgs/cmake)
[0.598s] -- Configuring done
[0.601s] [31mCMake Error at CMakeLists.txt:23 (add_executable):
[0.602s]   Cannot find source file:
[0.602s] 
[0.602s]     src/test/test_dummy.cpp
[0.602s] 
[0.602s]   Tried extensions .c .C .c++ .cc .cpp .cxx .cu .mpp .m .M .mm .ixx .cppm .h
[0.602s]   .hh .h++ .hm .hpp .hxx .in .txx .f .F .for .f77 .f90 .f95 .f03 .hip .ispc
[0.602s] 
[0.602s] [0m
[0.602s] [31mCMake Error at CMakeLists.txt:23 (add_executable):
[0.602s]   No SOURCES given to target: test_dummy
[0.602s] 
[0.602s] [0m
[0.602s] [0mCMake Generate step failed.  Build files cannot be regenerated correctly.[0m
[0.610s] gmake: *** [Makefile:308: cmake_check_build_system] Error 1
[0.613s] Invoked command in '/home/giszterlab/USING/Framework/go1_ws/build/joint_state_buffer_node' returned '2': CMAKE_PREFIX_PATH=${CMAKE_PREFIX_PATH}:/opt/ros/humble /usr/bin/cmake --build /home/giszterlab/USING/Framework/go1_ws/build/joint_state_buffer_node -- -j8 -l8
