[0.392s] Invoking command in '/home/giszterlab/USING/unitree_ros2_sim/build/robotic_control': CMAKE_PREFIX_PATH=${CMAKE_PREFIX_PATH}:/opt/ros/humble /usr/bin/cmake --build /home/giszterlab/USING/unitree_ros2_sim/build/robotic_control -- -j8 -l8
[0.443s] [35m[1mConsolidate compiler generated dependencies of target go1_jacobian_node[0m
[0.462s] [100%] Built target go1_jacobian_node
[0.483s] Invoked command in '/home/giszterlab/USING/unitree_ros2_sim/build/robotic_control' returned '0': CMAKE_PREFIX_PATH=${CMAKE_PREFIX_PATH}:/opt/ros/humble /usr/bin/cmake --build /home/giszterlab/USING/unitree_ros2_sim/build/robotic_control -- -j8 -l8
[0.484s] Invoking command in '/home/giszterlab/USING/unitree_ros2_sim/build/robotic_control': CMAKE_PREFIX_PATH=${CMAKE_PREFIX_PATH}:/opt/ros/humble /usr/bin/cmake --install /home/giszterlab/USING/unitree_ros2_sim/build/robotic_control
[0.492s] -- Install configuration: ""
[0.492s] -- Up-to-date: /home/giszterlab/USING/unitree_ros2_sim/install/robotic_control/lib/robotic_control/go1_jacobian_node
[0.492s] -- Up-to-date: /home/giszterlab/USING/unitree_ros2_sim/install/robotic_control/share/robotic_control/launch
[0.492s] -- Up-to-date: /home/giszterlab/USING/unitree_ros2_sim/install/robotic_control/share/robotic_control/launch/jacobian.launch.py
[0.492s] -- Up-to-date: /home/giszterlab/USING/unitree_ros2_sim/install/robotic_control/share/ament_index/resource_index/package_run_dependencies/robotic_control
[0.493s] -- Up-to-date: /home/giszterlab/USING/unitree_ros2_sim/install/robotic_control/share/ament_index/resource_index/parent_prefix_path/robotic_control
[0.493s] -- Up-to-date: /home/giszterlab/USING/unitree_ros2_sim/install/robotic_control/share/robotic_control/environment/ament_prefix_path.sh
[0.493s] -- Up-to-date: /home/giszterlab/USING/unitree_ros2_sim/install/robotic_control/share/robotic_control/environment/ament_prefix_path.dsv
[0.493s] -- Up-to-date: /home/giszterlab/USING/unitree_ros2_sim/install/robotic_control/share/robotic_control/environment/path.sh
[0.493s] -- Up-to-date: /home/giszterlab/USING/unitree_ros2_sim/install/robotic_control/share/robotic_control/environment/path.dsv
[0.493s] -- Up-to-date: /home/giszterlab/USING/unitree_ros2_sim/install/robotic_control/share/robotic_control/local_setup.bash
[0.493s] -- Up-to-date: /home/giszterlab/USING/unitree_ros2_sim/install/robotic_control/share/robotic_control/local_setup.sh
[0.493s] -- Up-to-date: /home/giszterlab/USING/unitree_ros2_sim/install/robotic_control/share/robotic_control/local_setup.zsh
[0.494s] -- Up-to-date: /home/giszterlab/USING/unitree_ros2_sim/install/robotic_control/share/robotic_control/local_setup.dsv
[0.494s] -- Installing: /home/giszterlab/USING/unitree_ros2_sim/install/robotic_control/share/robotic_control/package.dsv
[0.494s] -- Up-to-date: /home/giszterlab/USING/unitree_ros2_sim/install/robotic_control/share/ament_index/resource_index/packages/robotic_control
[0.494s] -- Up-to-date: /home/giszterlab/USING/unitree_ros2_sim/install/robotic_control/share/robotic_control/cmake/robotic_controlConfig.cmake
[0.494s] -- Up-to-date: /home/giszterlab/USING/unitree_ros2_sim/install/robotic_control/share/robotic_control/cmake/robotic_controlConfig-version.cmake
[0.494s] -- Up-to-date: /home/giszterlab/USING/unitree_ros2_sim/install/robotic_control/share/robotic_control/package.xml
[0.496s] Invoked command in '/home/giszterlab/USING/unitree_ros2_sim/build/robotic_control' returned '0': CMAKE_PREFIX_PATH=${CMAKE_PREFIX_PATH}:/opt/ros/humble /usr/bin/cmake --install /home/giszterlab/USING/unitree_ros2_sim/build/robotic_control
