[0.010s] Invoking command in '/home/giszterlab/Co-op3/Framework/go1_ws/build/impedance_controller_framework': CMAKE_PREFIX_PATH=${CMAKE_PREFIX_PATH}:/opt/ros/humble /usr/bin/cmake /home/giszterlab/Co-op3/Framework/go1_ws/src/impedance_controller_framework -DCMAKE_INSTALL_PREFIX=/home/giszterlab/Co-op3/Framework/go1_ws/install/impedance_controller_framework
[0.026s] -- Found ament_cmake: 1.3.11 (/opt/ros/humble/share/ament_cmake/cmake)
[0.174s] -- Found rclcpp: 16.0.12 (/opt/ros/humble/share/rclcpp/cmake)
[0.230s] -- Found rosidl_generator_c: 3.1.6 (/opt/ros/humble/share/rosidl_generator_c/cmake)
[0.234s] -- Found rosidl_adapter: 3.1.6 (/opt/ros/humble/share/rosidl_adapter/cmake)
[0.243s] -- Found rosidl_generator_cpp: 3.1.6 (/opt/ros/humble/share/rosidl_generator_cpp/cmake)
[0.255s] -- Using all available rosidl_typesupport_c: rosidl_typesupport_fastrtps_c;rosidl_typesupport_introspection_c
[0.270s] -- Using all available rosidl_typesupport_cpp: rosidl_typesupport_fastrtps_cpp;rosidl_typesupport_introspection_cpp
[0.305s] -- Found rmw_implementation_cmake: 6.1.2 (/opt/ros/humble/share/rmw_implementation_cmake/cmake)
[0.307s] -- Found rmw_fastrtps_cpp: 6.2.7 (/opt/ros/humble/share/rmw_fastrtps_cpp/cmake)
[0.410s] -- Using RMW implementation 'rmw_fastrtps_cpp' as default
[0.466s] -- Found sensor_msgs: 4.8.0 (/opt/ros/humble/share/sensor_msgs/cmake)
[0.574s] -- Configuring done
[0.594s] -- Generating done
[0.602s] -- Build files have been written to: /home/giszterlab/Co-op3/Framework/go1_ws/build/impedance_controller_framework
[0.610s] Invoked command in '/home/giszterlab/Co-op3/Framework/go1_ws/build/impedance_controller_framework' returned '0': CMAKE_PREFIX_PATH=${CMAKE_PREFIX_PATH}:/opt/ros/humble /usr/bin/cmake /home/giszterlab/Co-op3/Framework/go1_ws/src/impedance_controller_framework -DCMAKE_INSTALL_PREFIX=/home/giszterlab/Co-op3/Framework/go1_ws/install/impedance_controller_framework
[0.613s] Invoking command in '/home/giszterlab/Co-op3/Framework/go1_ws/build/impedance_controller_framework': CMAKE_PREFIX_PATH=${CMAKE_PREFIX_PATH}:/opt/ros/humble /usr/bin/cmake --build /home/giszterlab/Co-op3/Framework/go1_ws/build/impedance_controller_framework -- -j8 -l8
[0.673s] [ 25%] [32mBuilding CXX object CMakeFiles/impedance_controllers.dir/src/impedance_controller_node.cpp.o[0m
[0.688s] [01m[K/home/giszterlab/Co-op3/Framework/go1_ws/src/impedance_controller_framework/src/impedance_controller_node.cpp:1:10:[m[K [01;31m[Kfatal error: [m[Kimpedance_controller_base.hpp: No such file or directory
[0.688s]     1 | #include [01;31m[K"impedance_controller_base.hpp"[m[K
[0.688s]       |          [01;31m[K^~~~~~~~~~~~~~~~~~~~~~~~~~~~~~~[m[K
[0.688s] compilation terminated.
[0.688s] gmake[2]: *** [CMakeFiles/impedance_controllers.dir/build.make:76: CMakeFiles/impedance_controllers.dir/src/impedance_controller_node.cpp.o] Error 1
[0.689s] gmake[1]: *** [CMakeFiles/Makefile2:139: CMakeFiles/impedance_controllers.dir/all] Error 2
[0.689s] gmake: *** [Makefile:146: all] Error 2
[0.692s] Invoked command in '/home/giszterlab/Co-op3/Framework/go1_ws/build/impedance_controller_framework' returned '2': CMAKE_PREFIX_PATH=${CMAKE_PREFIX_PATH}:/opt/ros/humble /usr/bin/cmake --build /home/giszterlab/Co-op3/Framework/go1_ws/build/impedance_controller_framework -- -j8 -l8
