[0.010s] Invoking command in '/home/giszterlab/USING/Framework/go1_ws/build/joint_state_buffer_node': CMAKE_PREFIX_PATH=${CMAKE_PREFIX_PATH}:/opt/ros/humble /usr/bin/cmake /home/giszterlab/USING/Framework/go1_ws/src/torque_interface -DCMAKE_INSTALL_PREFIX=/home/giszterlab/USING/Framework/go1_ws/install/joint_state_buffer_node
[0.065s] -- The C compiler identification is GNU 11.4.0
[0.131s] -- The CXX compiler identification is GNU 11.4.0
[0.145s] -- Detecting C compiler ABI info
[0.222s] -- Detecting C compiler ABI info - done
[0.230s] -- Check for working C compiler: /usr/bin/cc - skipped
[0.231s] -- Detecting C compile features
[0.231s] -- Detecting C compile features - done
[0.234s] -- Detecting CXX compiler ABI info
[0.321s] -- Detecting CXX compiler ABI info - done
[0.329s] -- Check for working CXX compiler: /usr/bin/c++ - skipped
[0.330s] -- Detecting CXX compile features
[0.330s] -- Detecting CXX compile features - done
[0.333s] -- Found ament_cmake: 1.3.11 (/opt/ros/humble/share/ament_cmake/cmake)
[0.525s] -- Found Python3: /usr/bin/python3 (found version "3.10.12") found components: Interpreter 
[0.632s] -- Found rclcpp: 16.0.12 (/opt/ros/humble/share/rclcpp/cmake)
[0.683s] -- Found rosidl_generator_c: 3.1.6 (/opt/ros/humble/share/rosidl_generator_c/cmake)
[0.688s] -- Found rosidl_adapter: 3.1.6 (/opt/ros/humble/share/rosidl_adapter/cmake)
[0.696s] -- Found rosidl_generator_cpp: 3.1.6 (/opt/ros/humble/share/rosidl_generator_cpp/cmake)
[0.709s] -- Using all available rosidl_typesupport_c: rosidl_typesupport_fastrtps_c;rosidl_typesupport_introspection_c
[0.726s] -- Using all available rosidl_typesupport_cpp: rosidl_typesupport_fastrtps_cpp;rosidl_typesupport_introspection_cpp
[0.772s] -- Found rmw_implementation_cmake: 6.1.2 (/opt/ros/humble/share/rmw_implementation_cmake/cmake)
[0.774s] -- Found rmw_fastrtps_cpp: 6.2.7 (/opt/ros/humble/share/rmw_fastrtps_cpp/cmake)
[0.866s] -- Found OpenSSL: /usr/lib/x86_64-linux-gnu/libcrypto.so (found version "3.0.2")  
[0.894s] -- Found FastRTPS: /opt/ros/humble/include  
[0.934s] -- Using RMW implementation 'rmw_fastrtps_cpp' as default
[0.942s] -- Looking for pthread.h
[1.028s] -- Looking for pthread.h - found
[1.029s] -- Performing Test CMAKE_HAVE_LIBC_PTHREAD
[1.120s] -- Performing Test CMAKE_HAVE_LIBC_PTHREAD - Success
[1.123s] -- Found Threads: TRUE  
[1.228s] -- Found sensor_msgs: 4.8.0 (/opt/ros/humble/share/sensor_msgs/cmake)
[1.341s] -- Configuring done
[1.355s] -- Generating done
[1.361s] -- Build files have been written to: /home/giszterlab/USING/Framework/go1_ws/build/joint_state_buffer_node
[1.373s] Invoked command in '/home/giszterlab/USING/Framework/go1_ws/build/joint_state_buffer_node' returned '0': CMAKE_PREFIX_PATH=${CMAKE_PREFIX_PATH}:/opt/ros/humble /usr/bin/cmake /home/giszterlab/USING/Framework/go1_ws/src/torque_interface -DCMAKE_INSTALL_PREFIX=/home/giszterlab/USING/Framework/go1_ws/install/joint_state_buffer_node
[1.376s] Invoking command in '/home/giszterlab/USING/Framework/go1_ws/build/joint_state_buffer_node': CMAKE_PREFIX_PATH=${CMAKE_PREFIX_PATH}:/opt/ros/humble /usr/bin/cmake --build /home/giszterlab/USING/Framework/go1_ws/build/joint_state_buffer_node -- -j8 -l8
[1.435s] [ 25%] [32mBuilding CXX object CMakeFiles/joint_state_buffer_node.dir/src/ros2_buffer_node.cpp.o[0m
[1.436s] [ 50%] [32mBuilding CXX object CMakeFiles/torque_command_node.dir/src/ros2_command_node.cpp.o[0m
[6.098s] [ 75%] [32m[1mLinking CXX executable joint_state_buffer_node[0m
[6.294s] [ 75%] Built target joint_state_buffer_node
[10.057s] [100%] [32m[1mLinking CXX executable torque_command_node[0m
[10.447s] [100%] Built target torque_command_node
[10.458s] Invoked command in '/home/giszterlab/USING/Framework/go1_ws/build/joint_state_buffer_node' returned '0': CMAKE_PREFIX_PATH=${CMAKE_PREFIX_PATH}:/opt/ros/humble /usr/bin/cmake --build /home/giszterlab/USING/Framework/go1_ws/build/joint_state_buffer_node -- -j8 -l8
[10.470s] Invoking command in '/home/giszterlab/USING/Framework/go1_ws/build/joint_state_buffer_node': CMAKE_PREFIX_PATH=${CMAKE_PREFIX_PATH}:/opt/ros/humble /usr/bin/cmake --install /home/giszterlab/USING/Framework/go1_ws/build/joint_state_buffer_node
[10.479s] -- Install configuration: ""
[10.479s] -- Installing: /home/giszterlab/USING/Framework/go1_ws/install/joint_state_buffer_node/lib/joint_state_buffer_node/joint_state_buffer_node
[10.480s] -- Set runtime path of "/home/giszterlab/USING/Framework/go1_ws/install/joint_state_buffer_node/lib/joint_state_buffer_node/joint_state_buffer_node" to ""
[10.480s] -- Installing: /home/giszterlab/USING/Framework/go1_ws/install/joint_state_buffer_node/lib/joint_state_buffer_node/torque_command_node
[10.484s] -- Set runtime path of "/home/giszterlab/USING/Framework/go1_ws/install/joint_state_buffer_node/lib/joint_state_buffer_node/torque_command_node" to ""
[10.484s] -- Installing: /home/giszterlab/USING/Framework/go1_ws/install/joint_state_buffer_node/share/ament_index/resource_index/package_run_dependencies/joint_state_buffer_node
[10.484s] -- Installing: /home/giszterlab/USING/Framework/go1_ws/install/joint_state_buffer_node/share/ament_index/resource_index/parent_prefix_path/joint_state_buffer_node
[10.484s] -- Installing: /home/giszterlab/USING/Framework/go1_ws/install/joint_state_buffer_node/share/joint_state_buffer_node/environment/ament_prefix_path.sh
[10.485s] -- Installing: /home/giszterlab/USING/Framework/go1_ws/install/joint_state_buffer_node/share/joint_state_buffer_node/environment/ament_prefix_path.dsv
[10.485s] -- Installing: /home/giszterlab/USING/Framework/go1_ws/install/joint_state_buffer_node/share/joint_state_buffer_node/environment/path.sh
[10.485s] -- Installing: /home/giszterlab/USING/Framework/go1_ws/install/joint_state_buffer_node/share/joint_state_buffer_node/environment/path.dsv
[10.485s] -- Installing: /home/giszterlab/USING/Framework/go1_ws/install/joint_state_buffer_node/share/joint_state_buffer_node/local_setup.bash
[10.485s] -- Installing: /home/giszterlab/USING/Framework/go1_ws/install/joint_state_buffer_node/share/joint_state_buffer_node/local_setup.sh
[10.485s] -- Installing: /home/giszterlab/USING/Framework/go1_ws/install/joint_state_buffer_node/share/joint_state_buffer_node/local_setup.zsh
[10.485s] -- Installing: /home/giszterlab/USING/Framework/go1_ws/install/joint_state_buffer_node/share/joint_state_buffer_node/local_setup.dsv
[10.486s] -- Installing: /home/giszterlab/USING/Framework/go1_ws/install/joint_state_buffer_node/share/joint_state_buffer_node/package.dsv
[10.486s] -- Installing: /home/giszterlab/USING/Framework/go1_ws/install/joint_state_buffer_node/share/ament_index/resource_index/packages/joint_state_buffer_node
[10.486s] -- Installing: /home/giszterlab/USING/Framework/go1_ws/install/joint_state_buffer_node/share/joint_state_buffer_node/cmake/joint_state_buffer_nodeConfig.cmake
[10.486s] -- Installing: /home/giszterlab/USING/Framework/go1_ws/install/joint_state_buffer_node/share/joint_state_buffer_node/cmake/joint_state_buffer_nodeConfig-version.cmake
[10.486s] -- Installing: /home/giszterlab/USING/Framework/go1_ws/install/joint_state_buffer_node/share/joint_state_buffer_node/package.xml
[10.489s] Invoked command in '/home/giszterlab/USING/Framework/go1_ws/build/joint_state_buffer_node' returned '0': CMAKE_PREFIX_PATH=${CMAKE_PREFIX_PATH}:/opt/ros/humble /usr/bin/cmake --install /home/giszterlab/USING/Framework/go1_ws/build/joint_state_buffer_node
