[0.119s] DEBUG:colcon:Command line arguments: ['/usr/bin/colcon', 'build']
[0.119s] DEBUG:colcon:Parsed command line arguments: Namespace(log_base=None, log_level=None, verb_name='build', build_base='build', install_base='install', merge_install=False, symlink_install=False, test_result_base=None, continue_on_error=False, executor='parallel', parallel_workers=8, event_handlers=None, ignore_user_meta=False, metas=['./colcon.meta'], base_paths=['.'], packages_ignore=None, packages_ignore_regex=None, paths=None, packages_up_to=None, packages_up_to_regex=None, packages_above=None, packages_above_and_dependencies=None, packages_above_depth=None, packages_select_by_dep=None, packages_skip_by_dep=None, packages_skip_up_to=None, packages_select_build_failed=False, packages_skip_build_finished=False, packages_select_test_failures=False, packages_skip_test_passed=False, packages_select=None, packages_skip=None, packages_select_regex=None, packages_skip_regex=None, packages_start=None, packages_end=None, allow_overriding=[], cmake_args=None, cmake_target=None, cmake_target_skip_unavailable=False, cmake_clean_cache=False, cmake_clean_first=False, cmake_force_configure=False, ament_cmake_args=None, catkin_cmake_args=None, catkin_skip_building_tests=False, verb_parser=<colcon_defaults.argument_parser.defaults.DefaultArgumentsDecorator object at 0x7ce156050100>, verb_extension=<colcon_core.verb.build.BuildVerb object at 0x7ce156165450>, main=<bound method BuildVerb.main of <colcon_core.verb.build.BuildVerb object at 0x7ce156165450>>)
[0.334s] Level 1:colcon.colcon_core.package_discovery:discover_packages(colcon_meta) check parameters
[0.334s] Level 1:colcon.colcon_core.package_discovery:discover_packages(recursive) check parameters
[0.334s] Level 1:colcon.colcon_core.package_discovery:discover_packages(ignore) check parameters
[0.334s] Level 1:colcon.colcon_core.package_discovery:discover_packages(path) check parameters
[0.334s] Level 1:colcon.colcon_core.package_discovery:discover_packages(colcon_meta) discover
[0.334s] Level 1:colcon.colcon_core.package_discovery:discover_packages(recursive) discover
[0.334s] INFO:colcon.colcon_core.package_discovery:Crawling recursively for packages in '/home/giszterlab/USING/unitree_ros2_sim'
[0.334s] Level 1:colcon.colcon_core.package_identification:_identify(.) by extensions ['ignore', 'ignore_ament_install']
[0.334s] Level 1:colcon.colcon_core.package_identification:_identify(.) by extension 'ignore'
[0.334s] Level 1:colcon.colcon_core.package_identification:_identify(.) by extension 'ignore_ament_install'
[0.334s] Level 1:colcon.colcon_core.package_identification:_identify(.) by extensions ['colcon_pkg']
[0.335s] Level 1:colcon.colcon_core.package_identification:_identify(.) by extension 'colcon_pkg'
[0.335s] Level 1:colcon.colcon_core.package_identification:_identify(.) by extensions ['colcon_meta']
[0.335s] Level 1:colcon.colcon_core.package_identification:_identify(.) by extension 'colcon_meta'
[0.335s] Level 1:colcon.colcon_core.package_identification:_identify(.) by extensions ['ros']
[0.335s] Level 1:colcon.colcon_core.package_identification:_identify(.) by extension 'ros'
[0.348s] Level 1:colcon.colcon_core.package_identification:_identify(.) by extensions ['cmake', 'python']
[0.348s] Level 1:colcon.colcon_core.package_identification:_identify(.) by extension 'cmake'
[0.348s] Level 1:colcon.colcon_core.package_identification:_identify(.) by extension 'python'
[0.348s] Level 1:colcon.colcon_core.package_identification:_identify(.) by extensions ['python_setup_py']
[0.348s] Level 1:colcon.colcon_core.package_identification:_identify(.) by extension 'python_setup_py'
[0.349s] Level 1:colcon.colcon_core.package_identification:_identify(build) by extensions ['ignore', 'ignore_ament_install']
[0.349s] Level 1:colcon.colcon_core.package_identification:_identify(build) by extension 'ignore'
[0.349s] Level 1:colcon.colcon_core.package_identification:_identify(build) ignored
[0.349s] Level 1:colcon.colcon_core.package_identification:_identify(go1_sim) by extensions ['ignore', 'ignore_ament_install']
[0.349s] Level 1:colcon.colcon_core.package_identification:_identify(go1_sim) by extension 'ignore'
[0.349s] Level 1:colcon.colcon_core.package_identification:_identify(go1_sim) by extension 'ignore_ament_install'
[0.349s] Level 1:colcon.colcon_core.package_identification:_identify(go1_sim) by extensions ['colcon_pkg']
[0.349s] Level 1:colcon.colcon_core.package_identification:_identify(go1_sim) by extension 'colcon_pkg'
[0.349s] Level 1:colcon.colcon_core.package_identification:_identify(go1_sim) by extensions ['colcon_meta']
[0.349s] Level 1:colcon.colcon_core.package_identification:_identify(go1_sim) by extension 'colcon_meta'
[0.349s] Level 1:colcon.colcon_core.package_identification:_identify(go1_sim) by extensions ['ros']
[0.350s] Level 1:colcon.colcon_core.package_identification:_identify(go1_sim) by extension 'ros'
[0.350s] Level 1:colcon.colcon_core.package_identification:_identify(go1_sim) by extensions ['cmake', 'python']
[0.350s] Level 1:colcon.colcon_core.package_identification:_identify(go1_sim) by extension 'cmake'
[0.350s] Level 1:colcon.colcon_core.package_identification:_identify(go1_sim) by extension 'python'
[0.350s] Level 1:colcon.colcon_core.package_identification:_identify(go1_sim) by extensions ['python_setup_py']
[0.350s] Level 1:colcon.colcon_core.package_identification:_identify(go1_sim) by extension 'python_setup_py'
[0.350s] Level 1:colcon.colcon_core.package_identification:_identify(go1_sim/go1_description) by extensions ['ignore', 'ignore_ament_install']
[0.350s] Level 1:colcon.colcon_core.package_identification:_identify(go1_sim/go1_description) by extension 'ignore'
[0.350s] Level 1:colcon.colcon_core.package_identification:_identify(go1_sim/go1_description) by extension 'ignore_ament_install'
[0.350s] Level 1:colcon.colcon_core.package_identification:_identify(go1_sim/go1_description) by extensions ['colcon_pkg']
[0.351s] Level 1:colcon.colcon_core.package_identification:_identify(go1_sim/go1_description) by extension 'colcon_pkg'
[0.351s] Level 1:colcon.colcon_core.package_identification:_identify(go1_sim/go1_description) by extensions ['colcon_meta']
[0.351s] Level 1:colcon.colcon_core.package_identification:_identify(go1_sim/go1_description) by extension 'colcon_meta'
[0.351s] Level 1:colcon.colcon_core.package_identification:_identify(go1_sim/go1_description) by extensions ['ros']
[0.351s] Level 1:colcon.colcon_core.package_identification:_identify(go1_sim/go1_description) by extension 'ros'
[0.354s] DEBUG:colcon.colcon_core.package_identification:Package 'go1_sim/go1_description' with type 'ros.ament_cmake' and name 'go1_description'
[0.354s] Level 1:colcon.colcon_core.package_identification:_identify(go1_sim/go1_gazebo) by extensions ['ignore', 'ignore_ament_install']
[0.354s] Level 1:colcon.colcon_core.package_identification:_identify(go1_sim/go1_gazebo) by extension 'ignore'
[0.354s] Level 1:colcon.colcon_core.package_identification:_identify(go1_sim/go1_gazebo) by extension 'ignore_ament_install'
[0.354s] Level 1:colcon.colcon_core.package_identification:_identify(go1_sim/go1_gazebo) by extensions ['colcon_pkg']
[0.354s] Level 1:colcon.colcon_core.package_identification:_identify(go1_sim/go1_gazebo) by extension 'colcon_pkg'
[0.354s] Level 1:colcon.colcon_core.package_identification:_identify(go1_sim/go1_gazebo) by extensions ['colcon_meta']
[0.354s] Level 1:colcon.colcon_core.package_identification:_identify(go1_sim/go1_gazebo) by extension 'colcon_meta'
[0.354s] Level 1:colcon.colcon_core.package_identification:_identify(go1_sim/go1_gazebo) by extensions ['ros']
[0.355s] Level 1:colcon.colcon_core.package_identification:_identify(go1_sim/go1_gazebo) by extension 'ros'
[0.356s] DEBUG:colcon.colcon_core.package_identification:Package 'go1_sim/go1_gazebo' with type 'ros.ament_cmake' and name 'go1_gazebo'
[0.356s] Level 1:colcon.colcon_core.package_identification:_identify(go1_sim/go1_navigation) by extensions ['ignore', 'ignore_ament_install']
[0.356s] Level 1:colcon.colcon_core.package_identification:_identify(go1_sim/go1_navigation) by extension 'ignore'
[0.356s] Level 1:colcon.colcon_core.package_identification:_identify(go1_sim/go1_navigation) by extension 'ignore_ament_install'
[0.356s] Level 1:colcon.colcon_core.package_identification:_identify(go1_sim/go1_navigation) by extensions ['colcon_pkg']
[0.356s] Level 1:colcon.colcon_core.package_identification:_identify(go1_sim/go1_navigation) by extension 'colcon_pkg'
[0.356s] Level 1:colcon.colcon_core.package_identification:_identify(go1_sim/go1_navigation) by extensions ['colcon_meta']
[0.356s] Level 1:colcon.colcon_core.package_identification:_identify(go1_sim/go1_navigation) by extension 'colcon_meta'
[0.357s] Level 1:colcon.colcon_core.package_identification:_identify(go1_sim/go1_navigation) by extensions ['ros']
[0.357s] Level 1:colcon.colcon_core.package_identification:_identify(go1_sim/go1_navigation) by extension 'ros'
[0.357s] DEBUG:colcon.colcon_core.package_identification:Package 'go1_sim/go1_navigation' with type 'ros.ament_python' and name 'go1_navigation'
[0.357s] Level 1:colcon.colcon_core.package_identification:_identify(install) by extensions ['ignore', 'ignore_ament_install']
[0.357s] Level 1:colcon.colcon_core.package_identification:_identify(install) by extension 'ignore'
[0.358s] Level 1:colcon.colcon_core.package_identification:_identify(install) ignored
[0.358s] Level 1:colcon.colcon_core.package_identification:_identify(log) by extensions ['ignore', 'ignore_ament_install']
[0.358s] Level 1:colcon.colcon_core.package_identification:_identify(log) by extension 'ignore'
[0.358s] Level 1:colcon.colcon_core.package_identification:_identify(log) ignored
[0.358s] Level 1:colcon.colcon_core.package_identification:_identify(robotic_control) by extensions ['ignore', 'ignore_ament_install']
[0.358s] Level 1:colcon.colcon_core.package_identification:_identify(robotic_control) by extension 'ignore'
[0.358s] Level 1:colcon.colcon_core.package_identification:_identify(robotic_control) by extension 'ignore_ament_install'
[0.359s] Level 1:colcon.colcon_core.package_identification:_identify(robotic_control) by extensions ['colcon_pkg']
[0.359s] Level 1:colcon.colcon_core.package_identification:_identify(robotic_control) by extension 'colcon_pkg'
[0.359s] Level 1:colcon.colcon_core.package_identification:_identify(robotic_control) by extensions ['colcon_meta']
[0.359s] Level 1:colcon.colcon_core.package_identification:_identify(robotic_control) by extension 'colcon_meta'
[0.359s] Level 1:colcon.colcon_core.package_identification:_identify(robotic_control) by extensions ['ros']
[0.359s] Level 1:colcon.colcon_core.package_identification:_identify(robotic_control) by extension 'ros'
[0.360s] DEBUG:colcon.colcon_core.package_identification:Package 'robotic_control' with type 'ros.ament_cmake' and name 'robotic_control'
[0.360s] Level 1:colcon.colcon_core.package_identification:_identify(ros2_unitree_legged_controller) by extensions ['ignore', 'ignore_ament_install']
[0.360s] Level 1:colcon.colcon_core.package_identification:_identify(ros2_unitree_legged_controller) by extension 'ignore'
[0.360s] Level 1:colcon.colcon_core.package_identification:_identify(ros2_unitree_legged_controller) by extension 'ignore_ament_install'
[0.360s] Level 1:colcon.colcon_core.package_identification:_identify(ros2_unitree_legged_controller) by extensions ['colcon_pkg']
[0.360s] Level 1:colcon.colcon_core.package_identification:_identify(ros2_unitree_legged_controller) by extension 'colcon_pkg'
[0.360s] Level 1:colcon.colcon_core.package_identification:_identify(ros2_unitree_legged_controller) by extensions ['colcon_meta']
[0.361s] Level 1:colcon.colcon_core.package_identification:_identify(ros2_unitree_legged_controller) by extension 'colcon_meta'
[0.361s] Level 1:colcon.colcon_core.package_identification:_identify(ros2_unitree_legged_controller) by extensions ['ros']
[0.361s] Level 1:colcon.colcon_core.package_identification:_identify(ros2_unitree_legged_controller) by extension 'ros'
[0.363s] DEBUG:colcon.colcon_core.package_identification:Package 'ros2_unitree_legged_controller' with type 'ros.ament_cmake' and name 'ros2_unitree_legged_control'
[0.363s] Level 1:colcon.colcon_core.package_identification:_identify(ros2_unitree_legged_msgs) by extensions ['ignore', 'ignore_ament_install']
[0.363s] Level 1:colcon.colcon_core.package_identification:_identify(ros2_unitree_legged_msgs) by extension 'ignore'
[0.363s] Level 1:colcon.colcon_core.package_identification:_identify(ros2_unitree_legged_msgs) by extension 'ignore_ament_install'
[0.363s] Level 1:colcon.colcon_core.package_identification:_identify(ros2_unitree_legged_msgs) by extensions ['colcon_pkg']
[0.363s] Level 1:colcon.colcon_core.package_identification:_identify(ros2_unitree_legged_msgs) by extension 'colcon_pkg'
[0.363s] Level 1:colcon.colcon_core.package_identification:_identify(ros2_unitree_legged_msgs) by extensions ['colcon_meta']
[0.363s] Level 1:colcon.colcon_core.package_identification:_identify(ros2_unitree_legged_msgs) by extension 'colcon_meta'
[0.363s] Level 1:colcon.colcon_core.package_identification:_identify(ros2_unitree_legged_msgs) by extensions ['ros']
[0.363s] Level 1:colcon.colcon_core.package_identification:_identify(ros2_unitree_legged_msgs) by extension 'ros'
[0.364s] DEBUG:colcon.colcon_core.package_identification:Package 'ros2_unitree_legged_msgs' with type 'ros.ament_cmake' and name 'ros2_unitree_legged_msgs'
[0.364s] Level 1:colcon.colcon_core.package_identification:_identify(unitree_guide2) by extensions ['ignore', 'ignore_ament_install']
[0.364s] Level 1:colcon.colcon_core.package_identification:_identify(unitree_guide2) by extension 'ignore'
[0.364s] Level 1:colcon.colcon_core.package_identification:_identify(unitree_guide2) by extension 'ignore_ament_install'
[0.365s] Level 1:colcon.colcon_core.package_identification:_identify(unitree_guide2) by extensions ['colcon_pkg']
[0.365s] Level 1:colcon.colcon_core.package_identification:_identify(unitree_guide2) by extension 'colcon_pkg'
[0.365s] Level 1:colcon.colcon_core.package_identification:_identify(unitree_guide2) by extensions ['colcon_meta']
[0.365s] Level 1:colcon.colcon_core.package_identification:_identify(unitree_guide2) by extension 'colcon_meta'
[0.365s] Level 1:colcon.colcon_core.package_identification:_identify(unitree_guide2) by extensions ['ros']
[0.365s] Level 1:colcon.colcon_core.package_identification:_identify(unitree_guide2) by extension 'ros'
[0.366s] DEBUG:colcon.colcon_core.package_identification:Package 'unitree_guide2' with type 'ros.ament_cmake' and name 'unitree_guide2'
[0.366s] Level 1:colcon.colcon_core.package_discovery:discover_packages(recursive) using defaults
[0.366s] Level 1:colcon.colcon_core.package_discovery:discover_packages(ignore) discover
[0.366s] Level 1:colcon.colcon_core.package_discovery:discover_packages(ignore) using defaults
[0.366s] Level 1:colcon.colcon_core.package_discovery:discover_packages(path) discover
[0.366s] Level 1:colcon.colcon_core.package_discovery:discover_packages(path) using defaults
[0.406s] Level 1:colcon.colcon_core.package_discovery:discover_packages(prefix_path) check parameters
[0.406s] Level 1:colcon.colcon_core.package_discovery:discover_packages(prefix_path) discover
[0.409s] DEBUG:colcon.colcon_installed_package_information.package_discovery:Found 7 installed packages in /home/giszterlab/USING/unitree_ros2_sim/install
[0.412s] DEBUG:colcon.colcon_installed_package_information.package_discovery:Found 323 installed packages in /opt/ros/humble
[0.415s] Level 1:colcon.colcon_core.package_discovery:discover_packages(prefix_path) using defaults
[0.475s] Level 5:colcon.colcon_core.verb:set package 'go1_description' build argument 'cmake_args' from command line to 'None'
[0.475s] Level 5:colcon.colcon_core.verb:set package 'go1_description' build argument 'cmake_target' from command line to 'None'
[0.475s] Level 5:colcon.colcon_core.verb:set package 'go1_description' build argument 'cmake_target_skip_unavailable' from command line to 'False'
[0.475s] Level 5:colcon.colcon_core.verb:set package 'go1_description' build argument 'cmake_clean_cache' from command line to 'False'
[0.475s] Level 5:colcon.colcon_core.verb:set package 'go1_description' build argument 'cmake_clean_first' from command line to 'False'
[0.475s] Level 5:colcon.colcon_core.verb:set package 'go1_description' build argument 'cmake_force_configure' from command line to 'False'
[0.475s] Level 5:colcon.colcon_core.verb:set package 'go1_description' build argument 'ament_cmake_args' from command line to 'None'
[0.475s] Level 5:colcon.colcon_core.verb:set package 'go1_description' build argument 'catkin_cmake_args' from command line to 'None'
[0.475s] Level 5:colcon.colcon_core.verb:set package 'go1_description' build argument 'catkin_skip_building_tests' from command line to 'False'
[0.476s] DEBUG:colcon.colcon_core.verb:Building package 'go1_description' with the following arguments: {'ament_cmake_args': None, 'build_base': '/home/giszterlab/USING/unitree_ros2_sim/build/go1_description', 'catkin_cmake_args': None, 'catkin_skip_building_tests': False, 'cmake_args': None, 'cmake_clean_cache': False, 'cmake_clean_first': False, 'cmake_force_configure': False, 'cmake_target': None, 'cmake_target_skip_unavailable': False, 'install_base': '/home/giszterlab/USING/unitree_ros2_sim/install/go1_description', 'merge_install': False, 'path': '/home/giszterlab/USING/unitree_ros2_sim/go1_sim/go1_description', 'symlink_install': False, 'test_result_base': None}
[0.476s] Level 5:colcon.colcon_core.verb:set package 'go1_gazebo' build argument 'cmake_args' from command line to 'None'
[0.476s] Level 5:colcon.colcon_core.verb:set package 'go1_gazebo' build argument 'cmake_target' from command line to 'None'
[0.476s] Level 5:colcon.colcon_core.verb:set package 'go1_gazebo' build argument 'cmake_target_skip_unavailable' from command line to 'False'
[0.476s] Level 5:colcon.colcon_core.verb:set package 'go1_gazebo' build argument 'cmake_clean_cache' from command line to 'False'
[0.476s] Level 5:colcon.colcon_core.verb:set package 'go1_gazebo' build argument 'cmake_clean_first' from command line to 'False'
[0.476s] Level 5:colcon.colcon_core.verb:set package 'go1_gazebo' build argument 'cmake_force_configure' from command line to 'False'
[0.476s] Level 5:colcon.colcon_core.verb:set package 'go1_gazebo' build argument 'ament_cmake_args' from command line to 'None'
[0.476s] Level 5:colcon.colcon_core.verb:set package 'go1_gazebo' build argument 'catkin_cmake_args' from command line to 'None'
[0.476s] Level 5:colcon.colcon_core.verb:set package 'go1_gazebo' build argument 'catkin_skip_building_tests' from command line to 'False'
[0.476s] DEBUG:colcon.colcon_core.verb:Building package 'go1_gazebo' with the following arguments: {'ament_cmake_args': None, 'build_base': '/home/giszterlab/USING/unitree_ros2_sim/build/go1_gazebo', 'catkin_cmake_args': None, 'catkin_skip_building_tests': False, 'cmake_args': None, 'cmake_clean_cache': False, 'cmake_clean_first': False, 'cmake_force_configure': False, 'cmake_target': None, 'cmake_target_skip_unavailable': False, 'install_base': '/home/giszterlab/USING/unitree_ros2_sim/install/go1_gazebo', 'merge_install': False, 'path': '/home/giszterlab/USING/unitree_ros2_sim/go1_sim/go1_gazebo', 'symlink_install': False, 'test_result_base': None}
[0.477s] Level 5:colcon.colcon_core.verb:set package 'go1_navigation' build argument 'cmake_args' from command line to 'None'
[0.477s] Level 5:colcon.colcon_core.verb:set package 'go1_navigation' build argument 'cmake_target' from command line to 'None'
[0.477s] Level 5:colcon.colcon_core.verb:set package 'go1_navigation' build argument 'cmake_target_skip_unavailable' from command line to 'False'
[0.477s] Level 5:colcon.colcon_core.verb:set package 'go1_navigation' build argument 'cmake_clean_cache' from command line to 'False'
[0.477s] Level 5:colcon.colcon_core.verb:set package 'go1_navigation' build argument 'cmake_clean_first' from command line to 'False'
[0.477s] Level 5:colcon.colcon_core.verb:set package 'go1_navigation' build argument 'cmake_force_configure' from command line to 'False'
[0.477s] Level 5:colcon.colcon_core.verb:set package 'go1_navigation' build argument 'ament_cmake_args' from command line to 'None'
[0.477s] Level 5:colcon.colcon_core.verb:set package 'go1_navigation' build argument 'catkin_cmake_args' from command line to 'None'
[0.477s] Level 5:colcon.colcon_core.verb:set package 'go1_navigation' build argument 'catkin_skip_building_tests' from command line to 'False'
[0.477s] DEBUG:colcon.colcon_core.verb:Building package 'go1_navigation' with the following arguments: {'ament_cmake_args': None, 'build_base': '/home/giszterlab/USING/unitree_ros2_sim/build/go1_navigation', 'catkin_cmake_args': None, 'catkin_skip_building_tests': False, 'cmake_args': None, 'cmake_clean_cache': False, 'cmake_clean_first': False, 'cmake_force_configure': False, 'cmake_target': None, 'cmake_target_skip_unavailable': False, 'install_base': '/home/giszterlab/USING/unitree_ros2_sim/install/go1_navigation', 'merge_install': False, 'path': '/home/giszterlab/USING/unitree_ros2_sim/go1_sim/go1_navigation', 'symlink_install': False, 'test_result_base': None}
[0.477s] Level 5:colcon.colcon_core.verb:set package 'robotic_control' build argument 'cmake_args' from command line to 'None'
[0.477s] Level 5:colcon.colcon_core.verb:set package 'robotic_control' build argument 'cmake_target' from command line to 'None'
[0.477s] Level 5:colcon.colcon_core.verb:set package 'robotic_control' build argument 'cmake_target_skip_unavailable' from command line to 'False'
[0.477s] Level 5:colcon.colcon_core.verb:set package 'robotic_control' build argument 'cmake_clean_cache' from command line to 'False'
[0.477s] Level 5:colcon.colcon_core.verb:set package 'robotic_control' build argument 'cmake_clean_first' from command line to 'False'
[0.477s] Level 5:colcon.colcon_core.verb:set package 'robotic_control' build argument 'cmake_force_configure' from command line to 'False'
[0.477s] Level 5:colcon.colcon_core.verb:set package 'robotic_control' build argument 'ament_cmake_args' from command line to 'None'
[0.477s] Level 5:colcon.colcon_core.verb:set package 'robotic_control' build argument 'catkin_cmake_args' from command line to 'None'
[0.478s] Level 5:colcon.colcon_core.verb:set package 'robotic_control' build argument 'catkin_skip_building_tests' from command line to 'False'
[0.478s] DEBUG:colcon.colcon_core.verb:Building package 'robotic_control' with the following arguments: {'ament_cmake_args': None, 'build_base': '/home/giszterlab/USING/unitree_ros2_sim/build/robotic_control', 'catkin_cmake_args': None, 'catkin_skip_building_tests': False, 'cmake_args': None, 'cmake_clean_cache': False, 'cmake_clean_first': False, 'cmake_force_configure': False, 'cmake_target': None, 'cmake_target_skip_unavailable': False, 'install_base': '/home/giszterlab/USING/unitree_ros2_sim/install/robotic_control', 'merge_install': False, 'path': '/home/giszterlab/USING/unitree_ros2_sim/robotic_control', 'symlink_install': False, 'test_result_base': None}
[0.478s] Level 5:colcon.colcon_core.verb:set package 'ros2_unitree_legged_msgs' build argument 'cmake_args' from command line to 'None'
[0.478s] Level 5:colcon.colcon_core.verb:set package 'ros2_unitree_legged_msgs' build argument 'cmake_target' from command line to 'None'
[0.478s] Level 5:colcon.colcon_core.verb:set package 'ros2_unitree_legged_msgs' build argument 'cmake_target_skip_unavailable' from command line to 'False'
[0.478s] Level 5:colcon.colcon_core.verb:set package 'ros2_unitree_legged_msgs' build argument 'cmake_clean_cache' from command line to 'False'
[0.478s] Level 5:colcon.colcon_core.verb:set package 'ros2_unitree_legged_msgs' build argument 'cmake_clean_first' from command line to 'False'
[0.478s] Level 5:colcon.colcon_core.verb:set package 'ros2_unitree_legged_msgs' build argument 'cmake_force_configure' from command line to 'False'
[0.478s] Level 5:colcon.colcon_core.verb:set package 'ros2_unitree_legged_msgs' build argument 'ament_cmake_args' from command line to 'None'
[0.478s] Level 5:colcon.colcon_core.verb:set package 'ros2_unitree_legged_msgs' build argument 'catkin_cmake_args' from command line to 'None'
[0.478s] Level 5:colcon.colcon_core.verb:set package 'ros2_unitree_legged_msgs' build argument 'catkin_skip_building_tests' from command line to 'False'
[0.478s] DEBUG:colcon.colcon_core.verb:Building package 'ros2_unitree_legged_msgs' with the following arguments: {'ament_cmake_args': None, 'build_base': '/home/giszterlab/USING/unitree_ros2_sim/build/ros2_unitree_legged_msgs', 'catkin_cmake_args': None, 'catkin_skip_building_tests': False, 'cmake_args': None, 'cmake_clean_cache': False, 'cmake_clean_first': False, 'cmake_force_configure': False, 'cmake_target': None, 'cmake_target_skip_unavailable': False, 'install_base': '/home/giszterlab/USING/unitree_ros2_sim/install/ros2_unitree_legged_msgs', 'merge_install': False, 'path': '/home/giszterlab/USING/unitree_ros2_sim/ros2_unitree_legged_msgs', 'symlink_install': False, 'test_result_base': None}
[0.479s] Level 5:colcon.colcon_core.verb:set package 'ros2_unitree_legged_control' build argument 'cmake_args' from command line to 'None'
[0.479s] Level 5:colcon.colcon_core.verb:set package 'ros2_unitree_legged_control' build argument 'cmake_target' from command line to 'None'
[0.479s] Level 5:colcon.colcon_core.verb:set package 'ros2_unitree_legged_control' build argument 'cmake_target_skip_unavailable' from command line to 'False'
[0.479s] Level 5:colcon.colcon_core.verb:set package 'ros2_unitree_legged_control' build argument 'cmake_clean_cache' from command line to 'False'
[0.479s] Level 5:colcon.colcon_core.verb:set package 'ros2_unitree_legged_control' build argument 'cmake_clean_first' from command line to 'False'
[0.479s] Level 5:colcon.colcon_core.verb:set package 'ros2_unitree_legged_control' build argument 'cmake_force_configure' from command line to 'False'
[0.479s] Level 5:colcon.colcon_core.verb:set package 'ros2_unitree_legged_control' build argument 'ament_cmake_args' from command line to 'None'
[0.479s] Level 5:colcon.colcon_core.verb:set package 'ros2_unitree_legged_control' build argument 'catkin_cmake_args' from command line to 'None'
[0.479s] Level 5:colcon.colcon_core.verb:set package 'ros2_unitree_legged_control' build argument 'catkin_skip_building_tests' from command line to 'False'
[0.479s] DEBUG:colcon.colcon_core.verb:Building package 'ros2_unitree_legged_control' with the following arguments: {'ament_cmake_args': None, 'build_base': '/home/giszterlab/USING/unitree_ros2_sim/build/ros2_unitree_legged_control', 'catkin_cmake_args': None, 'catkin_skip_building_tests': False, 'cmake_args': None, 'cmake_clean_cache': False, 'cmake_clean_first': False, 'cmake_force_configure': False, 'cmake_target': None, 'cmake_target_skip_unavailable': False, 'install_base': '/home/giszterlab/USING/unitree_ros2_sim/install/ros2_unitree_legged_control', 'merge_install': False, 'path': '/home/giszterlab/USING/unitree_ros2_sim/ros2_unitree_legged_controller', 'symlink_install': False, 'test_result_base': None}
[0.479s] Level 5:colcon.colcon_core.verb:set package 'unitree_guide2' build argument 'cmake_args' from command line to 'None'
[0.479s] Level 5:colcon.colcon_core.verb:set package 'unitree_guide2' build argument 'cmake_target' from command line to 'None'
[0.479s] Level 5:colcon.colcon_core.verb:set package 'unitree_guide2' build argument 'cmake_target_skip_unavailable' from command line to 'False'
[0.479s] Level 5:colcon.colcon_core.verb:set package 'unitree_guide2' build argument 'cmake_clean_cache' from command line to 'False'
[0.479s] Level 5:colcon.colcon_core.verb:set package 'unitree_guide2' build argument 'cmake_clean_first' from command line to 'False'
[0.479s] Level 5:colcon.colcon_core.verb:set package 'unitree_guide2' build argument 'cmake_force_configure' from command line to 'False'
[0.479s] Level 5:colcon.colcon_core.verb:set package 'unitree_guide2' build argument 'ament_cmake_args' from command line to 'None'
[0.479s] Level 5:colcon.colcon_core.verb:set package 'unitree_guide2' build argument 'catkin_cmake_args' from command line to 'None'
[0.479s] Level 5:colcon.colcon_core.verb:set package 'unitree_guide2' build argument 'catkin_skip_building_tests' from command line to 'False'
[0.480s] DEBUG:colcon.colcon_core.verb:Building package 'unitree_guide2' with the following arguments: {'ament_cmake_args': None, 'build_base': '/home/giszterlab/USING/unitree_ros2_sim/build/unitree_guide2', 'catkin_cmake_args': None, 'catkin_skip_building_tests': False, 'cmake_args': None, 'cmake_clean_cache': False, 'cmake_clean_first': False, 'cmake_force_configure': False, 'cmake_target': None, 'cmake_target_skip_unavailable': False, 'install_base': '/home/giszterlab/USING/unitree_ros2_sim/install/unitree_guide2', 'merge_install': False, 'path': '/home/giszterlab/USING/unitree_ros2_sim/unitree_guide2', 'symlink_install': False, 'test_result_base': None}
[0.480s] INFO:colcon.colcon_core.executor:Executing jobs using 'parallel' executor
[0.481s] DEBUG:colcon.colcon_parallel_executor.executor.parallel:run_until_complete
[0.481s] INFO:colcon.colcon_ros.task.ament_cmake.build:Building ROS package in '/home/giszterlab/USING/unitree_ros2_sim/ros2_unitree_legged_msgs' with build type 'ament_cmake'
[0.482s] INFO:colcon.colcon_cmake.task.cmake.build:Building CMake package in '/home/giszterlab/USING/unitree_ros2_sim/ros2_unitree_legged_msgs'
[0.484s] INFO:colcon.colcon_core.plugin_system:Skipping extension 'colcon_core.shell.bat': Not used on non-Windows systems
[0.484s] INFO:colcon.colcon_core.shell:Skip shell extension 'powershell' for command environment: Not usable outside of PowerShell
[0.484s] DEBUG:colcon.colcon_core.shell:Skip shell extension 'dsv' for command environment
[0.489s] INFO:colcon.colcon_ros.task.ament_cmake.build:Building ROS package in '/home/giszterlab/USING/unitree_ros2_sim/go1_sim/go1_description' with build type 'ament_cmake'
[0.490s] INFO:colcon.colcon_cmake.task.cmake.build:Building CMake package in '/home/giszterlab/USING/unitree_ros2_sim/go1_sim/go1_description'
[0.490s] INFO:colcon.colcon_core.shell:Skip shell extension 'powershell' for command environment: Not usable outside of PowerShell
[0.490s] DEBUG:colcon.colcon_core.shell:Skip shell extension 'dsv' for command environment
[0.494s] INFO:colcon.colcon_ros.task.ament_cmake.build:Building ROS package in '/home/giszterlab/USING/unitree_ros2_sim/go1_sim/go1_gazebo' with build type 'ament_cmake'
[0.494s] INFO:colcon.colcon_cmake.task.cmake.build:Building CMake package in '/home/giszterlab/USING/unitree_ros2_sim/go1_sim/go1_gazebo'
[0.495s] INFO:colcon.colcon_core.shell:Skip shell extension 'powershell' for command environment: Not usable outside of PowerShell
[0.495s] DEBUG:colcon.colcon_core.shell:Skip shell extension 'dsv' for command environment
[0.500s] INFO:colcon.colcon_ros.task.ament_python.build:Building ROS package in '/home/giszterlab/USING/unitree_ros2_sim/go1_sim/go1_navigation' with build type 'ament_python'
[0.500s] Level 1:colcon.colcon_core.shell:create_environment_hook('go1_navigation', 'ament_prefix_path')
[0.500s] INFO:colcon.colcon_core.shell:Creating environment hook '/home/giszterlab/USING/unitree_ros2_sim/install/go1_navigation/share/go1_navigation/hook/ament_prefix_path.ps1'
[0.501s] INFO:colcon.colcon_core.shell:Creating environment descriptor '/home/giszterlab/USING/unitree_ros2_sim/install/go1_navigation/share/go1_navigation/hook/ament_prefix_path.dsv'
[0.502s] INFO:colcon.colcon_core.shell:Creating environment hook '/home/giszterlab/USING/unitree_ros2_sim/install/go1_navigation/share/go1_navigation/hook/ament_prefix_path.sh'
[0.503s] INFO:colcon.colcon_core.shell:Skip shell extension 'powershell' for command environment: Not usable outside of PowerShell
[0.504s] DEBUG:colcon.colcon_core.shell:Skip shell extension 'dsv' for command environment
[0.509s] INFO:colcon.colcon_ros.task.ament_cmake.build:Building ROS package in '/home/giszterlab/USING/unitree_ros2_sim/robotic_control' with build type 'ament_cmake'
[0.509s] INFO:colcon.colcon_cmake.task.cmake.build:Building CMake package in '/home/giszterlab/USING/unitree_ros2_sim/robotic_control'
[0.510s] INFO:colcon.colcon_core.shell:Skip shell extension 'powershell' for command environment: Not usable outside of PowerShell
[0.510s] DEBUG:colcon.colcon_core.shell:Skip shell extension 'dsv' for command environment
[0.519s] DEBUG:colcon.colcon_core.event_handler.log_command:Invoking command in '/home/giszterlab/USING/unitree_ros2_sim/build/ros2_unitree_legged_msgs': CMAKE_PREFIX_PATH=${CMAKE_PREFIX_PATH}:/home/giszterlab/USING/unitree_ros2_sim/install/go1_navigation:/opt/ros/humble /usr/bin/cmake --build /home/giszterlab/USING/unitree_ros2_sim/build/ros2_unitree_legged_msgs -- -j8 -l8
[0.522s] DEBUG:colcon.colcon_core.event_handler.log_command:Invoking command in '/home/giszterlab/USING/unitree_ros2_sim/build/go1_description': CMAKE_PREFIX_PATH=${CMAKE_PREFIX_PATH}:/home/giszterlab/USING/unitree_ros2_sim/install/go1_navigation:/opt/ros/humble /usr/bin/cmake --build /home/giszterlab/USING/unitree_ros2_sim/build/go1_description -- -j8 -l8
[0.526s] DEBUG:colcon.colcon_core.event_handler.log_command:Invoking command in '/home/giszterlab/USING/unitree_ros2_sim/build/go1_gazebo': CMAKE_PREFIX_PATH=${CMAKE_PREFIX_PATH}:/home/giszterlab/USING/unitree_ros2_sim/install/go1_navigation:/opt/ros/humble /usr/bin/cmake --build /home/giszterlab/USING/unitree_ros2_sim/build/go1_gazebo -- -j8 -l8
[0.918s] INFO:colcon.colcon_core.task.python.build:Building Python package in '/home/giszterlab/USING/unitree_ros2_sim/go1_sim/go1_navigation'
[0.919s] INFO:colcon.colcon_core.shell:Skip shell extension 'powershell' for command environment: Not usable outside of PowerShell
[0.919s] DEBUG:colcon.colcon_core.shell:Skip shell extension 'dsv' for command environment
[0.929s] DEBUG:colcon.colcon_core.event_handler.log_command:Invoked command in '/home/giszterlab/USING/unitree_ros2_sim/build/go1_description' returned '0': CMAKE_PREFIX_PATH=${CMAKE_PREFIX_PATH}:/home/giszterlab/USING/unitree_ros2_sim/install/go1_navigation:/opt/ros/humble /usr/bin/cmake --build /home/giszterlab/USING/unitree_ros2_sim/build/go1_description -- -j8 -l8
[0.940s] DEBUG:colcon.colcon_core.event_handler.log_command:Invoking command in '/home/giszterlab/USING/unitree_ros2_sim/build/go1_description': CMAKE_PREFIX_PATH=${CMAKE_PREFIX_PATH}:/home/giszterlab/USING/unitree_ros2_sim/install/go1_navigation:/opt/ros/humble /usr/bin/cmake --install /home/giszterlab/USING/unitree_ros2_sim/build/go1_description
[0.946s] DEBUG:colcon.colcon_core.event_handler.log_command:Invoking command in '/home/giszterlab/USING/unitree_ros2_sim/build/robotic_control': CMAKE_PREFIX_PATH=${CMAKE_PREFIX_PATH}:/home/giszterlab/USING/unitree_ros2_sim/install/go1_navigation:/opt/ros/humble /usr/bin/cmake --build /home/giszterlab/USING/unitree_ros2_sim/build/robotic_control -- -j8 -l8
[0.948s] DEBUG:colcon.colcon_core.event_handler.log_command:Invoked command in '/home/giszterlab/USING/unitree_ros2_sim/build/go1_gazebo' returned '0': CMAKE_PREFIX_PATH=${CMAKE_PREFIX_PATH}:/home/giszterlab/USING/unitree_ros2_sim/install/go1_navigation:/opt/ros/humble /usr/bin/cmake --build /home/giszterlab/USING/unitree_ros2_sim/build/go1_gazebo -- -j8 -l8
[0.952s] DEBUG:colcon.colcon_core.event_handler.log_command:Invoking command in '/home/giszterlab/USING/unitree_ros2_sim/build/go1_gazebo': CMAKE_PREFIX_PATH=${CMAKE_PREFIX_PATH}:/home/giszterlab/USING/unitree_ros2_sim/install/go1_navigation:/opt/ros/humble /usr/bin/cmake --install /home/giszterlab/USING/unitree_ros2_sim/build/go1_gazebo
[0.968s] Level 1:colcon.colcon_core.environment:create_environment_scripts_only(go1_description)
[0.976s] Level 1:colcon.colcon_core.environment:checking '/home/giszterlab/USING/unitree_ros2_sim/install/go1_description' for CMake module files
[0.977s] Level 1:colcon.colcon_core.environment:checking '/home/giszterlab/USING/unitree_ros2_sim/install/go1_description' for CMake config files
[0.977s] Level 1:colcon.colcon_core.shell:create_environment_hook('go1_description', 'cmake_prefix_path')
[0.978s] INFO:colcon.colcon_core.shell:Creating environment hook '/home/giszterlab/USING/unitree_ros2_sim/install/go1_description/share/go1_description/hook/cmake_prefix_path.ps1'
[0.979s] INFO:colcon.colcon_core.shell:Creating environment descriptor '/home/giszterlab/USING/unitree_ros2_sim/install/go1_description/share/go1_description/hook/cmake_prefix_path.dsv'
[0.980s] DEBUG:colcon.colcon_core.event_handler.log_command:Invoked command in '/home/giszterlab/USING/unitree_ros2_sim/build/go1_description' returned '0': CMAKE_PREFIX_PATH=${CMAKE_PREFIX_PATH}:/home/giszterlab/USING/unitree_ros2_sim/install/go1_navigation:/opt/ros/humble /usr/bin/cmake --install /home/giszterlab/USING/unitree_ros2_sim/build/go1_description
[0.981s] INFO:colcon.colcon_core.shell:Creating environment hook '/home/giszterlab/USING/unitree_ros2_sim/install/go1_description/share/go1_description/hook/cmake_prefix_path.sh'
[0.983s] Level 1:colcon.colcon_core.environment:checking '/home/giszterlab/USING/unitree_ros2_sim/install/go1_description/bin'
[0.983s] Level 1:colcon.colcon_core.environment:checking '/home/giszterlab/USING/unitree_ros2_sim/install/go1_description/lib/pkgconfig/go1_description.pc'
[0.983s] Level 1:colcon.colcon_core.environment:checking '/home/giszterlab/USING/unitree_ros2_sim/install/go1_description/lib/python3.10/site-packages'
[0.983s] Level 1:colcon.colcon_core.environment:checking '/home/giszterlab/USING/unitree_ros2_sim/install/go1_description/bin'
[0.984s] INFO:colcon.colcon_core.shell:Creating package script '/home/giszterlab/USING/unitree_ros2_sim/install/go1_description/share/go1_description/package.ps1'
[0.987s] INFO:colcon.colcon_core.shell:Creating package descriptor '/home/giszterlab/USING/unitree_ros2_sim/install/go1_description/share/go1_description/package.dsv'
[0.987s] INFO:colcon.colcon_core.shell:Creating package script '/home/giszterlab/USING/unitree_ros2_sim/install/go1_description/share/go1_description/package.sh'
[0.989s] INFO:colcon.colcon_core.shell:Creating package script '/home/giszterlab/USING/unitree_ros2_sim/install/go1_description/share/go1_description/package.bash'
[0.990s] INFO:colcon.colcon_core.shell:Creating package script '/home/giszterlab/USING/unitree_ros2_sim/install/go1_description/share/go1_description/package.zsh'
[0.991s] Level 1:colcon.colcon_core.environment:create_file_with_runtime_dependencies(/home/giszterlab/USING/unitree_ros2_sim/install/go1_description/share/colcon-core/packages/go1_description)
[0.993s] Level 1:colcon.colcon_core.environment:create_environment_scripts_only(go1_description)
[0.993s] Level 1:colcon.colcon_core.environment:checking '/home/giszterlab/USING/unitree_ros2_sim/install/go1_description' for CMake module files
[0.994s] Level 1:colcon.colcon_core.environment:checking '/home/giszterlab/USING/unitree_ros2_sim/install/go1_description' for CMake config files
[0.994s] Level 1:colcon.colcon_core.shell:create_environment_hook('go1_description', 'cmake_prefix_path')
[0.994s] INFO:colcon.colcon_core.shell:Creating environment hook '/home/giszterlab/USING/unitree_ros2_sim/install/go1_description/share/go1_description/hook/cmake_prefix_path.ps1'
[0.995s] INFO:colcon.colcon_core.shell:Creating environment descriptor '/home/giszterlab/USING/unitree_ros2_sim/install/go1_description/share/go1_description/hook/cmake_prefix_path.dsv'
[0.996s] INFO:colcon.colcon_core.shell:Creating environment hook '/home/giszterlab/USING/unitree_ros2_sim/install/go1_description/share/go1_description/hook/cmake_prefix_path.sh'
[0.996s] Level 1:colcon.colcon_core.environment:checking '/home/giszterlab/USING/unitree_ros2_sim/install/go1_description/bin'
[0.997s] Level 1:colcon.colcon_core.environment:checking '/home/giszterlab/USING/unitree_ros2_sim/install/go1_description/lib/pkgconfig/go1_description.pc'
[0.997s] Level 1:colcon.colcon_core.environment:checking '/home/giszterlab/USING/unitree_ros2_sim/install/go1_description/lib/python3.10/site-packages'
[0.997s] Level 1:colcon.colcon_core.environment:checking '/home/giszterlab/USING/unitree_ros2_sim/install/go1_description/bin'
[0.998s] INFO:colcon.colcon_core.shell:Creating package script '/home/giszterlab/USING/unitree_ros2_sim/install/go1_description/share/go1_description/package.ps1'
[0.999s] INFO:colcon.colcon_core.shell:Creating package descriptor '/home/giszterlab/USING/unitree_ros2_sim/install/go1_description/share/go1_description/package.dsv'
[0.999s] INFO:colcon.colcon_core.shell:Creating package script '/home/giszterlab/USING/unitree_ros2_sim/install/go1_description/share/go1_description/package.sh'
[1.000s] INFO:colcon.colcon_core.shell:Creating package script '/home/giszterlab/USING/unitree_ros2_sim/install/go1_description/share/go1_description/package.bash'
[1.001s] INFO:colcon.colcon_core.shell:Creating package script '/home/giszterlab/USING/unitree_ros2_sim/install/go1_description/share/go1_description/package.zsh'
[1.002s] Level 1:colcon.colcon_core.environment:create_file_with_runtime_dependencies(/home/giszterlab/USING/unitree_ros2_sim/install/go1_description/share/colcon-core/packages/go1_description)
[1.002s] Level 1:colcon.colcon_core.environment:create_environment_scripts_only(go1_gazebo)
[1.003s] Level 1:colcon.colcon_core.environment:checking '/home/giszterlab/USING/unitree_ros2_sim/install/go1_gazebo' for CMake module files
[1.005s] DEBUG:colcon.colcon_core.event_handler.log_command:Invoked command in '/home/giszterlab/USING/unitree_ros2_sim/build/go1_gazebo' returned '0': CMAKE_PREFIX_PATH=${CMAKE_PREFIX_PATH}:/home/giszterlab/USING/unitree_ros2_sim/install/go1_navigation:/opt/ros/humble /usr/bin/cmake --install /home/giszterlab/USING/unitree_ros2_sim/build/go1_gazebo
[1.005s] Level 1:colcon.colcon_core.environment:checking '/home/giszterlab/USING/unitree_ros2_sim/install/go1_gazebo' for CMake config files
[1.005s] Level 1:colcon.colcon_core.shell:create_environment_hook('go1_gazebo', 'cmake_prefix_path')
[1.006s] INFO:colcon.colcon_core.shell:Creating environment hook '/home/giszterlab/USING/unitree_ros2_sim/install/go1_gazebo/share/go1_gazebo/hook/cmake_prefix_path.ps1'
[1.006s] INFO:colcon.colcon_core.shell:Creating environment descriptor '/home/giszterlab/USING/unitree_ros2_sim/install/go1_gazebo/share/go1_gazebo/hook/cmake_prefix_path.dsv'
[1.007s] INFO:colcon.colcon_core.shell:Creating environment hook '/home/giszterlab/USING/unitree_ros2_sim/install/go1_gazebo/share/go1_gazebo/hook/cmake_prefix_path.sh'
[1.008s] Level 1:colcon.colcon_core.environment:checking '/home/giszterlab/USING/unitree_ros2_sim/install/go1_gazebo/bin'
[1.008s] Level 1:colcon.colcon_core.environment:checking '/home/giszterlab/USING/unitree_ros2_sim/install/go1_gazebo/lib/pkgconfig/go1_gazebo.pc'
[1.008s] Level 1:colcon.colcon_core.environment:checking '/home/giszterlab/USING/unitree_ros2_sim/install/go1_gazebo/lib/python3.10/site-packages'
[1.009s] Level 1:colcon.colcon_core.environment:checking '/home/giszterlab/USING/unitree_ros2_sim/install/go1_gazebo/bin'
[1.009s] INFO:colcon.colcon_core.shell:Creating package script '/home/giszterlab/USING/unitree_ros2_sim/install/go1_gazebo/share/go1_gazebo/package.ps1'
[1.010s] INFO:colcon.colcon_core.shell:Creating package descriptor '/home/giszterlab/USING/unitree_ros2_sim/install/go1_gazebo/share/go1_gazebo/package.dsv'
[1.010s] INFO:colcon.colcon_core.shell:Creating package script '/home/giszterlab/USING/unitree_ros2_sim/install/go1_gazebo/share/go1_gazebo/package.sh'
[1.011s] INFO:colcon.colcon_core.shell:Creating package script '/home/giszterlab/USING/unitree_ros2_sim/install/go1_gazebo/share/go1_gazebo/package.bash'
[1.012s] INFO:colcon.colcon_core.shell:Creating package script '/home/giszterlab/USING/unitree_ros2_sim/install/go1_gazebo/share/go1_gazebo/package.zsh'
[1.012s] Level 1:colcon.colcon_core.environment:create_file_with_runtime_dependencies(/home/giszterlab/USING/unitree_ros2_sim/install/go1_gazebo/share/colcon-core/packages/go1_gazebo)
[1.013s] Level 1:colcon.colcon_core.environment:create_environment_scripts_only(go1_gazebo)
[1.013s] Level 1:colcon.colcon_core.environment:checking '/home/giszterlab/USING/unitree_ros2_sim/install/go1_gazebo' for CMake module files
[1.014s] Level 1:colcon.colcon_core.environment:checking '/home/giszterlab/USING/unitree_ros2_sim/install/go1_gazebo' for CMake config files
[1.014s] Level 1:colcon.colcon_core.shell:create_environment_hook('go1_gazebo', 'cmake_prefix_path')
[1.015s] INFO:colcon.colcon_core.shell:Creating environment hook '/home/giszterlab/USING/unitree_ros2_sim/install/go1_gazebo/share/go1_gazebo/hook/cmake_prefix_path.ps1'
[1.015s] INFO:colcon.colcon_core.shell:Creating environment descriptor '/home/giszterlab/USING/unitree_ros2_sim/install/go1_gazebo/share/go1_gazebo/hook/cmake_prefix_path.dsv'
[1.016s] INFO:colcon.colcon_core.shell:Creating environment hook '/home/giszterlab/USING/unitree_ros2_sim/install/go1_gazebo/share/go1_gazebo/hook/cmake_prefix_path.sh'
[1.016s] Level 1:colcon.colcon_core.environment:checking '/home/giszterlab/USING/unitree_ros2_sim/install/go1_gazebo/bin'
[1.016s] Level 1:colcon.colcon_core.environment:checking '/home/giszterlab/USING/unitree_ros2_sim/install/go1_gazebo/lib/pkgconfig/go1_gazebo.pc'
[1.017s] Level 1:colcon.colcon_core.environment:checking '/home/giszterlab/USING/unitree_ros2_sim/install/go1_gazebo/lib/python3.10/site-packages'
[1.017s] Level 1:colcon.colcon_core.environment:checking '/home/giszterlab/USING/unitree_ros2_sim/install/go1_gazebo/bin'
[1.017s] INFO:colcon.colcon_core.shell:Creating package script '/home/giszterlab/USING/unitree_ros2_sim/install/go1_gazebo/share/go1_gazebo/package.ps1'
[1.018s] INFO:colcon.colcon_core.shell:Creating package descriptor '/home/giszterlab/USING/unitree_ros2_sim/install/go1_gazebo/share/go1_gazebo/package.dsv'
[1.018s] INFO:colcon.colcon_core.shell:Creating package script '/home/giszterlab/USING/unitree_ros2_sim/install/go1_gazebo/share/go1_gazebo/package.sh'
[1.019s] INFO:colcon.colcon_core.shell:Creating package script '/home/giszterlab/USING/unitree_ros2_sim/install/go1_gazebo/share/go1_gazebo/package.bash'
[1.019s] INFO:colcon.colcon_core.shell:Creating package script '/home/giszterlab/USING/unitree_ros2_sim/install/go1_gazebo/share/go1_gazebo/package.zsh'
[1.020s] Level 1:colcon.colcon_core.environment:create_file_with_runtime_dependencies(/home/giszterlab/USING/unitree_ros2_sim/install/go1_gazebo/share/colcon-core/packages/go1_gazebo)
[1.033s] DEBUG:colcon.colcon_core.event_handler.log_command:Invoked command in '/home/giszterlab/USING/unitree_ros2_sim/build/robotic_control' returned '0': CMAKE_PREFIX_PATH=${CMAKE_PREFIX_PATH}:/home/giszterlab/USING/unitree_ros2_sim/install/go1_navigation:/opt/ros/humble /usr/bin/cmake --build /home/giszterlab/USING/unitree_ros2_sim/build/robotic_control -- -j8 -l8
[1.035s] DEBUG:colcon.colcon_core.event_handler.log_command:Invoking command in '/home/giszterlab/USING/unitree_ros2_sim/build/robotic_control': CMAKE_PREFIX_PATH=${CMAKE_PREFIX_PATH}:/home/giszterlab/USING/unitree_ros2_sim/install/go1_navigation:/opt/ros/humble /usr/bin/cmake --install /home/giszterlab/USING/unitree_ros2_sim/build/robotic_control
[1.036s] DEBUG:colcon.colcon_core.event_handler.log_command:Invoked command in '/home/giszterlab/USING/unitree_ros2_sim/build/ros2_unitree_legged_msgs' returned '0': CMAKE_PREFIX_PATH=${CMAKE_PREFIX_PATH}:/home/giszterlab/USING/unitree_ros2_sim/install/go1_navigation:/opt/ros/humble /usr/bin/cmake --build /home/giszterlab/USING/unitree_ros2_sim/build/ros2_unitree_legged_msgs -- -j8 -l8
[1.038s] DEBUG:colcon.colcon_core.event_handler.log_command:Invoking command in '/home/giszterlab/USING/unitree_ros2_sim/build/ros2_unitree_legged_msgs': CMAKE_PREFIX_PATH=${CMAKE_PREFIX_PATH}:/home/giszterlab/USING/unitree_ros2_sim/install/go1_navigation:/opt/ros/humble /usr/bin/cmake --install /home/giszterlab/USING/unitree_ros2_sim/build/ros2_unitree_legged_msgs
[1.045s] Level 1:colcon.colcon_core.environment:create_environment_scripts_only(robotic_control)
[1.046s] Level 1:colcon.colcon_core.environment:checking '/home/giszterlab/USING/unitree_ros2_sim/install/robotic_control' for CMake module files
[1.046s] DEBUG:colcon.colcon_core.event_handler.log_command:Invoked command in '/home/giszterlab/USING/unitree_ros2_sim/build/robotic_control' returned '0': CMAKE_PREFIX_PATH=${CMAKE_PREFIX_PATH}:/home/giszterlab/USING/unitree_ros2_sim/install/go1_navigation:/opt/ros/humble /usr/bin/cmake --install /home/giszterlab/USING/unitree_ros2_sim/build/robotic_control
[1.047s] Level 1:colcon.colcon_core.environment:checking '/home/giszterlab/USING/unitree_ros2_sim/install/robotic_control' for CMake config files
[1.047s] Level 1:colcon.colcon_core.shell:create_environment_hook('robotic_control', 'cmake_prefix_path')
[1.048s] INFO:colcon.colcon_core.shell:Creating environment hook '/home/giszterlab/USING/unitree_ros2_sim/install/robotic_control/share/robotic_control/hook/cmake_prefix_path.ps1'
[1.048s] INFO:colcon.colcon_core.shell:Creating environment descriptor '/home/giszterlab/USING/unitree_ros2_sim/install/robotic_control/share/robotic_control/hook/cmake_prefix_path.dsv'
[1.050s] INFO:colcon.colcon_core.shell:Creating environment hook '/home/giszterlab/USING/unitree_ros2_sim/install/robotic_control/share/robotic_control/hook/cmake_prefix_path.sh'
[1.054s] Level 1:colcon.colcon_core.environment:checking '/home/giszterlab/USING/unitree_ros2_sim/install/robotic_control/lib'
[1.055s] Level 1:colcon.colcon_core.environment:checking '/home/giszterlab/USING/unitree_ros2_sim/install/robotic_control/bin'
[1.056s] Level 1:colcon.colcon_core.environment:checking '/home/giszterlab/USING/unitree_ros2_sim/install/robotic_control/lib/pkgconfig/robotic_control.pc'
[1.056s] Level 1:colcon.colcon_core.environment:checking '/home/giszterlab/USING/unitree_ros2_sim/install/robotic_control/lib/python3.10/site-packages'
[1.057s] Level 1:colcon.colcon_core.environment:checking '/home/giszterlab/USING/unitree_ros2_sim/install/robotic_control/bin'
[1.058s] INFO:colcon.colcon_core.shell:Creating package script '/home/giszterlab/USING/unitree_ros2_sim/install/robotic_control/share/robotic_control/package.ps1'
[1.060s] INFO:colcon.colcon_core.shell:Creating package descriptor '/home/giszterlab/USING/unitree_ros2_sim/install/robotic_control/share/robotic_control/package.dsv'
[1.062s] INFO:colcon.colcon_core.shell:Creating package script '/home/giszterlab/USING/unitree_ros2_sim/install/robotic_control/share/robotic_control/package.sh'
[1.063s] INFO:colcon.colcon_core.shell:Creating package script '/home/giszterlab/USING/unitree_ros2_sim/install/robotic_control/share/robotic_control/package.bash'
[1.064s] INFO:colcon.colcon_core.shell:Creating package script '/home/giszterlab/USING/unitree_ros2_sim/install/robotic_control/share/robotic_control/package.zsh'
[1.065s] Level 1:colcon.colcon_core.environment:create_file_with_runtime_dependencies(/home/giszterlab/USING/unitree_ros2_sim/install/robotic_control/share/colcon-core/packages/robotic_control)
[1.068s] Level 1:colcon.colcon_core.environment:create_environment_scripts_only(robotic_control)
[1.069s] Level 1:colcon.colcon_core.environment:checking '/home/giszterlab/USING/unitree_ros2_sim/install/robotic_control' for CMake module files
[1.075s] Level 1:colcon.colcon_core.environment:checking '/home/giszterlab/USING/unitree_ros2_sim/install/robotic_control' for CMake config files
[1.077s] Level 1:colcon.colcon_core.shell:create_environment_hook('robotic_control', 'cmake_prefix_path')
[1.077s] INFO:colcon.colcon_core.shell:Creating environment hook '/home/giszterlab/USING/unitree_ros2_sim/install/robotic_control/share/robotic_control/hook/cmake_prefix_path.ps1'
[1.078s] INFO:colcon.colcon_core.shell:Creating environment descriptor '/home/giszterlab/USING/unitree_ros2_sim/install/robotic_control/share/robotic_control/hook/cmake_prefix_path.dsv'
[1.080s] INFO:colcon.colcon_core.shell:Creating environment hook '/home/giszterlab/USING/unitree_ros2_sim/install/robotic_control/share/robotic_control/hook/cmake_prefix_path.sh'
[1.081s] Level 1:colcon.colcon_core.environment:checking '/home/giszterlab/USING/unitree_ros2_sim/install/robotic_control/lib'
[1.082s] Level 1:colcon.colcon_core.environment:checking '/home/giszterlab/USING/unitree_ros2_sim/install/robotic_control/bin'
[1.082s] Level 1:colcon.colcon_core.environment:checking '/home/giszterlab/USING/unitree_ros2_sim/install/robotic_control/lib/pkgconfig/robotic_control.pc'
[1.082s] Level 1:colcon.colcon_core.environment:checking '/home/giszterlab/USING/unitree_ros2_sim/install/robotic_control/lib/python3.10/site-packages'
[1.083s] Level 1:colcon.colcon_core.environment:checking '/home/giszterlab/USING/unitree_ros2_sim/install/robotic_control/bin'
[1.083s] INFO:colcon.colcon_core.shell:Creating package script '/home/giszterlab/USING/unitree_ros2_sim/install/robotic_control/share/robotic_control/package.ps1'
[1.085s] INFO:colcon.colcon_core.shell:Creating package descriptor '/home/giszterlab/USING/unitree_ros2_sim/install/robotic_control/share/robotic_control/package.dsv'
[1.086s] INFO:colcon.colcon_core.shell:Creating package script '/home/giszterlab/USING/unitree_ros2_sim/install/robotic_control/share/robotic_control/package.sh'
[1.088s] INFO:colcon.colcon_core.shell:Creating package script '/home/giszterlab/USING/unitree_ros2_sim/install/robotic_control/share/robotic_control/package.bash'
[1.089s] INFO:colcon.colcon_core.shell:Creating package script '/home/giszterlab/USING/unitree_ros2_sim/install/robotic_control/share/robotic_control/package.zsh'
[1.090s] Level 1:colcon.colcon_core.environment:create_file_with_runtime_dependencies(/home/giszterlab/USING/unitree_ros2_sim/install/robotic_control/share/colcon-core/packages/robotic_control)
[1.123s] Level 1:colcon.colcon_core.environment:create_environment_scripts_only(ros2_unitree_legged_msgs)
[1.123s] Level 1:colcon.colcon_core.environment:checking '/home/giszterlab/USING/unitree_ros2_sim/install/ros2_unitree_legged_msgs' for CMake module files
[1.124s] DEBUG:colcon.colcon_core.event_handler.log_command:Invoked command in '/home/giszterlab/USING/unitree_ros2_sim/build/ros2_unitree_legged_msgs' returned '0': CMAKE_PREFIX_PATH=${CMAKE_PREFIX_PATH}:/home/giszterlab/USING/unitree_ros2_sim/install/go1_navigation:/opt/ros/humble /usr/bin/cmake --install /home/giszterlab/USING/unitree_ros2_sim/build/ros2_unitree_legged_msgs
[1.125s] Level 1:colcon.colcon_core.environment:checking '/home/giszterlab/USING/unitree_ros2_sim/install/ros2_unitree_legged_msgs' for CMake config files
[1.125s] Level 1:colcon.colcon_core.shell:create_environment_hook('ros2_unitree_legged_msgs', 'cmake_prefix_path')
[1.126s] INFO:colcon.colcon_core.shell:Creating environment hook '/home/giszterlab/USING/unitree_ros2_sim/install/ros2_unitree_legged_msgs/share/ros2_unitree_legged_msgs/hook/cmake_prefix_path.ps1'
[1.127s] INFO:colcon.colcon_core.shell:Creating environment descriptor '/home/giszterlab/USING/unitree_ros2_sim/install/ros2_unitree_legged_msgs/share/ros2_unitree_legged_msgs/hook/cmake_prefix_path.dsv'
[1.127s] INFO:colcon.colcon_core.shell:Creating environment hook '/home/giszterlab/USING/unitree_ros2_sim/install/ros2_unitree_legged_msgs/share/ros2_unitree_legged_msgs/hook/cmake_prefix_path.sh'
[1.128s] Level 1:colcon.colcon_core.environment:checking '/home/giszterlab/USING/unitree_ros2_sim/install/ros2_unitree_legged_msgs/lib'
[1.128s] Level 1:colcon.colcon_core.shell:create_environment_hook('ros2_unitree_legged_msgs', 'ld_library_path_lib')
[1.129s] INFO:colcon.colcon_core.shell:Creating environment hook '/home/giszterlab/USING/unitree_ros2_sim/install/ros2_unitree_legged_msgs/share/ros2_unitree_legged_msgs/hook/ld_library_path_lib.ps1'
[1.129s] INFO:colcon.colcon_core.shell:Creating environment descriptor '/home/giszterlab/USING/unitree_ros2_sim/install/ros2_unitree_legged_msgs/share/ros2_unitree_legged_msgs/hook/ld_library_path_lib.dsv'
[1.130s] INFO:colcon.colcon_core.shell:Creating environment hook '/home/giszterlab/USING/unitree_ros2_sim/install/ros2_unitree_legged_msgs/share/ros2_unitree_legged_msgs/hook/ld_library_path_lib.sh'
[1.130s] Level 1:colcon.colcon_core.environment:checking '/home/giszterlab/USING/unitree_ros2_sim/install/ros2_unitree_legged_msgs/bin'
[1.130s] Level 1:colcon.colcon_core.environment:checking '/home/giszterlab/USING/unitree_ros2_sim/install/ros2_unitree_legged_msgs/lib/pkgconfig/ros2_unitree_legged_msgs.pc'
[1.131s] Level 1:colcon.colcon_core.environment:checking '/home/giszterlab/USING/unitree_ros2_sim/install/ros2_unitree_legged_msgs/lib/python3.10/site-packages'
[1.131s] Level 1:colcon.colcon_core.environment:checking '/home/giszterlab/USING/unitree_ros2_sim/install/ros2_unitree_legged_msgs/bin'
[1.132s] INFO:colcon.colcon_core.shell:Creating package script '/home/giszterlab/USING/unitree_ros2_sim/install/ros2_unitree_legged_msgs/share/ros2_unitree_legged_msgs/package.ps1'
[1.133s] INFO:colcon.colcon_core.shell:Creating package descriptor '/home/giszterlab/USING/unitree_ros2_sim/install/ros2_unitree_legged_msgs/share/ros2_unitree_legged_msgs/package.dsv'
[1.133s] INFO:colcon.colcon_core.shell:Creating package script '/home/giszterlab/USING/unitree_ros2_sim/install/ros2_unitree_legged_msgs/share/ros2_unitree_legged_msgs/package.sh'
[1.134s] INFO:colcon.colcon_core.shell:Creating package script '/home/giszterlab/USING/unitree_ros2_sim/install/ros2_unitree_legged_msgs/share/ros2_unitree_legged_msgs/package.bash'
[1.135s] INFO:colcon.colcon_core.shell:Creating package script '/home/giszterlab/USING/unitree_ros2_sim/install/ros2_unitree_legged_msgs/share/ros2_unitree_legged_msgs/package.zsh'
[1.135s] Level 1:colcon.colcon_core.environment:create_file_with_runtime_dependencies(/home/giszterlab/USING/unitree_ros2_sim/install/ros2_unitree_legged_msgs/share/colcon-core/packages/ros2_unitree_legged_msgs)
[1.136s] Level 1:colcon.colcon_core.environment:create_environment_scripts_only(ros2_unitree_legged_msgs)
[1.137s] Level 1:colcon.colcon_core.environment:checking '/home/giszterlab/USING/unitree_ros2_sim/install/ros2_unitree_legged_msgs' for CMake module files
[1.138s] Level 1:colcon.colcon_core.environment:checking '/home/giszterlab/USING/unitree_ros2_sim/install/ros2_unitree_legged_msgs' for CMake config files
[1.138s] Level 1:colcon.colcon_core.shell:create_environment_hook('ros2_unitree_legged_msgs', 'cmake_prefix_path')
[1.139s] INFO:colcon.colcon_core.shell:Creating environment hook '/home/giszterlab/USING/unitree_ros2_sim/install/ros2_unitree_legged_msgs/share/ros2_unitree_legged_msgs/hook/cmake_prefix_path.ps1'
[1.139s] INFO:colcon.colcon_core.shell:Creating environment descriptor '/home/giszterlab/USING/unitree_ros2_sim/install/ros2_unitree_legged_msgs/share/ros2_unitree_legged_msgs/hook/cmake_prefix_path.dsv'
[1.140s] INFO:colcon.colcon_core.shell:Creating environment hook '/home/giszterlab/USING/unitree_ros2_sim/install/ros2_unitree_legged_msgs/share/ros2_unitree_legged_msgs/hook/cmake_prefix_path.sh'
[1.141s] Level 1:colcon.colcon_core.environment:checking '/home/giszterlab/USING/unitree_ros2_sim/install/ros2_unitree_legged_msgs/lib'
[1.141s] Level 1:colcon.colcon_core.shell:create_environment_hook('ros2_unitree_legged_msgs', 'ld_library_path_lib')
[1.141s] INFO:colcon.colcon_core.shell:Creating environment hook '/home/giszterlab/USING/unitree_ros2_sim/install/ros2_unitree_legged_msgs/share/ros2_unitree_legged_msgs/hook/ld_library_path_lib.ps1'
[1.142s] INFO:colcon.colcon_core.shell:Creating environment descriptor '/home/giszterlab/USING/unitree_ros2_sim/install/ros2_unitree_legged_msgs/share/ros2_unitree_legged_msgs/hook/ld_library_path_lib.dsv'
[1.143s] INFO:colcon.colcon_core.shell:Creating environment hook '/home/giszterlab/USING/unitree_ros2_sim/install/ros2_unitree_legged_msgs/share/ros2_unitree_legged_msgs/hook/ld_library_path_lib.sh'
[1.143s] Level 1:colcon.colcon_core.environment:checking '/home/giszterlab/USING/unitree_ros2_sim/install/ros2_unitree_legged_msgs/bin'
[1.143s] Level 1:colcon.colcon_core.environment:checking '/home/giszterlab/USING/unitree_ros2_sim/install/ros2_unitree_legged_msgs/lib/pkgconfig/ros2_unitree_legged_msgs.pc'
[1.144s] Level 1:colcon.colcon_core.environment:checking '/home/giszterlab/USING/unitree_ros2_sim/install/ros2_unitree_legged_msgs/lib/python3.10/site-packages'
[1.144s] Level 1:colcon.colcon_core.environment:checking '/home/giszterlab/USING/unitree_ros2_sim/install/ros2_unitree_legged_msgs/bin'
[1.145s] INFO:colcon.colcon_core.shell:Creating package script '/home/giszterlab/USING/unitree_ros2_sim/install/ros2_unitree_legged_msgs/share/ros2_unitree_legged_msgs/package.ps1'
[1.146s] INFO:colcon.colcon_core.shell:Creating package descriptor '/home/giszterlab/USING/unitree_ros2_sim/install/ros2_unitree_legged_msgs/share/ros2_unitree_legged_msgs/package.dsv'
[1.147s] INFO:colcon.colcon_core.shell:Creating package script '/home/giszterlab/USING/unitree_ros2_sim/install/ros2_unitree_legged_msgs/share/ros2_unitree_legged_msgs/package.sh'
[1.147s] INFO:colcon.colcon_core.shell:Creating package script '/home/giszterlab/USING/unitree_ros2_sim/install/ros2_unitree_legged_msgs/share/ros2_unitree_legged_msgs/package.bash'
[1.148s] INFO:colcon.colcon_core.shell:Creating package script '/home/giszterlab/USING/unitree_ros2_sim/install/ros2_unitree_legged_msgs/share/ros2_unitree_legged_msgs/package.zsh'
[1.149s] Level 1:colcon.colcon_core.environment:create_file_with_runtime_dependencies(/home/giszterlab/USING/unitree_ros2_sim/install/ros2_unitree_legged_msgs/share/colcon-core/packages/ros2_unitree_legged_msgs)
[1.149s] INFO:colcon.colcon_ros.task.ament_cmake.build:Building ROS package in '/home/giszterlab/USING/unitree_ros2_sim/ros2_unitree_legged_controller' with build type 'ament_cmake'
[1.150s] INFO:colcon.colcon_cmake.task.cmake.build:Building CMake package in '/home/giszterlab/USING/unitree_ros2_sim/ros2_unitree_legged_controller'
[1.150s] INFO:colcon.colcon_core.shell:Skip shell extension 'powershell' for command environment: Not usable outside of PowerShell
[1.150s] DEBUG:colcon.colcon_core.shell:Skip shell extension 'dsv' for command environment
[1.156s] INFO:colcon.colcon_ros.task.ament_cmake.build:Building ROS package in '/home/giszterlab/USING/unitree_ros2_sim/unitree_guide2' with build type 'ament_cmake'
[1.156s] INFO:colcon.colcon_cmake.task.cmake.build:Building CMake package in '/home/giszterlab/USING/unitree_ros2_sim/unitree_guide2'
[1.157s] INFO:colcon.colcon_core.shell:Skip shell extension 'powershell' for command environment: Not usable outside of PowerShell
[1.157s] DEBUG:colcon.colcon_core.shell:Skip shell extension 'dsv' for command environment
[1.167s] DEBUG:colcon.colcon_core.event_handler.log_command:Invoking command in '/home/giszterlab/USING/unitree_ros2_sim/build/ros2_unitree_legged_control': CMAKE_PREFIX_PATH=/home/giszterlab/USING/unitree_ros2_sim/install/ros2_unitree_legged_msgs:/home/giszterlab/USING/unitree_ros2_sim/install/unitree_guide2:/home/giszterlab/USING/unitree_ros2_sim/install/ros2_unitree_legged_control:/home/giszterlab/USING/unitree_ros2_sim/install/robotic_control:/home/giszterlab/USING/unitree_ros2_sim/install/go1_gazebo:/home/giszterlab/USING/unitree_ros2_sim/install/go1_description:/usr/local:/home/giszterlab/USING/unitree_ros2_sim/install/go1_navigation:/opt/ros/humble LD_LIBRARY_PATH=/home/giszterlab/USING/unitree_ros2_sim/install/ros2_unitree_legged_msgs/lib:/home/giszterlab/USING/unitree_ros2_sim/install/ros2_unitree_legged_control/lib:/usr/lib/x86_64-linux-gnu/gazebo-11/plugins:/opt/ros/humble/opt/rviz_ogre_vendor/lib:/opt/ros/humble/lib/x86_64-linux-gnu:/opt/ros/humble/lib /usr/bin/cmake --build /home/giszterlab/USING/unitree_ros2_sim/build/ros2_unitree_legged_control -- -j8 -l8
[1.172s] DEBUG:colcon.colcon_core.event_handler.log_command:Invoking command in '/home/giszterlab/USING/unitree_ros2_sim/build/unitree_guide2': CMAKE_PREFIX_PATH=/home/giszterlab/USING/unitree_ros2_sim/install/ros2_unitree_legged_msgs:/home/giszterlab/USING/unitree_ros2_sim/install/unitree_guide2:/home/giszterlab/USING/unitree_ros2_sim/install/ros2_unitree_legged_control:/home/giszterlab/USING/unitree_ros2_sim/install/robotic_control:/home/giszterlab/USING/unitree_ros2_sim/install/go1_gazebo:/home/giszterlab/USING/unitree_ros2_sim/install/go1_description:/usr/local:/home/giszterlab/USING/unitree_ros2_sim/install/go1_navigation:/opt/ros/humble LD_LIBRARY_PATH=/home/giszterlab/USING/unitree_ros2_sim/install/ros2_unitree_legged_msgs/lib:/home/giszterlab/USING/unitree_ros2_sim/install/ros2_unitree_legged_control/lib:/usr/lib/x86_64-linux-gnu/gazebo-11/plugins:/opt/ros/humble/opt/rviz_ogre_vendor/lib:/opt/ros/humble/lib/x86_64-linux-gnu:/opt/ros/humble/lib /usr/bin/cmake --build /home/giszterlab/USING/unitree_ros2_sim/build/unitree_guide2 -- -j8 -l8
[1.272s] DEBUG:colcon.colcon_core.event_handler.log_command:Invoked command in '/home/giszterlab/USING/unitree_ros2_sim/build/ros2_unitree_legged_control' returned '0': CMAKE_PREFIX_PATH=/home/giszterlab/USING/unitree_ros2_sim/install/ros2_unitree_legged_msgs:/home/giszterlab/USING/unitree_ros2_sim/install/unitree_guide2:/home/giszterlab/USING/unitree_ros2_sim/install/ros2_unitree_legged_control:/home/giszterlab/USING/unitree_ros2_sim/install/robotic_control:/home/giszterlab/USING/unitree_ros2_sim/install/go1_gazebo:/home/giszterlab/USING/unitree_ros2_sim/install/go1_description:/usr/local:/home/giszterlab/USING/unitree_ros2_sim/install/go1_navigation:/opt/ros/humble LD_LIBRARY_PATH=/home/giszterlab/USING/unitree_ros2_sim/install/ros2_unitree_legged_msgs/lib:/home/giszterlab/USING/unitree_ros2_sim/install/ros2_unitree_legged_control/lib:/usr/lib/x86_64-linux-gnu/gazebo-11/plugins:/opt/ros/humble/opt/rviz_ogre_vendor/lib:/opt/ros/humble/lib/x86_64-linux-gnu:/opt/ros/humble/lib /usr/bin/cmake --build /home/giszterlab/USING/unitree_ros2_sim/build/ros2_unitree_legged_control -- -j8 -l8
[1.274s] DEBUG:colcon.colcon_core.event_handler.log_command:Invoking command in '/home/giszterlab/USING/unitree_ros2_sim/build/ros2_unitree_legged_control': CMAKE_PREFIX_PATH=/home/giszterlab/USING/unitree_ros2_sim/install/ros2_unitree_legged_msgs:/home/giszterlab/USING/unitree_ros2_sim/install/unitree_guide2:/home/giszterlab/USING/unitree_ros2_sim/install/ros2_unitree_legged_control:/home/giszterlab/USING/unitree_ros2_sim/install/robotic_control:/home/giszterlab/USING/unitree_ros2_sim/install/go1_gazebo:/home/giszterlab/USING/unitree_ros2_sim/install/go1_description:/usr/local:/home/giszterlab/USING/unitree_ros2_sim/install/go1_navigation:/opt/ros/humble LD_LIBRARY_PATH=/home/giszterlab/USING/unitree_ros2_sim/install/ros2_unitree_legged_msgs/lib:/home/giszterlab/USING/unitree_ros2_sim/install/ros2_unitree_legged_control/lib:/usr/lib/x86_64-linux-gnu/gazebo-11/plugins:/opt/ros/humble/opt/rviz_ogre_vendor/lib:/opt/ros/humble/lib/x86_64-linux-gnu:/opt/ros/humble/lib /usr/bin/cmake --install /home/giszterlab/USING/unitree_ros2_sim/build/ros2_unitree_legged_control
[1.289s] Level 1:colcon.colcon_core.environment:create_environment_scripts_only(ros2_unitree_legged_control)
[1.290s] Level 1:colcon.colcon_core.environment:checking '/home/giszterlab/USING/unitree_ros2_sim/install/ros2_unitree_legged_control' for CMake module files
[1.290s] DEBUG:colcon.colcon_core.event_handler.log_command:Invoked command in '/home/giszterlab/USING/unitree_ros2_sim/build/ros2_unitree_legged_control' returned '0': CMAKE_PREFIX_PATH=/home/giszterlab/USING/unitree_ros2_sim/install/ros2_unitree_legged_msgs:/home/giszterlab/USING/unitree_ros2_sim/install/unitree_guide2:/home/giszterlab/USING/unitree_ros2_sim/install/ros2_unitree_legged_control:/home/giszterlab/USING/unitree_ros2_sim/install/robotic_control:/home/giszterlab/USING/unitree_ros2_sim/install/go1_gazebo:/home/giszterlab/USING/unitree_ros2_sim/install/go1_description:/usr/local:/home/giszterlab/USING/unitree_ros2_sim/install/go1_navigation:/opt/ros/humble LD_LIBRARY_PATH=/home/giszterlab/USING/unitree_ros2_sim/install/ros2_unitree_legged_msgs/lib:/home/giszterlab/USING/unitree_ros2_sim/install/ros2_unitree_legged_control/lib:/usr/lib/x86_64-linux-gnu/gazebo-11/plugins:/opt/ros/humble/opt/rviz_ogre_vendor/lib:/opt/ros/humble/lib/x86_64-linux-gnu:/opt/ros/humble/lib /usr/bin/cmake --install /home/giszterlab/USING/unitree_ros2_sim/build/ros2_unitree_legged_control
[1.291s] Level 1:colcon.colcon_core.environment:checking '/home/giszterlab/USING/unitree_ros2_sim/install/ros2_unitree_legged_control' for CMake config files
[1.292s] Level 1:colcon.colcon_core.shell:create_environment_hook('ros2_unitree_legged_control', 'cmake_prefix_path')
[1.292s] INFO:colcon.colcon_core.shell:Creating environment hook '/home/giszterlab/USING/unitree_ros2_sim/install/ros2_unitree_legged_control/share/ros2_unitree_legged_control/hook/cmake_prefix_path.ps1'
[1.293s] INFO:colcon.colcon_core.shell:Creating environment descriptor '/home/giszterlab/USING/unitree_ros2_sim/install/ros2_unitree_legged_control/share/ros2_unitree_legged_control/hook/cmake_prefix_path.dsv'
[1.293s] INFO:colcon.colcon_core.shell:Creating environment hook '/home/giszterlab/USING/unitree_ros2_sim/install/ros2_unitree_legged_control/share/ros2_unitree_legged_control/hook/cmake_prefix_path.sh'
[1.294s] Level 1:colcon.colcon_core.environment:checking '/home/giszterlab/USING/unitree_ros2_sim/install/ros2_unitree_legged_control/lib'
[1.294s] Level 1:colcon.colcon_core.environment:checking '/home/giszterlab/USING/unitree_ros2_sim/install/ros2_unitree_legged_control/bin'
[1.294s] Level 1:colcon.colcon_core.environment:checking '/home/giszterlab/USING/unitree_ros2_sim/install/ros2_unitree_legged_control/lib/pkgconfig/ros2_unitree_legged_control.pc'
[1.295s] Level 1:colcon.colcon_core.environment:checking '/home/giszterlab/USING/unitree_ros2_sim/install/ros2_unitree_legged_control/lib/python3.10/site-packages'
[1.295s] Level 1:colcon.colcon_core.environment:checking '/home/giszterlab/USING/unitree_ros2_sim/install/ros2_unitree_legged_control/bin'
[1.296s] INFO:colcon.colcon_core.shell:Creating package script '/home/giszterlab/USING/unitree_ros2_sim/install/ros2_unitree_legged_control/share/ros2_unitree_legged_control/package.ps1'
[1.296s] INFO:colcon.colcon_core.shell:Creating package descriptor '/home/giszterlab/USING/unitree_ros2_sim/install/ros2_unitree_legged_control/share/ros2_unitree_legged_control/package.dsv'
[1.297s] INFO:colcon.colcon_core.shell:Creating package script '/home/giszterlab/USING/unitree_ros2_sim/install/ros2_unitree_legged_control/share/ros2_unitree_legged_control/package.sh'
[1.298s] INFO:colcon.colcon_core.shell:Creating package script '/home/giszterlab/USING/unitree_ros2_sim/install/ros2_unitree_legged_control/share/ros2_unitree_legged_control/package.bash'
[1.298s] INFO:colcon.colcon_core.shell:Creating package script '/home/giszterlab/USING/unitree_ros2_sim/install/ros2_unitree_legged_control/share/ros2_unitree_legged_control/package.zsh'
[1.299s] Level 1:colcon.colcon_core.environment:create_file_with_runtime_dependencies(/home/giszterlab/USING/unitree_ros2_sim/install/ros2_unitree_legged_control/share/colcon-core/packages/ros2_unitree_legged_control)
[1.300s] Level 1:colcon.colcon_core.environment:create_environment_scripts_only(ros2_unitree_legged_control)
[1.300s] Level 1:colcon.colcon_core.environment:checking '/home/giszterlab/USING/unitree_ros2_sim/install/ros2_unitree_legged_control' for CMake module files
[1.301s] Level 1:colcon.colcon_core.environment:checking '/home/giszterlab/USING/unitree_ros2_sim/install/ros2_unitree_legged_control' for CMake config files
[1.301s] Level 1:colcon.colcon_core.shell:create_environment_hook('ros2_unitree_legged_control', 'cmake_prefix_path')
[1.302s] INFO:colcon.colcon_core.shell:Creating environment hook '/home/giszterlab/USING/unitree_ros2_sim/install/ros2_unitree_legged_control/share/ros2_unitree_legged_control/hook/cmake_prefix_path.ps1'
[1.302s] INFO:colcon.colcon_core.shell:Creating environment descriptor '/home/giszterlab/USING/unitree_ros2_sim/install/ros2_unitree_legged_control/share/ros2_unitree_legged_control/hook/cmake_prefix_path.dsv'
[1.303s] INFO:colcon.colcon_core.shell:Creating environment hook '/home/giszterlab/USING/unitree_ros2_sim/install/ros2_unitree_legged_control/share/ros2_unitree_legged_control/hook/cmake_prefix_path.sh'
[1.303s] Level 1:colcon.colcon_core.environment:checking '/home/giszterlab/USING/unitree_ros2_sim/install/ros2_unitree_legged_control/lib'
[1.304s] Level 1:colcon.colcon_core.environment:checking '/home/giszterlab/USING/unitree_ros2_sim/install/ros2_unitree_legged_control/bin'
[1.304s] Level 1:colcon.colcon_core.environment:checking '/home/giszterlab/USING/unitree_ros2_sim/install/ros2_unitree_legged_control/lib/pkgconfig/ros2_unitree_legged_control.pc'
[1.304s] Level 1:colcon.colcon_core.environment:checking '/home/giszterlab/USING/unitree_ros2_sim/install/ros2_unitree_legged_control/lib/python3.10/site-packages'
[1.305s] Level 1:colcon.colcon_core.environment:checking '/home/giszterlab/USING/unitree_ros2_sim/install/ros2_unitree_legged_control/bin'
[1.305s] INFO:colcon.colcon_core.shell:Creating package script '/home/giszterlab/USING/unitree_ros2_sim/install/ros2_unitree_legged_control/share/ros2_unitree_legged_control/package.ps1'
[1.306s] INFO:colcon.colcon_core.shell:Creating package descriptor '/home/giszterlab/USING/unitree_ros2_sim/install/ros2_unitree_legged_control/share/ros2_unitree_legged_control/package.dsv'
[1.307s] INFO:colcon.colcon_core.shell:Creating package script '/home/giszterlab/USING/unitree_ros2_sim/install/ros2_unitree_legged_control/share/ros2_unitree_legged_control/package.sh'
[1.307s] INFO:colcon.colcon_core.shell:Creating package script '/home/giszterlab/USING/unitree_ros2_sim/install/ros2_unitree_legged_control/share/ros2_unitree_legged_control/package.bash'
[1.308s] INFO:colcon.colcon_core.shell:Creating package script '/home/giszterlab/USING/unitree_ros2_sim/install/ros2_unitree_legged_control/share/ros2_unitree_legged_control/package.zsh'
[1.309s] Level 1:colcon.colcon_core.environment:create_file_with_runtime_dependencies(/home/giszterlab/USING/unitree_ros2_sim/install/ros2_unitree_legged_control/share/colcon-core/packages/ros2_unitree_legged_control)
[1.433s] DEBUG:colcon.colcon_core.event_handler.log_command:Invoking command in '/home/giszterlab/USING/unitree_ros2_sim/go1_sim/go1_navigation': PYTHONPATH=/home/giszterlab/USING/unitree_ros2_sim/build/go1_navigation/prefix_override:/usr/lib/python3/dist-packages/colcon_core/task/python/colcon_distutils_commands:/home/giszterlab/USING/unitree_ros2_sim/install/go1_navigation/lib/python3.10/site-packages:${PYTHONPATH} /usr/bin/python3 -W ignore:setup.py install is deprecated -W ignore:easy_install command is deprecated setup.py egg_info --egg-base ../../build/go1_navigation build --build-base /home/giszterlab/USING/unitree_ros2_sim/build/go1_navigation/build install --record /home/giszterlab/USING/unitree_ros2_sim/build/go1_navigation/install.log --single-version-externally-managed install_data
[1.752s] Level 1:colcon.colcon_core.environment:checking '/home/giszterlab/USING/unitree_ros2_sim/install/go1_navigation' for CMake module files
[1.753s] DEBUG:colcon.colcon_core.event_handler.log_command:Invoked command in '/home/giszterlab/USING/unitree_ros2_sim/go1_sim/go1_navigation' returned '0': PYTHONPATH=/home/giszterlab/USING/unitree_ros2_sim/build/go1_navigation/prefix_override:/usr/lib/python3/dist-packages/colcon_core/task/python/colcon_distutils_commands:/home/giszterlab/USING/unitree_ros2_sim/install/go1_navigation/lib/python3.10/site-packages:${PYTHONPATH} /usr/bin/python3 -W ignore:setup.py install is deprecated -W ignore:easy_install command is deprecated setup.py egg_info --egg-base ../../build/go1_navigation build --build-base /home/giszterlab/USING/unitree_ros2_sim/build/go1_navigation/build install --record /home/giszterlab/USING/unitree_ros2_sim/build/go1_navigation/install.log --single-version-externally-managed install_data
[1.754s] Level 1:colcon.colcon_core.environment:checking '/home/giszterlab/USING/unitree_ros2_sim/install/go1_navigation' for CMake config files
[1.756s] Level 1:colcon.colcon_core.environment:checking '/home/giszterlab/USING/unitree_ros2_sim/install/go1_navigation/lib'
[1.756s] Level 1:colcon.colcon_core.environment:checking '/home/giszterlab/USING/unitree_ros2_sim/install/go1_navigation/bin'
[1.756s] Level 1:colcon.colcon_core.environment:checking '/home/giszterlab/USING/unitree_ros2_sim/install/go1_navigation/lib/pkgconfig/go1_navigation.pc'
[1.757s] Level 1:colcon.colcon_core.environment:checking '/home/giszterlab/USING/unitree_ros2_sim/install/go1_navigation/lib/python3.10/site-packages'
[1.757s] Level 1:colcon.colcon_core.shell:create_environment_hook('go1_navigation', 'pythonpath')
[1.757s] INFO:colcon.colcon_core.shell:Creating environment hook '/home/giszterlab/USING/unitree_ros2_sim/install/go1_navigation/share/go1_navigation/hook/pythonpath.ps1'
[1.758s] INFO:colcon.colcon_core.shell:Creating environment descriptor '/home/giszterlab/USING/unitree_ros2_sim/install/go1_navigation/share/go1_navigation/hook/pythonpath.dsv'
[1.759s] INFO:colcon.colcon_core.shell:Creating environment hook '/home/giszterlab/USING/unitree_ros2_sim/install/go1_navigation/share/go1_navigation/hook/pythonpath.sh'
[1.761s] Level 1:colcon.colcon_core.environment:checking '/home/giszterlab/USING/unitree_ros2_sim/install/go1_navigation/bin'
[1.761s] Level 1:colcon.colcon_core.environment:create_environment_scripts_only(go1_navigation)
[1.762s] INFO:colcon.colcon_core.shell:Creating package script '/home/giszterlab/USING/unitree_ros2_sim/install/go1_navigation/share/go1_navigation/package.ps1'
[1.763s] INFO:colcon.colcon_core.shell:Creating package descriptor '/home/giszterlab/USING/unitree_ros2_sim/install/go1_navigation/share/go1_navigation/package.dsv'
[1.764s] INFO:colcon.colcon_core.shell:Creating package script '/home/giszterlab/USING/unitree_ros2_sim/install/go1_navigation/share/go1_navigation/package.sh'
[1.765s] INFO:colcon.colcon_core.shell:Creating package script '/home/giszterlab/USING/unitree_ros2_sim/install/go1_navigation/share/go1_navigation/package.bash'
[1.766s] INFO:colcon.colcon_core.shell:Creating package script '/home/giszterlab/USING/unitree_ros2_sim/install/go1_navigation/share/go1_navigation/package.zsh'
[1.767s] Level 1:colcon.colcon_core.environment:create_file_with_runtime_dependencies(/home/giszterlab/USING/unitree_ros2_sim/install/go1_navigation/share/colcon-core/packages/go1_navigation)
[7.328s] DEBUG:colcon.colcon_core.event_handler.log_command:Invoked command in '/home/giszterlab/USING/unitree_ros2_sim/build/unitree_guide2' returned '0': CMAKE_PREFIX_PATH=/home/giszterlab/USING/unitree_ros2_sim/install/ros2_unitree_legged_msgs:/home/giszterlab/USING/unitree_ros2_sim/install/unitree_guide2:/home/giszterlab/USING/unitree_ros2_sim/install/ros2_unitree_legged_control:/home/giszterlab/USING/unitree_ros2_sim/install/robotic_control:/home/giszterlab/USING/unitree_ros2_sim/install/go1_gazebo:/home/giszterlab/USING/unitree_ros2_sim/install/go1_description:/usr/local:/home/giszterlab/USING/unitree_ros2_sim/install/go1_navigation:/opt/ros/humble LD_LIBRARY_PATH=/home/giszterlab/USING/unitree_ros2_sim/install/ros2_unitree_legged_msgs/lib:/home/giszterlab/USING/unitree_ros2_sim/install/ros2_unitree_legged_control/lib:/usr/lib/x86_64-linux-gnu/gazebo-11/plugins:/opt/ros/humble/opt/rviz_ogre_vendor/lib:/opt/ros/humble/lib/x86_64-linux-gnu:/opt/ros/humble/lib /usr/bin/cmake --build /home/giszterlab/USING/unitree_ros2_sim/build/unitree_guide2 -- -j8 -l8
[7.330s] DEBUG:colcon.colcon_core.event_handler.log_command:Invoking command in '/home/giszterlab/USING/unitree_ros2_sim/build/unitree_guide2': CMAKE_PREFIX_PATH=/home/giszterlab/USING/unitree_ros2_sim/install/ros2_unitree_legged_msgs:/home/giszterlab/USING/unitree_ros2_sim/install/unitree_guide2:/home/giszterlab/USING/unitree_ros2_sim/install/ros2_unitree_legged_control:/home/giszterlab/USING/unitree_ros2_sim/install/robotic_control:/home/giszterlab/USING/unitree_ros2_sim/install/go1_gazebo:/home/giszterlab/USING/unitree_ros2_sim/install/go1_description:/usr/local:/home/giszterlab/USING/unitree_ros2_sim/install/go1_navigation:/opt/ros/humble LD_LIBRARY_PATH=/home/giszterlab/USING/unitree_ros2_sim/install/ros2_unitree_legged_msgs/lib:/home/giszterlab/USING/unitree_ros2_sim/install/ros2_unitree_legged_control/lib:/usr/lib/x86_64-linux-gnu/gazebo-11/plugins:/opt/ros/humble/opt/rviz_ogre_vendor/lib:/opt/ros/humble/lib/x86_64-linux-gnu:/opt/ros/humble/lib /usr/bin/cmake --install /home/giszterlab/USING/unitree_ros2_sim/build/unitree_guide2
[7.346s] Level 1:colcon.colcon_core.environment:create_environment_scripts_only(unitree_guide2)
[7.346s] Level 1:colcon.colcon_core.environment:checking '/home/giszterlab/USING/unitree_ros2_sim/install/unitree_guide2' for CMake module files
[7.348s] Level 1:colcon.colcon_core.environment:checking '/home/giszterlab/USING/unitree_ros2_sim/install/unitree_guide2' for CMake config files
[7.349s] DEBUG:colcon.colcon_core.event_handler.log_command:Invoked command in '/home/giszterlab/USING/unitree_ros2_sim/build/unitree_guide2' returned '0': CMAKE_PREFIX_PATH=/home/giszterlab/USING/unitree_ros2_sim/install/ros2_unitree_legged_msgs:/home/giszterlab/USING/unitree_ros2_sim/install/unitree_guide2:/home/giszterlab/USING/unitree_ros2_sim/install/ros2_unitree_legged_control:/home/giszterlab/USING/unitree_ros2_sim/install/robotic_control:/home/giszterlab/USING/unitree_ros2_sim/install/go1_gazebo:/home/giszterlab/USING/unitree_ros2_sim/install/go1_description:/usr/local:/home/giszterlab/USING/unitree_ros2_sim/install/go1_navigation:/opt/ros/humble LD_LIBRARY_PATH=/home/giszterlab/USING/unitree_ros2_sim/install/ros2_unitree_legged_msgs/lib:/home/giszterlab/USING/unitree_ros2_sim/install/ros2_unitree_legged_control/lib:/usr/lib/x86_64-linux-gnu/gazebo-11/plugins:/opt/ros/humble/opt/rviz_ogre_vendor/lib:/opt/ros/humble/lib/x86_64-linux-gnu:/opt/ros/humble/lib /usr/bin/cmake --install /home/giszterlab/USING/unitree_ros2_sim/build/unitree_guide2
[7.350s] Level 1:colcon.colcon_core.shell:create_environment_hook('unitree_guide2', 'cmake_prefix_path')
[7.350s] INFO:colcon.colcon_core.shell:Creating environment hook '/home/giszterlab/USING/unitree_ros2_sim/install/unitree_guide2/share/unitree_guide2/hook/cmake_prefix_path.ps1'
[7.350s] INFO:colcon.colcon_core.shell:Creating environment descriptor '/home/giszterlab/USING/unitree_ros2_sim/install/unitree_guide2/share/unitree_guide2/hook/cmake_prefix_path.dsv'
[7.351s] INFO:colcon.colcon_core.shell:Creating environment hook '/home/giszterlab/USING/unitree_ros2_sim/install/unitree_guide2/share/unitree_guide2/hook/cmake_prefix_path.sh'
[7.352s] Level 1:colcon.colcon_core.environment:checking '/home/giszterlab/USING/unitree_ros2_sim/install/unitree_guide2/lib'
[7.352s] Level 1:colcon.colcon_core.environment:checking '/home/giszterlab/USING/unitree_ros2_sim/install/unitree_guide2/bin'
[7.352s] Level 1:colcon.colcon_core.environment:checking '/home/giszterlab/USING/unitree_ros2_sim/install/unitree_guide2/lib/pkgconfig/unitree_guide2.pc'
[7.352s] Level 1:colcon.colcon_core.environment:checking '/home/giszterlab/USING/unitree_ros2_sim/install/unitree_guide2/lib/python3.10/site-packages'
[7.352s] Level 1:colcon.colcon_core.environment:checking '/home/giszterlab/USING/unitree_ros2_sim/install/unitree_guide2/bin'
[7.353s] INFO:colcon.colcon_core.shell:Creating package script '/home/giszterlab/USING/unitree_ros2_sim/install/unitree_guide2/share/unitree_guide2/package.ps1'
[7.353s] INFO:colcon.colcon_core.shell:Creating package descriptor '/home/giszterlab/USING/unitree_ros2_sim/install/unitree_guide2/share/unitree_guide2/package.dsv'
[7.354s] INFO:colcon.colcon_core.shell:Creating package script '/home/giszterlab/USING/unitree_ros2_sim/install/unitree_guide2/share/unitree_guide2/package.sh'
[7.354s] INFO:colcon.colcon_core.shell:Creating package script '/home/giszterlab/USING/unitree_ros2_sim/install/unitree_guide2/share/unitree_guide2/package.bash'
[7.355s] INFO:colcon.colcon_core.shell:Creating package script '/home/giszterlab/USING/unitree_ros2_sim/install/unitree_guide2/share/unitree_guide2/package.zsh'
[7.355s] Level 1:colcon.colcon_core.environment:create_file_with_runtime_dependencies(/home/giszterlab/USING/unitree_ros2_sim/install/unitree_guide2/share/colcon-core/packages/unitree_guide2)
[7.356s] Level 1:colcon.colcon_core.environment:create_environment_scripts_only(unitree_guide2)
[7.356s] Level 1:colcon.colcon_core.environment:checking '/home/giszterlab/USING/unitree_ros2_sim/install/unitree_guide2' for CMake module files
[7.357s] Level 1:colcon.colcon_core.environment:checking '/home/giszterlab/USING/unitree_ros2_sim/install/unitree_guide2' for CMake config files
[7.357s] Level 1:colcon.colcon_core.shell:create_environment_hook('unitree_guide2', 'cmake_prefix_path')
[7.357s] INFO:colcon.colcon_core.shell:Creating environment hook '/home/giszterlab/USING/unitree_ros2_sim/install/unitree_guide2/share/unitree_guide2/hook/cmake_prefix_path.ps1'
[7.358s] INFO:colcon.colcon_core.shell:Creating environment descriptor '/home/giszterlab/USING/unitree_ros2_sim/install/unitree_guide2/share/unitree_guide2/hook/cmake_prefix_path.dsv'
[7.358s] INFO:colcon.colcon_core.shell:Creating environment hook '/home/giszterlab/USING/unitree_ros2_sim/install/unitree_guide2/share/unitree_guide2/hook/cmake_prefix_path.sh'
[7.359s] Level 1:colcon.colcon_core.environment:checking '/home/giszterlab/USING/unitree_ros2_sim/install/unitree_guide2/lib'
[7.359s] Level 1:colcon.colcon_core.environment:checking '/home/giszterlab/USING/unitree_ros2_sim/install/unitree_guide2/bin'
[7.359s] Level 1:colcon.colcon_core.environment:checking '/home/giszterlab/USING/unitree_ros2_sim/install/unitree_guide2/lib/pkgconfig/unitree_guide2.pc'
[7.359s] Level 1:colcon.colcon_core.environment:checking '/home/giszterlab/USING/unitree_ros2_sim/install/unitree_guide2/lib/python3.10/site-packages'
[7.360s] Level 1:colcon.colcon_core.environment:checking '/home/giszterlab/USING/unitree_ros2_sim/install/unitree_guide2/bin'
[7.360s] INFO:colcon.colcon_core.shell:Creating package script '/home/giszterlab/USING/unitree_ros2_sim/install/unitree_guide2/share/unitree_guide2/package.ps1'
[7.361s] INFO:colcon.colcon_core.shell:Creating package descriptor '/home/giszterlab/USING/unitree_ros2_sim/install/unitree_guide2/share/unitree_guide2/package.dsv'
[7.361s] INFO:colcon.colcon_core.shell:Creating package script '/home/giszterlab/USING/unitree_ros2_sim/install/unitree_guide2/share/unitree_guide2/package.sh'
[7.362s] INFO:colcon.colcon_core.shell:Creating package script '/home/giszterlab/USING/unitree_ros2_sim/install/unitree_guide2/share/unitree_guide2/package.bash'
[7.362s] INFO:colcon.colcon_core.shell:Creating package script '/home/giszterlab/USING/unitree_ros2_sim/install/unitree_guide2/share/unitree_guide2/package.zsh'
[7.363s] Level 1:colcon.colcon_core.environment:create_file_with_runtime_dependencies(/home/giszterlab/USING/unitree_ros2_sim/install/unitree_guide2/share/colcon-core/packages/unitree_guide2)
[7.363s] DEBUG:colcon.colcon_parallel_executor.executor.parallel:closing loop
[7.364s] DEBUG:colcon.colcon_parallel_executor.executor.parallel:loop closed
[7.364s] DEBUG:colcon.colcon_parallel_executor.executor.parallel:run_until_complete finished with '0'
[7.364s] DEBUG:colcon.colcon_core.event_reactor:joining thread
[7.378s] INFO:colcon.colcon_core.plugin_system:Skipping extension 'colcon_notification.desktop_notification.terminal_notifier': Not used on non-Darwin systems
[7.378s] INFO:colcon.colcon_core.plugin_system:Skipping extension 'colcon_notification.desktop_notification.win32': Not used on non-Windows systems
[7.378s] INFO:colcon.colcon_notification.desktop_notification:Sending desktop notification using 'notify2'
[7.403s] DEBUG:colcon.colcon_core.event_reactor:joined thread
[7.404s] INFO:colcon.colcon_core.shell:Creating prefix script '/home/giszterlab/USING/unitree_ros2_sim/install/local_setup.ps1'
[7.406s] INFO:colcon.colcon_core.shell:Creating prefix util module '/home/giszterlab/USING/unitree_ros2_sim/install/_local_setup_util_ps1.py'
[7.412s] INFO:colcon.colcon_core.shell:Creating prefix chain script '/home/giszterlab/USING/unitree_ros2_sim/install/setup.ps1'
[7.416s] INFO:colcon.colcon_core.shell:Creating prefix script '/home/giszterlab/USING/unitree_ros2_sim/install/local_setup.sh'
[7.418s] INFO:colcon.colcon_core.shell:Creating prefix util module '/home/giszterlab/USING/unitree_ros2_sim/install/_local_setup_util_sh.py'
[7.419s] INFO:colcon.colcon_core.shell:Creating prefix chain script '/home/giszterlab/USING/unitree_ros2_sim/install/setup.sh'
[7.423s] INFO:colcon.colcon_core.shell:Creating prefix script '/home/giszterlab/USING/unitree_ros2_sim/install/local_setup.bash'
[7.424s] INFO:colcon.colcon_core.shell:Creating prefix chain script '/home/giszterlab/USING/unitree_ros2_sim/install/setup.bash'
[7.428s] INFO:colcon.colcon_core.shell:Creating prefix script '/home/giszterlab/USING/unitree_ros2_sim/install/local_setup.zsh'
[7.430s] INFO:colcon.colcon_core.shell:Creating prefix chain script '/home/giszterlab/USING/unitree_ros2_sim/install/setup.zsh'
