[0.117s] DEBUG:colcon:Command line arguments: ['/usr/bin/colcon', 'build']
[0.117s] DEBUG:colcon:Parsed command line arguments: Namespace(log_base=None, log_level=None, verb_name='build', build_base='build', install_base='install', merge_install=False, symlink_install=False, test_result_base=None, continue_on_error=False, executor='parallel', parallel_workers=8, event_handlers=None, ignore_user_meta=False, metas=['./colcon.meta'], base_paths=['.'], packages_ignore=None, packages_ignore_regex=None, paths=None, packages_up_to=None, packages_up_to_regex=None, packages_above=None, packages_above_and_dependencies=None, packages_above_depth=None, packages_select_by_dep=None, packages_skip_by_dep=None, packages_skip_up_to=None, packages_select_build_failed=False, packages_skip_build_finished=False, packages_select_test_failures=False, packages_skip_test_passed=False, packages_select=None, packages_skip=None, packages_select_regex=None, packages_skip_regex=None, packages_start=None, packages_end=None, allow_overriding=[], cmake_args=None, cmake_target=None, cmake_target_skip_unavailable=False, cmake_clean_cache=False, cmake_clean_first=False, cmake_force_configure=False, ament_cmake_args=None, catkin_cmake_args=None, catkin_skip_building_tests=False, verb_parser=<colcon_defaults.argument_parser.defaults.DefaultArgumentsDecorator object at 0x73a31db436d0>, verb_extension=<colcon_core.verb.build.BuildVerb object at 0x73a31dc8ca60>, main=<bound method BuildVerb.main of <colcon_core.verb.build.BuildVerb object at 0x73a31dc8ca60>>)
[0.305s] Level 1:colcon.colcon_core.package_discovery:discover_packages(colcon_meta) check parameters
[0.305s] Level 1:colcon.colcon_core.package_discovery:discover_packages(recursive) check parameters
[0.306s] Level 1:colcon.colcon_core.package_discovery:discover_packages(ignore) check parameters
[0.306s] Level 1:colcon.colcon_core.package_discovery:discover_packages(path) check parameters
[0.306s] Level 1:colcon.colcon_core.package_discovery:discover_packages(colcon_meta) discover
[0.306s] Level 1:colcon.colcon_core.package_discovery:discover_packages(recursive) discover
[0.306s] INFO:colcon.colcon_core.package_discovery:Crawling recursively for packages in '/home/giszterlab/USING/Framework/go1_ws'
[0.306s] Level 1:colcon.colcon_core.package_identification:_identify(.) by extensions ['ignore', 'ignore_ament_install']
[0.306s] Level 1:colcon.colcon_core.package_identification:_identify(.) by extension 'ignore'
[0.306s] Level 1:colcon.colcon_core.package_identification:_identify(.) by extension 'ignore_ament_install'
[0.306s] Level 1:colcon.colcon_core.package_identification:_identify(.) by extensions ['colcon_pkg']
[0.306s] Level 1:colcon.colcon_core.package_identification:_identify(.) by extension 'colcon_pkg'
[0.306s] Level 1:colcon.colcon_core.package_identification:_identify(.) by extensions ['colcon_meta']
[0.306s] Level 1:colcon.colcon_core.package_identification:_identify(.) by extension 'colcon_meta'
[0.306s] Level 1:colcon.colcon_core.package_identification:_identify(.) by extensions ['ros']
[0.306s] Level 1:colcon.colcon_core.package_identification:_identify(.) by extension 'ros'
[0.318s] Level 1:colcon.colcon_core.package_identification:_identify(.) by extensions ['cmake', 'python']
[0.318s] Level 1:colcon.colcon_core.package_identification:_identify(.) by extension 'cmake'
[0.318s] Level 1:colcon.colcon_core.package_identification:_identify(.) by extension 'python'
[0.318s] Level 1:colcon.colcon_core.package_identification:_identify(.) by extensions ['python_setup_py']
[0.318s] Level 1:colcon.colcon_core.package_identification:_identify(.) by extension 'python_setup_py'
[0.318s] Level 1:colcon.colcon_core.package_identification:_identify(build) by extensions ['ignore', 'ignore_ament_install']
[0.319s] Level 1:colcon.colcon_core.package_identification:_identify(build) by extension 'ignore'
[0.319s] Level 1:colcon.colcon_core.package_identification:_identify(build) ignored
[0.319s] Level 1:colcon.colcon_core.package_identification:_identify(install) by extensions ['ignore', 'ignore_ament_install']
[0.319s] Level 1:colcon.colcon_core.package_identification:_identify(install) by extension 'ignore'
[0.319s] Level 1:colcon.colcon_core.package_identification:_identify(install) ignored
[0.319s] Level 1:colcon.colcon_core.package_identification:_identify(log) by extensions ['ignore', 'ignore_ament_install']
[0.319s] Level 1:colcon.colcon_core.package_identification:_identify(log) by extension 'ignore'
[0.319s] Level 1:colcon.colcon_core.package_identification:_identify(log) ignored
[0.319s] Level 1:colcon.colcon_core.package_identification:_identify(src) by extensions ['ignore', 'ignore_ament_install']
[0.319s] Level 1:colcon.colcon_core.package_identification:_identify(src) by extension 'ignore'
[0.319s] Level 1:colcon.colcon_core.package_identification:_identify(src) by extension 'ignore_ament_install'
[0.320s] Level 1:colcon.colcon_core.package_identification:_identify(src) by extensions ['colcon_pkg']
[0.320s] Level 1:colcon.colcon_core.package_identification:_identify(src) by extension 'colcon_pkg'
[0.320s] Level 1:colcon.colcon_core.package_identification:_identify(src) by extensions ['colcon_meta']
[0.320s] Level 1:colcon.colcon_core.package_identification:_identify(src) by extension 'colcon_meta'
[0.320s] Level 1:colcon.colcon_core.package_identification:_identify(src) by extensions ['ros']
[0.320s] Level 1:colcon.colcon_core.package_identification:_identify(src) by extension 'ros'
[0.320s] Level 1:colcon.colcon_core.package_identification:_identify(src) by extensions ['cmake', 'python']
[0.320s] Level 1:colcon.colcon_core.package_identification:_identify(src) by extension 'cmake'
[0.320s] Level 1:colcon.colcon_core.package_identification:_identify(src) by extension 'python'
[0.320s] Level 1:colcon.colcon_core.package_identification:_identify(src) by extensions ['python_setup_py']
[0.320s] Level 1:colcon.colcon_core.package_identification:_identify(src) by extension 'python_setup_py'
[0.320s] Level 1:colcon.colcon_core.package_identification:_identify(src/torque_interface) by extensions ['ignore', 'ignore_ament_install']
[0.320s] Level 1:colcon.colcon_core.package_identification:_identify(src/torque_interface) by extension 'ignore'
[0.320s] Level 1:colcon.colcon_core.package_identification:_identify(src/torque_interface) by extension 'ignore_ament_install'
[0.320s] Level 1:colcon.colcon_core.package_identification:_identify(src/torque_interface) by extensions ['colcon_pkg']
[0.320s] Level 1:colcon.colcon_core.package_identification:_identify(src/torque_interface) by extension 'colcon_pkg'
[0.320s] Level 1:colcon.colcon_core.package_identification:_identify(src/torque_interface) by extensions ['colcon_meta']
[0.320s] Level 1:colcon.colcon_core.package_identification:_identify(src/torque_interface) by extension 'colcon_meta'
[0.321s] Level 1:colcon.colcon_core.package_identification:_identify(src/torque_interface) by extensions ['ros']
[0.321s] Level 1:colcon.colcon_core.package_identification:_identify(src/torque_interface) by extension 'ros'
[0.323s] DEBUG:colcon.colcon_core.package_identification:Package 'src/torque_interface' with type 'ros.ament_cmake' and name 'joint_state_buffer_node'
[0.323s] Level 1:colcon.colcon_core.package_discovery:discover_packages(recursive) using defaults
[0.323s] Level 1:colcon.colcon_core.package_discovery:discover_packages(ignore) discover
[0.323s] Level 1:colcon.colcon_core.package_discovery:discover_packages(ignore) using defaults
[0.323s] Level 1:colcon.colcon_core.package_discovery:discover_packages(path) discover
[0.323s] Level 1:colcon.colcon_core.package_discovery:discover_packages(path) using defaults
[0.344s] Level 1:colcon.colcon_core.package_discovery:discover_packages(prefix_path) check parameters
[0.344s] Level 1:colcon.colcon_core.package_discovery:discover_packages(prefix_path) discover
[0.347s] DEBUG:colcon.colcon_installed_package_information.package_discovery:Found 323 installed packages in /opt/ros/humble
[0.359s] Level 1:colcon.colcon_core.package_discovery:discover_packages(prefix_path) using defaults
[0.406s] Level 5:colcon.colcon_core.verb:set package 'joint_state_buffer_node' build argument 'cmake_args' from command line to 'None'
[0.406s] Level 5:colcon.colcon_core.verb:set package 'joint_state_buffer_node' build argument 'cmake_target' from command line to 'None'
[0.406s] Level 5:colcon.colcon_core.verb:set package 'joint_state_buffer_node' build argument 'cmake_target_skip_unavailable' from command line to 'False'
[0.406s] Level 5:colcon.colcon_core.verb:set package 'joint_state_buffer_node' build argument 'cmake_clean_cache' from command line to 'False'
[0.406s] Level 5:colcon.colcon_core.verb:set package 'joint_state_buffer_node' build argument 'cmake_clean_first' from command line to 'False'
[0.406s] Level 5:colcon.colcon_core.verb:set package 'joint_state_buffer_node' build argument 'cmake_force_configure' from command line to 'False'
[0.406s] Level 5:colcon.colcon_core.verb:set package 'joint_state_buffer_node' build argument 'ament_cmake_args' from command line to 'None'
[0.407s] Level 5:colcon.colcon_core.verb:set package 'joint_state_buffer_node' build argument 'catkin_cmake_args' from command line to 'None'
[0.407s] Level 5:colcon.colcon_core.verb:set package 'joint_state_buffer_node' build argument 'catkin_skip_building_tests' from command line to 'False'
[0.407s] DEBUG:colcon.colcon_core.verb:Building package 'joint_state_buffer_node' with the following arguments: {'ament_cmake_args': None, 'build_base': '/home/giszterlab/USING/Framework/go1_ws/build/joint_state_buffer_node', 'catkin_cmake_args': None, 'catkin_skip_building_tests': False, 'cmake_args': None, 'cmake_clean_cache': False, 'cmake_clean_first': False, 'cmake_force_configure': False, 'cmake_target': None, 'cmake_target_skip_unavailable': False, 'install_base': '/home/giszterlab/USING/Framework/go1_ws/install/joint_state_buffer_node', 'merge_install': False, 'path': '/home/giszterlab/USING/Framework/go1_ws/src/torque_interface', 'symlink_install': False, 'test_result_base': None}
[0.407s] INFO:colcon.colcon_core.executor:Executing jobs using 'parallel' executor
[0.408s] DEBUG:colcon.colcon_parallel_executor.executor.parallel:run_until_complete
[0.408s] INFO:colcon.colcon_ros.task.ament_cmake.build:Building ROS package in '/home/giszterlab/USING/Framework/go1_ws/src/torque_interface' with build type 'ament_cmake'
[0.408s] INFO:colcon.colcon_cmake.task.cmake.build:Building CMake package in '/home/giszterlab/USING/Framework/go1_ws/src/torque_interface'
[0.410s] INFO:colcon.colcon_core.plugin_system:Skipping extension 'colcon_core.shell.bat': Not used on non-Windows systems
[0.410s] INFO:colcon.colcon_core.shell:Skip shell extension 'powershell' for command environment: Not usable outside of PowerShell
[0.410s] DEBUG:colcon.colcon_core.shell:Skip shell extension 'dsv' for command environment
[0.419s] DEBUG:colcon.colcon_core.event_handler.log_command:Invoking command in '/home/giszterlab/USING/Framework/go1_ws/build/joint_state_buffer_node': CMAKE_PREFIX_PATH=${CMAKE_PREFIX_PATH}:/opt/ros/humble /usr/bin/cmake --build /home/giszterlab/USING/Framework/go1_ws/build/joint_state_buffer_node -- -j8 -l8
[1.021s] DEBUG:colcon.colcon_core.event_handler.log_command:Invoked command in '/home/giszterlab/USING/Framework/go1_ws/build/joint_state_buffer_node' returned '2': CMAKE_PREFIX_PATH=${CMAKE_PREFIX_PATH}:/opt/ros/humble /usr/bin/cmake --build /home/giszterlab/USING/Framework/go1_ws/build/joint_state_buffer_node -- -j8 -l8
[1.022s] Level 1:colcon.colcon_core.environment:create_environment_scripts_only(joint_state_buffer_node)
[1.024s] Level 1:colcon.colcon_core.environment:checking '/home/giszterlab/USING/Framework/go1_ws/install/joint_state_buffer_node' for CMake module files
[1.025s] Level 1:colcon.colcon_core.environment:checking '/home/giszterlab/USING/Framework/go1_ws/install/joint_state_buffer_node' for CMake config files
[1.025s] Level 1:colcon.colcon_core.shell:create_environment_hook('joint_state_buffer_node', 'cmake_prefix_path')
[1.025s] INFO:colcon.colcon_core.shell:Creating environment hook '/home/giszterlab/USING/Framework/go1_ws/install/joint_state_buffer_node/share/joint_state_buffer_node/hook/cmake_prefix_path.ps1'
[1.026s] INFO:colcon.colcon_core.shell:Creating environment descriptor '/home/giszterlab/USING/Framework/go1_ws/install/joint_state_buffer_node/share/joint_state_buffer_node/hook/cmake_prefix_path.dsv'
[1.026s] INFO:colcon.colcon_core.shell:Creating environment hook '/home/giszterlab/USING/Framework/go1_ws/install/joint_state_buffer_node/share/joint_state_buffer_node/hook/cmake_prefix_path.sh'
[1.027s] Level 1:colcon.colcon_core.environment:checking '/home/giszterlab/USING/Framework/go1_ws/install/joint_state_buffer_node/lib'
[1.027s] Level 1:colcon.colcon_core.environment:checking '/home/giszterlab/USING/Framework/go1_ws/install/joint_state_buffer_node/bin'
[1.027s] Level 1:colcon.colcon_core.environment:checking '/home/giszterlab/USING/Framework/go1_ws/install/joint_state_buffer_node/lib/pkgconfig/joint_state_buffer_node.pc'
[1.028s] Level 1:colcon.colcon_core.environment:checking '/home/giszterlab/USING/Framework/go1_ws/install/joint_state_buffer_node/lib/python3.10/site-packages'
[1.028s] Level 1:colcon.colcon_core.environment:checking '/home/giszterlab/USING/Framework/go1_ws/install/joint_state_buffer_node/bin'
[1.028s] INFO:colcon.colcon_core.shell:Creating package script '/home/giszterlab/USING/Framework/go1_ws/install/joint_state_buffer_node/share/joint_state_buffer_node/package.ps1'
[1.029s] INFO:colcon.colcon_core.shell:Creating package descriptor '/home/giszterlab/USING/Framework/go1_ws/install/joint_state_buffer_node/share/joint_state_buffer_node/package.dsv'
[1.030s] INFO:colcon.colcon_core.shell:Creating package script '/home/giszterlab/USING/Framework/go1_ws/install/joint_state_buffer_node/share/joint_state_buffer_node/package.sh'
[1.031s] INFO:colcon.colcon_core.shell:Creating package script '/home/giszterlab/USING/Framework/go1_ws/install/joint_state_buffer_node/share/joint_state_buffer_node/package.bash'
[1.031s] INFO:colcon.colcon_core.shell:Creating package script '/home/giszterlab/USING/Framework/go1_ws/install/joint_state_buffer_node/share/joint_state_buffer_node/package.zsh'
[1.032s] Level 1:colcon.colcon_core.environment:create_file_with_runtime_dependencies(/home/giszterlab/USING/Framework/go1_ws/install/joint_state_buffer_node/share/colcon-core/packages/joint_state_buffer_node)
[1.043s] DEBUG:colcon.colcon_parallel_executor.executor.parallel:closing loop
[1.043s] DEBUG:colcon.colcon_parallel_executor.executor.parallel:loop closed
[1.043s] DEBUG:colcon.colcon_parallel_executor.executor.parallel:run_until_complete finished with '2'
[1.043s] DEBUG:colcon.colcon_core.event_reactor:joining thread
[1.054s] INFO:colcon.colcon_core.plugin_system:Skipping extension 'colcon_notification.desktop_notification.terminal_notifier': Not used on non-Darwin systems
[1.054s] INFO:colcon.colcon_core.plugin_system:Skipping extension 'colcon_notification.desktop_notification.win32': Not used on non-Windows systems
[1.054s] INFO:colcon.colcon_notification.desktop_notification:Sending desktop notification using 'notify2'
[1.070s] DEBUG:colcon.colcon_core.event_reactor:joined thread
[1.071s] INFO:colcon.colcon_core.shell:Creating prefix script '/home/giszterlab/USING/Framework/go1_ws/install/local_setup.ps1'
[1.072s] INFO:colcon.colcon_core.shell:Creating prefix util module '/home/giszterlab/USING/Framework/go1_ws/install/_local_setup_util_ps1.py'
[1.074s] INFO:colcon.colcon_core.shell:Creating prefix chain script '/home/giszterlab/USING/Framework/go1_ws/install/setup.ps1'
[1.076s] INFO:colcon.colcon_core.shell:Creating prefix script '/home/giszterlab/USING/Framework/go1_ws/install/local_setup.sh'
[1.077s] INFO:colcon.colcon_core.shell:Creating prefix util module '/home/giszterlab/USING/Framework/go1_ws/install/_local_setup_util_sh.py'
[1.078s] INFO:colcon.colcon_core.shell:Creating prefix chain script '/home/giszterlab/USING/Framework/go1_ws/install/setup.sh'
[1.080s] INFO:colcon.colcon_core.shell:Creating prefix script '/home/giszterlab/USING/Framework/go1_ws/install/local_setup.bash'
[1.081s] INFO:colcon.colcon_core.shell:Creating prefix chain script '/home/giszterlab/USING/Framework/go1_ws/install/setup.bash'
[1.082s] INFO:colcon.colcon_core.shell:Creating prefix script '/home/giszterlab/USING/Framework/go1_ws/install/local_setup.zsh'
[1.083s] INFO:colcon.colcon_core.shell:Creating prefix chain script '/home/giszterlab/USING/Framework/go1_ws/install/setup.zsh'
