[0.119s] DEBUG:colcon:Command line arguments: ['/usr/bin/colcon', 'build']
[0.119s] DEBUG:colcon:Parsed command line arguments: Namespace(log_base=None, log_level=None, verb_name='build', build_base='build', install_base='install', merge_install=False, symlink_install=False, test_result_base=None, continue_on_error=False, executor='parallel', parallel_workers=8, event_handlers=None, ignore_user_meta=False, metas=['./colcon.meta'], base_paths=['.'], packages_ignore=None, packages_ignore_regex=None, paths=None, packages_up_to=None, packages_up_to_regex=None, packages_above=None, packages_above_and_dependencies=None, packages_above_depth=None, packages_select_by_dep=None, packages_skip_by_dep=None, packages_skip_up_to=None, packages_select_build_failed=False, packages_skip_build_finished=False, packages_select_test_failures=False, packages_skip_test_passed=False, packages_select=None, packages_skip=None, packages_select_regex=None, packages_skip_regex=None, packages_start=None, packages_end=None, allow_overriding=[], cmake_args=None, cmake_target=None, cmake_target_skip_unavailable=False, cmake_clean_cache=False, cmake_clean_first=False, cmake_force_configure=False, ament_cmake_args=None, catkin_cmake_args=None, catkin_skip_building_tests=False, verb_parser=<colcon_defaults.argument_parser.defaults.DefaultArgumentsDecorator object at 0x7c7096f70130>, verb_extension=<colcon_core.verb.build.BuildVerb object at 0x7c7097085480>, main=<bound method BuildVerb.main of <colcon_core.verb.build.BuildVerb object at 0x7c7097085480>>)
[0.315s] Level 1:colcon.colcon_core.package_discovery:discover_packages(colcon_meta) check parameters
[0.315s] Level 1:colcon.colcon_core.package_discovery:discover_packages(recursive) check parameters
[0.315s] Level 1:colcon.colcon_core.package_discovery:discover_packages(ignore) check parameters
[0.315s] Level 1:colcon.colcon_core.package_discovery:discover_packages(path) check parameters
[0.315s] Level 1:colcon.colcon_core.package_discovery:discover_packages(colcon_meta) discover
[0.315s] Level 1:colcon.colcon_core.package_discovery:discover_packages(recursive) discover
[0.315s] INFO:colcon.colcon_core.package_discovery:Crawling recursively for packages in '/home/giszterlab/USING/unitree_ros2_sim'
[0.315s] Level 1:colcon.colcon_core.package_identification:_identify(.) by extensions ['ignore', 'ignore_ament_install']
[0.316s] Level 1:colcon.colcon_core.package_identification:_identify(.) by extension 'ignore'
[0.316s] Level 1:colcon.colcon_core.package_identification:_identify(.) by extension 'ignore_ament_install'
[0.316s] Level 1:colcon.colcon_core.package_identification:_identify(.) by extensions ['colcon_pkg']
[0.316s] Level 1:colcon.colcon_core.package_identification:_identify(.) by extension 'colcon_pkg'
[0.316s] Level 1:colcon.colcon_core.package_identification:_identify(.) by extensions ['colcon_meta']
[0.316s] Level 1:colcon.colcon_core.package_identification:_identify(.) by extension 'colcon_meta'
[0.316s] Level 1:colcon.colcon_core.package_identification:_identify(.) by extensions ['ros']
[0.316s] Level 1:colcon.colcon_core.package_identification:_identify(.) by extension 'ros'
[0.329s] Level 1:colcon.colcon_core.package_identification:_identify(.) by extensions ['cmake', 'python']
[0.329s] Level 1:colcon.colcon_core.package_identification:_identify(.) by extension 'cmake'
[0.329s] Level 1:colcon.colcon_core.package_identification:_identify(.) by extension 'python'
[0.329s] Level 1:colcon.colcon_core.package_identification:_identify(.) by extensions ['python_setup_py']
[0.329s] Level 1:colcon.colcon_core.package_identification:_identify(.) by extension 'python_setup_py'
[0.330s] Level 1:colcon.colcon_core.package_identification:_identify(build) by extensions ['ignore', 'ignore_ament_install']
[0.330s] Level 1:colcon.colcon_core.package_identification:_identify(build) by extension 'ignore'
[0.330s] Level 1:colcon.colcon_core.package_identification:_identify(build) ignored
[0.330s] Level 1:colcon.colcon_core.package_identification:_identify(go1_sim) by extensions ['ignore', 'ignore_ament_install']
[0.330s] Level 1:colcon.colcon_core.package_identification:_identify(go1_sim) by extension 'ignore'
[0.330s] Level 1:colcon.colcon_core.package_identification:_identify(go1_sim) by extension 'ignore_ament_install'
[0.330s] Level 1:colcon.colcon_core.package_identification:_identify(go1_sim) by extensions ['colcon_pkg']
[0.330s] Level 1:colcon.colcon_core.package_identification:_identify(go1_sim) by extension 'colcon_pkg'
[0.330s] Level 1:colcon.colcon_core.package_identification:_identify(go1_sim) by extensions ['colcon_meta']
[0.330s] Level 1:colcon.colcon_core.package_identification:_identify(go1_sim) by extension 'colcon_meta'
[0.330s] Level 1:colcon.colcon_core.package_identification:_identify(go1_sim) by extensions ['ros']
[0.330s] Level 1:colcon.colcon_core.package_identification:_identify(go1_sim) by extension 'ros'
[0.331s] Level 1:colcon.colcon_core.package_identification:_identify(go1_sim) by extensions ['cmake', 'python']
[0.331s] Level 1:colcon.colcon_core.package_identification:_identify(go1_sim) by extension 'cmake'
[0.331s] Level 1:colcon.colcon_core.package_identification:_identify(go1_sim) by extension 'python'
[0.331s] Level 1:colcon.colcon_core.package_identification:_identify(go1_sim) by extensions ['python_setup_py']
[0.331s] Level 1:colcon.colcon_core.package_identification:_identify(go1_sim) by extension 'python_setup_py'
[0.331s] Level 1:colcon.colcon_core.package_identification:_identify(go1_sim/go1_description) by extensions ['ignore', 'ignore_ament_install']
[0.331s] Level 1:colcon.colcon_core.package_identification:_identify(go1_sim/go1_description) by extension 'ignore'
[0.331s] Level 1:colcon.colcon_core.package_identification:_identify(go1_sim/go1_description) by extension 'ignore_ament_install'
[0.331s] Level 1:colcon.colcon_core.package_identification:_identify(go1_sim/go1_description) by extensions ['colcon_pkg']
[0.331s] Level 1:colcon.colcon_core.package_identification:_identify(go1_sim/go1_description) by extension 'colcon_pkg'
[0.331s] Level 1:colcon.colcon_core.package_identification:_identify(go1_sim/go1_description) by extensions ['colcon_meta']
[0.331s] Level 1:colcon.colcon_core.package_identification:_identify(go1_sim/go1_description) by extension 'colcon_meta'
[0.331s] Level 1:colcon.colcon_core.package_identification:_identify(go1_sim/go1_description) by extensions ['ros']
[0.331s] Level 1:colcon.colcon_core.package_identification:_identify(go1_sim/go1_description) by extension 'ros'
[0.334s] DEBUG:colcon.colcon_core.package_identification:Package 'go1_sim/go1_description' with type 'ros.ament_cmake' and name 'go1_description'
[0.334s] Level 1:colcon.colcon_core.package_identification:_identify(go1_sim/go1_gazebo) by extensions ['ignore', 'ignore_ament_install']
[0.334s] Level 1:colcon.colcon_core.package_identification:_identify(go1_sim/go1_gazebo) by extension 'ignore'
[0.334s] Level 1:colcon.colcon_core.package_identification:_identify(go1_sim/go1_gazebo) by extension 'ignore_ament_install'
[0.334s] Level 1:colcon.colcon_core.package_identification:_identify(go1_sim/go1_gazebo) by extensions ['colcon_pkg']
[0.335s] Level 1:colcon.colcon_core.package_identification:_identify(go1_sim/go1_gazebo) by extension 'colcon_pkg'
[0.335s] Level 1:colcon.colcon_core.package_identification:_identify(go1_sim/go1_gazebo) by extensions ['colcon_meta']
[0.335s] Level 1:colcon.colcon_core.package_identification:_identify(go1_sim/go1_gazebo) by extension 'colcon_meta'
[0.335s] Level 1:colcon.colcon_core.package_identification:_identify(go1_sim/go1_gazebo) by extensions ['ros']
[0.335s] Level 1:colcon.colcon_core.package_identification:_identify(go1_sim/go1_gazebo) by extension 'ros'
[0.336s] DEBUG:colcon.colcon_core.package_identification:Package 'go1_sim/go1_gazebo' with type 'ros.ament_cmake' and name 'go1_gazebo'
[0.336s] Level 1:colcon.colcon_core.package_identification:_identify(go1_sim/go1_navigation) by extensions ['ignore', 'ignore_ament_install']
[0.336s] Level 1:colcon.colcon_core.package_identification:_identify(go1_sim/go1_navigation) by extension 'ignore'
[0.336s] Level 1:colcon.colcon_core.package_identification:_identify(go1_sim/go1_navigation) by extension 'ignore_ament_install'
[0.336s] Level 1:colcon.colcon_core.package_identification:_identify(go1_sim/go1_navigation) by extensions ['colcon_pkg']
[0.336s] Level 1:colcon.colcon_core.package_identification:_identify(go1_sim/go1_navigation) by extension 'colcon_pkg'
[0.336s] Level 1:colcon.colcon_core.package_identification:_identify(go1_sim/go1_navigation) by extensions ['colcon_meta']
[0.336s] Level 1:colcon.colcon_core.package_identification:_identify(go1_sim/go1_navigation) by extension 'colcon_meta'
[0.337s] Level 1:colcon.colcon_core.package_identification:_identify(go1_sim/go1_navigation) by extensions ['ros']
[0.337s] Level 1:colcon.colcon_core.package_identification:_identify(go1_sim/go1_navigation) by extension 'ros'
[0.337s] DEBUG:colcon.colcon_core.package_identification:Package 'go1_sim/go1_navigation' with type 'ros.ament_python' and name 'go1_navigation'
[0.337s] Level 1:colcon.colcon_core.package_identification:_identify(install) by extensions ['ignore', 'ignore_ament_install']
[0.337s] Level 1:colcon.colcon_core.package_identification:_identify(install) by extension 'ignore'
[0.337s] Level 1:colcon.colcon_core.package_identification:_identify(install) ignored
[0.338s] Level 1:colcon.colcon_core.package_identification:_identify(log) by extensions ['ignore', 'ignore_ament_install']
[0.338s] Level 1:colcon.colcon_core.package_identification:_identify(log) by extension 'ignore'
[0.338s] Level 1:colcon.colcon_core.package_identification:_identify(log) ignored
[0.338s] Level 1:colcon.colcon_core.package_identification:_identify(robotic_control) by extensions ['ignore', 'ignore_ament_install']
[0.338s] Level 1:colcon.colcon_core.package_identification:_identify(robotic_control) by extension 'ignore'
[0.338s] Level 1:colcon.colcon_core.package_identification:_identify(robotic_control) by extension 'ignore_ament_install'
[0.338s] Level 1:colcon.colcon_core.package_identification:_identify(robotic_control) by extensions ['colcon_pkg']
[0.338s] Level 1:colcon.colcon_core.package_identification:_identify(robotic_control) by extension 'colcon_pkg'
[0.338s] Level 1:colcon.colcon_core.package_identification:_identify(robotic_control) by extensions ['colcon_meta']
[0.338s] Level 1:colcon.colcon_core.package_identification:_identify(robotic_control) by extension 'colcon_meta'
[0.338s] Level 1:colcon.colcon_core.package_identification:_identify(robotic_control) by extensions ['ros']
[0.338s] Level 1:colcon.colcon_core.package_identification:_identify(robotic_control) by extension 'ros'
[0.339s] DEBUG:colcon.colcon_core.package_identification:Package 'robotic_control' with type 'ros.ament_cmake' and name 'robotic_control'
[0.339s] Level 1:colcon.colcon_core.package_identification:_identify(ros2_unitree_legged_controller) by extensions ['ignore', 'ignore_ament_install']
[0.339s] Level 1:colcon.colcon_core.package_identification:_identify(ros2_unitree_legged_controller) by extension 'ignore'
[0.339s] Level 1:colcon.colcon_core.package_identification:_identify(ros2_unitree_legged_controller) by extension 'ignore_ament_install'
[0.339s] Level 1:colcon.colcon_core.package_identification:_identify(ros2_unitree_legged_controller) by extensions ['colcon_pkg']
[0.339s] Level 1:colcon.colcon_core.package_identification:_identify(ros2_unitree_legged_controller) by extension 'colcon_pkg'
[0.340s] Level 1:colcon.colcon_core.package_identification:_identify(ros2_unitree_legged_controller) by extensions ['colcon_meta']
[0.340s] Level 1:colcon.colcon_core.package_identification:_identify(ros2_unitree_legged_controller) by extension 'colcon_meta'
[0.340s] Level 1:colcon.colcon_core.package_identification:_identify(ros2_unitree_legged_controller) by extensions ['ros']
[0.340s] Level 1:colcon.colcon_core.package_identification:_identify(ros2_unitree_legged_controller) by extension 'ros'
[0.341s] DEBUG:colcon.colcon_core.package_identification:Package 'ros2_unitree_legged_controller' with type 'ros.ament_cmake' and name 'ros2_unitree_legged_control'
[0.341s] Level 1:colcon.colcon_core.package_identification:_identify(ros2_unitree_legged_msgs) by extensions ['ignore', 'ignore_ament_install']
[0.341s] Level 1:colcon.colcon_core.package_identification:_identify(ros2_unitree_legged_msgs) by extension 'ignore'
[0.341s] Level 1:colcon.colcon_core.package_identification:_identify(ros2_unitree_legged_msgs) by extension 'ignore_ament_install'
[0.341s] Level 1:colcon.colcon_core.package_identification:_identify(ros2_unitree_legged_msgs) by extensions ['colcon_pkg']
[0.341s] Level 1:colcon.colcon_core.package_identification:_identify(ros2_unitree_legged_msgs) by extension 'colcon_pkg'
[0.341s] Level 1:colcon.colcon_core.package_identification:_identify(ros2_unitree_legged_msgs) by extensions ['colcon_meta']
[0.341s] Level 1:colcon.colcon_core.package_identification:_identify(ros2_unitree_legged_msgs) by extension 'colcon_meta'
[0.341s] Level 1:colcon.colcon_core.package_identification:_identify(ros2_unitree_legged_msgs) by extensions ['ros']
[0.341s] Level 1:colcon.colcon_core.package_identification:_identify(ros2_unitree_legged_msgs) by extension 'ros'
[0.342s] DEBUG:colcon.colcon_core.package_identification:Package 'ros2_unitree_legged_msgs' with type 'ros.ament_cmake' and name 'ros2_unitree_legged_msgs'
[0.342s] Level 1:colcon.colcon_core.package_identification:_identify(unitree_guide2) by extensions ['ignore', 'ignore_ament_install']
[0.342s] Level 1:colcon.colcon_core.package_identification:_identify(unitree_guide2) by extension 'ignore'
[0.342s] Level 1:colcon.colcon_core.package_identification:_identify(unitree_guide2) by extension 'ignore_ament_install'
[0.342s] Level 1:colcon.colcon_core.package_identification:_identify(unitree_guide2) by extensions ['colcon_pkg']
[0.342s] Level 1:colcon.colcon_core.package_identification:_identify(unitree_guide2) by extension 'colcon_pkg'
[0.342s] Level 1:colcon.colcon_core.package_identification:_identify(unitree_guide2) by extensions ['colcon_meta']
[0.342s] Level 1:colcon.colcon_core.package_identification:_identify(unitree_guide2) by extension 'colcon_meta'
[0.343s] Level 1:colcon.colcon_core.package_identification:_identify(unitree_guide2) by extensions ['ros']
[0.343s] Level 1:colcon.colcon_core.package_identification:_identify(unitree_guide2) by extension 'ros'
[0.344s] DEBUG:colcon.colcon_core.package_identification:Package 'unitree_guide2' with type 'ros.ament_cmake' and name 'unitree_guide2'
[0.344s] Level 1:colcon.colcon_core.package_discovery:discover_packages(recursive) using defaults
[0.344s] Level 1:colcon.colcon_core.package_discovery:discover_packages(ignore) discover
[0.344s] Level 1:colcon.colcon_core.package_discovery:discover_packages(ignore) using defaults
[0.344s] Level 1:colcon.colcon_core.package_discovery:discover_packages(path) discover
[0.344s] Level 1:colcon.colcon_core.package_discovery:discover_packages(path) using defaults
[0.383s] Level 1:colcon.colcon_core.package_discovery:discover_packages(prefix_path) check parameters
[0.383s] Level 1:colcon.colcon_core.package_discovery:discover_packages(prefix_path) discover
[0.386s] DEBUG:colcon.colcon_installed_package_information.package_discovery:Found 7 installed packages in /home/giszterlab/USING/unitree_ros2_sim/install
[0.387s] DEBUG:colcon.colcon_installed_package_information.package_discovery:Found 323 installed packages in /opt/ros/humble
[0.389s] Level 1:colcon.colcon_core.package_discovery:discover_packages(prefix_path) using defaults
[0.444s] Level 5:colcon.colcon_core.verb:set package 'go1_description' build argument 'cmake_args' from command line to 'None'
[0.444s] Level 5:colcon.colcon_core.verb:set package 'go1_description' build argument 'cmake_target' from command line to 'None'
[0.444s] Level 5:colcon.colcon_core.verb:set package 'go1_description' build argument 'cmake_target_skip_unavailable' from command line to 'False'
[0.444s] Level 5:colcon.colcon_core.verb:set package 'go1_description' build argument 'cmake_clean_cache' from command line to 'False'
[0.444s] Level 5:colcon.colcon_core.verb:set package 'go1_description' build argument 'cmake_clean_first' from command line to 'False'
[0.444s] Level 5:colcon.colcon_core.verb:set package 'go1_description' build argument 'cmake_force_configure' from command line to 'False'
[0.444s] Level 5:colcon.colcon_core.verb:set package 'go1_description' build argument 'ament_cmake_args' from command line to 'None'
[0.444s] Level 5:colcon.colcon_core.verb:set package 'go1_description' build argument 'catkin_cmake_args' from command line to 'None'
[0.444s] Level 5:colcon.colcon_core.verb:set package 'go1_description' build argument 'catkin_skip_building_tests' from command line to 'False'
[0.444s] DEBUG:colcon.colcon_core.verb:Building package 'go1_description' with the following arguments: {'ament_cmake_args': None, 'build_base': '/home/giszterlab/USING/unitree_ros2_sim/build/go1_description', 'catkin_cmake_args': None, 'catkin_skip_building_tests': False, 'cmake_args': None, 'cmake_clean_cache': False, 'cmake_clean_first': False, 'cmake_force_configure': False, 'cmake_target': None, 'cmake_target_skip_unavailable': False, 'install_base': '/home/giszterlab/USING/unitree_ros2_sim/install/go1_description', 'merge_install': False, 'path': '/home/giszterlab/USING/unitree_ros2_sim/go1_sim/go1_description', 'symlink_install': False, 'test_result_base': None}
[0.445s] Level 5:colcon.colcon_core.verb:set package 'go1_gazebo' build argument 'cmake_args' from command line to 'None'
[0.445s] Level 5:colcon.colcon_core.verb:set package 'go1_gazebo' build argument 'cmake_target' from command line to 'None'
[0.445s] Level 5:colcon.colcon_core.verb:set package 'go1_gazebo' build argument 'cmake_target_skip_unavailable' from command line to 'False'
[0.445s] Level 5:colcon.colcon_core.verb:set package 'go1_gazebo' build argument 'cmake_clean_cache' from command line to 'False'
[0.445s] Level 5:colcon.colcon_core.verb:set package 'go1_gazebo' build argument 'cmake_clean_first' from command line to 'False'
[0.445s] Level 5:colcon.colcon_core.verb:set package 'go1_gazebo' build argument 'cmake_force_configure' from command line to 'False'
[0.445s] Level 5:colcon.colcon_core.verb:set package 'go1_gazebo' build argument 'ament_cmake_args' from command line to 'None'
[0.445s] Level 5:colcon.colcon_core.verb:set package 'go1_gazebo' build argument 'catkin_cmake_args' from command line to 'None'
[0.445s] Level 5:colcon.colcon_core.verb:set package 'go1_gazebo' build argument 'catkin_skip_building_tests' from command line to 'False'
[0.445s] DEBUG:colcon.colcon_core.verb:Building package 'go1_gazebo' with the following arguments: {'ament_cmake_args': None, 'build_base': '/home/giszterlab/USING/unitree_ros2_sim/build/go1_gazebo', 'catkin_cmake_args': None, 'catkin_skip_building_tests': False, 'cmake_args': None, 'cmake_clean_cache': False, 'cmake_clean_first': False, 'cmake_force_configure': False, 'cmake_target': None, 'cmake_target_skip_unavailable': False, 'install_base': '/home/giszterlab/USING/unitree_ros2_sim/install/go1_gazebo', 'merge_install': False, 'path': '/home/giszterlab/USING/unitree_ros2_sim/go1_sim/go1_gazebo', 'symlink_install': False, 'test_result_base': None}
[0.446s] Level 5:colcon.colcon_core.verb:set package 'go1_navigation' build argument 'cmake_args' from command line to 'None'
[0.446s] Level 5:colcon.colcon_core.verb:set package 'go1_navigation' build argument 'cmake_target' from command line to 'None'
[0.446s] Level 5:colcon.colcon_core.verb:set package 'go1_navigation' build argument 'cmake_target_skip_unavailable' from command line to 'False'
[0.446s] Level 5:colcon.colcon_core.verb:set package 'go1_navigation' build argument 'cmake_clean_cache' from command line to 'False'
[0.446s] Level 5:colcon.colcon_core.verb:set package 'go1_navigation' build argument 'cmake_clean_first' from command line to 'False'
[0.446s] Level 5:colcon.colcon_core.verb:set package 'go1_navigation' build argument 'cmake_force_configure' from command line to 'False'
[0.446s] Level 5:colcon.colcon_core.verb:set package 'go1_navigation' build argument 'ament_cmake_args' from command line to 'None'
[0.446s] Level 5:colcon.colcon_core.verb:set package 'go1_navigation' build argument 'catkin_cmake_args' from command line to 'None'
[0.446s] Level 5:colcon.colcon_core.verb:set package 'go1_navigation' build argument 'catkin_skip_building_tests' from command line to 'False'
[0.446s] DEBUG:colcon.colcon_core.verb:Building package 'go1_navigation' with the following arguments: {'ament_cmake_args': None, 'build_base': '/home/giszterlab/USING/unitree_ros2_sim/build/go1_navigation', 'catkin_cmake_args': None, 'catkin_skip_building_tests': False, 'cmake_args': None, 'cmake_clean_cache': False, 'cmake_clean_first': False, 'cmake_force_configure': False, 'cmake_target': None, 'cmake_target_skip_unavailable': False, 'install_base': '/home/giszterlab/USING/unitree_ros2_sim/install/go1_navigation', 'merge_install': False, 'path': '/home/giszterlab/USING/unitree_ros2_sim/go1_sim/go1_navigation', 'symlink_install': False, 'test_result_base': None}
[0.447s] Level 5:colcon.colcon_core.verb:set package 'robotic_control' build argument 'cmake_args' from command line to 'None'
[0.447s] Level 5:colcon.colcon_core.verb:set package 'robotic_control' build argument 'cmake_target' from command line to 'None'
[0.447s] Level 5:colcon.colcon_core.verb:set package 'robotic_control' build argument 'cmake_target_skip_unavailable' from command line to 'False'
[0.447s] Level 5:colcon.colcon_core.verb:set package 'robotic_control' build argument 'cmake_clean_cache' from command line to 'False'
[0.447s] Level 5:colcon.colcon_core.verb:set package 'robotic_control' build argument 'cmake_clean_first' from command line to 'False'
[0.447s] Level 5:colcon.colcon_core.verb:set package 'robotic_control' build argument 'cmake_force_configure' from command line to 'False'
[0.447s] Level 5:colcon.colcon_core.verb:set package 'robotic_control' build argument 'ament_cmake_args' from command line to 'None'
[0.447s] Level 5:colcon.colcon_core.verb:set package 'robotic_control' build argument 'catkin_cmake_args' from command line to 'None'
[0.447s] Level 5:colcon.colcon_core.verb:set package 'robotic_control' build argument 'catkin_skip_building_tests' from command line to 'False'
[0.447s] DEBUG:colcon.colcon_core.verb:Building package 'robotic_control' with the following arguments: {'ament_cmake_args': None, 'build_base': '/home/giszterlab/USING/unitree_ros2_sim/build/robotic_control', 'catkin_cmake_args': None, 'catkin_skip_building_tests': False, 'cmake_args': None, 'cmake_clean_cache': False, 'cmake_clean_first': False, 'cmake_force_configure': False, 'cmake_target': None, 'cmake_target_skip_unavailable': False, 'install_base': '/home/giszterlab/USING/unitree_ros2_sim/install/robotic_control', 'merge_install': False, 'path': '/home/giszterlab/USING/unitree_ros2_sim/robotic_control', 'symlink_install': False, 'test_result_base': None}
[0.447s] Level 5:colcon.colcon_core.verb:set package 'ros2_unitree_legged_msgs' build argument 'cmake_args' from command line to 'None'
[0.448s] Level 5:colcon.colcon_core.verb:set package 'ros2_unitree_legged_msgs' build argument 'cmake_target' from command line to 'None'
[0.448s] Level 5:colcon.colcon_core.verb:set package 'ros2_unitree_legged_msgs' build argument 'cmake_target_skip_unavailable' from command line to 'False'
[0.448s] Level 5:colcon.colcon_core.verb:set package 'ros2_unitree_legged_msgs' build argument 'cmake_clean_cache' from command line to 'False'
[0.448s] Level 5:colcon.colcon_core.verb:set package 'ros2_unitree_legged_msgs' build argument 'cmake_clean_first' from command line to 'False'
[0.448s] Level 5:colcon.colcon_core.verb:set package 'ros2_unitree_legged_msgs' build argument 'cmake_force_configure' from command line to 'False'
[0.448s] Level 5:colcon.colcon_core.verb:set package 'ros2_unitree_legged_msgs' build argument 'ament_cmake_args' from command line to 'None'
[0.448s] Level 5:colcon.colcon_core.verb:set package 'ros2_unitree_legged_msgs' build argument 'catkin_cmake_args' from command line to 'None'
[0.448s] Level 5:colcon.colcon_core.verb:set package 'ros2_unitree_legged_msgs' build argument 'catkin_skip_building_tests' from command line to 'False'
[0.448s] DEBUG:colcon.colcon_core.verb:Building package 'ros2_unitree_legged_msgs' with the following arguments: {'ament_cmake_args': None, 'build_base': '/home/giszterlab/USING/unitree_ros2_sim/build/ros2_unitree_legged_msgs', 'catkin_cmake_args': None, 'catkin_skip_building_tests': False, 'cmake_args': None, 'cmake_clean_cache': False, 'cmake_clean_first': False, 'cmake_force_configure': False, 'cmake_target': None, 'cmake_target_skip_unavailable': False, 'install_base': '/home/giszterlab/USING/unitree_ros2_sim/install/ros2_unitree_legged_msgs', 'merge_install': False, 'path': '/home/giszterlab/USING/unitree_ros2_sim/ros2_unitree_legged_msgs', 'symlink_install': False, 'test_result_base': None}
[0.448s] Level 5:colcon.colcon_core.verb:set package 'ros2_unitree_legged_control' build argument 'cmake_args' from command line to 'None'
[0.448s] Level 5:colcon.colcon_core.verb:set package 'ros2_unitree_legged_control' build argument 'cmake_target' from command line to 'None'
[0.448s] Level 5:colcon.colcon_core.verb:set package 'ros2_unitree_legged_control' build argument 'cmake_target_skip_unavailable' from command line to 'False'
[0.448s] Level 5:colcon.colcon_core.verb:set package 'ros2_unitree_legged_control' build argument 'cmake_clean_cache' from command line to 'False'
[0.448s] Level 5:colcon.colcon_core.verb:set package 'ros2_unitree_legged_control' build argument 'cmake_clean_first' from command line to 'False'
[0.448s] Level 5:colcon.colcon_core.verb:set package 'ros2_unitree_legged_control' build argument 'cmake_force_configure' from command line to 'False'
[0.448s] Level 5:colcon.colcon_core.verb:set package 'ros2_unitree_legged_control' build argument 'ament_cmake_args' from command line to 'None'
[0.449s] Level 5:colcon.colcon_core.verb:set package 'ros2_unitree_legged_control' build argument 'catkin_cmake_args' from command line to 'None'
[0.449s] Level 5:colcon.colcon_core.verb:set package 'ros2_unitree_legged_control' build argument 'catkin_skip_building_tests' from command line to 'False'
[0.449s] DEBUG:colcon.colcon_core.verb:Building package 'ros2_unitree_legged_control' with the following arguments: {'ament_cmake_args': None, 'build_base': '/home/giszterlab/USING/unitree_ros2_sim/build/ros2_unitree_legged_control', 'catkin_cmake_args': None, 'catkin_skip_building_tests': False, 'cmake_args': None, 'cmake_clean_cache': False, 'cmake_clean_first': False, 'cmake_force_configure': False, 'cmake_target': None, 'cmake_target_skip_unavailable': False, 'install_base': '/home/giszterlab/USING/unitree_ros2_sim/install/ros2_unitree_legged_control', 'merge_install': False, 'path': '/home/giszterlab/USING/unitree_ros2_sim/ros2_unitree_legged_controller', 'symlink_install': False, 'test_result_base': None}
[0.449s] Level 5:colcon.colcon_core.verb:set package 'unitree_guide2' build argument 'cmake_args' from command line to 'None'
[0.449s] Level 5:colcon.colcon_core.verb:set package 'unitree_guide2' build argument 'cmake_target' from command line to 'None'
[0.449s] Level 5:colcon.colcon_core.verb:set package 'unitree_guide2' build argument 'cmake_target_skip_unavailable' from command line to 'False'
[0.449s] Level 5:colcon.colcon_core.verb:set package 'unitree_guide2' build argument 'cmake_clean_cache' from command line to 'False'
[0.449s] Level 5:colcon.colcon_core.verb:set package 'unitree_guide2' build argument 'cmake_clean_first' from command line to 'False'
[0.449s] Level 5:colcon.colcon_core.verb:set package 'unitree_guide2' build argument 'cmake_force_configure' from command line to 'False'
[0.449s] Level 5:colcon.colcon_core.verb:set package 'unitree_guide2' build argument 'ament_cmake_args' from command line to 'None'
[0.449s] Level 5:colcon.colcon_core.verb:set package 'unitree_guide2' build argument 'catkin_cmake_args' from command line to 'None'
[0.449s] Level 5:colcon.colcon_core.verb:set package 'unitree_guide2' build argument 'catkin_skip_building_tests' from command line to 'False'
[0.449s] DEBUG:colcon.colcon_core.verb:Building package 'unitree_guide2' with the following arguments: {'ament_cmake_args': None, 'build_base': '/home/giszterlab/USING/unitree_ros2_sim/build/unitree_guide2', 'catkin_cmake_args': None, 'catkin_skip_building_tests': False, 'cmake_args': None, 'cmake_clean_cache': False, 'cmake_clean_first': False, 'cmake_force_configure': False, 'cmake_target': None, 'cmake_target_skip_unavailable': False, 'install_base': '/home/giszterlab/USING/unitree_ros2_sim/install/unitree_guide2', 'merge_install': False, 'path': '/home/giszterlab/USING/unitree_ros2_sim/unitree_guide2', 'symlink_install': False, 'test_result_base': None}
[0.449s] INFO:colcon.colcon_core.executor:Executing jobs using 'parallel' executor
[0.451s] DEBUG:colcon.colcon_parallel_executor.executor.parallel:run_until_complete
[0.451s] INFO:colcon.colcon_ros.task.ament_cmake.build:Building ROS package in '/home/giszterlab/USING/unitree_ros2_sim/ros2_unitree_legged_msgs' with build type 'ament_cmake'
[0.451s] INFO:colcon.colcon_cmake.task.cmake.build:Building CMake package in '/home/giszterlab/USING/unitree_ros2_sim/ros2_unitree_legged_msgs'
[0.454s] INFO:colcon.colcon_core.plugin_system:Skipping extension 'colcon_core.shell.bat': Not used on non-Windows systems
[0.454s] INFO:colcon.colcon_core.shell:Skip shell extension 'powershell' for command environment: Not usable outside of PowerShell
[0.454s] DEBUG:colcon.colcon_core.shell:Skip shell extension 'dsv' for command environment
[0.458s] INFO:colcon.colcon_ros.task.ament_cmake.build:Building ROS package in '/home/giszterlab/USING/unitree_ros2_sim/go1_sim/go1_description' with build type 'ament_cmake'
[0.458s] INFO:colcon.colcon_cmake.task.cmake.build:Building CMake package in '/home/giszterlab/USING/unitree_ros2_sim/go1_sim/go1_description'
[0.458s] INFO:colcon.colcon_core.shell:Skip shell extension 'powershell' for command environment: Not usable outside of PowerShell
[0.459s] DEBUG:colcon.colcon_core.shell:Skip shell extension 'dsv' for command environment
[0.462s] INFO:colcon.colcon_ros.task.ament_cmake.build:Building ROS package in '/home/giszterlab/USING/unitree_ros2_sim/go1_sim/go1_gazebo' with build type 'ament_cmake'
[0.462s] INFO:colcon.colcon_cmake.task.cmake.build:Building CMake package in '/home/giszterlab/USING/unitree_ros2_sim/go1_sim/go1_gazebo'
[0.463s] INFO:colcon.colcon_core.shell:Skip shell extension 'powershell' for command environment: Not usable outside of PowerShell
[0.463s] DEBUG:colcon.colcon_core.shell:Skip shell extension 'dsv' for command environment
[0.467s] INFO:colcon.colcon_ros.task.ament_python.build:Building ROS package in '/home/giszterlab/USING/unitree_ros2_sim/go1_sim/go1_navigation' with build type 'ament_python'
[0.467s] Level 1:colcon.colcon_core.shell:create_environment_hook('go1_navigation', 'ament_prefix_path')
[0.467s] INFO:colcon.colcon_core.shell:Creating environment hook '/home/giszterlab/USING/unitree_ros2_sim/install/go1_navigation/share/go1_navigation/hook/ament_prefix_path.ps1'
[0.468s] INFO:colcon.colcon_core.shell:Creating environment descriptor '/home/giszterlab/USING/unitree_ros2_sim/install/go1_navigation/share/go1_navigation/hook/ament_prefix_path.dsv'
[0.469s] INFO:colcon.colcon_core.shell:Creating environment hook '/home/giszterlab/USING/unitree_ros2_sim/install/go1_navigation/share/go1_navigation/hook/ament_prefix_path.sh'
[0.469s] INFO:colcon.colcon_core.shell:Skip shell extension 'powershell' for command environment: Not usable outside of PowerShell
[0.469s] DEBUG:colcon.colcon_core.shell:Skip shell extension 'dsv' for command environment
[0.474s] INFO:colcon.colcon_ros.task.ament_cmake.build:Building ROS package in '/home/giszterlab/USING/unitree_ros2_sim/robotic_control' with build type 'ament_cmake'
[0.474s] INFO:colcon.colcon_cmake.task.cmake.build:Building CMake package in '/home/giszterlab/USING/unitree_ros2_sim/robotic_control'
[0.474s] INFO:colcon.colcon_core.shell:Skip shell extension 'powershell' for command environment: Not usable outside of PowerShell
[0.474s] DEBUG:colcon.colcon_core.shell:Skip shell extension 'dsv' for command environment
[0.484s] DEBUG:colcon.colcon_core.event_handler.log_command:Invoking command in '/home/giszterlab/USING/unitree_ros2_sim/build/ros2_unitree_legged_msgs': CMAKE_PREFIX_PATH=${CMAKE_PREFIX_PATH}:/home/giszterlab/USING/unitree_ros2_sim/install/go1_navigation:/opt/ros/humble /usr/bin/cmake --build /home/giszterlab/USING/unitree_ros2_sim/build/ros2_unitree_legged_msgs -- -j8 -l8
[0.487s] DEBUG:colcon.colcon_core.event_handler.log_command:Invoking command in '/home/giszterlab/USING/unitree_ros2_sim/build/go1_description': CMAKE_PREFIX_PATH=${CMAKE_PREFIX_PATH}:/home/giszterlab/USING/unitree_ros2_sim/install/go1_navigation:/opt/ros/humble /usr/bin/cmake --build /home/giszterlab/USING/unitree_ros2_sim/build/go1_description -- -j8 -l8
[0.492s] DEBUG:colcon.colcon_core.event_handler.log_command:Invoking command in '/home/giszterlab/USING/unitree_ros2_sim/build/go1_gazebo': CMAKE_PREFIX_PATH=${CMAKE_PREFIX_PATH}:/home/giszterlab/USING/unitree_ros2_sim/install/go1_navigation:/opt/ros/humble /usr/bin/cmake --build /home/giszterlab/USING/unitree_ros2_sim/build/go1_gazebo -- -j8 -l8
[0.912s] INFO:colcon.colcon_core.task.python.build:Building Python package in '/home/giszterlab/USING/unitree_ros2_sim/go1_sim/go1_navigation'
[0.913s] INFO:colcon.colcon_core.shell:Skip shell extension 'powershell' for command environment: Not usable outside of PowerShell
[0.913s] DEBUG:colcon.colcon_core.shell:Skip shell extension 'dsv' for command environment
[0.926s] DEBUG:colcon.colcon_core.event_handler.log_command:Invoking command in '/home/giszterlab/USING/unitree_ros2_sim/build/robotic_control': CMAKE_PREFIX_PATH=${CMAKE_PREFIX_PATH}:/home/giszterlab/USING/unitree_ros2_sim/install/go1_navigation:/opt/ros/humble /usr/bin/cmake --build /home/giszterlab/USING/unitree_ros2_sim/build/robotic_control -- -j8 -l8
[0.927s] DEBUG:colcon.colcon_core.event_handler.log_command:Invoked command in '/home/giszterlab/USING/unitree_ros2_sim/build/go1_description' returned '0': CMAKE_PREFIX_PATH=${CMAKE_PREFIX_PATH}:/home/giszterlab/USING/unitree_ros2_sim/install/go1_navigation:/opt/ros/humble /usr/bin/cmake --build /home/giszterlab/USING/unitree_ros2_sim/build/go1_description -- -j8 -l8
[0.935s] DEBUG:colcon.colcon_core.event_handler.log_command:Invoking command in '/home/giszterlab/USING/unitree_ros2_sim/build/go1_description': CMAKE_PREFIX_PATH=${CMAKE_PREFIX_PATH}:/home/giszterlab/USING/unitree_ros2_sim/install/go1_navigation:/opt/ros/humble /usr/bin/cmake --install /home/giszterlab/USING/unitree_ros2_sim/build/go1_description
[0.938s] DEBUG:colcon.colcon_core.event_handler.log_command:Invoked command in '/home/giszterlab/USING/unitree_ros2_sim/build/go1_gazebo' returned '0': CMAKE_PREFIX_PATH=${CMAKE_PREFIX_PATH}:/home/giszterlab/USING/unitree_ros2_sim/install/go1_navigation:/opt/ros/humble /usr/bin/cmake --build /home/giszterlab/USING/unitree_ros2_sim/build/go1_gazebo -- -j8 -l8
[0.940s] DEBUG:colcon.colcon_core.event_handler.log_command:Invoking command in '/home/giszterlab/USING/unitree_ros2_sim/build/go1_gazebo': CMAKE_PREFIX_PATH=${CMAKE_PREFIX_PATH}:/home/giszterlab/USING/unitree_ros2_sim/install/go1_navigation:/opt/ros/humble /usr/bin/cmake --install /home/giszterlab/USING/unitree_ros2_sim/build/go1_gazebo
[0.952s] Level 1:colcon.colcon_core.environment:create_environment_scripts_only(go1_description)
[0.960s] DEBUG:colcon.colcon_core.event_handler.log_command:Invoked command in '/home/giszterlab/USING/unitree_ros2_sim/build/go1_description' returned '0': CMAKE_PREFIX_PATH=${CMAKE_PREFIX_PATH}:/home/giszterlab/USING/unitree_ros2_sim/install/go1_navigation:/opt/ros/humble /usr/bin/cmake --install /home/giszterlab/USING/unitree_ros2_sim/build/go1_description
[0.960s] Level 1:colcon.colcon_core.environment:checking '/home/giszterlab/USING/unitree_ros2_sim/install/go1_description' for CMake module files
[0.963s] Level 1:colcon.colcon_core.environment:checking '/home/giszterlab/USING/unitree_ros2_sim/install/go1_description' for CMake config files
[0.963s] Level 1:colcon.colcon_core.shell:create_environment_hook('go1_description', 'cmake_prefix_path')
[0.963s] INFO:colcon.colcon_core.shell:Creating environment hook '/home/giszterlab/USING/unitree_ros2_sim/install/go1_description/share/go1_description/hook/cmake_prefix_path.ps1'
[0.964s] INFO:colcon.colcon_core.shell:Creating environment descriptor '/home/giszterlab/USING/unitree_ros2_sim/install/go1_description/share/go1_description/hook/cmake_prefix_path.dsv'
[0.964s] INFO:colcon.colcon_core.shell:Creating environment hook '/home/giszterlab/USING/unitree_ros2_sim/install/go1_description/share/go1_description/hook/cmake_prefix_path.sh'
[0.965s] Level 1:colcon.colcon_core.environment:checking '/home/giszterlab/USING/unitree_ros2_sim/install/go1_description/bin'
[0.965s] Level 1:colcon.colcon_core.environment:checking '/home/giszterlab/USING/unitree_ros2_sim/install/go1_description/lib/pkgconfig/go1_description.pc'
[0.966s] Level 1:colcon.colcon_core.environment:checking '/home/giszterlab/USING/unitree_ros2_sim/install/go1_description/lib/python3.10/site-packages'
[0.966s] Level 1:colcon.colcon_core.environment:checking '/home/giszterlab/USING/unitree_ros2_sim/install/go1_description/bin'
[0.967s] INFO:colcon.colcon_core.shell:Creating package script '/home/giszterlab/USING/unitree_ros2_sim/install/go1_description/share/go1_description/package.ps1'
[0.968s] INFO:colcon.colcon_core.shell:Creating package descriptor '/home/giszterlab/USING/unitree_ros2_sim/install/go1_description/share/go1_description/package.dsv'
[0.968s] INFO:colcon.colcon_core.shell:Creating package script '/home/giszterlab/USING/unitree_ros2_sim/install/go1_description/share/go1_description/package.sh'
[0.969s] INFO:colcon.colcon_core.shell:Creating package script '/home/giszterlab/USING/unitree_ros2_sim/install/go1_description/share/go1_description/package.bash'
[0.971s] INFO:colcon.colcon_core.shell:Creating package script '/home/giszterlab/USING/unitree_ros2_sim/install/go1_description/share/go1_description/package.zsh'
[0.971s] Level 1:colcon.colcon_core.environment:create_file_with_runtime_dependencies(/home/giszterlab/USING/unitree_ros2_sim/install/go1_description/share/colcon-core/packages/go1_description)
[0.972s] Level 1:colcon.colcon_core.environment:create_environment_scripts_only(go1_description)
[0.972s] Level 1:colcon.colcon_core.environment:checking '/home/giszterlab/USING/unitree_ros2_sim/install/go1_description' for CMake module files
[0.973s] Level 1:colcon.colcon_core.environment:checking '/home/giszterlab/USING/unitree_ros2_sim/install/go1_description' for CMake config files
[0.973s] Level 1:colcon.colcon_core.shell:create_environment_hook('go1_description', 'cmake_prefix_path')
[0.973s] INFO:colcon.colcon_core.shell:Creating environment hook '/home/giszterlab/USING/unitree_ros2_sim/install/go1_description/share/go1_description/hook/cmake_prefix_path.ps1'
[0.974s] INFO:colcon.colcon_core.shell:Creating environment descriptor '/home/giszterlab/USING/unitree_ros2_sim/install/go1_description/share/go1_description/hook/cmake_prefix_path.dsv'
[0.974s] INFO:colcon.colcon_core.shell:Creating environment hook '/home/giszterlab/USING/unitree_ros2_sim/install/go1_description/share/go1_description/hook/cmake_prefix_path.sh'
[0.975s] Level 1:colcon.colcon_core.environment:checking '/home/giszterlab/USING/unitree_ros2_sim/install/go1_description/bin'
[0.975s] Level 1:colcon.colcon_core.environment:checking '/home/giszterlab/USING/unitree_ros2_sim/install/go1_description/lib/pkgconfig/go1_description.pc'
[0.975s] Level 1:colcon.colcon_core.environment:checking '/home/giszterlab/USING/unitree_ros2_sim/install/go1_description/lib/python3.10/site-packages'
[0.975s] Level 1:colcon.colcon_core.environment:checking '/home/giszterlab/USING/unitree_ros2_sim/install/go1_description/bin'
[0.975s] INFO:colcon.colcon_core.shell:Creating package script '/home/giszterlab/USING/unitree_ros2_sim/install/go1_description/share/go1_description/package.ps1'
[0.976s] INFO:colcon.colcon_core.shell:Creating package descriptor '/home/giszterlab/USING/unitree_ros2_sim/install/go1_description/share/go1_description/package.dsv'
[0.976s] INFO:colcon.colcon_core.shell:Creating package script '/home/giszterlab/USING/unitree_ros2_sim/install/go1_description/share/go1_description/package.sh'
[0.977s] INFO:colcon.colcon_core.shell:Creating package script '/home/giszterlab/USING/unitree_ros2_sim/install/go1_description/share/go1_description/package.bash'
[0.978s] INFO:colcon.colcon_core.shell:Creating package script '/home/giszterlab/USING/unitree_ros2_sim/install/go1_description/share/go1_description/package.zsh'
[0.978s] Level 1:colcon.colcon_core.environment:create_file_with_runtime_dependencies(/home/giszterlab/USING/unitree_ros2_sim/install/go1_description/share/colcon-core/packages/go1_description)
[0.980s] Level 1:colcon.colcon_core.environment:create_environment_scripts_only(go1_gazebo)
[0.981s] Level 1:colcon.colcon_core.environment:checking '/home/giszterlab/USING/unitree_ros2_sim/install/go1_gazebo' for CMake module files
[0.982s] Level 1:colcon.colcon_core.environment:checking '/home/giszterlab/USING/unitree_ros2_sim/install/go1_gazebo' for CMake config files
[0.982s] DEBUG:colcon.colcon_core.event_handler.log_command:Invoked command in '/home/giszterlab/USING/unitree_ros2_sim/build/go1_gazebo' returned '0': CMAKE_PREFIX_PATH=${CMAKE_PREFIX_PATH}:/home/giszterlab/USING/unitree_ros2_sim/install/go1_navigation:/opt/ros/humble /usr/bin/cmake --install /home/giszterlab/USING/unitree_ros2_sim/build/go1_gazebo
[0.983s] Level 1:colcon.colcon_core.shell:create_environment_hook('go1_gazebo', 'cmake_prefix_path')
[0.983s] INFO:colcon.colcon_core.shell:Creating environment hook '/home/giszterlab/USING/unitree_ros2_sim/install/go1_gazebo/share/go1_gazebo/hook/cmake_prefix_path.ps1'
[0.984s] INFO:colcon.colcon_core.shell:Creating environment descriptor '/home/giszterlab/USING/unitree_ros2_sim/install/go1_gazebo/share/go1_gazebo/hook/cmake_prefix_path.dsv'
[0.984s] INFO:colcon.colcon_core.shell:Creating environment hook '/home/giszterlab/USING/unitree_ros2_sim/install/go1_gazebo/share/go1_gazebo/hook/cmake_prefix_path.sh'
[0.985s] Level 1:colcon.colcon_core.environment:checking '/home/giszterlab/USING/unitree_ros2_sim/install/go1_gazebo/bin'
[0.985s] Level 1:colcon.colcon_core.environment:checking '/home/giszterlab/USING/unitree_ros2_sim/install/go1_gazebo/lib/pkgconfig/go1_gazebo.pc'
[0.986s] Level 1:colcon.colcon_core.environment:checking '/home/giszterlab/USING/unitree_ros2_sim/install/go1_gazebo/lib/python3.10/site-packages'
[0.986s] Level 1:colcon.colcon_core.environment:checking '/home/giszterlab/USING/unitree_ros2_sim/install/go1_gazebo/bin'
[0.987s] INFO:colcon.colcon_core.shell:Creating package script '/home/giszterlab/USING/unitree_ros2_sim/install/go1_gazebo/share/go1_gazebo/package.ps1'
[0.987s] INFO:colcon.colcon_core.shell:Creating package descriptor '/home/giszterlab/USING/unitree_ros2_sim/install/go1_gazebo/share/go1_gazebo/package.dsv'
[0.988s] INFO:colcon.colcon_core.shell:Creating package script '/home/giszterlab/USING/unitree_ros2_sim/install/go1_gazebo/share/go1_gazebo/package.sh'
[0.989s] INFO:colcon.colcon_core.shell:Creating package script '/home/giszterlab/USING/unitree_ros2_sim/install/go1_gazebo/share/go1_gazebo/package.bash'
[0.989s] INFO:colcon.colcon_core.shell:Creating package script '/home/giszterlab/USING/unitree_ros2_sim/install/go1_gazebo/share/go1_gazebo/package.zsh'
[0.990s] Level 1:colcon.colcon_core.environment:create_file_with_runtime_dependencies(/home/giszterlab/USING/unitree_ros2_sim/install/go1_gazebo/share/colcon-core/packages/go1_gazebo)
[0.990s] Level 1:colcon.colcon_core.environment:create_environment_scripts_only(go1_gazebo)
[0.991s] Level 1:colcon.colcon_core.environment:checking '/home/giszterlab/USING/unitree_ros2_sim/install/go1_gazebo' for CMake module files
[0.991s] Level 1:colcon.colcon_core.environment:checking '/home/giszterlab/USING/unitree_ros2_sim/install/go1_gazebo' for CMake config files
[0.992s] Level 1:colcon.colcon_core.shell:create_environment_hook('go1_gazebo', 'cmake_prefix_path')
[0.992s] INFO:colcon.colcon_core.shell:Creating environment hook '/home/giszterlab/USING/unitree_ros2_sim/install/go1_gazebo/share/go1_gazebo/hook/cmake_prefix_path.ps1'
[0.993s] INFO:colcon.colcon_core.shell:Creating environment descriptor '/home/giszterlab/USING/unitree_ros2_sim/install/go1_gazebo/share/go1_gazebo/hook/cmake_prefix_path.dsv'
[0.993s] INFO:colcon.colcon_core.shell:Creating environment hook '/home/giszterlab/USING/unitree_ros2_sim/install/go1_gazebo/share/go1_gazebo/hook/cmake_prefix_path.sh'
[0.994s] Level 1:colcon.colcon_core.environment:checking '/home/giszterlab/USING/unitree_ros2_sim/install/go1_gazebo/bin'
[0.994s] Level 1:colcon.colcon_core.environment:checking '/home/giszterlab/USING/unitree_ros2_sim/install/go1_gazebo/lib/pkgconfig/go1_gazebo.pc'
[0.995s] Level 1:colcon.colcon_core.environment:checking '/home/giszterlab/USING/unitree_ros2_sim/install/go1_gazebo/lib/python3.10/site-packages'
[0.995s] Level 1:colcon.colcon_core.environment:checking '/home/giszterlab/USING/unitree_ros2_sim/install/go1_gazebo/bin'
[0.995s] INFO:colcon.colcon_core.shell:Creating package script '/home/giszterlab/USING/unitree_ros2_sim/install/go1_gazebo/share/go1_gazebo/package.ps1'
[0.996s] INFO:colcon.colcon_core.shell:Creating package descriptor '/home/giszterlab/USING/unitree_ros2_sim/install/go1_gazebo/share/go1_gazebo/package.dsv'
[0.997s] INFO:colcon.colcon_core.shell:Creating package script '/home/giszterlab/USING/unitree_ros2_sim/install/go1_gazebo/share/go1_gazebo/package.sh'
[0.997s] INFO:colcon.colcon_core.shell:Creating package script '/home/giszterlab/USING/unitree_ros2_sim/install/go1_gazebo/share/go1_gazebo/package.bash'
[0.998s] INFO:colcon.colcon_core.shell:Creating package script '/home/giszterlab/USING/unitree_ros2_sim/install/go1_gazebo/share/go1_gazebo/package.zsh'
[0.998s] Level 1:colcon.colcon_core.environment:create_file_with_runtime_dependencies(/home/giszterlab/USING/unitree_ros2_sim/install/go1_gazebo/share/colcon-core/packages/go1_gazebo)
[1.000s] DEBUG:colcon.colcon_core.event_handler.log_command:Invoked command in '/home/giszterlab/USING/unitree_ros2_sim/build/ros2_unitree_legged_msgs' returned '0': CMAKE_PREFIX_PATH=${CMAKE_PREFIX_PATH}:/home/giszterlab/USING/unitree_ros2_sim/install/go1_navigation:/opt/ros/humble /usr/bin/cmake --build /home/giszterlab/USING/unitree_ros2_sim/build/ros2_unitree_legged_msgs -- -j8 -l8
[1.002s] DEBUG:colcon.colcon_core.event_handler.log_command:Invoking command in '/home/giszterlab/USING/unitree_ros2_sim/build/ros2_unitree_legged_msgs': CMAKE_PREFIX_PATH=${CMAKE_PREFIX_PATH}:/home/giszterlab/USING/unitree_ros2_sim/install/go1_navigation:/opt/ros/humble /usr/bin/cmake --install /home/giszterlab/USING/unitree_ros2_sim/build/ros2_unitree_legged_msgs
[1.030s] DEBUG:colcon.colcon_core.event_handler.log_command:Invoked command in '/home/giszterlab/USING/unitree_ros2_sim/build/robotic_control' returned '0': CMAKE_PREFIX_PATH=${CMAKE_PREFIX_PATH}:/home/giszterlab/USING/unitree_ros2_sim/install/go1_navigation:/opt/ros/humble /usr/bin/cmake --build /home/giszterlab/USING/unitree_ros2_sim/build/robotic_control -- -j8 -l8
[1.037s] Level 1:colcon.colcon_core.environment:create_environment_scripts_only(robotic_control)
[1.037s] Level 1:colcon.colcon_core.environment:checking '/home/giszterlab/USING/unitree_ros2_sim/install/robotic_control' for CMake module files
[1.041s] DEBUG:colcon.colcon_core.event_handler.log_command:Invoking command in '/home/giszterlab/USING/unitree_ros2_sim/build/robotic_control': CMAKE_PREFIX_PATH=${CMAKE_PREFIX_PATH}:/home/giszterlab/USING/unitree_ros2_sim/install/go1_navigation:/opt/ros/humble /usr/bin/cmake --install /home/giszterlab/USING/unitree_ros2_sim/build/robotic_control
[1.042s] Level 1:colcon.colcon_core.environment:checking '/home/giszterlab/USING/unitree_ros2_sim/install/robotic_control' for CMake config files
[1.052s] Level 1:colcon.colcon_core.shell:create_environment_hook('robotic_control', 'cmake_prefix_path')
[1.053s] INFO:colcon.colcon_core.shell:Creating environment hook '/home/giszterlab/USING/unitree_ros2_sim/install/robotic_control/share/robotic_control/hook/cmake_prefix_path.ps1'
[1.055s] INFO:colcon.colcon_core.shell:Creating environment descriptor '/home/giszterlab/USING/unitree_ros2_sim/install/robotic_control/share/robotic_control/hook/cmake_prefix_path.dsv'
[1.056s] INFO:colcon.colcon_core.shell:Creating environment hook '/home/giszterlab/USING/unitree_ros2_sim/install/robotic_control/share/robotic_control/hook/cmake_prefix_path.sh'
[1.058s] DEBUG:colcon.colcon_core.event_handler.log_command:Invoked command in '/home/giszterlab/USING/unitree_ros2_sim/build/robotic_control' returned '0': CMAKE_PREFIX_PATH=${CMAKE_PREFIX_PATH}:/home/giszterlab/USING/unitree_ros2_sim/install/go1_navigation:/opt/ros/humble /usr/bin/cmake --install /home/giszterlab/USING/unitree_ros2_sim/build/robotic_control
[1.058s] Level 1:colcon.colcon_core.environment:checking '/home/giszterlab/USING/unitree_ros2_sim/install/robotic_control/lib'
[1.059s] Level 1:colcon.colcon_core.environment:checking '/home/giszterlab/USING/unitree_ros2_sim/install/robotic_control/bin'
[1.059s] Level 1:colcon.colcon_core.environment:checking '/home/giszterlab/USING/unitree_ros2_sim/install/robotic_control/lib/pkgconfig/robotic_control.pc'
[1.059s] Level 1:colcon.colcon_core.environment:checking '/home/giszterlab/USING/unitree_ros2_sim/install/robotic_control/lib/python3.10/site-packages'
[1.060s] Level 1:colcon.colcon_core.environment:checking '/home/giszterlab/USING/unitree_ros2_sim/install/robotic_control/bin'
[1.060s] INFO:colcon.colcon_core.shell:Creating package script '/home/giszterlab/USING/unitree_ros2_sim/install/robotic_control/share/robotic_control/package.ps1'
[1.061s] INFO:colcon.colcon_core.shell:Creating package descriptor '/home/giszterlab/USING/unitree_ros2_sim/install/robotic_control/share/robotic_control/package.dsv'
[1.061s] INFO:colcon.colcon_core.shell:Creating package script '/home/giszterlab/USING/unitree_ros2_sim/install/robotic_control/share/robotic_control/package.sh'
[1.062s] INFO:colcon.colcon_core.shell:Creating package script '/home/giszterlab/USING/unitree_ros2_sim/install/robotic_control/share/robotic_control/package.bash'
[1.063s] INFO:colcon.colcon_core.shell:Creating package script '/home/giszterlab/USING/unitree_ros2_sim/install/robotic_control/share/robotic_control/package.zsh'
[1.063s] Level 1:colcon.colcon_core.environment:create_file_with_runtime_dependencies(/home/giszterlab/USING/unitree_ros2_sim/install/robotic_control/share/colcon-core/packages/robotic_control)
[1.064s] Level 1:colcon.colcon_core.environment:create_environment_scripts_only(robotic_control)
[1.065s] Level 1:colcon.colcon_core.environment:checking '/home/giszterlab/USING/unitree_ros2_sim/install/robotic_control' for CMake module files
[1.066s] Level 1:colcon.colcon_core.environment:checking '/home/giszterlab/USING/unitree_ros2_sim/install/robotic_control' for CMake config files
[1.066s] Level 1:colcon.colcon_core.shell:create_environment_hook('robotic_control', 'cmake_prefix_path')
[1.067s] INFO:colcon.colcon_core.shell:Creating environment hook '/home/giszterlab/USING/unitree_ros2_sim/install/robotic_control/share/robotic_control/hook/cmake_prefix_path.ps1'
[1.068s] INFO:colcon.colcon_core.shell:Creating environment descriptor '/home/giszterlab/USING/unitree_ros2_sim/install/robotic_control/share/robotic_control/hook/cmake_prefix_path.dsv'
[1.068s] INFO:colcon.colcon_core.shell:Creating environment hook '/home/giszterlab/USING/unitree_ros2_sim/install/robotic_control/share/robotic_control/hook/cmake_prefix_path.sh'
[1.069s] Level 1:colcon.colcon_core.environment:checking '/home/giszterlab/USING/unitree_ros2_sim/install/robotic_control/lib'
[1.069s] Level 1:colcon.colcon_core.environment:checking '/home/giszterlab/USING/unitree_ros2_sim/install/robotic_control/bin'
[1.069s] Level 1:colcon.colcon_core.environment:checking '/home/giszterlab/USING/unitree_ros2_sim/install/robotic_control/lib/pkgconfig/robotic_control.pc'
[1.069s] Level 1:colcon.colcon_core.environment:checking '/home/giszterlab/USING/unitree_ros2_sim/install/robotic_control/lib/python3.10/site-packages'
[1.069s] Level 1:colcon.colcon_core.environment:checking '/home/giszterlab/USING/unitree_ros2_sim/install/robotic_control/bin'
[1.070s] INFO:colcon.colcon_core.shell:Creating package script '/home/giszterlab/USING/unitree_ros2_sim/install/robotic_control/share/robotic_control/package.ps1'
[1.070s] INFO:colcon.colcon_core.shell:Creating package descriptor '/home/giszterlab/USING/unitree_ros2_sim/install/robotic_control/share/robotic_control/package.dsv'
[1.071s] INFO:colcon.colcon_core.shell:Creating package script '/home/giszterlab/USING/unitree_ros2_sim/install/robotic_control/share/robotic_control/package.sh'
[1.071s] INFO:colcon.colcon_core.shell:Creating package script '/home/giszterlab/USING/unitree_ros2_sim/install/robotic_control/share/robotic_control/package.bash'
[1.072s] INFO:colcon.colcon_core.shell:Creating package script '/home/giszterlab/USING/unitree_ros2_sim/install/robotic_control/share/robotic_control/package.zsh'
[1.072s] Level 1:colcon.colcon_core.environment:create_file_with_runtime_dependencies(/home/giszterlab/USING/unitree_ros2_sim/install/robotic_control/share/colcon-core/packages/robotic_control)
[1.096s] Level 1:colcon.colcon_core.environment:create_environment_scripts_only(ros2_unitree_legged_msgs)
[1.097s] Level 1:colcon.colcon_core.environment:checking '/home/giszterlab/USING/unitree_ros2_sim/install/ros2_unitree_legged_msgs' for CMake module files
[1.097s] DEBUG:colcon.colcon_core.event_handler.log_command:Invoked command in '/home/giszterlab/USING/unitree_ros2_sim/build/ros2_unitree_legged_msgs' returned '0': CMAKE_PREFIX_PATH=${CMAKE_PREFIX_PATH}:/home/giszterlab/USING/unitree_ros2_sim/install/go1_navigation:/opt/ros/humble /usr/bin/cmake --install /home/giszterlab/USING/unitree_ros2_sim/build/ros2_unitree_legged_msgs
[1.098s] Level 1:colcon.colcon_core.environment:checking '/home/giszterlab/USING/unitree_ros2_sim/install/ros2_unitree_legged_msgs' for CMake config files
[1.098s] Level 1:colcon.colcon_core.shell:create_environment_hook('ros2_unitree_legged_msgs', 'cmake_prefix_path')
[1.099s] INFO:colcon.colcon_core.shell:Creating environment hook '/home/giszterlab/USING/unitree_ros2_sim/install/ros2_unitree_legged_msgs/share/ros2_unitree_legged_msgs/hook/cmake_prefix_path.ps1'
[1.099s] INFO:colcon.colcon_core.shell:Creating environment descriptor '/home/giszterlab/USING/unitree_ros2_sim/install/ros2_unitree_legged_msgs/share/ros2_unitree_legged_msgs/hook/cmake_prefix_path.dsv'
[1.100s] INFO:colcon.colcon_core.shell:Creating environment hook '/home/giszterlab/USING/unitree_ros2_sim/install/ros2_unitree_legged_msgs/share/ros2_unitree_legged_msgs/hook/cmake_prefix_path.sh'
[1.100s] Level 1:colcon.colcon_core.environment:checking '/home/giszterlab/USING/unitree_ros2_sim/install/ros2_unitree_legged_msgs/lib'
[1.100s] Level 1:colcon.colcon_core.shell:create_environment_hook('ros2_unitree_legged_msgs', 'ld_library_path_lib')
[1.101s] INFO:colcon.colcon_core.shell:Creating environment hook '/home/giszterlab/USING/unitree_ros2_sim/install/ros2_unitree_legged_msgs/share/ros2_unitree_legged_msgs/hook/ld_library_path_lib.ps1'
[1.101s] INFO:colcon.colcon_core.shell:Creating environment descriptor '/home/giszterlab/USING/unitree_ros2_sim/install/ros2_unitree_legged_msgs/share/ros2_unitree_legged_msgs/hook/ld_library_path_lib.dsv'
[1.101s] INFO:colcon.colcon_core.shell:Creating environment hook '/home/giszterlab/USING/unitree_ros2_sim/install/ros2_unitree_legged_msgs/share/ros2_unitree_legged_msgs/hook/ld_library_path_lib.sh'
[1.102s] Level 1:colcon.colcon_core.environment:checking '/home/giszterlab/USING/unitree_ros2_sim/install/ros2_unitree_legged_msgs/bin'
[1.102s] Level 1:colcon.colcon_core.environment:checking '/home/giszterlab/USING/unitree_ros2_sim/install/ros2_unitree_legged_msgs/lib/pkgconfig/ros2_unitree_legged_msgs.pc'
[1.102s] Level 1:colcon.colcon_core.environment:checking '/home/giszterlab/USING/unitree_ros2_sim/install/ros2_unitree_legged_msgs/lib/python3.10/site-packages'
[1.102s] Level 1:colcon.colcon_core.environment:checking '/home/giszterlab/USING/unitree_ros2_sim/install/ros2_unitree_legged_msgs/bin'
[1.103s] INFO:colcon.colcon_core.shell:Creating package script '/home/giszterlab/USING/unitree_ros2_sim/install/ros2_unitree_legged_msgs/share/ros2_unitree_legged_msgs/package.ps1'
[1.103s] INFO:colcon.colcon_core.shell:Creating package descriptor '/home/giszterlab/USING/unitree_ros2_sim/install/ros2_unitree_legged_msgs/share/ros2_unitree_legged_msgs/package.dsv'
[1.104s] INFO:colcon.colcon_core.shell:Creating package script '/home/giszterlab/USING/unitree_ros2_sim/install/ros2_unitree_legged_msgs/share/ros2_unitree_legged_msgs/package.sh'
[1.104s] INFO:colcon.colcon_core.shell:Creating package script '/home/giszterlab/USING/unitree_ros2_sim/install/ros2_unitree_legged_msgs/share/ros2_unitree_legged_msgs/package.bash'
[1.105s] INFO:colcon.colcon_core.shell:Creating package script '/home/giszterlab/USING/unitree_ros2_sim/install/ros2_unitree_legged_msgs/share/ros2_unitree_legged_msgs/package.zsh'
[1.105s] Level 1:colcon.colcon_core.environment:create_file_with_runtime_dependencies(/home/giszterlab/USING/unitree_ros2_sim/install/ros2_unitree_legged_msgs/share/colcon-core/packages/ros2_unitree_legged_msgs)
[1.106s] Level 1:colcon.colcon_core.environment:create_environment_scripts_only(ros2_unitree_legged_msgs)
[1.106s] Level 1:colcon.colcon_core.environment:checking '/home/giszterlab/USING/unitree_ros2_sim/install/ros2_unitree_legged_msgs' for CMake module files
[1.107s] Level 1:colcon.colcon_core.environment:checking '/home/giszterlab/USING/unitree_ros2_sim/install/ros2_unitree_legged_msgs' for CMake config files
[1.107s] Level 1:colcon.colcon_core.shell:create_environment_hook('ros2_unitree_legged_msgs', 'cmake_prefix_path')
[1.107s] INFO:colcon.colcon_core.shell:Creating environment hook '/home/giszterlab/USING/unitree_ros2_sim/install/ros2_unitree_legged_msgs/share/ros2_unitree_legged_msgs/hook/cmake_prefix_path.ps1'
[1.108s] INFO:colcon.colcon_core.shell:Creating environment descriptor '/home/giszterlab/USING/unitree_ros2_sim/install/ros2_unitree_legged_msgs/share/ros2_unitree_legged_msgs/hook/cmake_prefix_path.dsv'
[1.108s] INFO:colcon.colcon_core.shell:Creating environment hook '/home/giszterlab/USING/unitree_ros2_sim/install/ros2_unitree_legged_msgs/share/ros2_unitree_legged_msgs/hook/cmake_prefix_path.sh'
[1.108s] Level 1:colcon.colcon_core.environment:checking '/home/giszterlab/USING/unitree_ros2_sim/install/ros2_unitree_legged_msgs/lib'
[1.109s] Level 1:colcon.colcon_core.shell:create_environment_hook('ros2_unitree_legged_msgs', 'ld_library_path_lib')
[1.109s] INFO:colcon.colcon_core.shell:Creating environment hook '/home/giszterlab/USING/unitree_ros2_sim/install/ros2_unitree_legged_msgs/share/ros2_unitree_legged_msgs/hook/ld_library_path_lib.ps1'
[1.109s] INFO:colcon.colcon_core.shell:Creating environment descriptor '/home/giszterlab/USING/unitree_ros2_sim/install/ros2_unitree_legged_msgs/share/ros2_unitree_legged_msgs/hook/ld_library_path_lib.dsv'
[1.110s] INFO:colcon.colcon_core.shell:Creating environment hook '/home/giszterlab/USING/unitree_ros2_sim/install/ros2_unitree_legged_msgs/share/ros2_unitree_legged_msgs/hook/ld_library_path_lib.sh'
[1.110s] Level 1:colcon.colcon_core.environment:checking '/home/giszterlab/USING/unitree_ros2_sim/install/ros2_unitree_legged_msgs/bin'
[1.110s] Level 1:colcon.colcon_core.environment:checking '/home/giszterlab/USING/unitree_ros2_sim/install/ros2_unitree_legged_msgs/lib/pkgconfig/ros2_unitree_legged_msgs.pc'
[1.110s] Level 1:colcon.colcon_core.environment:checking '/home/giszterlab/USING/unitree_ros2_sim/install/ros2_unitree_legged_msgs/lib/python3.10/site-packages'
[1.111s] Level 1:colcon.colcon_core.environment:checking '/home/giszterlab/USING/unitree_ros2_sim/install/ros2_unitree_legged_msgs/bin'
[1.111s] INFO:colcon.colcon_core.shell:Creating package script '/home/giszterlab/USING/unitree_ros2_sim/install/ros2_unitree_legged_msgs/share/ros2_unitree_legged_msgs/package.ps1'
[1.111s] INFO:colcon.colcon_core.shell:Creating package descriptor '/home/giszterlab/USING/unitree_ros2_sim/install/ros2_unitree_legged_msgs/share/ros2_unitree_legged_msgs/package.dsv'
[1.112s] INFO:colcon.colcon_core.shell:Creating package script '/home/giszterlab/USING/unitree_ros2_sim/install/ros2_unitree_legged_msgs/share/ros2_unitree_legged_msgs/package.sh'
[1.113s] INFO:colcon.colcon_core.shell:Creating package script '/home/giszterlab/USING/unitree_ros2_sim/install/ros2_unitree_legged_msgs/share/ros2_unitree_legged_msgs/package.bash'
[1.113s] INFO:colcon.colcon_core.shell:Creating package script '/home/giszterlab/USING/unitree_ros2_sim/install/ros2_unitree_legged_msgs/share/ros2_unitree_legged_msgs/package.zsh'
[1.114s] Level 1:colcon.colcon_core.environment:create_file_with_runtime_dependencies(/home/giszterlab/USING/unitree_ros2_sim/install/ros2_unitree_legged_msgs/share/colcon-core/packages/ros2_unitree_legged_msgs)
[1.114s] INFO:colcon.colcon_ros.task.ament_cmake.build:Building ROS package in '/home/giszterlab/USING/unitree_ros2_sim/ros2_unitree_legged_controller' with build type 'ament_cmake'
[1.114s] INFO:colcon.colcon_cmake.task.cmake.build:Building CMake package in '/home/giszterlab/USING/unitree_ros2_sim/ros2_unitree_legged_controller'
[1.115s] INFO:colcon.colcon_core.shell:Skip shell extension 'powershell' for command environment: Not usable outside of PowerShell
[1.115s] DEBUG:colcon.colcon_core.shell:Skip shell extension 'dsv' for command environment
[1.119s] INFO:colcon.colcon_ros.task.ament_cmake.build:Building ROS package in '/home/giszterlab/USING/unitree_ros2_sim/unitree_guide2' with build type 'ament_cmake'
[1.119s] INFO:colcon.colcon_cmake.task.cmake.build:Building CMake package in '/home/giszterlab/USING/unitree_ros2_sim/unitree_guide2'
[1.120s] INFO:colcon.colcon_core.shell:Skip shell extension 'powershell' for command environment: Not usable outside of PowerShell
[1.120s] DEBUG:colcon.colcon_core.shell:Skip shell extension 'dsv' for command environment
[1.128s] DEBUG:colcon.colcon_core.event_handler.log_command:Invoking command in '/home/giszterlab/USING/unitree_ros2_sim/build/ros2_unitree_legged_control': CMAKE_PREFIX_PATH=/home/giszterlab/USING/unitree_ros2_sim/install/ros2_unitree_legged_msgs:/home/giszterlab/USING/unitree_ros2_sim/install/unitree_guide2:/home/giszterlab/USING/unitree_ros2_sim/install/ros2_unitree_legged_control:/home/giszterlab/USING/unitree_ros2_sim/install/robotic_control:/home/giszterlab/USING/unitree_ros2_sim/install/go1_gazebo:/home/giszterlab/USING/unitree_ros2_sim/install/go1_description:/usr/local:/home/giszterlab/USING/unitree_ros2_sim/install/go1_navigation:/opt/ros/humble LD_LIBRARY_PATH=/home/giszterlab/USING/unitree_ros2_sim/install/ros2_unitree_legged_msgs/lib:/home/giszterlab/USING/unitree_ros2_sim/install/ros2_unitree_legged_control/lib:/usr/lib/x86_64-linux-gnu/gazebo-11/plugins:/opt/ros/humble/opt/rviz_ogre_vendor/lib:/opt/ros/humble/lib/x86_64-linux-gnu:/opt/ros/humble/lib /usr/bin/cmake --build /home/giszterlab/USING/unitree_ros2_sim/build/ros2_unitree_legged_control -- -j8 -l8
[1.134s] DEBUG:colcon.colcon_core.event_handler.log_command:Invoking command in '/home/giszterlab/USING/unitree_ros2_sim/build/unitree_guide2': CMAKE_PREFIX_PATH=/home/giszterlab/USING/unitree_ros2_sim/install/ros2_unitree_legged_msgs:/home/giszterlab/USING/unitree_ros2_sim/install/unitree_guide2:/home/giszterlab/USING/unitree_ros2_sim/install/ros2_unitree_legged_control:/home/giszterlab/USING/unitree_ros2_sim/install/robotic_control:/home/giszterlab/USING/unitree_ros2_sim/install/go1_gazebo:/home/giszterlab/USING/unitree_ros2_sim/install/go1_description:/usr/local:/home/giszterlab/USING/unitree_ros2_sim/install/go1_navigation:/opt/ros/humble LD_LIBRARY_PATH=/home/giszterlab/USING/unitree_ros2_sim/install/ros2_unitree_legged_msgs/lib:/home/giszterlab/USING/unitree_ros2_sim/install/ros2_unitree_legged_control/lib:/usr/lib/x86_64-linux-gnu/gazebo-11/plugins:/opt/ros/humble/opt/rviz_ogre_vendor/lib:/opt/ros/humble/lib/x86_64-linux-gnu:/opt/ros/humble/lib /usr/bin/cmake --build /home/giszterlab/USING/unitree_ros2_sim/build/unitree_guide2 -- -j8 -l8
[1.229s] DEBUG:colcon.colcon_core.event_handler.log_command:Invoked command in '/home/giszterlab/USING/unitree_ros2_sim/build/ros2_unitree_legged_control' returned '0': CMAKE_PREFIX_PATH=/home/giszterlab/USING/unitree_ros2_sim/install/ros2_unitree_legged_msgs:/home/giszterlab/USING/unitree_ros2_sim/install/unitree_guide2:/home/giszterlab/USING/unitree_ros2_sim/install/ros2_unitree_legged_control:/home/giszterlab/USING/unitree_ros2_sim/install/robotic_control:/home/giszterlab/USING/unitree_ros2_sim/install/go1_gazebo:/home/giszterlab/USING/unitree_ros2_sim/install/go1_description:/usr/local:/home/giszterlab/USING/unitree_ros2_sim/install/go1_navigation:/opt/ros/humble LD_LIBRARY_PATH=/home/giszterlab/USING/unitree_ros2_sim/install/ros2_unitree_legged_msgs/lib:/home/giszterlab/USING/unitree_ros2_sim/install/ros2_unitree_legged_control/lib:/usr/lib/x86_64-linux-gnu/gazebo-11/plugins:/opt/ros/humble/opt/rviz_ogre_vendor/lib:/opt/ros/humble/lib/x86_64-linux-gnu:/opt/ros/humble/lib /usr/bin/cmake --build /home/giszterlab/USING/unitree_ros2_sim/build/ros2_unitree_legged_control -- -j8 -l8
[1.231s] DEBUG:colcon.colcon_core.event_handler.log_command:Invoking command in '/home/giszterlab/USING/unitree_ros2_sim/build/ros2_unitree_legged_control': CMAKE_PREFIX_PATH=/home/giszterlab/USING/unitree_ros2_sim/install/ros2_unitree_legged_msgs:/home/giszterlab/USING/unitree_ros2_sim/install/unitree_guide2:/home/giszterlab/USING/unitree_ros2_sim/install/ros2_unitree_legged_control:/home/giszterlab/USING/unitree_ros2_sim/install/robotic_control:/home/giszterlab/USING/unitree_ros2_sim/install/go1_gazebo:/home/giszterlab/USING/unitree_ros2_sim/install/go1_description:/usr/local:/home/giszterlab/USING/unitree_ros2_sim/install/go1_navigation:/opt/ros/humble LD_LIBRARY_PATH=/home/giszterlab/USING/unitree_ros2_sim/install/ros2_unitree_legged_msgs/lib:/home/giszterlab/USING/unitree_ros2_sim/install/ros2_unitree_legged_control/lib:/usr/lib/x86_64-linux-gnu/gazebo-11/plugins:/opt/ros/humble/opt/rviz_ogre_vendor/lib:/opt/ros/humble/lib/x86_64-linux-gnu:/opt/ros/humble/lib /usr/bin/cmake --install /home/giszterlab/USING/unitree_ros2_sim/build/ros2_unitree_legged_control
[1.249s] Level 1:colcon.colcon_core.environment:create_environment_scripts_only(ros2_unitree_legged_control)
[1.250s] Level 1:colcon.colcon_core.environment:checking '/home/giszterlab/USING/unitree_ros2_sim/install/ros2_unitree_legged_control' for CMake module files
[1.252s] DEBUG:colcon.colcon_core.event_handler.log_command:Invoked command in '/home/giszterlab/USING/unitree_ros2_sim/build/ros2_unitree_legged_control' returned '0': CMAKE_PREFIX_PATH=/home/giszterlab/USING/unitree_ros2_sim/install/ros2_unitree_legged_msgs:/home/giszterlab/USING/unitree_ros2_sim/install/unitree_guide2:/home/giszterlab/USING/unitree_ros2_sim/install/ros2_unitree_legged_control:/home/giszterlab/USING/unitree_ros2_sim/install/robotic_control:/home/giszterlab/USING/unitree_ros2_sim/install/go1_gazebo:/home/giszterlab/USING/unitree_ros2_sim/install/go1_description:/usr/local:/home/giszterlab/USING/unitree_ros2_sim/install/go1_navigation:/opt/ros/humble LD_LIBRARY_PATH=/home/giszterlab/USING/unitree_ros2_sim/install/ros2_unitree_legged_msgs/lib:/home/giszterlab/USING/unitree_ros2_sim/install/ros2_unitree_legged_control/lib:/usr/lib/x86_64-linux-gnu/gazebo-11/plugins:/opt/ros/humble/opt/rviz_ogre_vendor/lib:/opt/ros/humble/lib/x86_64-linux-gnu:/opt/ros/humble/lib /usr/bin/cmake --install /home/giszterlab/USING/unitree_ros2_sim/build/ros2_unitree_legged_control
[1.252s] Level 1:colcon.colcon_core.environment:checking '/home/giszterlab/USING/unitree_ros2_sim/install/ros2_unitree_legged_control' for CMake config files
[1.252s] Level 1:colcon.colcon_core.shell:create_environment_hook('ros2_unitree_legged_control', 'cmake_prefix_path')
[1.253s] INFO:colcon.colcon_core.shell:Creating environment hook '/home/giszterlab/USING/unitree_ros2_sim/install/ros2_unitree_legged_control/share/ros2_unitree_legged_control/hook/cmake_prefix_path.ps1'
[1.253s] INFO:colcon.colcon_core.shell:Creating environment descriptor '/home/giszterlab/USING/unitree_ros2_sim/install/ros2_unitree_legged_control/share/ros2_unitree_legged_control/hook/cmake_prefix_path.dsv'
[1.254s] INFO:colcon.colcon_core.shell:Creating environment hook '/home/giszterlab/USING/unitree_ros2_sim/install/ros2_unitree_legged_control/share/ros2_unitree_legged_control/hook/cmake_prefix_path.sh'
[1.254s] Level 1:colcon.colcon_core.environment:checking '/home/giszterlab/USING/unitree_ros2_sim/install/ros2_unitree_legged_control/lib'
[1.254s] Level 1:colcon.colcon_core.environment:checking '/home/giszterlab/USING/unitree_ros2_sim/install/ros2_unitree_legged_control/bin'
[1.254s] Level 1:colcon.colcon_core.environment:checking '/home/giszterlab/USING/unitree_ros2_sim/install/ros2_unitree_legged_control/lib/pkgconfig/ros2_unitree_legged_control.pc'
[1.255s] Level 1:colcon.colcon_core.environment:checking '/home/giszterlab/USING/unitree_ros2_sim/install/ros2_unitree_legged_control/lib/python3.10/site-packages'
[1.255s] Level 1:colcon.colcon_core.environment:checking '/home/giszterlab/USING/unitree_ros2_sim/install/ros2_unitree_legged_control/bin'
[1.255s] INFO:colcon.colcon_core.shell:Creating package script '/home/giszterlab/USING/unitree_ros2_sim/install/ros2_unitree_legged_control/share/ros2_unitree_legged_control/package.ps1'
[1.256s] INFO:colcon.colcon_core.shell:Creating package descriptor '/home/giszterlab/USING/unitree_ros2_sim/install/ros2_unitree_legged_control/share/ros2_unitree_legged_control/package.dsv'
[1.256s] INFO:colcon.colcon_core.shell:Creating package script '/home/giszterlab/USING/unitree_ros2_sim/install/ros2_unitree_legged_control/share/ros2_unitree_legged_control/package.sh'
[1.257s] INFO:colcon.colcon_core.shell:Creating package script '/home/giszterlab/USING/unitree_ros2_sim/install/ros2_unitree_legged_control/share/ros2_unitree_legged_control/package.bash'
[1.257s] INFO:colcon.colcon_core.shell:Creating package script '/home/giszterlab/USING/unitree_ros2_sim/install/ros2_unitree_legged_control/share/ros2_unitree_legged_control/package.zsh'
[1.258s] Level 1:colcon.colcon_core.environment:create_file_with_runtime_dependencies(/home/giszterlab/USING/unitree_ros2_sim/install/ros2_unitree_legged_control/share/colcon-core/packages/ros2_unitree_legged_control)
[1.259s] Level 1:colcon.colcon_core.environment:create_environment_scripts_only(ros2_unitree_legged_control)
[1.259s] Level 1:colcon.colcon_core.environment:checking '/home/giszterlab/USING/unitree_ros2_sim/install/ros2_unitree_legged_control' for CMake module files
[1.260s] Level 1:colcon.colcon_core.environment:checking '/home/giszterlab/USING/unitree_ros2_sim/install/ros2_unitree_legged_control' for CMake config files
[1.260s] Level 1:colcon.colcon_core.shell:create_environment_hook('ros2_unitree_legged_control', 'cmake_prefix_path')
[1.260s] INFO:colcon.colcon_core.shell:Creating environment hook '/home/giszterlab/USING/unitree_ros2_sim/install/ros2_unitree_legged_control/share/ros2_unitree_legged_control/hook/cmake_prefix_path.ps1'
[1.261s] INFO:colcon.colcon_core.shell:Creating environment descriptor '/home/giszterlab/USING/unitree_ros2_sim/install/ros2_unitree_legged_control/share/ros2_unitree_legged_control/hook/cmake_prefix_path.dsv'
[1.261s] INFO:colcon.colcon_core.shell:Creating environment hook '/home/giszterlab/USING/unitree_ros2_sim/install/ros2_unitree_legged_control/share/ros2_unitree_legged_control/hook/cmake_prefix_path.sh'
[1.261s] Level 1:colcon.colcon_core.environment:checking '/home/giszterlab/USING/unitree_ros2_sim/install/ros2_unitree_legged_control/lib'
[1.262s] Level 1:colcon.colcon_core.environment:checking '/home/giszterlab/USING/unitree_ros2_sim/install/ros2_unitree_legged_control/bin'
[1.262s] Level 1:colcon.colcon_core.environment:checking '/home/giszterlab/USING/unitree_ros2_sim/install/ros2_unitree_legged_control/lib/pkgconfig/ros2_unitree_legged_control.pc'
[1.262s] Level 1:colcon.colcon_core.environment:checking '/home/giszterlab/USING/unitree_ros2_sim/install/ros2_unitree_legged_control/lib/python3.10/site-packages'
[1.262s] Level 1:colcon.colcon_core.environment:checking '/home/giszterlab/USING/unitree_ros2_sim/install/ros2_unitree_legged_control/bin'
[1.262s] INFO:colcon.colcon_core.shell:Creating package script '/home/giszterlab/USING/unitree_ros2_sim/install/ros2_unitree_legged_control/share/ros2_unitree_legged_control/package.ps1'
[1.263s] INFO:colcon.colcon_core.shell:Creating package descriptor '/home/giszterlab/USING/unitree_ros2_sim/install/ros2_unitree_legged_control/share/ros2_unitree_legged_control/package.dsv'
[1.264s] INFO:colcon.colcon_core.shell:Creating package script '/home/giszterlab/USING/unitree_ros2_sim/install/ros2_unitree_legged_control/share/ros2_unitree_legged_control/package.sh'
[1.264s] INFO:colcon.colcon_core.shell:Creating package script '/home/giszterlab/USING/unitree_ros2_sim/install/ros2_unitree_legged_control/share/ros2_unitree_legged_control/package.bash'
[1.265s] INFO:colcon.colcon_core.shell:Creating package script '/home/giszterlab/USING/unitree_ros2_sim/install/ros2_unitree_legged_control/share/ros2_unitree_legged_control/package.zsh'
[1.265s] Level 1:colcon.colcon_core.environment:create_file_with_runtime_dependencies(/home/giszterlab/USING/unitree_ros2_sim/install/ros2_unitree_legged_control/share/colcon-core/packages/ros2_unitree_legged_control)
[1.487s] DEBUG:colcon.colcon_core.event_handler.log_command:Invoking command in '/home/giszterlab/USING/unitree_ros2_sim/go1_sim/go1_navigation': PYTHONPATH=/home/giszterlab/USING/unitree_ros2_sim/build/go1_navigation/prefix_override:/usr/lib/python3/dist-packages/colcon_core/task/python/colcon_distutils_commands:/home/giszterlab/USING/unitree_ros2_sim/install/go1_navigation/lib/python3.10/site-packages:${PYTHONPATH} /usr/bin/python3 -W ignore:setup.py install is deprecated -W ignore:easy_install command is deprecated setup.py egg_info --egg-base ../../build/go1_navigation build --build-base /home/giszterlab/USING/unitree_ros2_sim/build/go1_navigation/build install --record /home/giszterlab/USING/unitree_ros2_sim/build/go1_navigation/install.log --single-version-externally-managed install_data
[1.866s] Level 1:colcon.colcon_core.environment:checking '/home/giszterlab/USING/unitree_ros2_sim/install/go1_navigation' for CMake module files
[1.867s] DEBUG:colcon.colcon_core.event_handler.log_command:Invoked command in '/home/giszterlab/USING/unitree_ros2_sim/go1_sim/go1_navigation' returned '0': PYTHONPATH=/home/giszterlab/USING/unitree_ros2_sim/build/go1_navigation/prefix_override:/usr/lib/python3/dist-packages/colcon_core/task/python/colcon_distutils_commands:/home/giszterlab/USING/unitree_ros2_sim/install/go1_navigation/lib/python3.10/site-packages:${PYTHONPATH} /usr/bin/python3 -W ignore:setup.py install is deprecated -W ignore:easy_install command is deprecated setup.py egg_info --egg-base ../../build/go1_navigation build --build-base /home/giszterlab/USING/unitree_ros2_sim/build/go1_navigation/build install --record /home/giszterlab/USING/unitree_ros2_sim/build/go1_navigation/install.log --single-version-externally-managed install_data
[1.868s] Level 1:colcon.colcon_core.environment:checking '/home/giszterlab/USING/unitree_ros2_sim/install/go1_navigation' for CMake config files
[1.869s] Level 1:colcon.colcon_core.environment:checking '/home/giszterlab/USING/unitree_ros2_sim/install/go1_navigation/lib'
[1.869s] Level 1:colcon.colcon_core.environment:checking '/home/giszterlab/USING/unitree_ros2_sim/install/go1_navigation/bin'
[1.869s] Level 1:colcon.colcon_core.environment:checking '/home/giszterlab/USING/unitree_ros2_sim/install/go1_navigation/lib/pkgconfig/go1_navigation.pc'
[1.870s] Level 1:colcon.colcon_core.environment:checking '/home/giszterlab/USING/unitree_ros2_sim/install/go1_navigation/lib/python3.10/site-packages'
[1.870s] Level 1:colcon.colcon_core.shell:create_environment_hook('go1_navigation', 'pythonpath')
[1.870s] INFO:colcon.colcon_core.shell:Creating environment hook '/home/giszterlab/USING/unitree_ros2_sim/install/go1_navigation/share/go1_navigation/hook/pythonpath.ps1'
[1.871s] INFO:colcon.colcon_core.shell:Creating environment descriptor '/home/giszterlab/USING/unitree_ros2_sim/install/go1_navigation/share/go1_navigation/hook/pythonpath.dsv'
[1.871s] INFO:colcon.colcon_core.shell:Creating environment hook '/home/giszterlab/USING/unitree_ros2_sim/install/go1_navigation/share/go1_navigation/hook/pythonpath.sh'
[1.872s] Level 1:colcon.colcon_core.environment:checking '/home/giszterlab/USING/unitree_ros2_sim/install/go1_navigation/bin'
[1.873s] Level 1:colcon.colcon_core.environment:create_environment_scripts_only(go1_navigation)
[1.873s] INFO:colcon.colcon_core.shell:Creating package script '/home/giszterlab/USING/unitree_ros2_sim/install/go1_navigation/share/go1_navigation/package.ps1'
[1.874s] INFO:colcon.colcon_core.shell:Creating package descriptor '/home/giszterlab/USING/unitree_ros2_sim/install/go1_navigation/share/go1_navigation/package.dsv'
[1.875s] INFO:colcon.colcon_core.shell:Creating package script '/home/giszterlab/USING/unitree_ros2_sim/install/go1_navigation/share/go1_navigation/package.sh'
[1.875s] INFO:colcon.colcon_core.shell:Creating package script '/home/giszterlab/USING/unitree_ros2_sim/install/go1_navigation/share/go1_navigation/package.bash'
[1.876s] INFO:colcon.colcon_core.shell:Creating package script '/home/giszterlab/USING/unitree_ros2_sim/install/go1_navigation/share/go1_navigation/package.zsh'
[1.876s] Level 1:colcon.colcon_core.environment:create_file_with_runtime_dependencies(/home/giszterlab/USING/unitree_ros2_sim/install/go1_navigation/share/colcon-core/packages/go1_navigation)
[7.723s] DEBUG:colcon.colcon_core.event_handler.log_command:Invoked command in '/home/giszterlab/USING/unitree_ros2_sim/build/unitree_guide2' returned '0': CMAKE_PREFIX_PATH=/home/giszterlab/USING/unitree_ros2_sim/install/ros2_unitree_legged_msgs:/home/giszterlab/USING/unitree_ros2_sim/install/unitree_guide2:/home/giszterlab/USING/unitree_ros2_sim/install/ros2_unitree_legged_control:/home/giszterlab/USING/unitree_ros2_sim/install/robotic_control:/home/giszterlab/USING/unitree_ros2_sim/install/go1_gazebo:/home/giszterlab/USING/unitree_ros2_sim/install/go1_description:/usr/local:/home/giszterlab/USING/unitree_ros2_sim/install/go1_navigation:/opt/ros/humble LD_LIBRARY_PATH=/home/giszterlab/USING/unitree_ros2_sim/install/ros2_unitree_legged_msgs/lib:/home/giszterlab/USING/unitree_ros2_sim/install/ros2_unitree_legged_control/lib:/usr/lib/x86_64-linux-gnu/gazebo-11/plugins:/opt/ros/humble/opt/rviz_ogre_vendor/lib:/opt/ros/humble/lib/x86_64-linux-gnu:/opt/ros/humble/lib /usr/bin/cmake --build /home/giszterlab/USING/unitree_ros2_sim/build/unitree_guide2 -- -j8 -l8
[7.726s] DEBUG:colcon.colcon_core.event_handler.log_command:Invoking command in '/home/giszterlab/USING/unitree_ros2_sim/build/unitree_guide2': CMAKE_PREFIX_PATH=/home/giszterlab/USING/unitree_ros2_sim/install/ros2_unitree_legged_msgs:/home/giszterlab/USING/unitree_ros2_sim/install/unitree_guide2:/home/giszterlab/USING/unitree_ros2_sim/install/ros2_unitree_legged_control:/home/giszterlab/USING/unitree_ros2_sim/install/robotic_control:/home/giszterlab/USING/unitree_ros2_sim/install/go1_gazebo:/home/giszterlab/USING/unitree_ros2_sim/install/go1_description:/usr/local:/home/giszterlab/USING/unitree_ros2_sim/install/go1_navigation:/opt/ros/humble LD_LIBRARY_PATH=/home/giszterlab/USING/unitree_ros2_sim/install/ros2_unitree_legged_msgs/lib:/home/giszterlab/USING/unitree_ros2_sim/install/ros2_unitree_legged_control/lib:/usr/lib/x86_64-linux-gnu/gazebo-11/plugins:/opt/ros/humble/opt/rviz_ogre_vendor/lib:/opt/ros/humble/lib/x86_64-linux-gnu:/opt/ros/humble/lib /usr/bin/cmake --install /home/giszterlab/USING/unitree_ros2_sim/build/unitree_guide2
[7.739s] Level 1:colcon.colcon_core.environment:create_environment_scripts_only(unitree_guide2)
[7.740s] Level 1:colcon.colcon_core.environment:checking '/home/giszterlab/USING/unitree_ros2_sim/install/unitree_guide2' for CMake module files
[7.740s] DEBUG:colcon.colcon_core.event_handler.log_command:Invoked command in '/home/giszterlab/USING/unitree_ros2_sim/build/unitree_guide2' returned '0': CMAKE_PREFIX_PATH=/home/giszterlab/USING/unitree_ros2_sim/install/ros2_unitree_legged_msgs:/home/giszterlab/USING/unitree_ros2_sim/install/unitree_guide2:/home/giszterlab/USING/unitree_ros2_sim/install/ros2_unitree_legged_control:/home/giszterlab/USING/unitree_ros2_sim/install/robotic_control:/home/giszterlab/USING/unitree_ros2_sim/install/go1_gazebo:/home/giszterlab/USING/unitree_ros2_sim/install/go1_description:/usr/local:/home/giszterlab/USING/unitree_ros2_sim/install/go1_navigation:/opt/ros/humble LD_LIBRARY_PATH=/home/giszterlab/USING/unitree_ros2_sim/install/ros2_unitree_legged_msgs/lib:/home/giszterlab/USING/unitree_ros2_sim/install/ros2_unitree_legged_control/lib:/usr/lib/x86_64-linux-gnu/gazebo-11/plugins:/opt/ros/humble/opt/rviz_ogre_vendor/lib:/opt/ros/humble/lib/x86_64-linux-gnu:/opt/ros/humble/lib /usr/bin/cmake --install /home/giszterlab/USING/unitree_ros2_sim/build/unitree_guide2
[7.741s] Level 1:colcon.colcon_core.environment:checking '/home/giszterlab/USING/unitree_ros2_sim/install/unitree_guide2' for CMake config files
[7.741s] Level 1:colcon.colcon_core.shell:create_environment_hook('unitree_guide2', 'cmake_prefix_path')
[7.741s] INFO:colcon.colcon_core.shell:Creating environment hook '/home/giszterlab/USING/unitree_ros2_sim/install/unitree_guide2/share/unitree_guide2/hook/cmake_prefix_path.ps1'
[7.742s] INFO:colcon.colcon_core.shell:Creating environment descriptor '/home/giszterlab/USING/unitree_ros2_sim/install/unitree_guide2/share/unitree_guide2/hook/cmake_prefix_path.dsv'
[7.742s] INFO:colcon.colcon_core.shell:Creating environment hook '/home/giszterlab/USING/unitree_ros2_sim/install/unitree_guide2/share/unitree_guide2/hook/cmake_prefix_path.sh'
[7.743s] Level 1:colcon.colcon_core.environment:checking '/home/giszterlab/USING/unitree_ros2_sim/install/unitree_guide2/lib'
[7.743s] Level 1:colcon.colcon_core.environment:checking '/home/giszterlab/USING/unitree_ros2_sim/install/unitree_guide2/bin'
[7.743s] Level 1:colcon.colcon_core.environment:checking '/home/giszterlab/USING/unitree_ros2_sim/install/unitree_guide2/lib/pkgconfig/unitree_guide2.pc'
[7.744s] Level 1:colcon.colcon_core.environment:checking '/home/giszterlab/USING/unitree_ros2_sim/install/unitree_guide2/lib/python3.10/site-packages'
[7.744s] Level 1:colcon.colcon_core.environment:checking '/home/giszterlab/USING/unitree_ros2_sim/install/unitree_guide2/bin'
[7.744s] INFO:colcon.colcon_core.shell:Creating package script '/home/giszterlab/USING/unitree_ros2_sim/install/unitree_guide2/share/unitree_guide2/package.ps1'
[7.745s] INFO:colcon.colcon_core.shell:Creating package descriptor '/home/giszterlab/USING/unitree_ros2_sim/install/unitree_guide2/share/unitree_guide2/package.dsv'
[7.746s] INFO:colcon.colcon_core.shell:Creating package script '/home/giszterlab/USING/unitree_ros2_sim/install/unitree_guide2/share/unitree_guide2/package.sh'
[7.746s] INFO:colcon.colcon_core.shell:Creating package script '/home/giszterlab/USING/unitree_ros2_sim/install/unitree_guide2/share/unitree_guide2/package.bash'
[7.747s] INFO:colcon.colcon_core.shell:Creating package script '/home/giszterlab/USING/unitree_ros2_sim/install/unitree_guide2/share/unitree_guide2/package.zsh'
[7.747s] Level 1:colcon.colcon_core.environment:create_file_with_runtime_dependencies(/home/giszterlab/USING/unitree_ros2_sim/install/unitree_guide2/share/colcon-core/packages/unitree_guide2)
[7.748s] Level 1:colcon.colcon_core.environment:create_environment_scripts_only(unitree_guide2)
[7.748s] Level 1:colcon.colcon_core.environment:checking '/home/giszterlab/USING/unitree_ros2_sim/install/unitree_guide2' for CMake module files
[7.749s] Level 1:colcon.colcon_core.environment:checking '/home/giszterlab/USING/unitree_ros2_sim/install/unitree_guide2' for CMake config files
[7.750s] Level 1:colcon.colcon_core.shell:create_environment_hook('unitree_guide2', 'cmake_prefix_path')
[7.750s] INFO:colcon.colcon_core.shell:Creating environment hook '/home/giszterlab/USING/unitree_ros2_sim/install/unitree_guide2/share/unitree_guide2/hook/cmake_prefix_path.ps1'
[7.751s] INFO:colcon.colcon_core.shell:Creating environment descriptor '/home/giszterlab/USING/unitree_ros2_sim/install/unitree_guide2/share/unitree_guide2/hook/cmake_prefix_path.dsv'
[7.751s] INFO:colcon.colcon_core.shell:Creating environment hook '/home/giszterlab/USING/unitree_ros2_sim/install/unitree_guide2/share/unitree_guide2/hook/cmake_prefix_path.sh'
[7.752s] Level 1:colcon.colcon_core.environment:checking '/home/giszterlab/USING/unitree_ros2_sim/install/unitree_guide2/lib'
[7.752s] Level 1:colcon.colcon_core.environment:checking '/home/giszterlab/USING/unitree_ros2_sim/install/unitree_guide2/bin'
[7.752s] Level 1:colcon.colcon_core.environment:checking '/home/giszterlab/USING/unitree_ros2_sim/install/unitree_guide2/lib/pkgconfig/unitree_guide2.pc'
[7.753s] Level 1:colcon.colcon_core.environment:checking '/home/giszterlab/USING/unitree_ros2_sim/install/unitree_guide2/lib/python3.10/site-packages'
[7.753s] Level 1:colcon.colcon_core.environment:checking '/home/giszterlab/USING/unitree_ros2_sim/install/unitree_guide2/bin'
[7.753s] INFO:colcon.colcon_core.shell:Creating package script '/home/giszterlab/USING/unitree_ros2_sim/install/unitree_guide2/share/unitree_guide2/package.ps1'
[7.754s] INFO:colcon.colcon_core.shell:Creating package descriptor '/home/giszterlab/USING/unitree_ros2_sim/install/unitree_guide2/share/unitree_guide2/package.dsv'
[7.755s] INFO:colcon.colcon_core.shell:Creating package script '/home/giszterlab/USING/unitree_ros2_sim/install/unitree_guide2/share/unitree_guide2/package.sh'
[7.756s] INFO:colcon.colcon_core.shell:Creating package script '/home/giszterlab/USING/unitree_ros2_sim/install/unitree_guide2/share/unitree_guide2/package.bash'
[7.757s] INFO:colcon.colcon_core.shell:Creating package script '/home/giszterlab/USING/unitree_ros2_sim/install/unitree_guide2/share/unitree_guide2/package.zsh'
[7.758s] Level 1:colcon.colcon_core.environment:create_file_with_runtime_dependencies(/home/giszterlab/USING/unitree_ros2_sim/install/unitree_guide2/share/colcon-core/packages/unitree_guide2)
[7.758s] DEBUG:colcon.colcon_parallel_executor.executor.parallel:closing loop
[7.758s] DEBUG:colcon.colcon_parallel_executor.executor.parallel:loop closed
[7.759s] DEBUG:colcon.colcon_parallel_executor.executor.parallel:run_until_complete finished with '0'
[7.759s] DEBUG:colcon.colcon_core.event_reactor:joining thread
[7.767s] INFO:colcon.colcon_core.plugin_system:Skipping extension 'colcon_notification.desktop_notification.terminal_notifier': Not used on non-Darwin systems
[7.767s] INFO:colcon.colcon_core.plugin_system:Skipping extension 'colcon_notification.desktop_notification.win32': Not used on non-Windows systems
[7.767s] INFO:colcon.colcon_notification.desktop_notification:Sending desktop notification using 'notify2'
[7.785s] DEBUG:colcon.colcon_core.event_reactor:joined thread
[7.785s] INFO:colcon.colcon_core.shell:Creating prefix script '/home/giszterlab/USING/unitree_ros2_sim/install/local_setup.ps1'
[7.786s] INFO:colcon.colcon_core.shell:Creating prefix util module '/home/giszterlab/USING/unitree_ros2_sim/install/_local_setup_util_ps1.py'
[7.788s] INFO:colcon.colcon_core.shell:Creating prefix chain script '/home/giszterlab/USING/unitree_ros2_sim/install/setup.ps1'
[7.789s] INFO:colcon.colcon_core.shell:Creating prefix script '/home/giszterlab/USING/unitree_ros2_sim/install/local_setup.sh'
[7.790s] INFO:colcon.colcon_core.shell:Creating prefix util module '/home/giszterlab/USING/unitree_ros2_sim/install/_local_setup_util_sh.py'
[7.791s] INFO:colcon.colcon_core.shell:Creating prefix chain script '/home/giszterlab/USING/unitree_ros2_sim/install/setup.sh'
[7.792s] INFO:colcon.colcon_core.shell:Creating prefix script '/home/giszterlab/USING/unitree_ros2_sim/install/local_setup.bash'
[7.793s] INFO:colcon.colcon_core.shell:Creating prefix chain script '/home/giszterlab/USING/unitree_ros2_sim/install/setup.bash'
[7.794s] INFO:colcon.colcon_core.shell:Creating prefix script '/home/giszterlab/USING/unitree_ros2_sim/install/local_setup.zsh'
[7.795s] INFO:colcon.colcon_core.shell:Creating prefix chain script '/home/giszterlab/USING/unitree_ros2_sim/install/setup.zsh'
