[0.010s] Invoking command in '/home/giszterlab/USING/Framework/unitree_ws/build/go1_description': CMAKE_PREFIX_PATH=${CMAKE_PREFIX_PATH}:/opt/ros/humble /usr/bin/cmake /home/giszterlab/USING/Framework/unitree_ws/src/unitree_ros2/go1_description -DCMAKE_INSTALL_PREFIX=/home/giszterlab/USING/Framework/unitree_ws/install/go1_description
[0.066s] -- The C compiler identification is GNU 11.4.0
[0.127s] -- The CXX compiler identification is GNU 11.4.0
[0.141s] -- Detecting C compiler ABI info
[0.209s] -- Detecting C compiler ABI info - done
[0.224s] -- Check for working C compiler: /usr/bin/cc - skipped
[0.224s] -- Detecting C compile features
[0.225s] -- Detecting C compile features - done
[0.230s] -- Detecting CXX compiler ABI info
[0.305s] -- Detecting CXX compiler ABI info - done
[0.314s] -- Check for working CXX compiler: /usr/bin/c++ - skipped
[0.314s] -- Detecting CXX compile features
[0.315s] -- Detecting CXX compile features - done
[0.318s] -- Found ament_cmake: 1.3.11 (/opt/ros/humble/share/ament_cmake/cmake)
[0.498s] -- Found Python3: /usr/bin/python3 (found version "3.10.12") found components: Interpreter 
[0.646s] -- Found ament_lint_auto: 0.12.12 (/opt/ros/humble/share/ament_lint_auto/cmake)
[0.752s] -- Added test 'flake8' to check Python code syntax and style conventions
[0.754s] -- Added test 'lint_cmake' to check CMake code style
[0.755s] -- Added test 'pep257' to check Python code against some of the docstring style conventions in PEP 257
[0.759s] -- Added test 'xmllint' to check XML markup files
[0.761s] -- Configuring done
[0.766s] -- Generating done
[0.769s] -- Build files have been written to: /home/giszterlab/USING/Framework/unitree_ws/build/go1_description
[0.776s] Invoked command in '/home/giszterlab/USING/Framework/unitree_ws/build/go1_description' returned '0': CMAKE_PREFIX_PATH=${CMAKE_PREFIX_PATH}:/opt/ros/humble /usr/bin/cmake /home/giszterlab/USING/Framework/unitree_ws/src/unitree_ros2/go1_description -DCMAKE_INSTALL_PREFIX=/home/giszterlab/USING/Framework/unitree_ws/install/go1_description
[0.778s] Invoking command in '/home/giszterlab/USING/Framework/unitree_ws/build/go1_description': CMAKE_PREFIX_PATH=${CMAKE_PREFIX_PATH}:/opt/ros/humble /usr/bin/cmake --build /home/giszterlab/USING/Framework/unitree_ws/build/go1_description -- -j8 -l8
[0.826s] Invoked command in '/home/giszterlab/USING/Framework/unitree_ws/build/go1_description' returned '0': CMAKE_PREFIX_PATH=${CMAKE_PREFIX_PATH}:/opt/ros/humble /usr/bin/cmake --build /home/giszterlab/USING/Framework/unitree_ws/build/go1_description -- -j8 -l8
[0.839s] Invoking command in '/home/giszterlab/USING/Framework/unitree_ws/build/go1_description': CMAKE_PREFIX_PATH=${CMAKE_PREFIX_PATH}:/opt/ros/humble /usr/bin/cmake --install /home/giszterlab/USING/Framework/unitree_ws/build/go1_description
[0.847s] -- Install configuration: ""
[0.847s] -- Installing: /home/giszterlab/USING/Framework/unitree_ws/install/go1_description/share/go1_description//launch
[0.847s] -- Installing: /home/giszterlab/USING/Framework/unitree_ws/install/go1_description/share/go1_description//launch/load_go1.launch.py
[0.847s] -- Installing: /home/giszterlab/USING/Framework/unitree_ws/install/go1_description/share/go1_description//config
[0.847s] -- Installing: /home/giszterlab/USING/Framework/unitree_ws/install/go1_description/share/go1_description//config/go1.rviz
[0.848s] -- Installing: /home/giszterlab/USING/Framework/unitree_ws/install/go1_description/share/go1_description//meshes
[0.848s] -- Installing: /home/giszterlab/USING/Framework/unitree_ws/install/go1_description/share/go1_description//meshes/calf.dae
[0.850s] -- Installing: /home/giszterlab/USING/Framework/unitree_ws/install/go1_description/share/go1_description//meshes/ultraSound.dae
[0.850s] -- Installing: /home/giszterlab/USING/Framework/unitree_ws/install/go1_description/share/go1_description//meshes/trunk.dae
[0.907s] -- Installing: /home/giszterlab/USING/Framework/unitree_ws/install/go1_description/share/go1_description//meshes/hip.dae
[0.909s] -- Installing: /home/giszterlab/USING/Framework/unitree_ws/install/go1_description/share/go1_description//meshes/thigh_mirror.dae
[0.911s] -- Installing: /home/giszterlab/USING/Framework/unitree_ws/install/go1_description/share/go1_description//meshes/depthCamera.dae
[0.911s] -- Installing: /home/giszterlab/USING/Framework/unitree_ws/install/go1_description/share/go1_description//meshes/thigh.dae
[0.912s] -- Installing: /home/giszterlab/USING/Framework/unitree_ws/install/go1_description/share/go1_description//xacro
[0.912s] -- Installing: /home/giszterlab/USING/Framework/unitree_ws/install/go1_description/share/go1_description//xacro/depthCamera.xacro
[0.913s] -- Installing: /home/giszterlab/USING/Framework/unitree_ws/install/go1_description/share/go1_description//xacro/transmission.xacro
[0.913s] -- Installing: /home/giszterlab/USING/Framework/unitree_ws/install/go1_description/share/go1_description//xacro/gazebo.xacro
[0.913s] -- Installing: /home/giszterlab/USING/Framework/unitree_ws/install/go1_description/share/go1_description//xacro/ultraSound.xacro
[0.913s] -- Installing: /home/giszterlab/USING/Framework/unitree_ws/install/go1_description/share/go1_description//xacro/robot.xacro
[0.913s] -- Installing: /home/giszterlab/USING/Framework/unitree_ws/install/go1_description/share/go1_description//xacro/leg.xacro
[0.914s] -- Installing: /home/giszterlab/USING/Framework/unitree_ws/install/go1_description/share/go1_description//xacro/const.xacro
[0.914s] -- Installing: /home/giszterlab/USING/Framework/unitree_ws/install/go1_description/share/go1_description//xacro/materials.xacro
[0.914s] -- Installing: /home/giszterlab/USING/Framework/unitree_ws/install/go1_description/share/ament_index/resource_index/package_run_dependencies/go1_description
[0.915s] -- Installing: /home/giszterlab/USING/Framework/unitree_ws/install/go1_description/share/ament_index/resource_index/parent_prefix_path/go1_description
[0.915s] -- Installing: /home/giszterlab/USING/Framework/unitree_ws/install/go1_description/share/go1_description/environment/ament_prefix_path.sh
[0.915s] -- Installing: /home/giszterlab/USING/Framework/unitree_ws/install/go1_description/share/go1_description/environment/ament_prefix_path.dsv
[0.915s] -- Installing: /home/giszterlab/USING/Framework/unitree_ws/install/go1_description/share/go1_description/environment/path.sh
[0.915s] -- Installing: /home/giszterlab/USING/Framework/unitree_ws/install/go1_description/share/go1_description/environment/path.dsv
[0.915s] -- Installing: /home/giszterlab/USING/Framework/unitree_ws/install/go1_description/share/go1_description/local_setup.bash
[0.916s] -- Installing: /home/giszterlab/USING/Framework/unitree_ws/install/go1_description/share/go1_description/local_setup.sh
[0.916s] -- Installing: /home/giszterlab/USING/Framework/unitree_ws/install/go1_description/share/go1_description/local_setup.zsh
[0.916s] -- Installing: /home/giszterlab/USING/Framework/unitree_ws/install/go1_description/share/go1_description/local_setup.dsv
[0.916s] -- Installing: /home/giszterlab/USING/Framework/unitree_ws/install/go1_description/share/go1_description/package.dsv
[0.916s] -- Installing: /home/giszterlab/USING/Framework/unitree_ws/install/go1_description/share/ament_index/resource_index/packages/go1_description
[0.917s] -- Installing: /home/giszterlab/USING/Framework/unitree_ws/install/go1_description/share/go1_description/cmake/go1_descriptionConfig.cmake
[0.917s] -- Installing: /home/giszterlab/USING/Framework/unitree_ws/install/go1_description/share/go1_description/cmake/go1_descriptionConfig-version.cmake
[0.917s] -- Installing: /home/giszterlab/USING/Framework/unitree_ws/install/go1_description/share/go1_description/package.xml
[0.919s] Invoked command in '/home/giszterlab/USING/Framework/unitree_ws/build/go1_description' returned '0': CMAKE_PREFIX_PATH=${CMAKE_PREFIX_PATH}:/opt/ros/humble /usr/bin/cmake --install /home/giszterlab/USING/Framework/unitree_ws/build/go1_description
