[0.143s] DEBUG:colcon:Command line arguments: ['/usr/bin/colcon', 'build']
[0.143s] DEBUG:colcon:Parsed command line arguments: Namespace(log_base=None, log_level=None, verb_name='build', build_base='build', install_base='install', merge_install=False, symlink_install=False, test_result_base=None, continue_on_error=False, executor='parallel', parallel_workers=8, event_handlers=None, ignore_user_meta=False, metas=['./colcon.meta'], base_paths=['.'], packages_ignore=None, packages_ignore_regex=None, paths=None, packages_up_to=None, packages_up_to_regex=None, packages_above=None, packages_above_and_dependencies=None, packages_above_depth=None, packages_select_by_dep=None, packages_skip_by_dep=None, packages_skip_up_to=None, packages_select_build_failed=False, packages_skip_build_finished=False, packages_select_test_failures=False, packages_skip_test_passed=False, packages_select=None, packages_skip=None, packages_select_regex=None, packages_skip_regex=None, packages_start=None, packages_end=None, allow_overriding=[], cmake_args=None, cmake_target=None, cmake_target_skip_unavailable=False, cmake_clean_cache=False, cmake_clean_first=False, cmake_force_configure=False, ament_cmake_args=None, catkin_cmake_args=None, catkin_skip_building_tests=False, verb_parser=<colcon_defaults.argument_parser.defaults.DefaultArgumentsDecorator object at 0x78cd2a41fbb0>, verb_extension=<colcon_core.verb.build.BuildVerb object at 0x78cd2a568f40>, main=<bound method BuildVerb.main of <colcon_core.verb.build.BuildVerb object at 0x78cd2a568f40>>)
[0.487s] Level 1:colcon.colcon_core.package_discovery:discover_packages(colcon_meta) check parameters
[0.487s] Level 1:colcon.colcon_core.package_discovery:discover_packages(recursive) check parameters
[0.487s] Level 1:colcon.colcon_core.package_discovery:discover_packages(ignore) check parameters
[0.487s] Level 1:colcon.colcon_core.package_discovery:discover_packages(path) check parameters
[0.487s] Level 1:colcon.colcon_core.package_discovery:discover_packages(colcon_meta) discover
[0.487s] Level 1:colcon.colcon_core.package_discovery:discover_packages(recursive) discover
[0.487s] INFO:colcon.colcon_core.package_discovery:Crawling recursively for packages in '/home/giszterlab/USING/unitree_ros2_sim'
[0.487s] Level 1:colcon.colcon_core.package_identification:_identify(.) by extensions ['ignore', 'ignore_ament_install']
[0.487s] Level 1:colcon.colcon_core.package_identification:_identify(.) by extension 'ignore'
[0.488s] Level 1:colcon.colcon_core.package_identification:_identify(.) by extension 'ignore_ament_install'
[0.488s] Level 1:colcon.colcon_core.package_identification:_identify(.) by extensions ['colcon_pkg']
[0.488s] Level 1:colcon.colcon_core.package_identification:_identify(.) by extension 'colcon_pkg'
[0.488s] Level 1:colcon.colcon_core.package_identification:_identify(.) by extensions ['colcon_meta']
[0.488s] Level 1:colcon.colcon_core.package_identification:_identify(.) by extension 'colcon_meta'
[0.488s] Level 1:colcon.colcon_core.package_identification:_identify(.) by extensions ['ros']
[0.488s] Level 1:colcon.colcon_core.package_identification:_identify(.) by extension 'ros'
[0.503s] Level 1:colcon.colcon_core.package_identification:_identify(.) by extensions ['cmake', 'python']
[0.503s] Level 1:colcon.colcon_core.package_identification:_identify(.) by extension 'cmake'
[0.503s] Level 1:colcon.colcon_core.package_identification:_identify(.) by extension 'python'
[0.503s] Level 1:colcon.colcon_core.package_identification:_identify(.) by extensions ['python_setup_py']
[0.503s] Level 1:colcon.colcon_core.package_identification:_identify(.) by extension 'python_setup_py'
[0.503s] Level 1:colcon.colcon_core.package_identification:_identify(build) by extensions ['ignore', 'ignore_ament_install']
[0.503s] Level 1:colcon.colcon_core.package_identification:_identify(build) by extension 'ignore'
[0.504s] Level 1:colcon.colcon_core.package_identification:_identify(build) ignored
[0.504s] Level 1:colcon.colcon_core.package_identification:_identify(go1_sim) by extensions ['ignore', 'ignore_ament_install']
[0.504s] Level 1:colcon.colcon_core.package_identification:_identify(go1_sim) by extension 'ignore'
[0.504s] Level 1:colcon.colcon_core.package_identification:_identify(go1_sim) by extension 'ignore_ament_install'
[0.504s] Level 1:colcon.colcon_core.package_identification:_identify(go1_sim) by extensions ['colcon_pkg']
[0.504s] Level 1:colcon.colcon_core.package_identification:_identify(go1_sim) by extension 'colcon_pkg'
[0.504s] Level 1:colcon.colcon_core.package_identification:_identify(go1_sim) by extensions ['colcon_meta']
[0.504s] Level 1:colcon.colcon_core.package_identification:_identify(go1_sim) by extension 'colcon_meta'
[0.504s] Level 1:colcon.colcon_core.package_identification:_identify(go1_sim) by extensions ['ros']
[0.504s] Level 1:colcon.colcon_core.package_identification:_identify(go1_sim) by extension 'ros'
[0.504s] Level 1:colcon.colcon_core.package_identification:_identify(go1_sim) by extensions ['cmake', 'python']
[0.504s] Level 1:colcon.colcon_core.package_identification:_identify(go1_sim) by extension 'cmake'
[0.504s] Level 1:colcon.colcon_core.package_identification:_identify(go1_sim) by extension 'python'
[0.504s] Level 1:colcon.colcon_core.package_identification:_identify(go1_sim) by extensions ['python_setup_py']
[0.505s] Level 1:colcon.colcon_core.package_identification:_identify(go1_sim) by extension 'python_setup_py'
[0.505s] Level 1:colcon.colcon_core.package_identification:_identify(go1_sim/go1_description) by extensions ['ignore', 'ignore_ament_install']
[0.505s] Level 1:colcon.colcon_core.package_identification:_identify(go1_sim/go1_description) by extension 'ignore'
[0.505s] Level 1:colcon.colcon_core.package_identification:_identify(go1_sim/go1_description) by extension 'ignore_ament_install'
[0.505s] Level 1:colcon.colcon_core.package_identification:_identify(go1_sim/go1_description) by extensions ['colcon_pkg']
[0.505s] Level 1:colcon.colcon_core.package_identification:_identify(go1_sim/go1_description) by extension 'colcon_pkg'
[0.505s] Level 1:colcon.colcon_core.package_identification:_identify(go1_sim/go1_description) by extensions ['colcon_meta']
[0.505s] Level 1:colcon.colcon_core.package_identification:_identify(go1_sim/go1_description) by extension 'colcon_meta'
[0.505s] Level 1:colcon.colcon_core.package_identification:_identify(go1_sim/go1_description) by extensions ['ros']
[0.505s] Level 1:colcon.colcon_core.package_identification:_identify(go1_sim/go1_description) by extension 'ros'
[0.509s] DEBUG:colcon.colcon_core.package_identification:Package 'go1_sim/go1_description' with type 'ros.ament_cmake' and name 'go1_description'
[0.509s] Level 1:colcon.colcon_core.package_identification:_identify(go1_sim/go1_gazebo) by extensions ['ignore', 'ignore_ament_install']
[0.509s] Level 1:colcon.colcon_core.package_identification:_identify(go1_sim/go1_gazebo) by extension 'ignore'
[0.509s] Level 1:colcon.colcon_core.package_identification:_identify(go1_sim/go1_gazebo) by extension 'ignore_ament_install'
[0.509s] Level 1:colcon.colcon_core.package_identification:_identify(go1_sim/go1_gazebo) by extensions ['colcon_pkg']
[0.509s] Level 1:colcon.colcon_core.package_identification:_identify(go1_sim/go1_gazebo) by extension 'colcon_pkg'
[0.510s] Level 1:colcon.colcon_core.package_identification:_identify(go1_sim/go1_gazebo) by extensions ['colcon_meta']
[0.510s] Level 1:colcon.colcon_core.package_identification:_identify(go1_sim/go1_gazebo) by extension 'colcon_meta'
[0.510s] Level 1:colcon.colcon_core.package_identification:_identify(go1_sim/go1_gazebo) by extensions ['ros']
[0.510s] Level 1:colcon.colcon_core.package_identification:_identify(go1_sim/go1_gazebo) by extension 'ros'
[0.511s] DEBUG:colcon.colcon_core.package_identification:Package 'go1_sim/go1_gazebo' with type 'ros.ament_cmake' and name 'go1_gazebo'
[0.511s] Level 1:colcon.colcon_core.package_identification:_identify(go1_sim/go1_navigation) by extensions ['ignore', 'ignore_ament_install']
[0.511s] Level 1:colcon.colcon_core.package_identification:_identify(go1_sim/go1_navigation) by extension 'ignore'
[0.511s] Level 1:colcon.colcon_core.package_identification:_identify(go1_sim/go1_navigation) by extension 'ignore_ament_install'
[0.512s] Level 1:colcon.colcon_core.package_identification:_identify(go1_sim/go1_navigation) by extensions ['colcon_pkg']
[0.512s] Level 1:colcon.colcon_core.package_identification:_identify(go1_sim/go1_navigation) by extension 'colcon_pkg'
[0.512s] Level 1:colcon.colcon_core.package_identification:_identify(go1_sim/go1_navigation) by extensions ['colcon_meta']
[0.512s] Level 1:colcon.colcon_core.package_identification:_identify(go1_sim/go1_navigation) by extension 'colcon_meta'
[0.512s] Level 1:colcon.colcon_core.package_identification:_identify(go1_sim/go1_navigation) by extensions ['ros']
[0.512s] Level 1:colcon.colcon_core.package_identification:_identify(go1_sim/go1_navigation) by extension 'ros'
[0.513s] DEBUG:colcon.colcon_core.package_identification:Package 'go1_sim/go1_navigation' with type 'ros.ament_python' and name 'go1_navigation'
[0.513s] Level 1:colcon.colcon_core.package_identification:_identify(install) by extensions ['ignore', 'ignore_ament_install']
[0.513s] Level 1:colcon.colcon_core.package_identification:_identify(install) by extension 'ignore'
[0.513s] Level 1:colcon.colcon_core.package_identification:_identify(install) ignored
[0.513s] Level 1:colcon.colcon_core.package_identification:_identify(log) by extensions ['ignore', 'ignore_ament_install']
[0.513s] Level 1:colcon.colcon_core.package_identification:_identify(log) by extension 'ignore'
[0.513s] Level 1:colcon.colcon_core.package_identification:_identify(log) ignored
[0.513s] Level 1:colcon.colcon_core.package_identification:_identify(robotic_control) by extensions ['ignore', 'ignore_ament_install']
[0.513s] Level 1:colcon.colcon_core.package_identification:_identify(robotic_control) by extension 'ignore'
[0.513s] Level 1:colcon.colcon_core.package_identification:_identify(robotic_control) by extension 'ignore_ament_install'
[0.513s] Level 1:colcon.colcon_core.package_identification:_identify(robotic_control) by extensions ['colcon_pkg']
[0.514s] Level 1:colcon.colcon_core.package_identification:_identify(robotic_control) by extension 'colcon_pkg'
[0.514s] Level 1:colcon.colcon_core.package_identification:_identify(robotic_control) by extensions ['colcon_meta']
[0.514s] Level 1:colcon.colcon_core.package_identification:_identify(robotic_control) by extension 'colcon_meta'
[0.514s] Level 1:colcon.colcon_core.package_identification:_identify(robotic_control) by extensions ['ros']
[0.514s] Level 1:colcon.colcon_core.package_identification:_identify(robotic_control) by extension 'ros'
[0.515s] DEBUG:colcon.colcon_core.package_identification:Package 'robotic_control' with type 'ros.ament_cmake' and name 'robotic_control'
[0.515s] Level 1:colcon.colcon_core.package_identification:_identify(ros2_unitree_legged_controller) by extensions ['ignore', 'ignore_ament_install']
[0.515s] Level 1:colcon.colcon_core.package_identification:_identify(ros2_unitree_legged_controller) by extension 'ignore'
[0.515s] Level 1:colcon.colcon_core.package_identification:_identify(ros2_unitree_legged_controller) by extension 'ignore_ament_install'
[0.515s] Level 1:colcon.colcon_core.package_identification:_identify(ros2_unitree_legged_controller) by extensions ['colcon_pkg']
[0.515s] Level 1:colcon.colcon_core.package_identification:_identify(ros2_unitree_legged_controller) by extension 'colcon_pkg'
[0.515s] Level 1:colcon.colcon_core.package_identification:_identify(ros2_unitree_legged_controller) by extensions ['colcon_meta']
[0.515s] Level 1:colcon.colcon_core.package_identification:_identify(ros2_unitree_legged_controller) by extension 'colcon_meta'
[0.515s] Level 1:colcon.colcon_core.package_identification:_identify(ros2_unitree_legged_controller) by extensions ['ros']
[0.515s] Level 1:colcon.colcon_core.package_identification:_identify(ros2_unitree_legged_controller) by extension 'ros'
[0.517s] DEBUG:colcon.colcon_core.package_identification:Package 'ros2_unitree_legged_controller' with type 'ros.ament_cmake' and name 'ros2_unitree_legged_control'
[0.517s] Level 1:colcon.colcon_core.package_identification:_identify(ros2_unitree_legged_msgs) by extensions ['ignore', 'ignore_ament_install']
[0.517s] Level 1:colcon.colcon_core.package_identification:_identify(ros2_unitree_legged_msgs) by extension 'ignore'
[0.517s] Level 1:colcon.colcon_core.package_identification:_identify(ros2_unitree_legged_msgs) by extension 'ignore_ament_install'
[0.517s] Level 1:colcon.colcon_core.package_identification:_identify(ros2_unitree_legged_msgs) by extensions ['colcon_pkg']
[0.517s] Level 1:colcon.colcon_core.package_identification:_identify(ros2_unitree_legged_msgs) by extension 'colcon_pkg'
[0.517s] Level 1:colcon.colcon_core.package_identification:_identify(ros2_unitree_legged_msgs) by extensions ['colcon_meta']
[0.517s] Level 1:colcon.colcon_core.package_identification:_identify(ros2_unitree_legged_msgs) by extension 'colcon_meta'
[0.517s] Level 1:colcon.colcon_core.package_identification:_identify(ros2_unitree_legged_msgs) by extensions ['ros']
[0.517s] Level 1:colcon.colcon_core.package_identification:_identify(ros2_unitree_legged_msgs) by extension 'ros'
[0.518s] DEBUG:colcon.colcon_core.package_identification:Package 'ros2_unitree_legged_msgs' with type 'ros.ament_cmake' and name 'ros2_unitree_legged_msgs'
[0.518s] Level 1:colcon.colcon_core.package_identification:_identify(unitree_guide2) by extensions ['ignore', 'ignore_ament_install']
[0.518s] Level 1:colcon.colcon_core.package_identification:_identify(unitree_guide2) by extension 'ignore'
[0.518s] Level 1:colcon.colcon_core.package_identification:_identify(unitree_guide2) by extension 'ignore_ament_install'
[0.519s] Level 1:colcon.colcon_core.package_identification:_identify(unitree_guide2) by extensions ['colcon_pkg']
[0.519s] Level 1:colcon.colcon_core.package_identification:_identify(unitree_guide2) by extension 'colcon_pkg'
[0.519s] Level 1:colcon.colcon_core.package_identification:_identify(unitree_guide2) by extensions ['colcon_meta']
[0.519s] Level 1:colcon.colcon_core.package_identification:_identify(unitree_guide2) by extension 'colcon_meta'
[0.519s] Level 1:colcon.colcon_core.package_identification:_identify(unitree_guide2) by extensions ['ros']
[0.519s] Level 1:colcon.colcon_core.package_identification:_identify(unitree_guide2) by extension 'ros'
[0.520s] DEBUG:colcon.colcon_core.package_identification:Package 'unitree_guide2' with type 'ros.ament_cmake' and name 'unitree_guide2'
[0.520s] Level 1:colcon.colcon_core.package_discovery:discover_packages(recursive) using defaults
[0.520s] Level 1:colcon.colcon_core.package_discovery:discover_packages(ignore) discover
[0.520s] Level 1:colcon.colcon_core.package_discovery:discover_packages(ignore) using defaults
[0.520s] Level 1:colcon.colcon_core.package_discovery:discover_packages(path) discover
[0.520s] Level 1:colcon.colcon_core.package_discovery:discover_packages(path) using defaults
[0.565s] Level 1:colcon.colcon_core.package_discovery:discover_packages(prefix_path) check parameters
[0.565s] Level 1:colcon.colcon_core.package_discovery:discover_packages(prefix_path) discover
[0.569s] DEBUG:colcon.colcon_installed_package_information.package_discovery:Found 323 installed packages in /opt/ros/humble
[0.571s] Level 1:colcon.colcon_core.package_discovery:discover_packages(prefix_path) using defaults
[0.623s] Level 5:colcon.colcon_core.verb:set package 'go1_description' build argument 'cmake_args' from command line to 'None'
[0.623s] Level 5:colcon.colcon_core.verb:set package 'go1_description' build argument 'cmake_target' from command line to 'None'
[0.623s] Level 5:colcon.colcon_core.verb:set package 'go1_description' build argument 'cmake_target_skip_unavailable' from command line to 'False'
[0.623s] Level 5:colcon.colcon_core.verb:set package 'go1_description' build argument 'cmake_clean_cache' from command line to 'False'
[0.623s] Level 5:colcon.colcon_core.verb:set package 'go1_description' build argument 'cmake_clean_first' from command line to 'False'
[0.623s] Level 5:colcon.colcon_core.verb:set package 'go1_description' build argument 'cmake_force_configure' from command line to 'False'
[0.623s] Level 5:colcon.colcon_core.verb:set package 'go1_description' build argument 'ament_cmake_args' from command line to 'None'
[0.623s] Level 5:colcon.colcon_core.verb:set package 'go1_description' build argument 'catkin_cmake_args' from command line to 'None'
[0.623s] Level 5:colcon.colcon_core.verb:set package 'go1_description' build argument 'catkin_skip_building_tests' from command line to 'False'
[0.623s] DEBUG:colcon.colcon_core.verb:Building package 'go1_description' with the following arguments: {'ament_cmake_args': None, 'build_base': '/home/giszterlab/USING/unitree_ros2_sim/build/go1_description', 'catkin_cmake_args': None, 'catkin_skip_building_tests': False, 'cmake_args': None, 'cmake_clean_cache': False, 'cmake_clean_first': False, 'cmake_force_configure': False, 'cmake_target': None, 'cmake_target_skip_unavailable': False, 'install_base': '/home/giszterlab/USING/unitree_ros2_sim/install/go1_description', 'merge_install': False, 'path': '/home/giszterlab/USING/unitree_ros2_sim/go1_sim/go1_description', 'symlink_install': False, 'test_result_base': None}
[0.624s] Level 5:colcon.colcon_core.verb:set package 'go1_gazebo' build argument 'cmake_args' from command line to 'None'
[0.624s] Level 5:colcon.colcon_core.verb:set package 'go1_gazebo' build argument 'cmake_target' from command line to 'None'
[0.624s] Level 5:colcon.colcon_core.verb:set package 'go1_gazebo' build argument 'cmake_target_skip_unavailable' from command line to 'False'
[0.624s] Level 5:colcon.colcon_core.verb:set package 'go1_gazebo' build argument 'cmake_clean_cache' from command line to 'False'
[0.624s] Level 5:colcon.colcon_core.verb:set package 'go1_gazebo' build argument 'cmake_clean_first' from command line to 'False'
[0.624s] Level 5:colcon.colcon_core.verb:set package 'go1_gazebo' build argument 'cmake_force_configure' from command line to 'False'
[0.624s] Level 5:colcon.colcon_core.verb:set package 'go1_gazebo' build argument 'ament_cmake_args' from command line to 'None'
[0.624s] Level 5:colcon.colcon_core.verb:set package 'go1_gazebo' build argument 'catkin_cmake_args' from command line to 'None'
[0.624s] Level 5:colcon.colcon_core.verb:set package 'go1_gazebo' build argument 'catkin_skip_building_tests' from command line to 'False'
[0.624s] DEBUG:colcon.colcon_core.verb:Building package 'go1_gazebo' with the following arguments: {'ament_cmake_args': None, 'build_base': '/home/giszterlab/USING/unitree_ros2_sim/build/go1_gazebo', 'catkin_cmake_args': None, 'catkin_skip_building_tests': False, 'cmake_args': None, 'cmake_clean_cache': False, 'cmake_clean_first': False, 'cmake_force_configure': False, 'cmake_target': None, 'cmake_target_skip_unavailable': False, 'install_base': '/home/giszterlab/USING/unitree_ros2_sim/install/go1_gazebo', 'merge_install': False, 'path': '/home/giszterlab/USING/unitree_ros2_sim/go1_sim/go1_gazebo', 'symlink_install': False, 'test_result_base': None}
[0.625s] Level 5:colcon.colcon_core.verb:set package 'go1_navigation' build argument 'cmake_args' from command line to 'None'
[0.625s] Level 5:colcon.colcon_core.verb:set package 'go1_navigation' build argument 'cmake_target' from command line to 'None'
[0.625s] Level 5:colcon.colcon_core.verb:set package 'go1_navigation' build argument 'cmake_target_skip_unavailable' from command line to 'False'
[0.625s] Level 5:colcon.colcon_core.verb:set package 'go1_navigation' build argument 'cmake_clean_cache' from command line to 'False'
[0.625s] Level 5:colcon.colcon_core.verb:set package 'go1_navigation' build argument 'cmake_clean_first' from command line to 'False'
[0.625s] Level 5:colcon.colcon_core.verb:set package 'go1_navigation' build argument 'cmake_force_configure' from command line to 'False'
[0.625s] Level 5:colcon.colcon_core.verb:set package 'go1_navigation' build argument 'ament_cmake_args' from command line to 'None'
[0.625s] Level 5:colcon.colcon_core.verb:set package 'go1_navigation' build argument 'catkin_cmake_args' from command line to 'None'
[0.625s] Level 5:colcon.colcon_core.verb:set package 'go1_navigation' build argument 'catkin_skip_building_tests' from command line to 'False'
[0.625s] DEBUG:colcon.colcon_core.verb:Building package 'go1_navigation' with the following arguments: {'ament_cmake_args': None, 'build_base': '/home/giszterlab/USING/unitree_ros2_sim/build/go1_navigation', 'catkin_cmake_args': None, 'catkin_skip_building_tests': False, 'cmake_args': None, 'cmake_clean_cache': False, 'cmake_clean_first': False, 'cmake_force_configure': False, 'cmake_target': None, 'cmake_target_skip_unavailable': False, 'install_base': '/home/giszterlab/USING/unitree_ros2_sim/install/go1_navigation', 'merge_install': False, 'path': '/home/giszterlab/USING/unitree_ros2_sim/go1_sim/go1_navigation', 'symlink_install': False, 'test_result_base': None}
[0.625s] Level 5:colcon.colcon_core.verb:set package 'robotic_control' build argument 'cmake_args' from command line to 'None'
[0.626s] Level 5:colcon.colcon_core.verb:set package 'robotic_control' build argument 'cmake_target' from command line to 'None'
[0.626s] Level 5:colcon.colcon_core.verb:set package 'robotic_control' build argument 'cmake_target_skip_unavailable' from command line to 'False'
[0.626s] Level 5:colcon.colcon_core.verb:set package 'robotic_control' build argument 'cmake_clean_cache' from command line to 'False'
[0.626s] Level 5:colcon.colcon_core.verb:set package 'robotic_control' build argument 'cmake_clean_first' from command line to 'False'
[0.626s] Level 5:colcon.colcon_core.verb:set package 'robotic_control' build argument 'cmake_force_configure' from command line to 'False'
[0.626s] Level 5:colcon.colcon_core.verb:set package 'robotic_control' build argument 'ament_cmake_args' from command line to 'None'
[0.626s] Level 5:colcon.colcon_core.verb:set package 'robotic_control' build argument 'catkin_cmake_args' from command line to 'None'
[0.626s] Level 5:colcon.colcon_core.verb:set package 'robotic_control' build argument 'catkin_skip_building_tests' from command line to 'False'
[0.626s] DEBUG:colcon.colcon_core.verb:Building package 'robotic_control' with the following arguments: {'ament_cmake_args': None, 'build_base': '/home/giszterlab/USING/unitree_ros2_sim/build/robotic_control', 'catkin_cmake_args': None, 'catkin_skip_building_tests': False, 'cmake_args': None, 'cmake_clean_cache': False, 'cmake_clean_first': False, 'cmake_force_configure': False, 'cmake_target': None, 'cmake_target_skip_unavailable': False, 'install_base': '/home/giszterlab/USING/unitree_ros2_sim/install/robotic_control', 'merge_install': False, 'path': '/home/giszterlab/USING/unitree_ros2_sim/robotic_control', 'symlink_install': False, 'test_result_base': None}
[0.626s] Level 5:colcon.colcon_core.verb:set package 'ros2_unitree_legged_msgs' build argument 'cmake_args' from command line to 'None'
[0.626s] Level 5:colcon.colcon_core.verb:set package 'ros2_unitree_legged_msgs' build argument 'cmake_target' from command line to 'None'
[0.626s] Level 5:colcon.colcon_core.verb:set package 'ros2_unitree_legged_msgs' build argument 'cmake_target_skip_unavailable' from command line to 'False'
[0.626s] Level 5:colcon.colcon_core.verb:set package 'ros2_unitree_legged_msgs' build argument 'cmake_clean_cache' from command line to 'False'
[0.626s] Level 5:colcon.colcon_core.verb:set package 'ros2_unitree_legged_msgs' build argument 'cmake_clean_first' from command line to 'False'
[0.626s] Level 5:colcon.colcon_core.verb:set package 'ros2_unitree_legged_msgs' build argument 'cmake_force_configure' from command line to 'False'
[0.626s] Level 5:colcon.colcon_core.verb:set package 'ros2_unitree_legged_msgs' build argument 'ament_cmake_args' from command line to 'None'
[0.626s] Level 5:colcon.colcon_core.verb:set package 'ros2_unitree_legged_msgs' build argument 'catkin_cmake_args' from command line to 'None'
[0.626s] Level 5:colcon.colcon_core.verb:set package 'ros2_unitree_legged_msgs' build argument 'catkin_skip_building_tests' from command line to 'False'
[0.626s] DEBUG:colcon.colcon_core.verb:Building package 'ros2_unitree_legged_msgs' with the following arguments: {'ament_cmake_args': None, 'build_base': '/home/giszterlab/USING/unitree_ros2_sim/build/ros2_unitree_legged_msgs', 'catkin_cmake_args': None, 'catkin_skip_building_tests': False, 'cmake_args': None, 'cmake_clean_cache': False, 'cmake_clean_first': False, 'cmake_force_configure': False, 'cmake_target': None, 'cmake_target_skip_unavailable': False, 'install_base': '/home/giszterlab/USING/unitree_ros2_sim/install/ros2_unitree_legged_msgs', 'merge_install': False, 'path': '/home/giszterlab/USING/unitree_ros2_sim/ros2_unitree_legged_msgs', 'symlink_install': False, 'test_result_base': None}
[0.627s] Level 5:colcon.colcon_core.verb:set package 'ros2_unitree_legged_control' build argument 'cmake_args' from command line to 'None'
[0.627s] Level 5:colcon.colcon_core.verb:set package 'ros2_unitree_legged_control' build argument 'cmake_target' from command line to 'None'
[0.627s] Level 5:colcon.colcon_core.verb:set package 'ros2_unitree_legged_control' build argument 'cmake_target_skip_unavailable' from command line to 'False'
[0.627s] Level 5:colcon.colcon_core.verb:set package 'ros2_unitree_legged_control' build argument 'cmake_clean_cache' from command line to 'False'
[0.627s] Level 5:colcon.colcon_core.verb:set package 'ros2_unitree_legged_control' build argument 'cmake_clean_first' from command line to 'False'
[0.627s] Level 5:colcon.colcon_core.verb:set package 'ros2_unitree_legged_control' build argument 'cmake_force_configure' from command line to 'False'
[0.627s] Level 5:colcon.colcon_core.verb:set package 'ros2_unitree_legged_control' build argument 'ament_cmake_args' from command line to 'None'
[0.627s] Level 5:colcon.colcon_core.verb:set package 'ros2_unitree_legged_control' build argument 'catkin_cmake_args' from command line to 'None'
[0.627s] Level 5:colcon.colcon_core.verb:set package 'ros2_unitree_legged_control' build argument 'catkin_skip_building_tests' from command line to 'False'
[0.627s] DEBUG:colcon.colcon_core.verb:Building package 'ros2_unitree_legged_control' with the following arguments: {'ament_cmake_args': None, 'build_base': '/home/giszterlab/USING/unitree_ros2_sim/build/ros2_unitree_legged_control', 'catkin_cmake_args': None, 'catkin_skip_building_tests': False, 'cmake_args': None, 'cmake_clean_cache': False, 'cmake_clean_first': False, 'cmake_force_configure': False, 'cmake_target': None, 'cmake_target_skip_unavailable': False, 'install_base': '/home/giszterlab/USING/unitree_ros2_sim/install/ros2_unitree_legged_control', 'merge_install': False, 'path': '/home/giszterlab/USING/unitree_ros2_sim/ros2_unitree_legged_controller', 'symlink_install': False, 'test_result_base': None}
[0.628s] Level 5:colcon.colcon_core.verb:set package 'unitree_guide2' build argument 'cmake_args' from command line to 'None'
[0.628s] Level 5:colcon.colcon_core.verb:set package 'unitree_guide2' build argument 'cmake_target' from command line to 'None'
[0.628s] Level 5:colcon.colcon_core.verb:set package 'unitree_guide2' build argument 'cmake_target_skip_unavailable' from command line to 'False'
[0.628s] Level 5:colcon.colcon_core.verb:set package 'unitree_guide2' build argument 'cmake_clean_cache' from command line to 'False'
[0.628s] Level 5:colcon.colcon_core.verb:set package 'unitree_guide2' build argument 'cmake_clean_first' from command line to 'False'
[0.628s] Level 5:colcon.colcon_core.verb:set package 'unitree_guide2' build argument 'cmake_force_configure' from command line to 'False'
[0.628s] Level 5:colcon.colcon_core.verb:set package 'unitree_guide2' build argument 'ament_cmake_args' from command line to 'None'
[0.628s] Level 5:colcon.colcon_core.verb:set package 'unitree_guide2' build argument 'catkin_cmake_args' from command line to 'None'
[0.628s] Level 5:colcon.colcon_core.verb:set package 'unitree_guide2' build argument 'catkin_skip_building_tests' from command line to 'False'
[0.628s] DEBUG:colcon.colcon_core.verb:Building package 'unitree_guide2' with the following arguments: {'ament_cmake_args': None, 'build_base': '/home/giszterlab/USING/unitree_ros2_sim/build/unitree_guide2', 'catkin_cmake_args': None, 'catkin_skip_building_tests': False, 'cmake_args': None, 'cmake_clean_cache': False, 'cmake_clean_first': False, 'cmake_force_configure': False, 'cmake_target': None, 'cmake_target_skip_unavailable': False, 'install_base': '/home/giszterlab/USING/unitree_ros2_sim/install/unitree_guide2', 'merge_install': False, 'path': '/home/giszterlab/USING/unitree_ros2_sim/unitree_guide2', 'symlink_install': False, 'test_result_base': None}
[0.628s] INFO:colcon.colcon_core.executor:Executing jobs using 'parallel' executor
[0.629s] DEBUG:colcon.colcon_parallel_executor.executor.parallel:run_until_complete
[0.630s] INFO:colcon.colcon_ros.task.ament_cmake.build:Building ROS package in '/home/giszterlab/USING/unitree_ros2_sim/ros2_unitree_legged_msgs' with build type 'ament_cmake'
[0.630s] INFO:colcon.colcon_cmake.task.cmake.build:Building CMake package in '/home/giszterlab/USING/unitree_ros2_sim/ros2_unitree_legged_msgs'
[0.635s] INFO:colcon.colcon_core.plugin_system:Skipping extension 'colcon_core.shell.bat': Not used on non-Windows systems
[0.635s] INFO:colcon.colcon_core.shell:Skip shell extension 'powershell' for command environment: Not usable outside of PowerShell
[0.635s] DEBUG:colcon.colcon_core.shell:Skip shell extension 'dsv' for command environment
[0.639s] INFO:colcon.colcon_ros.task.ament_cmake.build:Building ROS package in '/home/giszterlab/USING/unitree_ros2_sim/go1_sim/go1_description' with build type 'ament_cmake'
[0.639s] INFO:colcon.colcon_cmake.task.cmake.build:Building CMake package in '/home/giszterlab/USING/unitree_ros2_sim/go1_sim/go1_description'
[0.640s] INFO:colcon.colcon_core.shell:Skip shell extension 'powershell' for command environment: Not usable outside of PowerShell
[0.640s] DEBUG:colcon.colcon_core.shell:Skip shell extension 'dsv' for command environment
[0.643s] INFO:colcon.colcon_ros.task.ament_cmake.build:Building ROS package in '/home/giszterlab/USING/unitree_ros2_sim/go1_sim/go1_gazebo' with build type 'ament_cmake'
[0.643s] INFO:colcon.colcon_cmake.task.cmake.build:Building CMake package in '/home/giszterlab/USING/unitree_ros2_sim/go1_sim/go1_gazebo'
[0.643s] INFO:colcon.colcon_core.shell:Skip shell extension 'powershell' for command environment: Not usable outside of PowerShell
[0.644s] DEBUG:colcon.colcon_core.shell:Skip shell extension 'dsv' for command environment
[0.647s] INFO:colcon.colcon_ros.task.ament_python.build:Building ROS package in '/home/giszterlab/USING/unitree_ros2_sim/go1_sim/go1_navigation' with build type 'ament_python'
[0.647s] Level 1:colcon.colcon_core.shell:create_environment_hook('go1_navigation', 'ament_prefix_path')
[0.647s] INFO:colcon.colcon_core.shell:Creating environment hook '/home/giszterlab/USING/unitree_ros2_sim/install/go1_navigation/share/go1_navigation/hook/ament_prefix_path.ps1'
[0.648s] INFO:colcon.colcon_core.shell:Creating environment descriptor '/home/giszterlab/USING/unitree_ros2_sim/install/go1_navigation/share/go1_navigation/hook/ament_prefix_path.dsv'
[0.649s] INFO:colcon.colcon_core.shell:Creating environment hook '/home/giszterlab/USING/unitree_ros2_sim/install/go1_navigation/share/go1_navigation/hook/ament_prefix_path.sh'
[0.650s] INFO:colcon.colcon_core.shell:Skip shell extension 'powershell' for command environment: Not usable outside of PowerShell
[0.650s] DEBUG:colcon.colcon_core.shell:Skip shell extension 'dsv' for command environment
[0.652s] INFO:colcon.colcon_ros.task.ament_cmake.build:Building ROS package in '/home/giszterlab/USING/unitree_ros2_sim/robotic_control' with build type 'ament_cmake'
[0.652s] INFO:colcon.colcon_cmake.task.cmake.build:Building CMake package in '/home/giszterlab/USING/unitree_ros2_sim/robotic_control'
[0.653s] INFO:colcon.colcon_core.shell:Skip shell extension 'powershell' for command environment: Not usable outside of PowerShell
[0.653s] DEBUG:colcon.colcon_core.shell:Skip shell extension 'dsv' for command environment
[0.662s] DEBUG:colcon.colcon_core.event_handler.log_command:Invoking command in '/home/giszterlab/USING/unitree_ros2_sim/build/ros2_unitree_legged_msgs': CMAKE_PREFIX_PATH=${CMAKE_PREFIX_PATH}:/opt/ros/humble /usr/bin/cmake --build /home/giszterlab/USING/unitree_ros2_sim/build/ros2_unitree_legged_msgs -- -j8 -l8
[0.668s] DEBUG:colcon.colcon_core.event_handler.log_command:Invoking command in '/home/giszterlab/USING/unitree_ros2_sim/build/go1_description': CMAKE_PREFIX_PATH=${CMAKE_PREFIX_PATH}:/opt/ros/humble /usr/bin/cmake --build /home/giszterlab/USING/unitree_ros2_sim/build/go1_description -- -j8 -l8
[0.672s] DEBUG:colcon.colcon_core.event_handler.log_command:Invoking command in '/home/giszterlab/USING/unitree_ros2_sim/build/go1_gazebo': CMAKE_PREFIX_PATH=${CMAKE_PREFIX_PATH}:/opt/ros/humble /usr/bin/cmake --build /home/giszterlab/USING/unitree_ros2_sim/build/go1_gazebo -- -j8 -l8
[1.107s] INFO:colcon.colcon_core.task.python.build:Building Python package in '/home/giszterlab/USING/unitree_ros2_sim/go1_sim/go1_navigation'
[1.107s] INFO:colcon.colcon_core.shell:Skip shell extension 'powershell' for command environment: Not usable outside of PowerShell
[1.107s] DEBUG:colcon.colcon_core.shell:Skip shell extension 'dsv' for command environment
[1.115s] DEBUG:colcon.colcon_core.event_handler.log_command:Invoking command in '/home/giszterlab/USING/unitree_ros2_sim/build/robotic_control': CMAKE_PREFIX_PATH=${CMAKE_PREFIX_PATH}:/opt/ros/humble /usr/bin/cmake --build /home/giszterlab/USING/unitree_ros2_sim/build/robotic_control -- -j8 -l8
[1.122s] DEBUG:colcon.colcon_core.event_handler.log_command:Invoked command in '/home/giszterlab/USING/unitree_ros2_sim/build/go1_gazebo' returned '0': CMAKE_PREFIX_PATH=${CMAKE_PREFIX_PATH}:/opt/ros/humble /usr/bin/cmake --build /home/giszterlab/USING/unitree_ros2_sim/build/go1_gazebo -- -j8 -l8
[1.131s] DEBUG:colcon.colcon_core.event_handler.log_command:Invoking command in '/home/giszterlab/USING/unitree_ros2_sim/build/go1_gazebo': CMAKE_PREFIX_PATH=${CMAKE_PREFIX_PATH}:/opt/ros/humble /usr/bin/cmake --install /home/giszterlab/USING/unitree_ros2_sim/build/go1_gazebo
[1.132s] DEBUG:colcon.colcon_core.event_handler.log_command:Invoked command in '/home/giszterlab/USING/unitree_ros2_sim/build/go1_description' returned '0': CMAKE_PREFIX_PATH=${CMAKE_PREFIX_PATH}:/opt/ros/humble /usr/bin/cmake --build /home/giszterlab/USING/unitree_ros2_sim/build/go1_description -- -j8 -l8
[1.135s] DEBUG:colcon.colcon_core.event_handler.log_command:Invoking command in '/home/giszterlab/USING/unitree_ros2_sim/build/go1_description': CMAKE_PREFIX_PATH=${CMAKE_PREFIX_PATH}:/opt/ros/humble /usr/bin/cmake --install /home/giszterlab/USING/unitree_ros2_sim/build/go1_description
[1.152s] Level 1:colcon.colcon_core.environment:create_environment_scripts_only(go1_gazebo)
[1.157s] DEBUG:colcon.colcon_core.event_handler.log_command:Invoked command in '/home/giszterlab/USING/unitree_ros2_sim/build/go1_gazebo' returned '0': CMAKE_PREFIX_PATH=${CMAKE_PREFIX_PATH}:/opt/ros/humble /usr/bin/cmake --install /home/giszterlab/USING/unitree_ros2_sim/build/go1_gazebo
[1.165s] Level 1:colcon.colcon_core.environment:checking '/home/giszterlab/USING/unitree_ros2_sim/install/go1_gazebo' for CMake module files
[1.166s] Level 1:colcon.colcon_core.environment:checking '/home/giszterlab/USING/unitree_ros2_sim/install/go1_gazebo' for CMake config files
[1.166s] Level 1:colcon.colcon_core.shell:create_environment_hook('go1_gazebo', 'cmake_prefix_path')
[1.167s] INFO:colcon.colcon_core.shell:Creating environment hook '/home/giszterlab/USING/unitree_ros2_sim/install/go1_gazebo/share/go1_gazebo/hook/cmake_prefix_path.ps1'
[1.167s] INFO:colcon.colcon_core.shell:Creating environment descriptor '/home/giszterlab/USING/unitree_ros2_sim/install/go1_gazebo/share/go1_gazebo/hook/cmake_prefix_path.dsv'
[1.168s] INFO:colcon.colcon_core.shell:Creating environment hook '/home/giszterlab/USING/unitree_ros2_sim/install/go1_gazebo/share/go1_gazebo/hook/cmake_prefix_path.sh'
[1.169s] Level 1:colcon.colcon_core.environment:checking '/home/giszterlab/USING/unitree_ros2_sim/install/go1_gazebo/bin'
[1.169s] Level 1:colcon.colcon_core.environment:checking '/home/giszterlab/USING/unitree_ros2_sim/install/go1_gazebo/lib/pkgconfig/go1_gazebo.pc'
[1.169s] Level 1:colcon.colcon_core.environment:checking '/home/giszterlab/USING/unitree_ros2_sim/install/go1_gazebo/lib/python3.10/site-packages'
[1.170s] Level 1:colcon.colcon_core.environment:checking '/home/giszterlab/USING/unitree_ros2_sim/install/go1_gazebo/bin'
[1.170s] INFO:colcon.colcon_core.shell:Creating package script '/home/giszterlab/USING/unitree_ros2_sim/install/go1_gazebo/share/go1_gazebo/package.ps1'
[1.172s] INFO:colcon.colcon_core.shell:Creating package descriptor '/home/giszterlab/USING/unitree_ros2_sim/install/go1_gazebo/share/go1_gazebo/package.dsv'
[1.173s] INFO:colcon.colcon_core.shell:Creating package script '/home/giszterlab/USING/unitree_ros2_sim/install/go1_gazebo/share/go1_gazebo/package.sh'
[1.175s] INFO:colcon.colcon_core.shell:Creating package script '/home/giszterlab/USING/unitree_ros2_sim/install/go1_gazebo/share/go1_gazebo/package.bash'
[1.177s] INFO:colcon.colcon_core.shell:Creating package script '/home/giszterlab/USING/unitree_ros2_sim/install/go1_gazebo/share/go1_gazebo/package.zsh'
[1.178s] Level 1:colcon.colcon_core.environment:create_file_with_runtime_dependencies(/home/giszterlab/USING/unitree_ros2_sim/install/go1_gazebo/share/colcon-core/packages/go1_gazebo)
[1.179s] Level 1:colcon.colcon_core.environment:create_environment_scripts_only(go1_gazebo)
[1.179s] Level 1:colcon.colcon_core.environment:checking '/home/giszterlab/USING/unitree_ros2_sim/install/go1_gazebo' for CMake module files
[1.180s] Level 1:colcon.colcon_core.environment:checking '/home/giszterlab/USING/unitree_ros2_sim/install/go1_gazebo' for CMake config files
[1.181s] Level 1:colcon.colcon_core.shell:create_environment_hook('go1_gazebo', 'cmake_prefix_path')
[1.181s] INFO:colcon.colcon_core.shell:Creating environment hook '/home/giszterlab/USING/unitree_ros2_sim/install/go1_gazebo/share/go1_gazebo/hook/cmake_prefix_path.ps1'
[1.182s] INFO:colcon.colcon_core.shell:Creating environment descriptor '/home/giszterlab/USING/unitree_ros2_sim/install/go1_gazebo/share/go1_gazebo/hook/cmake_prefix_path.dsv'
[1.182s] INFO:colcon.colcon_core.shell:Creating environment hook '/home/giszterlab/USING/unitree_ros2_sim/install/go1_gazebo/share/go1_gazebo/hook/cmake_prefix_path.sh'
[1.183s] Level 1:colcon.colcon_core.environment:checking '/home/giszterlab/USING/unitree_ros2_sim/install/go1_gazebo/bin'
[1.183s] Level 1:colcon.colcon_core.environment:checking '/home/giszterlab/USING/unitree_ros2_sim/install/go1_gazebo/lib/pkgconfig/go1_gazebo.pc'
[1.183s] Level 1:colcon.colcon_core.environment:checking '/home/giszterlab/USING/unitree_ros2_sim/install/go1_gazebo/lib/python3.10/site-packages'
[1.184s] Level 1:colcon.colcon_core.environment:checking '/home/giszterlab/USING/unitree_ros2_sim/install/go1_gazebo/bin'
[1.184s] INFO:colcon.colcon_core.shell:Creating package script '/home/giszterlab/USING/unitree_ros2_sim/install/go1_gazebo/share/go1_gazebo/package.ps1'
[1.185s] INFO:colcon.colcon_core.shell:Creating package descriptor '/home/giszterlab/USING/unitree_ros2_sim/install/go1_gazebo/share/go1_gazebo/package.dsv'
[1.185s] INFO:colcon.colcon_core.shell:Creating package script '/home/giszterlab/USING/unitree_ros2_sim/install/go1_gazebo/share/go1_gazebo/package.sh'
[1.186s] INFO:colcon.colcon_core.shell:Creating package script '/home/giszterlab/USING/unitree_ros2_sim/install/go1_gazebo/share/go1_gazebo/package.bash'
[1.187s] INFO:colcon.colcon_core.shell:Creating package script '/home/giszterlab/USING/unitree_ros2_sim/install/go1_gazebo/share/go1_gazebo/package.zsh'
[1.187s] Level 1:colcon.colcon_core.environment:create_file_with_runtime_dependencies(/home/giszterlab/USING/unitree_ros2_sim/install/go1_gazebo/share/colcon-core/packages/go1_gazebo)
[1.189s] Level 1:colcon.colcon_core.environment:create_environment_scripts_only(go1_description)
[1.189s] Level 1:colcon.colcon_core.environment:checking '/home/giszterlab/USING/unitree_ros2_sim/install/go1_description' for CMake module files
[1.190s] DEBUG:colcon.colcon_core.event_handler.log_command:Invoked command in '/home/giszterlab/USING/unitree_ros2_sim/build/go1_description' returned '0': CMAKE_PREFIX_PATH=${CMAKE_PREFIX_PATH}:/opt/ros/humble /usr/bin/cmake --install /home/giszterlab/USING/unitree_ros2_sim/build/go1_description
[1.191s] Level 1:colcon.colcon_core.environment:checking '/home/giszterlab/USING/unitree_ros2_sim/install/go1_description' for CMake config files
[1.191s] Level 1:colcon.colcon_core.shell:create_environment_hook('go1_description', 'cmake_prefix_path')
[1.191s] INFO:colcon.colcon_core.shell:Creating environment hook '/home/giszterlab/USING/unitree_ros2_sim/install/go1_description/share/go1_description/hook/cmake_prefix_path.ps1'
[1.192s] INFO:colcon.colcon_core.shell:Creating environment descriptor '/home/giszterlab/USING/unitree_ros2_sim/install/go1_description/share/go1_description/hook/cmake_prefix_path.dsv'
[1.193s] INFO:colcon.colcon_core.shell:Creating environment hook '/home/giszterlab/USING/unitree_ros2_sim/install/go1_description/share/go1_description/hook/cmake_prefix_path.sh'
[1.193s] Level 1:colcon.colcon_core.environment:checking '/home/giszterlab/USING/unitree_ros2_sim/install/go1_description/bin'
[1.194s] Level 1:colcon.colcon_core.environment:checking '/home/giszterlab/USING/unitree_ros2_sim/install/go1_description/lib/pkgconfig/go1_description.pc'
[1.194s] Level 1:colcon.colcon_core.environment:checking '/home/giszterlab/USING/unitree_ros2_sim/install/go1_description/lib/python3.10/site-packages'
[1.194s] Level 1:colcon.colcon_core.environment:checking '/home/giszterlab/USING/unitree_ros2_sim/install/go1_description/bin'
[1.195s] INFO:colcon.colcon_core.shell:Creating package script '/home/giszterlab/USING/unitree_ros2_sim/install/go1_description/share/go1_description/package.ps1'
[1.195s] INFO:colcon.colcon_core.shell:Creating package descriptor '/home/giszterlab/USING/unitree_ros2_sim/install/go1_description/share/go1_description/package.dsv'
[1.196s] INFO:colcon.colcon_core.shell:Creating package script '/home/giszterlab/USING/unitree_ros2_sim/install/go1_description/share/go1_description/package.sh'
[1.197s] INFO:colcon.colcon_core.shell:Creating package script '/home/giszterlab/USING/unitree_ros2_sim/install/go1_description/share/go1_description/package.bash'
[1.197s] INFO:colcon.colcon_core.shell:Creating package script '/home/giszterlab/USING/unitree_ros2_sim/install/go1_description/share/go1_description/package.zsh'
[1.198s] Level 1:colcon.colcon_core.environment:create_file_with_runtime_dependencies(/home/giszterlab/USING/unitree_ros2_sim/install/go1_description/share/colcon-core/packages/go1_description)
[1.198s] Level 1:colcon.colcon_core.environment:create_environment_scripts_only(go1_description)
[1.199s] Level 1:colcon.colcon_core.environment:checking '/home/giszterlab/USING/unitree_ros2_sim/install/go1_description' for CMake module files
[1.199s] Level 1:colcon.colcon_core.environment:checking '/home/giszterlab/USING/unitree_ros2_sim/install/go1_description' for CMake config files
[1.200s] Level 1:colcon.colcon_core.shell:create_environment_hook('go1_description', 'cmake_prefix_path')
[1.200s] INFO:colcon.colcon_core.shell:Creating environment hook '/home/giszterlab/USING/unitree_ros2_sim/install/go1_description/share/go1_description/hook/cmake_prefix_path.ps1'
[1.200s] INFO:colcon.colcon_core.shell:Creating environment descriptor '/home/giszterlab/USING/unitree_ros2_sim/install/go1_description/share/go1_description/hook/cmake_prefix_path.dsv'
[1.201s] INFO:colcon.colcon_core.shell:Creating environment hook '/home/giszterlab/USING/unitree_ros2_sim/install/go1_description/share/go1_description/hook/cmake_prefix_path.sh'
[1.201s] Level 1:colcon.colcon_core.environment:checking '/home/giszterlab/USING/unitree_ros2_sim/install/go1_description/bin'
[1.201s] Level 1:colcon.colcon_core.environment:checking '/home/giszterlab/USING/unitree_ros2_sim/install/go1_description/lib/pkgconfig/go1_description.pc'
[1.201s] Level 1:colcon.colcon_core.environment:checking '/home/giszterlab/USING/unitree_ros2_sim/install/go1_description/lib/python3.10/site-packages'
[1.202s] Level 1:colcon.colcon_core.environment:checking '/home/giszterlab/USING/unitree_ros2_sim/install/go1_description/bin'
[1.202s] INFO:colcon.colcon_core.shell:Creating package script '/home/giszterlab/USING/unitree_ros2_sim/install/go1_description/share/go1_description/package.ps1'
[1.203s] INFO:colcon.colcon_core.shell:Creating package descriptor '/home/giszterlab/USING/unitree_ros2_sim/install/go1_description/share/go1_description/package.dsv'
[1.203s] INFO:colcon.colcon_core.shell:Creating package script '/home/giszterlab/USING/unitree_ros2_sim/install/go1_description/share/go1_description/package.sh'
[1.204s] INFO:colcon.colcon_core.shell:Creating package script '/home/giszterlab/USING/unitree_ros2_sim/install/go1_description/share/go1_description/package.bash'
[1.204s] INFO:colcon.colcon_core.shell:Creating package script '/home/giszterlab/USING/unitree_ros2_sim/install/go1_description/share/go1_description/package.zsh'
[1.205s] Level 1:colcon.colcon_core.environment:create_file_with_runtime_dependencies(/home/giszterlab/USING/unitree_ros2_sim/install/go1_description/share/colcon-core/packages/go1_description)
[1.207s] DEBUG:colcon.colcon_core.event_handler.log_command:Invoked command in '/home/giszterlab/USING/unitree_ros2_sim/build/ros2_unitree_legged_msgs' returned '0': CMAKE_PREFIX_PATH=${CMAKE_PREFIX_PATH}:/opt/ros/humble /usr/bin/cmake --build /home/giszterlab/USING/unitree_ros2_sim/build/ros2_unitree_legged_msgs -- -j8 -l8
[1.209s] DEBUG:colcon.colcon_core.event_handler.log_command:Invoking command in '/home/giszterlab/USING/unitree_ros2_sim/build/ros2_unitree_legged_msgs': CMAKE_PREFIX_PATH=${CMAKE_PREFIX_PATH}:/opt/ros/humble /usr/bin/cmake --install /home/giszterlab/USING/unitree_ros2_sim/build/ros2_unitree_legged_msgs
[1.245s] DEBUG:colcon.colcon_core.event_handler.log_command:Invoked command in '/home/giszterlab/USING/unitree_ros2_sim/build/robotic_control' returned '0': CMAKE_PREFIX_PATH=${CMAKE_PREFIX_PATH}:/opt/ros/humble /usr/bin/cmake --build /home/giszterlab/USING/unitree_ros2_sim/build/robotic_control -- -j8 -l8
[1.251s] DEBUG:colcon.colcon_core.event_handler.log_command:Invoking command in '/home/giszterlab/USING/unitree_ros2_sim/build/robotic_control': CMAKE_PREFIX_PATH=${CMAKE_PREFIX_PATH}:/opt/ros/humble /usr/bin/cmake --install /home/giszterlab/USING/unitree_ros2_sim/build/robotic_control
[1.258s] Level 1:colcon.colcon_core.environment:create_environment_scripts_only(robotic_control)
[1.259s] Level 1:colcon.colcon_core.environment:checking '/home/giszterlab/USING/unitree_ros2_sim/install/robotic_control' for CMake module files
[1.260s] Level 1:colcon.colcon_core.environment:checking '/home/giszterlab/USING/unitree_ros2_sim/install/robotic_control' for CMake config files
[1.264s] DEBUG:colcon.colcon_core.event_handler.log_command:Invoked command in '/home/giszterlab/USING/unitree_ros2_sim/build/robotic_control' returned '0': CMAKE_PREFIX_PATH=${CMAKE_PREFIX_PATH}:/opt/ros/humble /usr/bin/cmake --install /home/giszterlab/USING/unitree_ros2_sim/build/robotic_control
[1.265s] Level 1:colcon.colcon_core.shell:create_environment_hook('robotic_control', 'cmake_prefix_path')
[1.265s] INFO:colcon.colcon_core.shell:Creating environment hook '/home/giszterlab/USING/unitree_ros2_sim/install/robotic_control/share/robotic_control/hook/cmake_prefix_path.ps1'
[1.266s] INFO:colcon.colcon_core.shell:Creating environment descriptor '/home/giszterlab/USING/unitree_ros2_sim/install/robotic_control/share/robotic_control/hook/cmake_prefix_path.dsv'
[1.267s] INFO:colcon.colcon_core.shell:Creating environment hook '/home/giszterlab/USING/unitree_ros2_sim/install/robotic_control/share/robotic_control/hook/cmake_prefix_path.sh'
[1.267s] Level 1:colcon.colcon_core.environment:checking '/home/giszterlab/USING/unitree_ros2_sim/install/robotic_control/lib'
[1.268s] Level 1:colcon.colcon_core.environment:checking '/home/giszterlab/USING/unitree_ros2_sim/install/robotic_control/bin'
[1.268s] Level 1:colcon.colcon_core.environment:checking '/home/giszterlab/USING/unitree_ros2_sim/install/robotic_control/lib/pkgconfig/robotic_control.pc'
[1.268s] Level 1:colcon.colcon_core.environment:checking '/home/giszterlab/USING/unitree_ros2_sim/install/robotic_control/lib/python3.10/site-packages'
[1.269s] Level 1:colcon.colcon_core.environment:checking '/home/giszterlab/USING/unitree_ros2_sim/install/robotic_control/bin'
[1.269s] INFO:colcon.colcon_core.shell:Creating package script '/home/giszterlab/USING/unitree_ros2_sim/install/robotic_control/share/robotic_control/package.ps1'
[1.270s] INFO:colcon.colcon_core.shell:Creating package descriptor '/home/giszterlab/USING/unitree_ros2_sim/install/robotic_control/share/robotic_control/package.dsv'
[1.272s] INFO:colcon.colcon_core.shell:Creating package script '/home/giszterlab/USING/unitree_ros2_sim/install/robotic_control/share/robotic_control/package.sh'
[1.272s] INFO:colcon.colcon_core.shell:Creating package script '/home/giszterlab/USING/unitree_ros2_sim/install/robotic_control/share/robotic_control/package.bash'
[1.273s] INFO:colcon.colcon_core.shell:Creating package script '/home/giszterlab/USING/unitree_ros2_sim/install/robotic_control/share/robotic_control/package.zsh'
[1.274s] Level 1:colcon.colcon_core.environment:create_file_with_runtime_dependencies(/home/giszterlab/USING/unitree_ros2_sim/install/robotic_control/share/colcon-core/packages/robotic_control)
[1.275s] Level 1:colcon.colcon_core.environment:create_environment_scripts_only(robotic_control)
[1.275s] Level 1:colcon.colcon_core.environment:checking '/home/giszterlab/USING/unitree_ros2_sim/install/robotic_control' for CMake module files
[1.276s] Level 1:colcon.colcon_core.environment:checking '/home/giszterlab/USING/unitree_ros2_sim/install/robotic_control' for CMake config files
[1.276s] Level 1:colcon.colcon_core.shell:create_environment_hook('robotic_control', 'cmake_prefix_path')
[1.276s] INFO:colcon.colcon_core.shell:Creating environment hook '/home/giszterlab/USING/unitree_ros2_sim/install/robotic_control/share/robotic_control/hook/cmake_prefix_path.ps1'
[1.277s] INFO:colcon.colcon_core.shell:Creating environment descriptor '/home/giszterlab/USING/unitree_ros2_sim/install/robotic_control/share/robotic_control/hook/cmake_prefix_path.dsv'
[1.278s] INFO:colcon.colcon_core.shell:Creating environment hook '/home/giszterlab/USING/unitree_ros2_sim/install/robotic_control/share/robotic_control/hook/cmake_prefix_path.sh'
[1.279s] Level 1:colcon.colcon_core.environment:checking '/home/giszterlab/USING/unitree_ros2_sim/install/robotic_control/lib'
[1.279s] Level 1:colcon.colcon_core.environment:checking '/home/giszterlab/USING/unitree_ros2_sim/install/robotic_control/bin'
[1.279s] Level 1:colcon.colcon_core.environment:checking '/home/giszterlab/USING/unitree_ros2_sim/install/robotic_control/lib/pkgconfig/robotic_control.pc'
[1.279s] Level 1:colcon.colcon_core.environment:checking '/home/giszterlab/USING/unitree_ros2_sim/install/robotic_control/lib/python3.10/site-packages'
[1.280s] Level 1:colcon.colcon_core.environment:checking '/home/giszterlab/USING/unitree_ros2_sim/install/robotic_control/bin'
[1.280s] INFO:colcon.colcon_core.shell:Creating package script '/home/giszterlab/USING/unitree_ros2_sim/install/robotic_control/share/robotic_control/package.ps1'
[1.281s] INFO:colcon.colcon_core.shell:Creating package descriptor '/home/giszterlab/USING/unitree_ros2_sim/install/robotic_control/share/robotic_control/package.dsv'
[1.282s] INFO:colcon.colcon_core.shell:Creating package script '/home/giszterlab/USING/unitree_ros2_sim/install/robotic_control/share/robotic_control/package.sh'
[1.282s] INFO:colcon.colcon_core.shell:Creating package script '/home/giszterlab/USING/unitree_ros2_sim/install/robotic_control/share/robotic_control/package.bash'
[1.283s] INFO:colcon.colcon_core.shell:Creating package script '/home/giszterlab/USING/unitree_ros2_sim/install/robotic_control/share/robotic_control/package.zsh'
[1.284s] Level 1:colcon.colcon_core.environment:create_file_with_runtime_dependencies(/home/giszterlab/USING/unitree_ros2_sim/install/robotic_control/share/colcon-core/packages/robotic_control)
[1.320s] Level 1:colcon.colcon_core.environment:create_environment_scripts_only(ros2_unitree_legged_msgs)
[1.321s] Level 1:colcon.colcon_core.environment:checking '/home/giszterlab/USING/unitree_ros2_sim/install/ros2_unitree_legged_msgs' for CMake module files
[1.321s] DEBUG:colcon.colcon_core.event_handler.log_command:Invoked command in '/home/giszterlab/USING/unitree_ros2_sim/build/ros2_unitree_legged_msgs' returned '0': CMAKE_PREFIX_PATH=${CMAKE_PREFIX_PATH}:/opt/ros/humble /usr/bin/cmake --install /home/giszterlab/USING/unitree_ros2_sim/build/ros2_unitree_legged_msgs
[1.322s] Level 1:colcon.colcon_core.environment:checking '/home/giszterlab/USING/unitree_ros2_sim/install/ros2_unitree_legged_msgs' for CMake config files
[1.323s] Level 1:colcon.colcon_core.shell:create_environment_hook('ros2_unitree_legged_msgs', 'cmake_prefix_path')
[1.323s] INFO:colcon.colcon_core.shell:Creating environment hook '/home/giszterlab/USING/unitree_ros2_sim/install/ros2_unitree_legged_msgs/share/ros2_unitree_legged_msgs/hook/cmake_prefix_path.ps1'
[1.324s] INFO:colcon.colcon_core.shell:Creating environment descriptor '/home/giszterlab/USING/unitree_ros2_sim/install/ros2_unitree_legged_msgs/share/ros2_unitree_legged_msgs/hook/cmake_prefix_path.dsv'
[1.324s] INFO:colcon.colcon_core.shell:Creating environment hook '/home/giszterlab/USING/unitree_ros2_sim/install/ros2_unitree_legged_msgs/share/ros2_unitree_legged_msgs/hook/cmake_prefix_path.sh'
[1.325s] Level 1:colcon.colcon_core.environment:checking '/home/giszterlab/USING/unitree_ros2_sim/install/ros2_unitree_legged_msgs/lib'
[1.325s] Level 1:colcon.colcon_core.shell:create_environment_hook('ros2_unitree_legged_msgs', 'ld_library_path_lib')
[1.325s] INFO:colcon.colcon_core.shell:Creating environment hook '/home/giszterlab/USING/unitree_ros2_sim/install/ros2_unitree_legged_msgs/share/ros2_unitree_legged_msgs/hook/ld_library_path_lib.ps1'
[1.326s] INFO:colcon.colcon_core.shell:Creating environment descriptor '/home/giszterlab/USING/unitree_ros2_sim/install/ros2_unitree_legged_msgs/share/ros2_unitree_legged_msgs/hook/ld_library_path_lib.dsv'
[1.326s] INFO:colcon.colcon_core.shell:Creating environment hook '/home/giszterlab/USING/unitree_ros2_sim/install/ros2_unitree_legged_msgs/share/ros2_unitree_legged_msgs/hook/ld_library_path_lib.sh'
[1.327s] Level 1:colcon.colcon_core.environment:checking '/home/giszterlab/USING/unitree_ros2_sim/install/ros2_unitree_legged_msgs/bin'
[1.327s] Level 1:colcon.colcon_core.environment:checking '/home/giszterlab/USING/unitree_ros2_sim/install/ros2_unitree_legged_msgs/lib/pkgconfig/ros2_unitree_legged_msgs.pc'
[1.328s] Level 1:colcon.colcon_core.environment:checking '/home/giszterlab/USING/unitree_ros2_sim/install/ros2_unitree_legged_msgs/lib/python3.10/site-packages'
[1.328s] Level 1:colcon.colcon_core.environment:checking '/home/giszterlab/USING/unitree_ros2_sim/install/ros2_unitree_legged_msgs/bin'
[1.328s] INFO:colcon.colcon_core.shell:Creating package script '/home/giszterlab/USING/unitree_ros2_sim/install/ros2_unitree_legged_msgs/share/ros2_unitree_legged_msgs/package.ps1'
[1.329s] INFO:colcon.colcon_core.shell:Creating package descriptor '/home/giszterlab/USING/unitree_ros2_sim/install/ros2_unitree_legged_msgs/share/ros2_unitree_legged_msgs/package.dsv'
[1.330s] INFO:colcon.colcon_core.shell:Creating package script '/home/giszterlab/USING/unitree_ros2_sim/install/ros2_unitree_legged_msgs/share/ros2_unitree_legged_msgs/package.sh'
[1.330s] INFO:colcon.colcon_core.shell:Creating package script '/home/giszterlab/USING/unitree_ros2_sim/install/ros2_unitree_legged_msgs/share/ros2_unitree_legged_msgs/package.bash'
[1.331s] INFO:colcon.colcon_core.shell:Creating package script '/home/giszterlab/USING/unitree_ros2_sim/install/ros2_unitree_legged_msgs/share/ros2_unitree_legged_msgs/package.zsh'
[1.332s] Level 1:colcon.colcon_core.environment:create_file_with_runtime_dependencies(/home/giszterlab/USING/unitree_ros2_sim/install/ros2_unitree_legged_msgs/share/colcon-core/packages/ros2_unitree_legged_msgs)
[1.333s] Level 1:colcon.colcon_core.environment:create_environment_scripts_only(ros2_unitree_legged_msgs)
[1.333s] Level 1:colcon.colcon_core.environment:checking '/home/giszterlab/USING/unitree_ros2_sim/install/ros2_unitree_legged_msgs' for CMake module files
[1.334s] Level 1:colcon.colcon_core.environment:checking '/home/giszterlab/USING/unitree_ros2_sim/install/ros2_unitree_legged_msgs' for CMake config files
[1.334s] Level 1:colcon.colcon_core.shell:create_environment_hook('ros2_unitree_legged_msgs', 'cmake_prefix_path')
[1.335s] INFO:colcon.colcon_core.shell:Creating environment hook '/home/giszterlab/USING/unitree_ros2_sim/install/ros2_unitree_legged_msgs/share/ros2_unitree_legged_msgs/hook/cmake_prefix_path.ps1'
[1.335s] INFO:colcon.colcon_core.shell:Creating environment descriptor '/home/giszterlab/USING/unitree_ros2_sim/install/ros2_unitree_legged_msgs/share/ros2_unitree_legged_msgs/hook/cmake_prefix_path.dsv'
[1.336s] INFO:colcon.colcon_core.shell:Creating environment hook '/home/giszterlab/USING/unitree_ros2_sim/install/ros2_unitree_legged_msgs/share/ros2_unitree_legged_msgs/hook/cmake_prefix_path.sh'
[1.337s] Level 1:colcon.colcon_core.environment:checking '/home/giszterlab/USING/unitree_ros2_sim/install/ros2_unitree_legged_msgs/lib'
[1.337s] Level 1:colcon.colcon_core.shell:create_environment_hook('ros2_unitree_legged_msgs', 'ld_library_path_lib')
[1.337s] INFO:colcon.colcon_core.shell:Creating environment hook '/home/giszterlab/USING/unitree_ros2_sim/install/ros2_unitree_legged_msgs/share/ros2_unitree_legged_msgs/hook/ld_library_path_lib.ps1'
[1.338s] INFO:colcon.colcon_core.shell:Creating environment descriptor '/home/giszterlab/USING/unitree_ros2_sim/install/ros2_unitree_legged_msgs/share/ros2_unitree_legged_msgs/hook/ld_library_path_lib.dsv'
[1.338s] INFO:colcon.colcon_core.shell:Creating environment hook '/home/giszterlab/USING/unitree_ros2_sim/install/ros2_unitree_legged_msgs/share/ros2_unitree_legged_msgs/hook/ld_library_path_lib.sh'
[1.339s] Level 1:colcon.colcon_core.environment:checking '/home/giszterlab/USING/unitree_ros2_sim/install/ros2_unitree_legged_msgs/bin'
[1.339s] Level 1:colcon.colcon_core.environment:checking '/home/giszterlab/USING/unitree_ros2_sim/install/ros2_unitree_legged_msgs/lib/pkgconfig/ros2_unitree_legged_msgs.pc'
[1.339s] Level 1:colcon.colcon_core.environment:checking '/home/giszterlab/USING/unitree_ros2_sim/install/ros2_unitree_legged_msgs/lib/python3.10/site-packages'
[1.340s] Level 1:colcon.colcon_core.environment:checking '/home/giszterlab/USING/unitree_ros2_sim/install/ros2_unitree_legged_msgs/bin'
[1.340s] INFO:colcon.colcon_core.shell:Creating package script '/home/giszterlab/USING/unitree_ros2_sim/install/ros2_unitree_legged_msgs/share/ros2_unitree_legged_msgs/package.ps1'
[1.341s] INFO:colcon.colcon_core.shell:Creating package descriptor '/home/giszterlab/USING/unitree_ros2_sim/install/ros2_unitree_legged_msgs/share/ros2_unitree_legged_msgs/package.dsv'
[1.342s] INFO:colcon.colcon_core.shell:Creating package script '/home/giszterlab/USING/unitree_ros2_sim/install/ros2_unitree_legged_msgs/share/ros2_unitree_legged_msgs/package.sh'
[1.343s] INFO:colcon.colcon_core.shell:Creating package script '/home/giszterlab/USING/unitree_ros2_sim/install/ros2_unitree_legged_msgs/share/ros2_unitree_legged_msgs/package.bash'
[1.343s] INFO:colcon.colcon_core.shell:Creating package script '/home/giszterlab/USING/unitree_ros2_sim/install/ros2_unitree_legged_msgs/share/ros2_unitree_legged_msgs/package.zsh'
[1.344s] Level 1:colcon.colcon_core.environment:create_file_with_runtime_dependencies(/home/giszterlab/USING/unitree_ros2_sim/install/ros2_unitree_legged_msgs/share/colcon-core/packages/ros2_unitree_legged_msgs)
[1.344s] INFO:colcon.colcon_ros.task.ament_cmake.build:Building ROS package in '/home/giszterlab/USING/unitree_ros2_sim/ros2_unitree_legged_controller' with build type 'ament_cmake'
[1.345s] INFO:colcon.colcon_cmake.task.cmake.build:Building CMake package in '/home/giszterlab/USING/unitree_ros2_sim/ros2_unitree_legged_controller'
[1.345s] INFO:colcon.colcon_core.shell:Skip shell extension 'powershell' for command environment: Not usable outside of PowerShell
[1.345s] DEBUG:colcon.colcon_core.shell:Skip shell extension 'dsv' for command environment
[1.349s] INFO:colcon.colcon_ros.task.ament_cmake.build:Building ROS package in '/home/giszterlab/USING/unitree_ros2_sim/unitree_guide2' with build type 'ament_cmake'
[1.349s] INFO:colcon.colcon_cmake.task.cmake.build:Building CMake package in '/home/giszterlab/USING/unitree_ros2_sim/unitree_guide2'
[1.349s] INFO:colcon.colcon_core.shell:Skip shell extension 'powershell' for command environment: Not usable outside of PowerShell
[1.349s] DEBUG:colcon.colcon_core.shell:Skip shell extension 'dsv' for command environment
[1.358s] DEBUG:colcon.colcon_core.event_handler.log_command:Invoking command in '/home/giszterlab/USING/unitree_ros2_sim/build/ros2_unitree_legged_control': AMENT_PREFIX_PATH=/home/giszterlab/USING/unitree_ros2_sim/install/ros2_unitree_legged_msgs:${AMENT_PREFIX_PATH} CMAKE_PREFIX_PATH=/home/giszterlab/USING/unitree_ros2_sim/install/ros2_unitree_legged_msgs:/usr/local:/opt/ros/humble LD_LIBRARY_PATH=/home/giszterlab/USING/unitree_ros2_sim/install/ros2_unitree_legged_msgs/lib:${LD_LIBRARY_PATH} PYTHONPATH=/home/giszterlab/USING/unitree_ros2_sim/install/ros2_unitree_legged_msgs/local/lib/python3.10/dist-packages:${PYTHONPATH} /usr/bin/cmake --build /home/giszterlab/USING/unitree_ros2_sim/build/ros2_unitree_legged_control -- -j8 -l8
[1.364s] DEBUG:colcon.colcon_core.event_handler.log_command:Invoking command in '/home/giszterlab/USING/unitree_ros2_sim/build/unitree_guide2': AMENT_PREFIX_PATH=/home/giszterlab/USING/unitree_ros2_sim/install/ros2_unitree_legged_msgs:${AMENT_PREFIX_PATH} CMAKE_PREFIX_PATH=/home/giszterlab/USING/unitree_ros2_sim/install/ros2_unitree_legged_msgs:/usr/local:/opt/ros/humble LD_LIBRARY_PATH=/home/giszterlab/USING/unitree_ros2_sim/install/ros2_unitree_legged_msgs/lib:${LD_LIBRARY_PATH} PYTHONPATH=/home/giszterlab/USING/unitree_ros2_sim/install/ros2_unitree_legged_msgs/local/lib/python3.10/dist-packages:${PYTHONPATH} /usr/bin/cmake --build /home/giszterlab/USING/unitree_ros2_sim/build/unitree_guide2 -- -j8 -l8
[1.502s] DEBUG:colcon.colcon_core.event_handler.log_command:Invoked command in '/home/giszterlab/USING/unitree_ros2_sim/build/ros2_unitree_legged_control' returned '0': AMENT_PREFIX_PATH=/home/giszterlab/USING/unitree_ros2_sim/install/ros2_unitree_legged_msgs:${AMENT_PREFIX_PATH} CMAKE_PREFIX_PATH=/home/giszterlab/USING/unitree_ros2_sim/install/ros2_unitree_legged_msgs:/usr/local:/opt/ros/humble LD_LIBRARY_PATH=/home/giszterlab/USING/unitree_ros2_sim/install/ros2_unitree_legged_msgs/lib:${LD_LIBRARY_PATH} PYTHONPATH=/home/giszterlab/USING/unitree_ros2_sim/install/ros2_unitree_legged_msgs/local/lib/python3.10/dist-packages:${PYTHONPATH} /usr/bin/cmake --build /home/giszterlab/USING/unitree_ros2_sim/build/ros2_unitree_legged_control -- -j8 -l8
[1.504s] DEBUG:colcon.colcon_core.event_handler.log_command:Invoking command in '/home/giszterlab/USING/unitree_ros2_sim/build/ros2_unitree_legged_control': AMENT_PREFIX_PATH=/home/giszterlab/USING/unitree_ros2_sim/install/ros2_unitree_legged_msgs:${AMENT_PREFIX_PATH} CMAKE_PREFIX_PATH=/home/giszterlab/USING/unitree_ros2_sim/install/ros2_unitree_legged_msgs:/usr/local:/opt/ros/humble LD_LIBRARY_PATH=/home/giszterlab/USING/unitree_ros2_sim/install/ros2_unitree_legged_msgs/lib:${LD_LIBRARY_PATH} PYTHONPATH=/home/giszterlab/USING/unitree_ros2_sim/install/ros2_unitree_legged_msgs/local/lib/python3.10/dist-packages:${PYTHONPATH} /usr/bin/cmake --install /home/giszterlab/USING/unitree_ros2_sim/build/ros2_unitree_legged_control
[1.520s] Level 1:colcon.colcon_core.environment:create_environment_scripts_only(ros2_unitree_legged_control)
[1.520s] Level 1:colcon.colcon_core.environment:checking '/home/giszterlab/USING/unitree_ros2_sim/install/ros2_unitree_legged_control' for CMake module files
[1.521s] DEBUG:colcon.colcon_core.event_handler.log_command:Invoked command in '/home/giszterlab/USING/unitree_ros2_sim/build/ros2_unitree_legged_control' returned '0': AMENT_PREFIX_PATH=/home/giszterlab/USING/unitree_ros2_sim/install/ros2_unitree_legged_msgs:${AMENT_PREFIX_PATH} CMAKE_PREFIX_PATH=/home/giszterlab/USING/unitree_ros2_sim/install/ros2_unitree_legged_msgs:/usr/local:/opt/ros/humble LD_LIBRARY_PATH=/home/giszterlab/USING/unitree_ros2_sim/install/ros2_unitree_legged_msgs/lib:${LD_LIBRARY_PATH} PYTHONPATH=/home/giszterlab/USING/unitree_ros2_sim/install/ros2_unitree_legged_msgs/local/lib/python3.10/dist-packages:${PYTHONPATH} /usr/bin/cmake --install /home/giszterlab/USING/unitree_ros2_sim/build/ros2_unitree_legged_control
[1.522s] Level 1:colcon.colcon_core.environment:checking '/home/giszterlab/USING/unitree_ros2_sim/install/ros2_unitree_legged_control' for CMake config files
[1.522s] Level 1:colcon.colcon_core.shell:create_environment_hook('ros2_unitree_legged_control', 'cmake_prefix_path')
[1.522s] INFO:colcon.colcon_core.shell:Creating environment hook '/home/giszterlab/USING/unitree_ros2_sim/install/ros2_unitree_legged_control/share/ros2_unitree_legged_control/hook/cmake_prefix_path.ps1'
[1.523s] INFO:colcon.colcon_core.shell:Creating environment descriptor '/home/giszterlab/USING/unitree_ros2_sim/install/ros2_unitree_legged_control/share/ros2_unitree_legged_control/hook/cmake_prefix_path.dsv'
[1.524s] INFO:colcon.colcon_core.shell:Creating environment hook '/home/giszterlab/USING/unitree_ros2_sim/install/ros2_unitree_legged_control/share/ros2_unitree_legged_control/hook/cmake_prefix_path.sh'
[1.524s] Level 1:colcon.colcon_core.environment:checking '/home/giszterlab/USING/unitree_ros2_sim/install/ros2_unitree_legged_control/lib'
[1.525s] Level 1:colcon.colcon_core.environment:checking '/home/giszterlab/USING/unitree_ros2_sim/install/ros2_unitree_legged_control/bin'
[1.525s] Level 1:colcon.colcon_core.environment:checking '/home/giszterlab/USING/unitree_ros2_sim/install/ros2_unitree_legged_control/lib/pkgconfig/ros2_unitree_legged_control.pc'
[1.525s] Level 1:colcon.colcon_core.environment:checking '/home/giszterlab/USING/unitree_ros2_sim/install/ros2_unitree_legged_control/lib/python3.10/site-packages'
[1.525s] Level 1:colcon.colcon_core.environment:checking '/home/giszterlab/USING/unitree_ros2_sim/install/ros2_unitree_legged_control/bin'
[1.526s] INFO:colcon.colcon_core.shell:Creating package script '/home/giszterlab/USING/unitree_ros2_sim/install/ros2_unitree_legged_control/share/ros2_unitree_legged_control/package.ps1'
[1.527s] INFO:colcon.colcon_core.shell:Creating package descriptor '/home/giszterlab/USING/unitree_ros2_sim/install/ros2_unitree_legged_control/share/ros2_unitree_legged_control/package.dsv'
[1.527s] INFO:colcon.colcon_core.shell:Creating package script '/home/giszterlab/USING/unitree_ros2_sim/install/ros2_unitree_legged_control/share/ros2_unitree_legged_control/package.sh'
[1.528s] INFO:colcon.colcon_core.shell:Creating package script '/home/giszterlab/USING/unitree_ros2_sim/install/ros2_unitree_legged_control/share/ros2_unitree_legged_control/package.bash'
[1.529s] INFO:colcon.colcon_core.shell:Creating package script '/home/giszterlab/USING/unitree_ros2_sim/install/ros2_unitree_legged_control/share/ros2_unitree_legged_control/package.zsh'
[1.529s] Level 1:colcon.colcon_core.environment:create_file_with_runtime_dependencies(/home/giszterlab/USING/unitree_ros2_sim/install/ros2_unitree_legged_control/share/colcon-core/packages/ros2_unitree_legged_control)
[1.530s] Level 1:colcon.colcon_core.environment:create_environment_scripts_only(ros2_unitree_legged_control)
[1.530s] Level 1:colcon.colcon_core.environment:checking '/home/giszterlab/USING/unitree_ros2_sim/install/ros2_unitree_legged_control' for CMake module files
[1.531s] Level 1:colcon.colcon_core.environment:checking '/home/giszterlab/USING/unitree_ros2_sim/install/ros2_unitree_legged_control' for CMake config files
[1.531s] Level 1:colcon.colcon_core.shell:create_environment_hook('ros2_unitree_legged_control', 'cmake_prefix_path')
[1.532s] INFO:colcon.colcon_core.shell:Creating environment hook '/home/giszterlab/USING/unitree_ros2_sim/install/ros2_unitree_legged_control/share/ros2_unitree_legged_control/hook/cmake_prefix_path.ps1'
[1.532s] INFO:colcon.colcon_core.shell:Creating environment descriptor '/home/giszterlab/USING/unitree_ros2_sim/install/ros2_unitree_legged_control/share/ros2_unitree_legged_control/hook/cmake_prefix_path.dsv'
[1.533s] INFO:colcon.colcon_core.shell:Creating environment hook '/home/giszterlab/USING/unitree_ros2_sim/install/ros2_unitree_legged_control/share/ros2_unitree_legged_control/hook/cmake_prefix_path.sh'
[1.534s] Level 1:colcon.colcon_core.environment:checking '/home/giszterlab/USING/unitree_ros2_sim/install/ros2_unitree_legged_control/lib'
[1.534s] Level 1:colcon.colcon_core.environment:checking '/home/giszterlab/USING/unitree_ros2_sim/install/ros2_unitree_legged_control/bin'
[1.534s] Level 1:colcon.colcon_core.environment:checking '/home/giszterlab/USING/unitree_ros2_sim/install/ros2_unitree_legged_control/lib/pkgconfig/ros2_unitree_legged_control.pc'
[1.534s] Level 1:colcon.colcon_core.environment:checking '/home/giszterlab/USING/unitree_ros2_sim/install/ros2_unitree_legged_control/lib/python3.10/site-packages'
[1.535s] Level 1:colcon.colcon_core.environment:checking '/home/giszterlab/USING/unitree_ros2_sim/install/ros2_unitree_legged_control/bin'
[1.535s] INFO:colcon.colcon_core.shell:Creating package script '/home/giszterlab/USING/unitree_ros2_sim/install/ros2_unitree_legged_control/share/ros2_unitree_legged_control/package.ps1'
[1.536s] INFO:colcon.colcon_core.shell:Creating package descriptor '/home/giszterlab/USING/unitree_ros2_sim/install/ros2_unitree_legged_control/share/ros2_unitree_legged_control/package.dsv'
[1.536s] INFO:colcon.colcon_core.shell:Creating package script '/home/giszterlab/USING/unitree_ros2_sim/install/ros2_unitree_legged_control/share/ros2_unitree_legged_control/package.sh'
[1.537s] INFO:colcon.colcon_core.shell:Creating package script '/home/giszterlab/USING/unitree_ros2_sim/install/ros2_unitree_legged_control/share/ros2_unitree_legged_control/package.bash'
[1.537s] INFO:colcon.colcon_core.shell:Creating package script '/home/giszterlab/USING/unitree_ros2_sim/install/ros2_unitree_legged_control/share/ros2_unitree_legged_control/package.zsh'
[1.538s] Level 1:colcon.colcon_core.environment:create_file_with_runtime_dependencies(/home/giszterlab/USING/unitree_ros2_sim/install/ros2_unitree_legged_control/share/colcon-core/packages/ros2_unitree_legged_control)
[1.773s] DEBUG:colcon.colcon_core.event_handler.log_command:Invoking command in '/home/giszterlab/USING/unitree_ros2_sim/go1_sim/go1_navigation': PYTHONPATH=/home/giszterlab/USING/unitree_ros2_sim/build/go1_navigation/prefix_override:/usr/lib/python3/dist-packages/colcon_core/task/python/colcon_distutils_commands:/home/giszterlab/USING/unitree_ros2_sim/install/go1_navigation/lib/python3.10/site-packages:${PYTHONPATH} /usr/bin/python3 -W ignore:setup.py install is deprecated -W ignore:easy_install command is deprecated setup.py egg_info --egg-base ../../build/go1_navigation build --build-base /home/giszterlab/USING/unitree_ros2_sim/build/go1_navigation/build install --record /home/giszterlab/USING/unitree_ros2_sim/build/go1_navigation/install.log --single-version-externally-managed install_data
[2.234s] Level 1:colcon.colcon_core.environment:checking '/home/giszterlab/USING/unitree_ros2_sim/install/go1_navigation' for CMake module files
[2.234s] DEBUG:colcon.colcon_core.event_handler.log_command:Invoked command in '/home/giszterlab/USING/unitree_ros2_sim/go1_sim/go1_navigation' returned '0': PYTHONPATH=/home/giszterlab/USING/unitree_ros2_sim/build/go1_navigation/prefix_override:/usr/lib/python3/dist-packages/colcon_core/task/python/colcon_distutils_commands:/home/giszterlab/USING/unitree_ros2_sim/install/go1_navigation/lib/python3.10/site-packages:${PYTHONPATH} /usr/bin/python3 -W ignore:setup.py install is deprecated -W ignore:easy_install command is deprecated setup.py egg_info --egg-base ../../build/go1_navigation build --build-base /home/giszterlab/USING/unitree_ros2_sim/build/go1_navigation/build install --record /home/giszterlab/USING/unitree_ros2_sim/build/go1_navigation/install.log --single-version-externally-managed install_data
[2.235s] Level 1:colcon.colcon_core.environment:checking '/home/giszterlab/USING/unitree_ros2_sim/install/go1_navigation' for CMake config files
[2.236s] Level 1:colcon.colcon_core.environment:checking '/home/giszterlab/USING/unitree_ros2_sim/install/go1_navigation/lib'
[2.236s] Level 1:colcon.colcon_core.environment:checking '/home/giszterlab/USING/unitree_ros2_sim/install/go1_navigation/bin'
[2.236s] Level 1:colcon.colcon_core.environment:checking '/home/giszterlab/USING/unitree_ros2_sim/install/go1_navigation/lib/pkgconfig/go1_navigation.pc'
[2.236s] Level 1:colcon.colcon_core.environment:checking '/home/giszterlab/USING/unitree_ros2_sim/install/go1_navigation/lib/python3.10/site-packages'
[2.236s] Level 1:colcon.colcon_core.shell:create_environment_hook('go1_navigation', 'pythonpath')
[2.237s] INFO:colcon.colcon_core.shell:Creating environment hook '/home/giszterlab/USING/unitree_ros2_sim/install/go1_navigation/share/go1_navigation/hook/pythonpath.ps1'
[2.238s] INFO:colcon.colcon_core.shell:Creating environment descriptor '/home/giszterlab/USING/unitree_ros2_sim/install/go1_navigation/share/go1_navigation/hook/pythonpath.dsv'
[2.238s] INFO:colcon.colcon_core.shell:Creating environment hook '/home/giszterlab/USING/unitree_ros2_sim/install/go1_navigation/share/go1_navigation/hook/pythonpath.sh'
[2.239s] Level 1:colcon.colcon_core.environment:checking '/home/giszterlab/USING/unitree_ros2_sim/install/go1_navigation/bin'
[2.239s] Level 1:colcon.colcon_core.environment:create_environment_scripts_only(go1_navigation)
[2.240s] INFO:colcon.colcon_core.shell:Creating package script '/home/giszterlab/USING/unitree_ros2_sim/install/go1_navigation/share/go1_navigation/package.ps1'
[2.240s] INFO:colcon.colcon_core.shell:Creating package descriptor '/home/giszterlab/USING/unitree_ros2_sim/install/go1_navigation/share/go1_navigation/package.dsv'
[2.241s] INFO:colcon.colcon_core.shell:Creating package script '/home/giszterlab/USING/unitree_ros2_sim/install/go1_navigation/share/go1_navigation/package.sh'
[2.242s] INFO:colcon.colcon_core.shell:Creating package script '/home/giszterlab/USING/unitree_ros2_sim/install/go1_navigation/share/go1_navigation/package.bash'
[2.242s] INFO:colcon.colcon_core.shell:Creating package script '/home/giszterlab/USING/unitree_ros2_sim/install/go1_navigation/share/go1_navigation/package.zsh'
[2.243s] Level 1:colcon.colcon_core.environment:create_file_with_runtime_dependencies(/home/giszterlab/USING/unitree_ros2_sim/install/go1_navigation/share/colcon-core/packages/go1_navigation)
[10.198s] DEBUG:colcon.colcon_core.event_handler.log_command:Invoked command in '/home/giszterlab/USING/unitree_ros2_sim/build/unitree_guide2' returned '0': AMENT_PREFIX_PATH=/home/giszterlab/USING/unitree_ros2_sim/install/ros2_unitree_legged_msgs:${AMENT_PREFIX_PATH} CMAKE_PREFIX_PATH=/home/giszterlab/USING/unitree_ros2_sim/install/ros2_unitree_legged_msgs:/usr/local:/opt/ros/humble LD_LIBRARY_PATH=/home/giszterlab/USING/unitree_ros2_sim/install/ros2_unitree_legged_msgs/lib:${LD_LIBRARY_PATH} PYTHONPATH=/home/giszterlab/USING/unitree_ros2_sim/install/ros2_unitree_legged_msgs/local/lib/python3.10/dist-packages:${PYTHONPATH} /usr/bin/cmake --build /home/giszterlab/USING/unitree_ros2_sim/build/unitree_guide2 -- -j8 -l8
[10.201s] DEBUG:colcon.colcon_core.event_handler.log_command:Invoking command in '/home/giszterlab/USING/unitree_ros2_sim/build/unitree_guide2': AMENT_PREFIX_PATH=/home/giszterlab/USING/unitree_ros2_sim/install/ros2_unitree_legged_msgs:${AMENT_PREFIX_PATH} CMAKE_PREFIX_PATH=/home/giszterlab/USING/unitree_ros2_sim/install/ros2_unitree_legged_msgs:/usr/local:/opt/ros/humble LD_LIBRARY_PATH=/home/giszterlab/USING/unitree_ros2_sim/install/ros2_unitree_legged_msgs/lib:${LD_LIBRARY_PATH} PYTHONPATH=/home/giszterlab/USING/unitree_ros2_sim/install/ros2_unitree_legged_msgs/local/lib/python3.10/dist-packages:${PYTHONPATH} /usr/bin/cmake --install /home/giszterlab/USING/unitree_ros2_sim/build/unitree_guide2
[10.216s] Level 1:colcon.colcon_core.environment:create_environment_scripts_only(unitree_guide2)
[10.216s] Level 1:colcon.colcon_core.environment:checking '/home/giszterlab/USING/unitree_ros2_sim/install/unitree_guide2' for CMake module files
[10.217s] DEBUG:colcon.colcon_core.event_handler.log_command:Invoked command in '/home/giszterlab/USING/unitree_ros2_sim/build/unitree_guide2' returned '0': AMENT_PREFIX_PATH=/home/giszterlab/USING/unitree_ros2_sim/install/ros2_unitree_legged_msgs:${AMENT_PREFIX_PATH} CMAKE_PREFIX_PATH=/home/giszterlab/USING/unitree_ros2_sim/install/ros2_unitree_legged_msgs:/usr/local:/opt/ros/humble LD_LIBRARY_PATH=/home/giszterlab/USING/unitree_ros2_sim/install/ros2_unitree_legged_msgs/lib:${LD_LIBRARY_PATH} PYTHONPATH=/home/giszterlab/USING/unitree_ros2_sim/install/ros2_unitree_legged_msgs/local/lib/python3.10/dist-packages:${PYTHONPATH} /usr/bin/cmake --install /home/giszterlab/USING/unitree_ros2_sim/build/unitree_guide2
[10.218s] Level 1:colcon.colcon_core.environment:checking '/home/giszterlab/USING/unitree_ros2_sim/install/unitree_guide2' for CMake config files
[10.218s] Level 1:colcon.colcon_core.shell:create_environment_hook('unitree_guide2', 'cmake_prefix_path')
[10.218s] INFO:colcon.colcon_core.shell:Creating environment hook '/home/giszterlab/USING/unitree_ros2_sim/install/unitree_guide2/share/unitree_guide2/hook/cmake_prefix_path.ps1'
[10.219s] INFO:colcon.colcon_core.shell:Creating environment descriptor '/home/giszterlab/USING/unitree_ros2_sim/install/unitree_guide2/share/unitree_guide2/hook/cmake_prefix_path.dsv'
[10.219s] INFO:colcon.colcon_core.shell:Creating environment hook '/home/giszterlab/USING/unitree_ros2_sim/install/unitree_guide2/share/unitree_guide2/hook/cmake_prefix_path.sh'
[10.220s] Level 1:colcon.colcon_core.environment:checking '/home/giszterlab/USING/unitree_ros2_sim/install/unitree_guide2/lib'
[10.220s] Level 1:colcon.colcon_core.environment:checking '/home/giszterlab/USING/unitree_ros2_sim/install/unitree_guide2/bin'
[10.220s] Level 1:colcon.colcon_core.environment:checking '/home/giszterlab/USING/unitree_ros2_sim/install/unitree_guide2/lib/pkgconfig/unitree_guide2.pc'
[10.221s] Level 1:colcon.colcon_core.environment:checking '/home/giszterlab/USING/unitree_ros2_sim/install/unitree_guide2/lib/python3.10/site-packages'
[10.221s] Level 1:colcon.colcon_core.environment:checking '/home/giszterlab/USING/unitree_ros2_sim/install/unitree_guide2/bin'
[10.222s] INFO:colcon.colcon_core.shell:Creating package script '/home/giszterlab/USING/unitree_ros2_sim/install/unitree_guide2/share/unitree_guide2/package.ps1'
[10.222s] INFO:colcon.colcon_core.shell:Creating package descriptor '/home/giszterlab/USING/unitree_ros2_sim/install/unitree_guide2/share/unitree_guide2/package.dsv'
[10.223s] INFO:colcon.colcon_core.shell:Creating package script '/home/giszterlab/USING/unitree_ros2_sim/install/unitree_guide2/share/unitree_guide2/package.sh'
[10.223s] INFO:colcon.colcon_core.shell:Creating package script '/home/giszterlab/USING/unitree_ros2_sim/install/unitree_guide2/share/unitree_guide2/package.bash'
[10.224s] INFO:colcon.colcon_core.shell:Creating package script '/home/giszterlab/USING/unitree_ros2_sim/install/unitree_guide2/share/unitree_guide2/package.zsh'
[10.224s] Level 1:colcon.colcon_core.environment:create_file_with_runtime_dependencies(/home/giszterlab/USING/unitree_ros2_sim/install/unitree_guide2/share/colcon-core/packages/unitree_guide2)
[10.225s] Level 1:colcon.colcon_core.environment:create_environment_scripts_only(unitree_guide2)
[10.226s] Level 1:colcon.colcon_core.environment:checking '/home/giszterlab/USING/unitree_ros2_sim/install/unitree_guide2' for CMake module files
[10.226s] Level 1:colcon.colcon_core.environment:checking '/home/giszterlab/USING/unitree_ros2_sim/install/unitree_guide2' for CMake config files
[10.226s] Level 1:colcon.colcon_core.shell:create_environment_hook('unitree_guide2', 'cmake_prefix_path')
[10.227s] INFO:colcon.colcon_core.shell:Creating environment hook '/home/giszterlab/USING/unitree_ros2_sim/install/unitree_guide2/share/unitree_guide2/hook/cmake_prefix_path.ps1'
[10.227s] INFO:colcon.colcon_core.shell:Creating environment descriptor '/home/giszterlab/USING/unitree_ros2_sim/install/unitree_guide2/share/unitree_guide2/hook/cmake_prefix_path.dsv'
[10.228s] INFO:colcon.colcon_core.shell:Creating environment hook '/home/giszterlab/USING/unitree_ros2_sim/install/unitree_guide2/share/unitree_guide2/hook/cmake_prefix_path.sh'
[10.229s] Level 1:colcon.colcon_core.environment:checking '/home/giszterlab/USING/unitree_ros2_sim/install/unitree_guide2/lib'
[10.229s] Level 1:colcon.colcon_core.environment:checking '/home/giszterlab/USING/unitree_ros2_sim/install/unitree_guide2/bin'
[10.229s] Level 1:colcon.colcon_core.environment:checking '/home/giszterlab/USING/unitree_ros2_sim/install/unitree_guide2/lib/pkgconfig/unitree_guide2.pc'
[10.229s] Level 1:colcon.colcon_core.environment:checking '/home/giszterlab/USING/unitree_ros2_sim/install/unitree_guide2/lib/python3.10/site-packages'
[10.229s] Level 1:colcon.colcon_core.environment:checking '/home/giszterlab/USING/unitree_ros2_sim/install/unitree_guide2/bin'
[10.230s] INFO:colcon.colcon_core.shell:Creating package script '/home/giszterlab/USING/unitree_ros2_sim/install/unitree_guide2/share/unitree_guide2/package.ps1'
[10.230s] INFO:colcon.colcon_core.shell:Creating package descriptor '/home/giszterlab/USING/unitree_ros2_sim/install/unitree_guide2/share/unitree_guide2/package.dsv'
[10.231s] INFO:colcon.colcon_core.shell:Creating package script '/home/giszterlab/USING/unitree_ros2_sim/install/unitree_guide2/share/unitree_guide2/package.sh'
[10.232s] INFO:colcon.colcon_core.shell:Creating package script '/home/giszterlab/USING/unitree_ros2_sim/install/unitree_guide2/share/unitree_guide2/package.bash'
[10.232s] INFO:colcon.colcon_core.shell:Creating package script '/home/giszterlab/USING/unitree_ros2_sim/install/unitree_guide2/share/unitree_guide2/package.zsh'
[10.233s] Level 1:colcon.colcon_core.environment:create_file_with_runtime_dependencies(/home/giszterlab/USING/unitree_ros2_sim/install/unitree_guide2/share/colcon-core/packages/unitree_guide2)
[10.233s] DEBUG:colcon.colcon_parallel_executor.executor.parallel:closing loop
[10.234s] DEBUG:colcon.colcon_parallel_executor.executor.parallel:loop closed
[10.234s] DEBUG:colcon.colcon_parallel_executor.executor.parallel:run_until_complete finished with '0'
[10.234s] DEBUG:colcon.colcon_core.event_reactor:joining thread
[10.240s] INFO:colcon.colcon_core.plugin_system:Skipping extension 'colcon_notification.desktop_notification.terminal_notifier': Not used on non-Darwin systems
[10.240s] INFO:colcon.colcon_core.plugin_system:Skipping extension 'colcon_notification.desktop_notification.win32': Not used on non-Windows systems
[10.240s] INFO:colcon.colcon_notification.desktop_notification:Sending desktop notification using 'notify2'
[10.269s] DEBUG:colcon.colcon_core.event_reactor:joined thread
[10.269s] INFO:colcon.colcon_core.shell:Creating prefix script '/home/giszterlab/USING/unitree_ros2_sim/install/local_setup.ps1'
[10.270s] INFO:colcon.colcon_core.shell:Creating prefix util module '/home/giszterlab/USING/unitree_ros2_sim/install/_local_setup_util_ps1.py'
[10.272s] INFO:colcon.colcon_core.shell:Creating prefix chain script '/home/giszterlab/USING/unitree_ros2_sim/install/setup.ps1'
[10.276s] INFO:colcon.colcon_core.shell:Creating prefix script '/home/giszterlab/USING/unitree_ros2_sim/install/local_setup.sh'
[10.277s] INFO:colcon.colcon_core.shell:Creating prefix util module '/home/giszterlab/USING/unitree_ros2_sim/install/_local_setup_util_sh.py'
[10.277s] INFO:colcon.colcon_core.shell:Creating prefix chain script '/home/giszterlab/USING/unitree_ros2_sim/install/setup.sh'
[10.279s] INFO:colcon.colcon_core.shell:Creating prefix script '/home/giszterlab/USING/unitree_ros2_sim/install/local_setup.bash'
[10.280s] INFO:colcon.colcon_core.shell:Creating prefix chain script '/home/giszterlab/USING/unitree_ros2_sim/install/setup.bash'
[10.281s] INFO:colcon.colcon_core.shell:Creating prefix script '/home/giszterlab/USING/unitree_ros2_sim/install/local_setup.zsh'
[10.282s] INFO:colcon.colcon_core.shell:Creating prefix chain script '/home/giszterlab/USING/unitree_ros2_sim/install/setup.zsh'
