[0.011s] Invoking command in '/home/giszterlab/USING/unitree_ros2_sim/build/ros2_unitree_legged_control': AMENT_PREFIX_PATH=/home/giszterlab/USING/unitree_ros2_sim/install/ros2_unitree_legged_msgs:${AMENT_PREFIX_PATH} CMAKE_PREFIX_PATH=/home/giszterlab/USING/unitree_ros2_sim/install/ros2_unitree_legged_msgs:/usr/local:/opt/ros/humble LD_LIBRARY_PATH=/home/giszterlab/USING/unitree_ros2_sim/install/ros2_unitree_legged_msgs/lib:${LD_LIBRARY_PATH} PYTHONPATH=/home/giszterlab/USING/unitree_ros2_sim/install/ros2_unitree_legged_msgs/local/lib/python3.10/dist-packages:${PYTHONPATH} /usr/bin/cmake --build /home/giszterlab/USING/unitree_ros2_sim/build/ros2_unitree_legged_control -- -j8 -l8
[0.066s] [ 50%] Built target ros2_unitree_legged_control_parameters
[0.101s] [100%] Built target ros2_unitree_legged_control
[0.115s] Invoked command in '/home/giszterlab/USING/unitree_ros2_sim/build/ros2_unitree_legged_control' returned '0': AMENT_PREFIX_PATH=/home/giszterlab/USING/unitree_ros2_sim/install/ros2_unitree_legged_msgs:${AMENT_PREFIX_PATH} CMAKE_PREFIX_PATH=/home/giszterlab/USING/unitree_ros2_sim/install/ros2_unitree_legged_msgs:/usr/local:/opt/ros/humble LD_LIBRARY_PATH=/home/giszterlab/USING/unitree_ros2_sim/install/ros2_unitree_legged_msgs/lib:${LD_LIBRARY_PATH} PYTHONPATH=/home/giszterlab/USING/unitree_ros2_sim/install/ros2_unitree_legged_msgs/local/lib/python3.10/dist-packages:${PYTHONPATH} /usr/bin/cmake --build /home/giszterlab/USING/unitree_ros2_sim/build/ros2_unitree_legged_control -- -j8 -l8
[0.116s] Invoking command in '/home/giszterlab/USING/unitree_ros2_sim/build/ros2_unitree_legged_control': AMENT_PREFIX_PATH=/home/giszterlab/USING/unitree_ros2_sim/install/ros2_unitree_legged_msgs:${AMENT_PREFIX_PATH} CMAKE_PREFIX_PATH=/home/giszterlab/USING/unitree_ros2_sim/install/ros2_unitree_legged_msgs:/usr/local:/opt/ros/humble LD_LIBRARY_PATH=/home/giszterlab/USING/unitree_ros2_sim/install/ros2_unitree_legged_msgs/lib:${LD_LIBRARY_PATH} PYTHONPATH=/home/giszterlab/USING/unitree_ros2_sim/install/ros2_unitree_legged_msgs/local/lib/python3.10/dist-packages:${PYTHONPATH} /usr/bin/cmake --install /home/giszterlab/USING/unitree_ros2_sim/build/ros2_unitree_legged_control
[0.124s] -- Install configuration: ""
[0.124s] -- Up-to-date: /home/giszterlab/USING/unitree_ros2_sim/install/ros2_unitree_legged_control/include/ros2_unitree_legged_control
[0.124s] -- Up-to-date: /home/giszterlab/USING/unitree_ros2_sim/install/ros2_unitree_legged_control/include/ros2_unitree_legged_control/ros2_unitree_legged_control_parameters.hpp
[0.124s] -- Up-to-date: /home/giszterlab/USING/unitree_ros2_sim/install/ros2_unitree_legged_control/share/ros2_unitree_legged_control/ros2_unitree_legged_control.xml
[0.124s] -- Up-to-date: /home/giszterlab/USING/unitree_ros2_sim/install/ros2_unitree_legged_control/include/ros2_unitree_legged_control
[0.124s] -- Up-to-date: /home/giszterlab/USING/unitree_ros2_sim/install/ros2_unitree_legged_control/include/ros2_unitree_legged_control/ros2_unitree_legged_control
[0.125s] -- Up-to-date: /home/giszterlab/USING/unitree_ros2_sim/install/ros2_unitree_legged_control/include/ros2_unitree_legged_control/ros2_unitree_legged_control/ros2_unitree_legged_control.hpp
[0.125s] -- Up-to-date: /home/giszterlab/USING/unitree_ros2_sim/install/ros2_unitree_legged_control/include/ros2_unitree_legged_control/ros2_unitree_legged_control/unitree_joint_control_tool.h
[0.125s] -- Up-to-date: /home/giszterlab/USING/unitree_ros2_sim/install/ros2_unitree_legged_control/include/ros2_unitree_legged_control/ros2_unitree_legged_control/visibility_control.h
[0.125s] -- Up-to-date: /home/giszterlab/USING/unitree_ros2_sim/install/ros2_unitree_legged_control/lib/ros2_unitree_legged_control/libros2_unitree_legged_control.so
[0.125s] -- Up-to-date: /home/giszterlab/USING/unitree_ros2_sim/install/ros2_unitree_legged_control/share/ros2_unitree_legged_control/environment/library_path.sh
[0.125s] -- Up-to-date: /home/giszterlab/USING/unitree_ros2_sim/install/ros2_unitree_legged_control/share/ros2_unitree_legged_control/environment/library_path.dsv
[0.125s] -- Up-to-date: /home/giszterlab/USING/unitree_ros2_sim/install/ros2_unitree_legged_control/share/ament_index/resource_index/package_run_dependencies/ros2_unitree_legged_control
[0.126s] -- Up-to-date: /home/giszterlab/USING/unitree_ros2_sim/install/ros2_unitree_legged_control/share/ament_index/resource_index/parent_prefix_path/ros2_unitree_legged_control
[0.126s] -- Up-to-date: /home/giszterlab/USING/unitree_ros2_sim/install/ros2_unitree_legged_control/share/ros2_unitree_legged_control/environment/ament_prefix_path.sh
[0.126s] -- Up-to-date: /home/giszterlab/USING/unitree_ros2_sim/install/ros2_unitree_legged_control/share/ros2_unitree_legged_control/environment/ament_prefix_path.dsv
[0.126s] -- Up-to-date: /home/giszterlab/USING/unitree_ros2_sim/install/ros2_unitree_legged_control/share/ros2_unitree_legged_control/environment/path.sh
[0.126s] -- Up-to-date: /home/giszterlab/USING/unitree_ros2_sim/install/ros2_unitree_legged_control/share/ros2_unitree_legged_control/environment/path.dsv
[0.126s] -- Up-to-date: /home/giszterlab/USING/unitree_ros2_sim/install/ros2_unitree_legged_control/share/ros2_unitree_legged_control/local_setup.bash
[0.126s] -- Up-to-date: /home/giszterlab/USING/unitree_ros2_sim/install/ros2_unitree_legged_control/share/ros2_unitree_legged_control/local_setup.sh
[0.127s] -- Up-to-date: /home/giszterlab/USING/unitree_ros2_sim/install/ros2_unitree_legged_control/share/ros2_unitree_legged_control/local_setup.zsh
[0.127s] -- Up-to-date: /home/giszterlab/USING/unitree_ros2_sim/install/ros2_unitree_legged_control/share/ros2_unitree_legged_control/local_setup.dsv
[0.127s] -- Installing: /home/giszterlab/USING/unitree_ros2_sim/install/ros2_unitree_legged_control/share/ros2_unitree_legged_control/package.dsv
[0.127s] -- Up-to-date: /home/giszterlab/USING/unitree_ros2_sim/install/ros2_unitree_legged_control/share/ament_index/resource_index/packages/ros2_unitree_legged_control
[0.127s] -- Up-to-date: /home/giszterlab/USING/unitree_ros2_sim/install/ros2_unitree_legged_control/share/ament_index/resource_index/controller_interface__pluginlib__plugin/ros2_unitree_legged_control
[0.127s] -- Up-to-date: /home/giszterlab/USING/unitree_ros2_sim/install/ros2_unitree_legged_control/share/ros2_unitree_legged_control/cmake/ros2_unitree_legged_controlExport.cmake
[0.127s] -- Up-to-date: /home/giszterlab/USING/unitree_ros2_sim/install/ros2_unitree_legged_control/share/ros2_unitree_legged_control/cmake/ros2_unitree_legged_controlExport-noconfig.cmake
[0.127s] -- Up-to-date: /home/giszterlab/USING/unitree_ros2_sim/install/ros2_unitree_legged_control/share/ros2_unitree_legged_control/cmake/ament_cmake_export_dependencies-extras.cmake
[0.128s] -- Up-to-date: /home/giszterlab/USING/unitree_ros2_sim/install/ros2_unitree_legged_control/share/ros2_unitree_legged_control/cmake/ament_cmake_export_libraries-extras.cmake
[0.128s] -- Up-to-date: /home/giszterlab/USING/unitree_ros2_sim/install/ros2_unitree_legged_control/share/ros2_unitree_legged_control/cmake/ament_cmake_export_targets-extras.cmake
[0.128s] -- Up-to-date: /home/giszterlab/USING/unitree_ros2_sim/install/ros2_unitree_legged_control/share/ros2_unitree_legged_control/cmake/ros2_unitree_legged_controlConfig.cmake
[0.129s] -- Up-to-date: /home/giszterlab/USING/unitree_ros2_sim/install/ros2_unitree_legged_control/share/ros2_unitree_legged_control/cmake/ros2_unitree_legged_controlConfig-version.cmake
[0.130s] -- Up-to-date: /home/giszterlab/USING/unitree_ros2_sim/install/ros2_unitree_legged_control/share/ros2_unitree_legged_control/package.xml
[0.130s] Invoked command in '/home/giszterlab/USING/unitree_ros2_sim/build/ros2_unitree_legged_control' returned '0': AMENT_PREFIX_PATH=/home/giszterlab/USING/unitree_ros2_sim/install/ros2_unitree_legged_msgs:${AMENT_PREFIX_PATH} CMAKE_PREFIX_PATH=/home/giszterlab/USING/unitree_ros2_sim/install/ros2_unitree_legged_msgs:/usr/local:/opt/ros/humble LD_LIBRARY_PATH=/home/giszterlab/USING/unitree_ros2_sim/install/ros2_unitree_legged_msgs/lib:${LD_LIBRARY_PATH} PYTHONPATH=/home/giszterlab/USING/unitree_ros2_sim/install/ros2_unitree_legged_msgs/local/lib/python3.10/dist-packages:${PYTHONPATH} /usr/bin/cmake --install /home/giszterlab/USING/unitree_ros2_sim/build/ros2_unitree_legged_control
